<?xml version="1.0" encoding="UTF-8"?>
<testsuites name="NJS_Chandu" time="290.367" tests="3" failures="0" errors="0">
   <testsuite name="NJS_Chandu" tests="3" failures="0" errors="0" time="290.367" timestamp="2020-01-16 10:21:03" hostname="chandu.t - wlpt518.imidomain.com" id="Test Suites/NJS_Chandu">
      <properties>
         <property name="deviceName" value=""/>
         <property name="devicePlatform" value=""/>
         <property name="logFolder" value="C:\\Users\\chandu.t\\Katalon Studio\\NJS_Chandu\\Reports\\20200116_102056\\NJS_Chandu\\20200116_102056"/>
         <property name="logFiles" value="C:\\Users\\chandu.t\\Katalon Studio\\NJS_Chandu\\Reports\\20200116_102056\\NJS_Chandu\\20200116_102056\\execution0.log"/>
         <property name="attachments" value="C:\\Users\\chandu.t\\Katalon Studio\\NJS_Chandu\\Reports\\20200116_102056\\NJS_Chandu\\20200116_102056\\1579150334524.png, C:\\Users\\chandu.t\\Katalon Studio\\NJS_Chandu\\Reports\\20200116_102056\\NJS_Chandu\\20200116_102056\\1579150345662.png, C:\\Users\\chandu.t\\Katalon Studio\\NJS_Chandu\\Reports\\20200116_102056\\NJS_Chandu\\20200116_102056\\1579150359468.png, C:\\Users\\chandu.t\\Katalon Studio\\NJS_Chandu\\Reports\\20200116_102056\\NJS_Chandu\\20200116_102056\\1579150422576.png, C:\\Users\\chandu.t\\Katalon Studio\\NJS_Chandu\\Reports\\20200116_102056\\NJS_Chandu\\20200116_102056\\1579150433605.png, C:\\Users\\chandu.t\\Katalon Studio\\NJS_Chandu\\Reports\\20200116_102056\\NJS_Chandu\\20200116_102056\\1579150447258.png, C:\\Users\\chandu.t\\Katalon Studio\\NJS_Chandu\\Reports\\20200116_102056\\NJS_Chandu\\20200116_102056\\1579150523054.png, C:\\Users\\chandu.t\\Katalon Studio\\NJS_Chandu\\Reports\\20200116_102056\\NJS_Chandu\\20200116_102056\\1579150533994.png, C:\\Users\\chandu.t\\Katalon Studio\\NJS_Chandu\\Reports\\20200116_102056\\NJS_Chandu\\20200116_102056\\1579150547428.png"/>
         <property name="hostName" value="chandu.t - wlpt518.imidomain.com"/>
         <property name="os" value="Windows 10 64bit"/>
         <property name="katalonVersion" value="7.2.1.1"/>
         <property name="browser" value="Firefox 71.0"/>
         <property name="hostAddress" value="192.168.43.93"/>
         <property name="sessionId" value="61bca18e-f14a-45e1-be2c-0ce850228bff"/>
         <property name="seleniumVersion" value="3.141.59"/>
         <property name="proxyInformation" value="ProxyInformation{proxyOption=NO_PROXY, proxyServerType=HTTP, password=, proxyServerAddress=, proxyServerPort=0, executionList=}"/>
         <property name="platform" value="Windows 10"/>
      </properties>
      <testcase name="Test Cases/Naukri/deleteandupload3" time="99.323" classname="Test Cases/Naukri/deleteandupload3" status="PASSED">
         <system-out><![CDATA[2020-01-16 10:21:03 - [TEST_CASE][PASSED] - Test Cases/Naukri/deleteandupload3: Test Cases/Naukri/deleteandupload3

2020-01-16 10:21:05 - [TEST_STEP][PASSED] - openBrowser(findTestData("LoginDetailsNJS").getValue(1, 3)): Browser is opened with url: 'https://www.naukri.com/'

2020-01-16 10:21:07 - [MESSAGE][INFO] - Starting 'Firefox' driver

2020-01-16 10:21:07 - [MESSAGE][INFO] - Action delay is set to 0 seconds

2020-01-16 10:21:26 - [MESSAGE][PASSED] - Browser is opened with url: 'https://www.naukri.com/'

2020-01-16 10:21:26 - [TEST_STEP][PASSED] - closeWindowIndex(1): Window with index 1 is closed

2020-01-16 10:21:27 - [MESSAGE][PASSED] - Window with index 1 is closed

2020-01-16 10:21:27 - [TEST_STEP][PASSED] - closeWindowIndex(1): Window with index 1 is closed

2020-01-16 10:21:28 - [MESSAGE][PASSED] - Window with index 1 is closed

2020-01-16 10:21:28 - [TEST_STEP][PASSED] - closeWindowIndex(1): Window with index 1 is closed

2020-01-16 10:21:28 - [MESSAGE][PASSED] - Window with index 1 is closed

2020-01-16 10:21:28 - [TEST_STEP][PASSED] - switchToWindowIndex(0): Switched to window with index: '0'

2020-01-16 10:21:29 - [MESSAGE][PASSED] - Switched to window with index: '0'

2020-01-16 10:21:29 - [TEST_STEP][PASSED] - maximizeWindow(): Current window maximized

2020-01-16 10:21:29 - [MESSAGE][PASSED] - Current window maximized

2020-01-16 10:21:29 - [TEST_STEP][PASSED] - click(findTestObject("Naukri/LoginButton")): Object: 'Object Repository/Naukri/LoginButton' is clicked on

2020-01-16 10:21:30 - [MESSAGE][PASSED] - Object: 'Object Repository/Naukri/LoginButton' is clicked on

2020-01-16 10:21:30 - [TEST_STEP][PASSED] - click(findTestObject("Naukri/GoogleButton")): Object: 'Object Repository/Naukri/GoogleButton' is clicked on

2020-01-16 10:21:31 - [MESSAGE][PASSED] - Object: 'Object Repository/Naukri/GoogleButton' is clicked on

2020-01-16 10:21:31 - [TEST_STEP][PASSED] - switchToWindowIndex(1): Switched to window with index: '1'

2020-01-16 10:21:32 - [MESSAGE][PASSED] - Switched to window with index: '1'

2020-01-16 10:21:32 - [TEST_STEP][PASSED] - setText(findTestObject("Naukri/UserName"), findTestData("LoginDetailsNJS").getValue(2, 3)): Text 'chandut1024@gmail.com' is set on object 'Object Repository/Naukri/UserName'

2020-01-16 10:21:35 - [MESSAGE][PASSED] - Text 'chandut1024@gmail.com' is set on object 'Object Repository/Naukri/UserName'

2020-01-16 10:21:35 - [TEST_STEP][PASSED] - click(findTestObject("Naukri/NextButton")): Object: 'Object Repository/Naukri/NextButton' is clicked on

2020-01-16 10:21:36 - [MESSAGE][PASSED] - Object: 'Object Repository/Naukri/NextButton' is clicked on

2020-01-16 10:21:36 - [TEST_STEP][PASSED] - delay(5): Delayed 5 second(s)

2020-01-16 10:21:41 - [MESSAGE][PASSED] - Delayed 5 second(s)

2020-01-16 10:21:41 - [TEST_STEP][PASSED] - setText(findTestObject("Naukri/Password"), findTestData("LoginDetailsNJS").getValue(3, 3)): Text 'achala$123' is set on object 'Object Repository/Naukri/Password'

2020-01-16 10:21:42 - [MESSAGE][PASSED] - Text 'achala$123' is set on object 'Object Repository/Naukri/Password'

2020-01-16 10:21:42 - [TEST_STEP][PASSED] - click(findTestObject("Naukri/NextButton")): Object: 'Object Repository/Naukri/NextButton' is clicked on

2020-01-16 10:21:45 - [MESSAGE][PASSED] - Object: 'Object Repository/Naukri/NextButton' is clicked on

2020-01-16 10:21:45 - [TEST_STEP][PASSED] - switchToWindowIndex(0): Switched to window with index: '0'

2020-01-16 10:21:45 - [MESSAGE][PASSED] - Switched to window with index: '0'

2020-01-16 10:21:45 - [TEST_STEP][PASSED] - delay(10): Delayed 10 second(s)

2020-01-16 10:21:55 - [MESSAGE][PASSED] - Delayed 10 second(s)

2020-01-16 10:21:55 - [TEST_STEP][PASSED] - click(findTestObject("Naukri/ProfileName")): Object: 'Object Repository/Naukri/ProfileName' is clicked on

2020-01-16 10:21:56 - [MESSAGE][PASSED] - Object: 'Object Repository/Naukri/ProfileName' is clicked on

2020-01-16 10:21:56 - [TEST_STEP][PASSED] - click(findTestObject("Naukri/DeleteResumeButton")): Object: 'Object Repository/Naukri/DeleteResumeButton' is clicked on

2020-01-16 10:21:58 - [MESSAGE][PASSED] - Object: 'Object Repository/Naukri/DeleteResumeButton' is clicked on

2020-01-16 10:21:58 - [TEST_STEP][PASSED] - click(findTestObject("Naukri/DeleteResumeConfirm")): Object: 'Object Repository/Naukri/DeleteResumeConfirm' is clicked on

2020-01-16 10:21:59 - [MESSAGE][PASSED] - Object: 'Object Repository/Naukri/DeleteResumeConfirm' is clicked on

2020-01-16 10:21:59 - [TEST_STEP][PASSED] - delay(15): Delayed 15 second(s)

2020-01-16 10:22:14 - [MESSAGE][PASSED] - Delayed 15 second(s)

2020-01-16 10:22:14 - [TEST_STEP][PASSED] - takeScreenshot(): Taking screenshot successfully

2020-01-16 10:22:14 - [MESSAGE][PASSED] - Taking screenshot successfully
[[ATTACHMENT|C:\\Users\\chandu.t\\Katalon Studio\\NJS_Chandu\\Reports\\20200116_102056\\NJS_Chandu\\20200116_102056\\1579150334524.png]]

2020-01-16 10:22:14 - [TEST_STEP][PASSED] - uploadFile(findTestObject("Naukri/UploadResumeButton"), findTestData("LoginDetailsNJS").getValue(5, 3)): File 'D:\chanduR\Chandu_Thota_QA_Engineer3.docx' sent to object: 'Object Repository/Naukri/UploadResumeButton'

2020-01-16 10:22:15 - [MESSAGE][PASSED] - File 'D:\chanduR\Chandu_Thota_QA_Engineer3.docx' sent to object: 'Object Repository/Naukri/UploadResumeButton'

2020-01-16 10:22:15 - [TEST_STEP][PASSED] - delay(10): Delayed 10 second(s)

2020-01-16 10:22:25 - [MESSAGE][PASSED] - Delayed 10 second(s)

2020-01-16 10:22:25 - [TEST_STEP][NOT_RUN] - click(findTestObject("Naukri/EditResumeHeadline")): NOT_RUN: click(findTestObject("Naukri/EditResumeHeadline"))

2020-01-16 10:22:25 - [MESSAGE][NOT_RUN] - NOT_RUN: click(findTestObject("Naukri/EditResumeHeadline"))

2020-01-16 10:22:25 - [TEST_STEP][NOT_RUN] - setText(findTestObject("Naukri/ResumeHeadLineText"), "."): NOT_RUN: setText(findTestObject("Naukri/ResumeHeadLineText"), ".")

2020-01-16 10:22:25 - [MESSAGE][NOT_RUN] - NOT_RUN: setText(findTestObject("Naukri/ResumeHeadLineText"), ".")

2020-01-16 10:22:25 - [TEST_STEP][NOT_RUN] - click(findTestObject("Naukri/SaveResumeHeadLineButton")): NOT_RUN: click(findTestObject("Naukri/SaveResumeHeadLineButton"))

2020-01-16 10:22:25 - [MESSAGE][NOT_RUN] - NOT_RUN: click(findTestObject("Naukri/SaveResumeHeadLineButton"))

2020-01-16 10:22:25 - [TEST_STEP][PASSED] - takeScreenshot(): Taking screenshot successfully

2020-01-16 10:22:25 - [MESSAGE][PASSED] - Taking screenshot successfully
[[ATTACHMENT|C:\\Users\\chandu.t\\Katalon Studio\\NJS_Chandu\\Reports\\20200116_102056\\NJS_Chandu\\20200116_102056\\1579150345662.png]]

2020-01-16 10:22:25 - [TEST_STEP][PASSED] - refresh(): Refresh successfully

2020-01-16 10:22:29 - [MESSAGE][PASSED] - Refresh successfully

2020-01-16 10:22:29 - [TEST_STEP][PASSED] - delay(10): Delayed 10 second(s)

2020-01-16 10:22:39 - [MESSAGE][PASSED] - Delayed 10 second(s)

2020-01-16 10:22:39 - [TEST_STEP][PASSED] - takeScreenshot(): Taking screenshot successfully

2020-01-16 10:22:39 - [MESSAGE][PASSED] - Taking screenshot successfully
[[ATTACHMENT|C:\\Users\\chandu.t\\Katalon Studio\\NJS_Chandu\\Reports\\20200116_102056\\NJS_Chandu\\20200116_102056\\1579150359468.png]]

2020-01-16 10:22:39 - [TEST_STEP][PASSED] - closeBrowser(): Browser is closed

2020-01-16 10:22:43 - [MESSAGE][PASSED] - Browser is closed]]></system-out>
         <system-err><![CDATA[]]></system-err>
      </testcase>
      <testcase name="Test Cases/Naukri/deleteandupload2" time="99.148" classname="Test Cases/Naukri/deleteandupload2" status="PASSED">
         <system-out><![CDATA[2020-01-16 10:22:43 - [TEST_CASE][PASSED] - Test Cases/Naukri/deleteandupload2: Test Cases/Naukri/deleteandupload2

2020-01-16 10:22:43 - [TEST_STEP][PASSED] - openBrowser(findTestData("LoginDetailsNJS").getValue(1, 2)): Browser is opened with url: 'https://www.naukri.com/'

2020-01-16 10:22:43 - [MESSAGE][INFO] - Starting 'Firefox' driver

2020-01-16 10:22:57 - [MESSAGE][PASSED] - Browser is opened with url: 'https://www.naukri.com/'

2020-01-16 10:22:57 - [TEST_STEP][PASSED] - closeWindowIndex(1): Window with index 1 is closed

2020-01-16 10:22:57 - [MESSAGE][PASSED] - Window with index 1 is closed

2020-01-16 10:22:57 - [TEST_STEP][PASSED] - closeWindowIndex(1): Window with index 1 is closed

2020-01-16 10:22:58 - [MESSAGE][PASSED] - Window with index 1 is closed

2020-01-16 10:22:58 - [TEST_STEP][PASSED] - closeWindowIndex(1): Window with index 1 is closed

2020-01-16 10:22:58 - [MESSAGE][PASSED] - Window with index 1 is closed

2020-01-16 10:22:58 - [TEST_STEP][PASSED] - switchToWindowIndex(0): Switched to window with index: '0'

2020-01-16 10:22:58 - [MESSAGE][PASSED] - Switched to window with index: '0'

2020-01-16 10:22:58 - [TEST_STEP][PASSED] - maximizeWindow(): Current window maximized

2020-01-16 10:22:58 - [MESSAGE][PASSED] - Current window maximized

2020-01-16 10:22:58 - [TEST_STEP][PASSED] - click(findTestObject("Naukri/LoginButton")): Object: 'Object Repository/Naukri/LoginButton' is clicked on

2020-01-16 10:22:59 - [MESSAGE][PASSED] - Object: 'Object Repository/Naukri/LoginButton' is clicked on

2020-01-16 10:22:59 - [TEST_STEP][PASSED] - click(findTestObject("Naukri/GoogleButton")): Object: 'Object Repository/Naukri/GoogleButton' is clicked on

2020-01-16 10:23:00 - [MESSAGE][PASSED] - Object: 'Object Repository/Naukri/GoogleButton' is clicked on

2020-01-16 10:23:00 - [TEST_STEP][PASSED] - switchToWindowIndex(1): Switched to window with index: '1'

2020-01-16 10:23:00 - [MESSAGE][PASSED] - Switched to window with index: '1'

2020-01-16 10:23:00 - [TEST_STEP][PASSED] - setText(findTestObject("Naukri/UserName"), findTestData("LoginDetailsNJS").getValue(2, 2)): Text 'chanduthota371@gmail.com' is set on object 'Object Repository/Naukri/UserName'

2020-01-16 10:23:04 - [MESSAGE][PASSED] - Text 'chanduthota371@gmail.com' is set on object 'Object Repository/Naukri/UserName'

2020-01-16 10:23:04 - [TEST_STEP][PASSED] - click(findTestObject("Naukri/NextButton")): Object: 'Object Repository/Naukri/NextButton' is clicked on

2020-01-16 10:23:04 - [MESSAGE][PASSED] - Object: 'Object Repository/Naukri/NextButton' is clicked on

2020-01-16 10:23:04 - [TEST_STEP][PASSED] - delay(5): Delayed 5 second(s)

2020-01-16 10:23:09 - [MESSAGE][PASSED] - Delayed 5 second(s)

2020-01-16 10:23:09 - [TEST_STEP][PASSED] - setText(findTestObject("Naukri/Password"), findTestData("LoginDetailsNJS").getValue(3, 2)): Text 'achala$123' is set on object 'Object Repository/Naukri/Password'

2020-01-16 10:23:10 - [MESSAGE][PASSED] - Text 'achala$123' is set on object 'Object Repository/Naukri/Password'

2020-01-16 10:23:10 - [TEST_STEP][PASSED] - click(findTestObject("Naukri/NextButton")): Object: 'Object Repository/Naukri/NextButton' is clicked on

2020-01-16 10:23:14 - [MESSAGE][PASSED] - Object: 'Object Repository/Naukri/NextButton' is clicked on

2020-01-16 10:23:14 - [TEST_STEP][PASSED] - switchToWindowIndex(0): Switched to window with index: '0'

2020-01-16 10:23:14 - [MESSAGE][PASSED] - Switched to window with index: '0'

2020-01-16 10:23:14 - [TEST_STEP][PASSED] - delay(10): Delayed 10 second(s)

2020-01-16 10:23:24 - [MESSAGE][PASSED] - Delayed 10 second(s)

2020-01-16 10:23:24 - [TEST_STEP][PASSED] - click(findTestObject("Naukri/ProfileName")): Object: 'Object Repository/Naukri/ProfileName' is clicked on

2020-01-16 10:23:25 - [MESSAGE][PASSED] - Object: 'Object Repository/Naukri/ProfileName' is clicked on

2020-01-16 10:23:25 - [TEST_STEP][PASSED] - click(findTestObject("Naukri/DeleteResumeButton")): Object: 'Object Repository/Naukri/DeleteResumeButton' is clicked on

2020-01-16 10:23:26 - [MESSAGE][PASSED] - Object: 'Object Repository/Naukri/DeleteResumeButton' is clicked on

2020-01-16 10:23:26 - [TEST_STEP][PASSED] - click(findTestObject("Naukri/DeleteResumeConfirm")): Object: 'Object Repository/Naukri/DeleteResumeConfirm' is clicked on

2020-01-16 10:23:27 - [MESSAGE][PASSED] - Object: 'Object Repository/Naukri/DeleteResumeConfirm' is clicked on

2020-01-16 10:23:27 - [TEST_STEP][PASSED] - delay(15): Delayed 15 second(s)

2020-01-16 10:23:42 - [MESSAGE][PASSED] - Delayed 15 second(s)

2020-01-16 10:23:42 - [TEST_STEP][PASSED] - takeScreenshot(): Taking screenshot successfully

2020-01-16 10:23:42 - [MESSAGE][PASSED] - Taking screenshot successfully
[[ATTACHMENT|C:\\Users\\chandu.t\\Katalon Studio\\NJS_Chandu\\Reports\\20200116_102056\\NJS_Chandu\\20200116_102056\\1579150422576.png]]

2020-01-16 10:23:42 - [TEST_STEP][PASSED] - uploadFile(findTestObject("Naukri/UploadResumeButton"), findTestData("LoginDetailsNJS").getValue(5, 2)): File 'D:\chanduR\Chandu_Thota_QA_Engineer2.docx' sent to object: 'Object Repository/Naukri/UploadResumeButton'

2020-01-16 10:23:43 - [MESSAGE][PASSED] - File 'D:\chanduR\Chandu_Thota_QA_Engineer2.docx' sent to object: 'Object Repository/Naukri/UploadResumeButton'

2020-01-16 10:23:43 - [TEST_STEP][PASSED] - delay(10): Delayed 10 second(s)

2020-01-16 10:23:53 - [MESSAGE][PASSED] - Delayed 10 second(s)

2020-01-16 10:23:53 - [TEST_STEP][NOT_RUN] - click(findTestObject("Naukri/EditResumeHeadline")): NOT_RUN: click(findTestObject("Naukri/EditResumeHeadline"))

2020-01-16 10:23:53 - [MESSAGE][NOT_RUN] - NOT_RUN: click(findTestObject("Naukri/EditResumeHeadline"))

2020-01-16 10:23:53 - [TEST_STEP][NOT_RUN] - setText(findTestObject("Naukri/ResumeHeadLineText"), "."): NOT_RUN: setText(findTestObject("Naukri/ResumeHeadLineText"), ".")

2020-01-16 10:23:53 - [MESSAGE][NOT_RUN] - NOT_RUN: setText(findTestObject("Naukri/ResumeHeadLineText"), ".")

2020-01-16 10:23:53 - [TEST_STEP][NOT_RUN] - click(findTestObject("Naukri/SaveResumeHeadLineButton")): NOT_RUN: click(findTestObject("Naukri/SaveResumeHeadLineButton"))

2020-01-16 10:23:53 - [MESSAGE][NOT_RUN] - NOT_RUN: click(findTestObject("Naukri/SaveResumeHeadLineButton"))

2020-01-16 10:23:53 - [TEST_STEP][PASSED] - takeScreenshot(): Taking screenshot successfully

2020-01-16 10:23:53 - [MESSAGE][PASSED] - Taking screenshot successfully
[[ATTACHMENT|C:\\Users\\chandu.t\\Katalon Studio\\NJS_Chandu\\Reports\\20200116_102056\\NJS_Chandu\\20200116_102056\\1579150433605.png]]

2020-01-16 10:23:53 - [TEST_STEP][PASSED] - refresh(): Refresh successfully

2020-01-16 10:23:56 - [MESSAGE][PASSED] - Refresh successfully

2020-01-16 10:23:56 - [TEST_STEP][PASSED] - delay(10): Delayed 10 second(s)

2020-01-16 10:24:06 - [MESSAGE][PASSED] - Delayed 10 second(s)

2020-01-16 10:24:07 - [TEST_STEP][PASSED] - takeScreenshot(): Taking screenshot successfully

2020-01-16 10:24:07 - [MESSAGE][PASSED] - Taking screenshot successfully
[[ATTACHMENT|C:\\Users\\chandu.t\\Katalon Studio\\NJS_Chandu\\Reports\\20200116_102056\\NJS_Chandu\\20200116_102056\\1579150447258.png]]

2020-01-16 10:24:07 - [TEST_STEP][PASSED] - closeBrowser(): Browser is closed

2020-01-16 10:24:22 - [MESSAGE][PASSED] - Browser is closed]]></system-out>
         <system-err><![CDATA[]]></system-err>
      </testcase>
      <testcase name="Test Cases/Naukri/deleteandupload1" time="91.017" classname="Test Cases/Naukri/deleteandupload1" status="PASSED">
         <system-out><![CDATA[2020-01-16 10:24:22 - [TEST_CASE][PASSED] - Test Cases/Naukri/deleteandupload1: Test Cases/Naukri/deleteandupload1

2020-01-16 10:24:23 - [TEST_STEP][PASSED] - openBrowser(findTestData("LoginDetailsNJS").getValue(1, 1)): Browser is opened with url: 'naukri.com'

2020-01-16 10:24:23 - [MESSAGE][INFO] - Starting 'Firefox' driver

2020-01-16 10:24:37 - [MESSAGE][PASSED] - Browser is opened with url: 'naukri.com'

2020-01-16 10:24:37 - [TEST_STEP][PASSED] - closeWindowIndex(1): Window with index 1 is closed

2020-01-16 10:24:37 - [MESSAGE][PASSED] - Window with index 1 is closed

2020-01-16 10:24:37 - [TEST_STEP][PASSED] - closeWindowIndex(1): Window with index 1 is closed

2020-01-16 10:24:37 - [MESSAGE][PASSED] - Window with index 1 is closed

2020-01-16 10:24:37 - [TEST_STEP][PASSED] - closeWindowIndex(1): Window with index 1 is closed

2020-01-16 10:24:37 - [MESSAGE][PASSED] - Window with index 1 is closed

2020-01-16 10:24:37 - [TEST_STEP][PASSED] - switchToWindowIndex(0): Switched to window with index: '0'

2020-01-16 10:24:38 - [MESSAGE][PASSED] - Switched to window with index: '0'

2020-01-16 10:24:38 - [TEST_STEP][PASSED] - maximizeWindow(): Current window maximized

2020-01-16 10:24:38 - [MESSAGE][PASSED] - Current window maximized

2020-01-16 10:24:38 - [TEST_STEP][PASSED] - click(findTestObject("Naukri/LoginButton")): Object: 'Object Repository/Naukri/LoginButton' is clicked on

2020-01-16 10:24:39 - [MESSAGE][PASSED] - Object: 'Object Repository/Naukri/LoginButton' is clicked on

2020-01-16 10:24:39 - [TEST_STEP][PASSED] - click(findTestObject("Naukri/GoogleButton")): Object: 'Object Repository/Naukri/GoogleButton' is clicked on

2020-01-16 10:24:40 - [MESSAGE][PASSED] - Object: 'Object Repository/Naukri/GoogleButton' is clicked on

2020-01-16 10:24:40 - [TEST_STEP][PASSED] - switchToWindowIndex(1): Switched to window with index: '1'

2020-01-16 10:24:40 - [MESSAGE][PASSED] - Switched to window with index: '1'

2020-01-16 10:24:40 - [TEST_STEP][PASSED] - setText(findTestObject("Naukri/UserName"), findTestData("LoginDetailsNJS").getValue(2, 1)): Text 'thota.chandu1@gmail.com' is set on object 'Object Repository/Naukri/UserName'

2020-01-16 10:24:43 - [MESSAGE][PASSED] - Text 'thota.chandu1@gmail.com' is set on object 'Object Repository/Naukri/UserName'

2020-01-16 10:24:43 - [TEST_STEP][PASSED] - click(findTestObject("Naukri/NextButton")): Object: 'Object Repository/Naukri/NextButton' is clicked on

2020-01-16 10:24:44 - [MESSAGE][PASSED] - Object: 'Object Repository/Naukri/NextButton' is clicked on

2020-01-16 10:24:44 - [TEST_STEP][PASSED] - delay(5): Delayed 5 second(s)

2020-01-16 10:24:49 - [MESSAGE][PASSED] - Delayed 5 second(s)

2020-01-16 10:24:49 - [TEST_STEP][PASSED] - setText(findTestObject("Naukri/Password"), findTestData("LoginDetailsNJS").getValue(3, 1)): Text 'achala$123' is set on object 'Object Repository/Naukri/Password'

2020-01-16 10:24:50 - [MESSAGE][PASSED] - Text 'achala$123' is set on object 'Object Repository/Naukri/Password'

2020-01-16 10:24:50 - [TEST_STEP][PASSED] - click(findTestObject("Naukri/NextButton")): Object: 'Object Repository/Naukri/NextButton' is clicked on

2020-01-16 10:24:54 - [MESSAGE][PASSED] - Object: 'Object Repository/Naukri/NextButton' is clicked on

2020-01-16 10:24:54 - [TEST_STEP][PASSED] - switchToWindowIndex(0): Switched to window with index: '0'

2020-01-16 10:24:54 - [MESSAGE][PASSED] - Switched to window with index: '0'

2020-01-16 10:24:55 - [TEST_STEP][PASSED] - delay(10): Delayed 10 second(s)

2020-01-16 10:25:05 - [MESSAGE][PASSED] - Delayed 10 second(s)

2020-01-16 10:25:05 - [TEST_STEP][PASSED] - click(findTestObject("Naukri/ProfileName")): Object: 'Object Repository/Naukri/ProfileName' is clicked on

2020-01-16 10:25:05 - [MESSAGE][PASSED] - Object: 'Object Repository/Naukri/ProfileName' is clicked on

2020-01-16 10:25:05 - [TEST_STEP][PASSED] - click(findTestObject("Naukri/DeleteResumeButton")): Object: 'Object Repository/Naukri/DeleteResumeButton' is clicked on

2020-01-16 10:25:07 - [MESSAGE][PASSED] - Object: 'Object Repository/Naukri/DeleteResumeButton' is clicked on

2020-01-16 10:25:07 - [TEST_STEP][PASSED] - click(findTestObject("Naukri/DeleteResumeConfirm")): Object: 'Object Repository/Naukri/DeleteResumeConfirm' is clicked on

2020-01-16 10:25:07 - [MESSAGE][PASSED] - Object: 'Object Repository/Naukri/DeleteResumeConfirm' is clicked on

2020-01-16 10:25:07 - [TEST_STEP][PASSED] - delay(15): Delayed 15 second(s)

2020-01-16 10:25:22 - [MESSAGE][PASSED] - Delayed 15 second(s)

2020-01-16 10:25:22 - [TEST_STEP][PASSED] - takeScreenshot(): Taking screenshot successfully

2020-01-16 10:25:23 - [MESSAGE][PASSED] - Taking screenshot successfully
[[ATTACHMENT|C:\\Users\\chandu.t\\Katalon Studio\\NJS_Chandu\\Reports\\20200116_102056\\NJS_Chandu\\20200116_102056\\1579150523054.png]]

2020-01-16 10:25:23 - [TEST_STEP][PASSED] - uploadFile(findTestObject("Naukri/UploadResumeButton"), findTestData("LoginDetailsNJS").getValue(5, 1)): File 'D:\chanduR\Chandu_Thota_QA_Engineer1.docx' sent to object: 'Object Repository/Naukri/UploadResumeButton'

2020-01-16 10:25:23 - [MESSAGE][PASSED] - File 'D:\chanduR\Chandu_Thota_QA_Engineer1.docx' sent to object: 'Object Repository/Naukri/UploadResumeButton'

2020-01-16 10:25:23 - [TEST_STEP][PASSED] - delay(10): Delayed 10 second(s)

2020-01-16 10:25:33 - [MESSAGE][PASSED] - Delayed 10 second(s)

2020-01-16 10:25:33 - [TEST_STEP][NOT_RUN] - click(findTestObject("Naukri/EditResumeHeadline")): NOT_RUN: click(findTestObject("Naukri/EditResumeHeadline"))

2020-01-16 10:25:33 - [MESSAGE][NOT_RUN] - NOT_RUN: click(findTestObject("Naukri/EditResumeHeadline"))

2020-01-16 10:25:33 - [TEST_STEP][NOT_RUN] - setText(findTestObject("Naukri/ResumeHeadLineText"), "."): NOT_RUN: setText(findTestObject("Naukri/ResumeHeadLineText"), ".")

2020-01-16 10:25:33 - [MESSAGE][NOT_RUN] - NOT_RUN: setText(findTestObject("Naukri/ResumeHeadLineText"), ".")

2020-01-16 10:25:33 - [TEST_STEP][NOT_RUN] - click(findTestObject("Naukri/SaveResumeHeadLineButton")): NOT_RUN: click(findTestObject("Naukri/SaveResumeHeadLineButton"))

2020-01-16 10:25:33 - [MESSAGE][NOT_RUN] - NOT_RUN: click(findTestObject("Naukri/SaveResumeHeadLineButton"))

2020-01-16 10:25:33 - [TEST_STEP][PASSED] - takeScreenshot(): Taking screenshot successfully

2020-01-16 10:25:34 - [MESSAGE][PASSED] - Taking screenshot successfully
[[ATTACHMENT|C:\\Users\\chandu.t\\Katalon Studio\\NJS_Chandu\\Reports\\20200116_102056\\NJS_Chandu\\20200116_102056\\1579150533994.png]]

2020-01-16 10:25:34 - [TEST_STEP][PASSED] - refresh(): Refresh successfully

2020-01-16 10:25:37 - [MESSAGE][PASSED] - Refresh successfully

2020-01-16 10:25:37 - [TEST_STEP][PASSED] - delay(10): Delayed 10 second(s)

2020-01-16 10:25:47 - [MESSAGE][PASSED] - Delayed 10 second(s)

2020-01-16 10:25:47 - [TEST_STEP][PASSED] - takeScreenshot(): Taking screenshot successfully

2020-01-16 10:25:47 - [MESSAGE][PASSED] - Taking screenshot successfully
[[ATTACHMENT|C:\\Users\\chandu.t\\Katalon Studio\\NJS_Chandu\\Reports\\20200116_102056\\NJS_Chandu\\20200116_102056\\1579150547428.png]]

2020-01-16 10:25:47 - [TEST_STEP][PASSED] - closeBrowser(): Browser is closed

2020-01-16 10:25:53 - [MESSAGE][PASSED] - Browser is closed]]></system-out>
         <system-err><![CDATA[]]></system-err>
      </testcase>
      <system-out><![CDATA[2020-01-16 10:21:03 - [TEST_SUITE][PASSED] - NJS_Chandu: Test Cases/Naukri/deleteandupload1]]></system-out>
      <system-err><![CDATA[]]></system-err>
   </testsuite>
</testsuites>
