<?xml version="1.0" encoding="UTF-8"?>
<testsuites name="NJS_Chandu" time="252.299" tests="3" failures="0" errors="0">
   <testsuite name="NJS_Chandu" tests="3" failures="0" errors="0" time="252.299" timestamp="2019-12-20 14:46:13" hostname="chandu.t - wlpt518.imidomain.com" id="Test Suites/NJS_Chandu">
      <properties>
         <property name="deviceName" value=""/>
         <property name="devicePlatform" value=""/>
         <property name="logFolder" value="C:\\Users\\chandu.t\\Katalon Studio\\NJS_Chandu\\Reports\\20191220_144607\\NJS_Chandu\\20191220_144607"/>
         <property name="logFiles" value="C:\\Users\\chandu.t\\Katalon Studio\\NJS_Chandu\\Reports\\20191220_144607\\NJS_Chandu\\20191220_144607\\execution0.log"/>
         <property name="attachments" value="C:\\Users\\chandu.t\\Katalon Studio\\NJS_Chandu\\Reports\\20191220_144607\\NJS_Chandu\\20191220_144607\\1576833434479.png, C:\\Users\\chandu.t\\Katalon Studio\\NJS_Chandu\\Reports\\20191220_144607\\NJS_Chandu\\20191220_144607\\1576833448710.png, C:\\Users\\chandu.t\\Katalon Studio\\NJS_Chandu\\Reports\\20191220_144607\\NJS_Chandu\\20191220_144607\\1576833462394.png, C:\\Users\\chandu.t\\Katalon Studio\\NJS_Chandu\\Reports\\20191220_144607\\NJS_Chandu\\20191220_144607\\1576833517883.png, C:\\Users\\chandu.t\\Katalon Studio\\NJS_Chandu\\Reports\\20191220_144607\\NJS_Chandu\\20191220_144607\\1576833532978.png, C:\\Users\\chandu.t\\Katalon Studio\\NJS_Chandu\\Reports\\20191220_144607\\NJS_Chandu\\20191220_144607\\1576833547570.png, C:\\Users\\chandu.t\\Katalon Studio\\NJS_Chandu\\Reports\\20191220_144607\\NJS_Chandu\\20191220_144607\\1576833602285.png, C:\\Users\\chandu.t\\Katalon Studio\\NJS_Chandu\\Reports\\20191220_144607\\NJS_Chandu\\20191220_144607\\1576833613345.png, C:\\Users\\chandu.t\\Katalon Studio\\NJS_Chandu\\Reports\\20191220_144607\\NJS_Chandu\\20191220_144607\\1576833623934.png"/>
         <property name="hostName" value="chandu.t - wlpt518.imidomain.com"/>
         <property name="os" value="Windows 10 64bit"/>
         <property name="katalonVersion" value="7.1.2.1"/>
         <property name="browser" value="Chrome 77.0.3865.75"/>
         <property name="hostAddress" value="10.0.26.179"/>
         <property name="sessionId" value="0594f5c103d2c2748a7cc8860ca4e0ca"/>
         <property name="seleniumVersion" value="3.141.59"/>
         <property name="proxyInformation" value="ProxyInformation{proxyOption=NO_PROXY, proxyServerType=HTTP, password=, proxyServerAddress=, proxyServerPort=0, executionList=}"/>
         <property name="platform" value="Windows 10"/>
      </properties>
      <testcase name="Test Cases/deleteandupload3" time="89.405" classname="Test Cases/deleteandupload3" status="PASSED">
         <system-out><![CDATA[2019-12-20 14:46:14 - [TEST_CASE][PASSED] - Test Cases/deleteandupload3: Test Cases/deleteandupload3

2019-12-20 14:46:15 - [TEST_STEP][PASSED] - openBrowser(findTestData("LoginDetailsNJS").getValue(1, 3)): Browser is opened with url: 'https://www.naukri.com/'

2019-12-20 14:46:18 - [MESSAGE][INFO] - Starting 'Chrome' driver

2019-12-20 14:46:18 - [MESSAGE][INFO] - User set preference: ['args', '[--incognito]']

2019-12-20 14:46:18 - [MESSAGE][INFO] - Action delay is set to 0 seconds

2019-12-20 14:46:28 - [MESSAGE][PASSED] - Browser is opened with url: 'https://www.naukri.com/'

2019-12-20 14:46:28 - [TEST_STEP][PASSED] - closeWindowIndex(1): Window with index 1 is closed

2019-12-20 14:46:29 - [MESSAGE][PASSED] - Window with index 1 is closed

2019-12-20 14:46:29 - [TEST_STEP][PASSED] - closeWindowIndex(1): Window with index 1 is closed

2019-12-20 14:46:31 - [MESSAGE][PASSED] - Window with index 1 is closed

2019-12-20 14:46:31 - [TEST_STEP][PASSED] - switchToWindowIndex(0): Switched to window with index: '0'

2019-12-20 14:46:31 - [MESSAGE][PASSED] - Switched to window with index: '0'

2019-12-20 14:46:31 - [TEST_STEP][PASSED] - maximizeWindow(): Current window maximized

2019-12-20 14:46:32 - [MESSAGE][PASSED] - Current window maximized

2019-12-20 14:46:32 - [TEST_STEP][PASSED] - click(findTestObject("LoginButton")): Object: 'Object Repository/LoginButton' is clicked on

2019-12-20 14:46:33 - [MESSAGE][PASSED] - Object: 'Object Repository/LoginButton' is clicked on

2019-12-20 14:46:33 - [TEST_STEP][PASSED] - click(findTestObject("GoogleButton")): Object: 'Object Repository/GoogleButton' is clicked on

2019-12-20 14:46:34 - [MESSAGE][PASSED] - Object: 'Object Repository/GoogleButton' is clicked on

2019-12-20 14:46:34 - [TEST_STEP][PASSED] - switchToWindowIndex(1): Switched to window with index: '1'

2019-12-20 14:46:35 - [MESSAGE][PASSED] - Switched to window with index: '1'

2019-12-20 14:46:35 - [TEST_STEP][PASSED] - setText(findTestObject("UserName"), findTestData("LoginDetailsNJS").getValue(2, 3)): Text 'chandut1024@gmail.com' is set on object 'Object Repository/UserName'

2019-12-20 14:46:39 - [MESSAGE][PASSED] - Text 'chandut1024@gmail.com' is set on object 'Object Repository/UserName'

2019-12-20 14:46:39 - [TEST_STEP][PASSED] - click(findTestObject("NextButton")): Object: 'Object Repository/NextButton' is clicked on

2019-12-20 14:46:40 - [MESSAGE][PASSED] - Object: 'Object Repository/NextButton' is clicked on

2019-12-20 14:46:40 - [TEST_STEP][PASSED] - delay(5): Delayed 5 second(s)

2019-12-20 14:46:45 - [MESSAGE][PASSED] - Delayed 5 second(s)

2019-12-20 14:46:45 - [TEST_STEP][PASSED] - setText(findTestObject("Password"), findTestData("LoginDetailsNJS").getValue(3, 3)): Text 'achala$123' is set on object 'Object Repository/Password'

2019-12-20 14:46:46 - [MESSAGE][PASSED] - Text 'achala$123' is set on object 'Object Repository/Password'

2019-12-20 14:46:46 - [TEST_STEP][PASSED] - click(findTestObject("NextButton")): Object: 'Object Repository/NextButton' is clicked on

2019-12-20 14:46:46 - [MESSAGE][PASSED] - Object: 'Object Repository/NextButton' is clicked on

2019-12-20 14:46:46 - [TEST_STEP][PASSED] - switchToWindowIndex(0): Switched to window with index: '0'

2019-12-20 14:46:46 - [MESSAGE][PASSED] - Switched to window with index: '0'

2019-12-20 14:46:46 - [TEST_STEP][PASSED] - delay(10): Delayed 10 second(s)

2019-12-20 14:46:56 - [MESSAGE][PASSED] - Delayed 10 second(s)

2019-12-20 14:46:56 - [TEST_STEP][PASSED] - click(findTestObject("ProfileName")): Object: 'Object Repository/ProfileName' is clicked on

2019-12-20 14:46:57 - [MESSAGE][PASSED] - Object: 'Object Repository/ProfileName' is clicked on

2019-12-20 14:46:57 - [TEST_STEP][PASSED] - click(findTestObject("DeleteResumeButton")): Object: 'Object Repository/DeleteResumeButton' is clicked on

2019-12-20 14:46:58 - [MESSAGE][PASSED] - Object: 'Object Repository/DeleteResumeButton' is clicked on

2019-12-20 14:46:58 - [TEST_STEP][PASSED] - click(findTestObject("DeleteResumeConfirm")): Object: 'Object Repository/DeleteResumeConfirm' is clicked on

2019-12-20 14:46:59 - [MESSAGE][PASSED] - Object: 'Object Repository/DeleteResumeConfirm' is clicked on

2019-12-20 14:46:59 - [TEST_STEP][PASSED] - delay(15): Delayed 15 second(s)

2019-12-20 14:47:14 - [MESSAGE][PASSED] - Delayed 15 second(s)

2019-12-20 14:47:14 - [TEST_STEP][PASSED] - takeScreenshot(): Taking screenshot successfully

2019-12-20 14:47:14 - [MESSAGE][PASSED] - Taking screenshot successfully
[[ATTACHMENT|C:\\Users\\chandu.t\\Katalon Studio\\NJS_Chandu\\Reports\\20191220_144607\\NJS_Chandu\\20191220_144607\\1576833434479.png]]

2019-12-20 14:47:14 - [TEST_STEP][PASSED] - uploadFile(findTestObject("UploadResumeButton"), findTestData("LoginDetailsNJS").getValue(5, 3)): File 'D:\chanduR\Resume33.docx' sent to object: 'Object Repository/UploadResumeButton'

2019-12-20 14:47:15 - [MESSAGE][PASSED] - File 'D:\chanduR\Resume33.docx' sent to object: 'Object Repository/UploadResumeButton'

2019-12-20 14:47:15 - [TEST_STEP][PASSED] - delay(10): Delayed 10 second(s)

2019-12-20 14:47:25 - [MESSAGE][PASSED] - Delayed 10 second(s)

2019-12-20 14:47:25 - [TEST_STEP][NOT_RUN] - click(findTestObject("EditResumeHeadline")): NOT_RUN: click(findTestObject("EditResumeHeadline"))

2019-12-20 14:47:25 - [MESSAGE][NOT_RUN] - NOT_RUN: click(findTestObject("EditResumeHeadline"))

2019-12-20 14:47:28 - [TEST_STEP][NOT_RUN] - setText(findTestObject("ResumeHeadLineText"), "."): NOT_RUN: setText(findTestObject("ResumeHeadLineText"), ".")

2019-12-20 14:47:28 - [MESSAGE][NOT_RUN] - NOT_RUN: setText(findTestObject("ResumeHeadLineText"), ".")

2019-12-20 14:47:28 - [TEST_STEP][NOT_RUN] - click(findTestObject("SaveResumeHeadLineButton")): NOT_RUN: click(findTestObject("SaveResumeHeadLineButton"))

2019-12-20 14:47:28 - [MESSAGE][NOT_RUN] - NOT_RUN: click(findTestObject("SaveResumeHeadLineButton"))

2019-12-20 14:47:28 - [TEST_STEP][PASSED] - takeScreenshot(): Taking screenshot successfully

2019-12-20 14:47:29 - [MESSAGE][PASSED] - Taking screenshot successfully
[[ATTACHMENT|C:\\Users\\chandu.t\\Katalon Studio\\NJS_Chandu\\Reports\\20191220_144607\\NJS_Chandu\\20191220_144607\\1576833448710.png]]

2019-12-20 14:47:29 - [TEST_STEP][PASSED] - refresh(): Refresh successfully

2019-12-20 14:47:32 - [MESSAGE][PASSED] - Refresh successfully

2019-12-20 14:47:32 - [TEST_STEP][PASSED] - delay(10): Delayed 10 second(s)

2019-12-20 14:47:42 - [MESSAGE][PASSED] - Delayed 10 second(s)

2019-12-20 14:47:42 - [TEST_STEP][PASSED] - takeScreenshot(): Taking screenshot successfully

2019-12-20 14:47:42 - [MESSAGE][PASSED] - Taking screenshot successfully
[[ATTACHMENT|C:\\Users\\chandu.t\\Katalon Studio\\NJS_Chandu\\Reports\\20191220_144607\\NJS_Chandu\\20191220_144607\\1576833462394.png]]

2019-12-20 14:47:42 - [TEST_STEP][PASSED] - closeBrowser(): Browser is closed

2019-12-20 14:47:43 - [MESSAGE][PASSED] - Browser is closed]]></system-out>
         <system-err><![CDATA[]]></system-err>
      </testcase>
      <testcase name="Test Cases/deleteandupload2" time="85.793" classname="Test Cases/deleteandupload2" status="PASSED">
         <system-out><![CDATA[2019-12-20 14:47:43 - [TEST_CASE][PASSED] - Test Cases/deleteandupload2: Test Cases/deleteandupload2

2019-12-20 14:47:44 - [TEST_STEP][PASSED] - openBrowser(findTestData("LoginDetailsNJS").getValue(1, 2)): Browser is opened with url: 'https://www.naukri.com/'

2019-12-20 14:47:44 - [MESSAGE][INFO] - Starting 'Chrome' driver

2019-12-20 14:47:44 - [MESSAGE][INFO] - User set preference: ['args', '[--incognito]']

2019-12-20 14:47:52 - [MESSAGE][PASSED] - Browser is opened with url: 'https://www.naukri.com/'

2019-12-20 14:47:52 - [TEST_STEP][PASSED] - closeWindowIndex(1): Window with index 1 is closed

2019-12-20 14:47:53 - [MESSAGE][PASSED] - Window with index 1 is closed

2019-12-20 14:47:53 - [TEST_STEP][PASSED] - closeWindowIndex(1): Window with index 1 is closed

2019-12-20 14:47:54 - [MESSAGE][PASSED] - Window with index 1 is closed

2019-12-20 14:47:54 - [TEST_STEP][PASSED] - switchToWindowIndex(0): Switched to window with index: '0'

2019-12-20 14:47:55 - [MESSAGE][PASSED] - Switched to window with index: '0'

2019-12-20 14:47:55 - [TEST_STEP][PASSED] - maximizeWindow(): Current window maximized

2019-12-20 14:47:56 - [MESSAGE][PASSED] - Current window maximized

2019-12-20 14:47:56 - [TEST_STEP][PASSED] - click(findTestObject("LoginButton")): Object: 'Object Repository/LoginButton' is clicked on

2019-12-20 14:47:56 - [MESSAGE][PASSED] - Object: 'Object Repository/LoginButton' is clicked on

2019-12-20 14:47:56 - [TEST_STEP][PASSED] - click(findTestObject("GoogleButton")): Object: 'Object Repository/GoogleButton' is clicked on

2019-12-20 14:47:59 - [MESSAGE][PASSED] - Object: 'Object Repository/GoogleButton' is clicked on

2019-12-20 14:47:59 - [TEST_STEP][PASSED] - switchToWindowIndex(1): Switched to window with index: '1'

2019-12-20 14:48:01 - [MESSAGE][PASSED] - Switched to window with index: '1'

2019-12-20 14:48:01 - [TEST_STEP][PASSED] - setText(findTestObject("UserName"), findTestData("LoginDetailsNJS").getValue(2, 2)): Text 'chanduthota371@gmail.com' is set on object 'Object Repository/UserName'

2019-12-20 14:48:03 - [MESSAGE][PASSED] - Text 'chanduthota371@gmail.com' is set on object 'Object Repository/UserName'

2019-12-20 14:48:03 - [TEST_STEP][PASSED] - click(findTestObject("NextButton")): Object: 'Object Repository/NextButton' is clicked on

2019-12-20 14:48:03 - [MESSAGE][PASSED] - Object: 'Object Repository/NextButton' is clicked on

2019-12-20 14:48:03 - [TEST_STEP][PASSED] - delay(5): Delayed 5 second(s)

2019-12-20 14:48:08 - [MESSAGE][PASSED] - Delayed 5 second(s)

2019-12-20 14:48:08 - [TEST_STEP][PASSED] - setText(findTestObject("Password"), findTestData("LoginDetailsNJS").getValue(3, 2)): Text 'achala$123' is set on object 'Object Repository/Password'

2019-12-20 14:48:09 - [MESSAGE][PASSED] - Text 'achala$123' is set on object 'Object Repository/Password'

2019-12-20 14:48:09 - [TEST_STEP][PASSED] - click(findTestObject("NextButton")): Object: 'Object Repository/NextButton' is clicked on

2019-12-20 14:48:10 - [MESSAGE][PASSED] - Object: 'Object Repository/NextButton' is clicked on

2019-12-20 14:48:10 - [TEST_STEP][PASSED] - switchToWindowIndex(0): Switched to window with index: '0'

2019-12-20 14:48:10 - [MESSAGE][PASSED] - Switched to window with index: '0'

2019-12-20 14:48:10 - [TEST_STEP][PASSED] - delay(10): Delayed 10 second(s)

2019-12-20 14:48:20 - [MESSAGE][PASSED] - Delayed 10 second(s)

2019-12-20 14:48:20 - [TEST_STEP][PASSED] - click(findTestObject("ProfileName")): Object: 'Object Repository/ProfileName' is clicked on

2019-12-20 14:48:20 - [MESSAGE][PASSED] - Object: 'Object Repository/ProfileName' is clicked on

2019-12-20 14:48:20 - [TEST_STEP][PASSED] - click(findTestObject("DeleteResumeButton")): Object: 'Object Repository/DeleteResumeButton' is clicked on

2019-12-20 14:48:22 - [MESSAGE][PASSED] - Object: 'Object Repository/DeleteResumeButton' is clicked on

2019-12-20 14:48:22 - [TEST_STEP][PASSED] - click(findTestObject("DeleteResumeConfirm")): Object: 'Object Repository/DeleteResumeConfirm' is clicked on

2019-12-20 14:48:22 - [MESSAGE][PASSED] - Object: 'Object Repository/DeleteResumeConfirm' is clicked on

2019-12-20 14:48:22 - [TEST_STEP][PASSED] - delay(15): Delayed 15 second(s)

2019-12-20 14:48:37 - [MESSAGE][PASSED] - Delayed 15 second(s)

2019-12-20 14:48:37 - [TEST_STEP][PASSED] - takeScreenshot(): Taking screenshot successfully

2019-12-20 14:48:38 - [MESSAGE][PASSED] - Taking screenshot successfully
[[ATTACHMENT|C:\\Users\\chandu.t\\Katalon Studio\\NJS_Chandu\\Reports\\20191220_144607\\NJS_Chandu\\20191220_144607\\1576833517883.png]]

2019-12-20 14:48:38 - [TEST_STEP][PASSED] - uploadFile(findTestObject("UploadResumeButton"), findTestData("LoginDetailsNJS").getValue(5, 2)): File 'D:\chanduR\Resume22.docx' sent to object: 'Object Repository/UploadResumeButton'

2019-12-20 14:48:38 - [MESSAGE][PASSED] - File 'D:\chanduR\Resume22.docx' sent to object: 'Object Repository/UploadResumeButton'

2019-12-20 14:48:38 - [TEST_STEP][PASSED] - delay(10): Delayed 10 second(s)

2019-12-20 14:48:48 - [MESSAGE][PASSED] - Delayed 10 second(s)

2019-12-20 14:48:48 - [TEST_STEP][NOT_RUN] - click(findTestObject("EditResumeHeadline")): NOT_RUN: click(findTestObject("EditResumeHeadline"))

2019-12-20 14:48:48 - [MESSAGE][NOT_RUN] - NOT_RUN: click(findTestObject("EditResumeHeadline"))

2019-12-20 14:48:48 - [TEST_STEP][NOT_RUN] - setText(findTestObject("ResumeHeadLineText"), "."): NOT_RUN: setText(findTestObject("ResumeHeadLineText"), ".")

2019-12-20 14:48:48 - [MESSAGE][NOT_RUN] - NOT_RUN: setText(findTestObject("ResumeHeadLineText"), ".")

2019-12-20 14:48:48 - [TEST_STEP][NOT_RUN] - click(findTestObject("SaveResumeHeadLineButton")): NOT_RUN: click(findTestObject("SaveResumeHeadLineButton"))

2019-12-20 14:48:48 - [MESSAGE][NOT_RUN] - NOT_RUN: click(findTestObject("SaveResumeHeadLineButton"))

2019-12-20 14:48:48 - [TEST_STEP][PASSED] - takeScreenshot(): Taking screenshot successfully

2019-12-20 14:48:53 - [MESSAGE][PASSED] - Taking screenshot successfully
[[ATTACHMENT|C:\\Users\\chandu.t\\Katalon Studio\\NJS_Chandu\\Reports\\20191220_144607\\NJS_Chandu\\20191220_144607\\1576833532978.png]]

2019-12-20 14:48:53 - [TEST_STEP][PASSED] - refresh(): Refresh successfully

2019-12-20 14:48:57 - [MESSAGE][PASSED] - Refresh successfully

2019-12-20 14:48:57 - [TEST_STEP][PASSED] - delay(10): Delayed 10 second(s)

2019-12-20 14:49:07 - [MESSAGE][PASSED] - Delayed 10 second(s)

2019-12-20 14:49:07 - [TEST_STEP][PASSED] - takeScreenshot(): Taking screenshot successfully

2019-12-20 14:49:07 - [MESSAGE][PASSED] - Taking screenshot successfully
[[ATTACHMENT|C:\\Users\\chandu.t\\Katalon Studio\\NJS_Chandu\\Reports\\20191220_144607\\NJS_Chandu\\20191220_144607\\1576833547570.png]]

2019-12-20 14:49:07 - [TEST_STEP][PASSED] - closeBrowser(): Browser is closed

2019-12-20 14:49:09 - [MESSAGE][PASSED] - Browser is closed]]></system-out>
         <system-err><![CDATA[]]></system-err>
      </testcase>
      <testcase name="Test Cases/deleteandupload1" time="75.945" classname="Test Cases/deleteandupload1" status="PASSED">
         <system-out><![CDATA[2019-12-20 14:49:09 - [TEST_CASE][PASSED] - Test Cases/deleteandupload1: Test Cases/deleteandupload1

2019-12-20 14:49:10 - [TEST_STEP][PASSED] - openBrowser(findTestData("LoginDetailsNJS").getValue(1, 1)): Browser is opened with url: 'https://www.naukri.com/'

2019-12-20 14:49:10 - [MESSAGE][INFO] - Starting 'Chrome' driver

2019-12-20 14:49:10 - [MESSAGE][INFO] - User set preference: ['args', '[--incognito]']

2019-12-20 14:49:18 - [MESSAGE][PASSED] - Browser is opened with url: 'https://www.naukri.com/'

2019-12-20 14:49:18 - [TEST_STEP][PASSED] - closeWindowIndex(1): Window with index 1 is closed

2019-12-20 14:49:19 - [MESSAGE][PASSED] - Window with index 1 is closed

2019-12-20 14:49:19 - [TEST_STEP][PASSED] - closeWindowIndex(1): Window with index 1 is closed

2019-12-20 14:49:20 - [MESSAGE][PASSED] - Window with index 1 is closed

2019-12-20 14:49:20 - [TEST_STEP][PASSED] - switchToWindowIndex(0): Switched to window with index: '0'

2019-12-20 14:49:20 - [MESSAGE][PASSED] - Switched to window with index: '0'

2019-12-20 14:49:20 - [TEST_STEP][PASSED] - maximizeWindow(): Current window maximized

2019-12-20 14:49:22 - [MESSAGE][PASSED] - Current window maximized

2019-12-20 14:49:22 - [TEST_STEP][PASSED] - click(findTestObject("LoginButton")): Object: 'Object Repository/LoginButton' is clicked on

2019-12-20 14:49:22 - [MESSAGE][PASSED] - Object: 'Object Repository/LoginButton' is clicked on

2019-12-20 14:49:22 - [TEST_STEP][PASSED] - click(findTestObject("GoogleButton")): Object: 'Object Repository/GoogleButton' is clicked on

2019-12-20 14:49:23 - [MESSAGE][PASSED] - Object: 'Object Repository/GoogleButton' is clicked on

2019-12-20 14:49:23 - [TEST_STEP][PASSED] - switchToWindowIndex(1): Switched to window with index: '1'

2019-12-20 14:49:26 - [MESSAGE][PASSED] - Switched to window with index: '1'

2019-12-20 14:49:26 - [TEST_STEP][PASSED] - setText(findTestObject("UserName"), findTestData("LoginDetailsNJS").getValue(2, 1)): Text 'thota.chandu1@gmail.com' is set on object 'Object Repository/UserName'

2019-12-20 14:49:28 - [MESSAGE][PASSED] - Text 'thota.chandu1@gmail.com' is set on object 'Object Repository/UserName'

2019-12-20 14:49:28 - [TEST_STEP][PASSED] - click(findTestObject("NextButton")): Object: 'Object Repository/NextButton' is clicked on

2019-12-20 14:49:28 - [MESSAGE][PASSED] - Object: 'Object Repository/NextButton' is clicked on

2019-12-20 14:49:28 - [TEST_STEP][PASSED] - delay(5): Delayed 5 second(s)

2019-12-20 14:49:33 - [MESSAGE][PASSED] - Delayed 5 second(s)

2019-12-20 14:49:33 - [TEST_STEP][PASSED] - setText(findTestObject("Password"), findTestData("LoginDetailsNJS").getValue(3, 1)): Text 'achala$123' is set on object 'Object Repository/Password'

2019-12-20 14:49:34 - [MESSAGE][PASSED] - Text 'achala$123' is set on object 'Object Repository/Password'

2019-12-20 14:49:34 - [TEST_STEP][PASSED] - click(findTestObject("NextButton")): Object: 'Object Repository/NextButton' is clicked on

2019-12-20 14:49:34 - [MESSAGE][PASSED] - Object: 'Object Repository/NextButton' is clicked on

2019-12-20 14:49:34 - [TEST_STEP][PASSED] - switchToWindowIndex(0): Switched to window with index: '0'

2019-12-20 14:49:34 - [MESSAGE][PASSED] - Switched to window with index: '0'

2019-12-20 14:49:34 - [TEST_STEP][PASSED] - delay(10): Delayed 10 second(s)

2019-12-20 14:49:44 - [MESSAGE][PASSED] - Delayed 10 second(s)

2019-12-20 14:49:44 - [TEST_STEP][PASSED] - click(findTestObject("ProfileName")): Object: 'Object Repository/ProfileName' is clicked on

2019-12-20 14:49:45 - [MESSAGE][PASSED] - Object: 'Object Repository/ProfileName' is clicked on

2019-12-20 14:49:45 - [TEST_STEP][PASSED] - click(findTestObject("DeleteResumeButton")): Object: 'Object Repository/DeleteResumeButton' is clicked on

2019-12-20 14:49:46 - [MESSAGE][PASSED] - Object: 'Object Repository/DeleteResumeButton' is clicked on

2019-12-20 14:49:46 - [TEST_STEP][PASSED] - click(findTestObject("DeleteResumeConfirm")): Object: 'Object Repository/DeleteResumeConfirm' is clicked on

2019-12-20 14:49:47 - [MESSAGE][PASSED] - Object: 'Object Repository/DeleteResumeConfirm' is clicked on

2019-12-20 14:49:47 - [TEST_STEP][PASSED] - delay(15): Delayed 15 second(s)

2019-12-20 14:50:02 - [MESSAGE][PASSED] - Delayed 15 second(s)

2019-12-20 14:50:02 - [TEST_STEP][PASSED] - takeScreenshot(): Taking screenshot successfully

2019-12-20 14:50:02 - [MESSAGE][PASSED] - Taking screenshot successfully
[[ATTACHMENT|C:\\Users\\chandu.t\\Katalon Studio\\NJS_Chandu\\Reports\\20191220_144607\\NJS_Chandu\\20191220_144607\\1576833602285.png]]

2019-12-20 14:50:02 - [TEST_STEP][PASSED] - uploadFile(findTestObject("UploadResumeButton"), findTestData("LoginDetailsNJS").getValue(5, 1)): File 'D:\chanduR\Resume11.docx' sent to object: 'Object Repository/UploadResumeButton'

2019-12-20 14:50:03 - [MESSAGE][PASSED] - File 'D:\chanduR\Resume11.docx' sent to object: 'Object Repository/UploadResumeButton'

2019-12-20 14:50:03 - [TEST_STEP][PASSED] - delay(10): Delayed 10 second(s)

2019-12-20 14:50:13 - [MESSAGE][PASSED] - Delayed 10 second(s)

2019-12-20 14:50:13 - [TEST_STEP][NOT_RUN] - click(findTestObject("EditResumeHeadline")): NOT_RUN: click(findTestObject("EditResumeHeadline"))

2019-12-20 14:50:13 - [MESSAGE][NOT_RUN] - NOT_RUN: click(findTestObject("EditResumeHeadline"))

2019-12-20 14:50:13 - [TEST_STEP][NOT_RUN] - setText(findTestObject("ResumeHeadLineText"), "."): NOT_RUN: setText(findTestObject("ResumeHeadLineText"), ".")

2019-12-20 14:50:13 - [MESSAGE][NOT_RUN] - NOT_RUN: setText(findTestObject("ResumeHeadLineText"), ".")

2019-12-20 14:50:13 - [TEST_STEP][NOT_RUN] - click(findTestObject("SaveResumeHeadLineButton")): NOT_RUN: click(findTestObject("SaveResumeHeadLineButton"))

2019-12-20 14:50:13 - [MESSAGE][NOT_RUN] - NOT_RUN: click(findTestObject("SaveResumeHeadLineButton"))

2019-12-20 14:50:13 - [TEST_STEP][PASSED] - takeScreenshot(): Taking screenshot successfully

2019-12-20 14:50:13 - [MESSAGE][PASSED] - Taking screenshot successfully
[[ATTACHMENT|C:\\Users\\chandu.t\\Katalon Studio\\NJS_Chandu\\Reports\\20191220_144607\\NJS_Chandu\\20191220_144607\\1576833613345.png]]

2019-12-20 14:50:13 - [TEST_STEP][PASSED] - refresh(): Refresh successfully

2019-12-20 14:50:13 - [MESSAGE][PASSED] - Refresh successfully

2019-12-20 14:50:13 - [TEST_STEP][PASSED] - delay(10): Delayed 10 second(s)

2019-12-20 14:50:23 - [MESSAGE][PASSED] - Delayed 10 second(s)

2019-12-20 14:50:23 - [TEST_STEP][PASSED] - takeScreenshot(): Taking screenshot successfully

2019-12-20 14:50:24 - [MESSAGE][PASSED] - Taking screenshot successfully
[[ATTACHMENT|C:\\Users\\chandu.t\\Katalon Studio\\NJS_Chandu\\Reports\\20191220_144607\\NJS_Chandu\\20191220_144607\\1576833623934.png]]

2019-12-20 14:50:24 - [TEST_STEP][PASSED] - closeBrowser(): Browser is closed

2019-12-20 14:50:25 - [MESSAGE][PASSED] - Browser is closed]]></system-out>
         <system-err><![CDATA[]]></system-err>
      </testcase>
      <system-out><![CDATA[2019-12-20 14:46:13 - [TEST_SUITE][PASSED] - NJS_Chandu: Test Cases/deleteandupload1]]></system-out>
      <system-err><![CDATA[]]></system-err>
   </testsuite>
</testsuites>
