<?xml version="1.0" encoding="UTF-8"?>
<testsuites name="NJS_Chandu" time="259.81" tests="3" failures="0" errors="0">
   <testsuite name="NJS_Chandu" tests="3" failures="0" errors="0" time="259.81" timestamp="2019-12-30 17:19:29" hostname="chandu.t - wlpt518.imidomain.com" id="Test Suites/NJS_Chandu">
      <properties>
         <property name="deviceName" value=""/>
         <property name="devicePlatform" value=""/>
         <property name="logFolder" value="C:\\Users\\chandu.t\\Katalon Studio\\NJS_Chandu\\Reports\\20191230_171922\\NJS_Chandu\\20191230_171922"/>
         <property name="logFiles" value="C:\\Users\\chandu.t\\Katalon Studio\\NJS_Chandu\\Reports\\20191230_171922\\NJS_Chandu\\20191230_171922\\execution0.log"/>
         <property name="attachments" value="C:\\Users\\chandu.t\\Katalon Studio\\NJS_Chandu\\Reports\\20191230_171922\\NJS_Chandu\\20191230_171922\\1577706636789.png, C:\\Users\\chandu.t\\Katalon Studio\\NJS_Chandu\\Reports\\20191230_171922\\NJS_Chandu\\20191230_171922\\1577706647930.png, C:\\Users\\chandu.t\\Katalon Studio\\NJS_Chandu\\Reports\\20191230_171922\\NJS_Chandu\\20191230_171922\\1577706660210.png, C:\\Users\\chandu.t\\Katalon Studio\\NJS_Chandu\\Reports\\20191230_171922\\NJS_Chandu\\20191230_171922\\1577706720637.png, C:\\Users\\chandu.t\\Katalon Studio\\NJS_Chandu\\Reports\\20191230_171922\\NJS_Chandu\\20191230_171922\\1577706731401.png, C:\\Users\\chandu.t\\Katalon Studio\\NJS_Chandu\\Reports\\20191230_171922\\NJS_Chandu\\20191230_171922\\1577706743492.png, C:\\Users\\chandu.t\\Katalon Studio\\NJS_Chandu\\Reports\\20191230_171922\\NJS_Chandu\\20191230_171922\\1577706804931.png, C:\\Users\\chandu.t\\Katalon Studio\\NJS_Chandu\\Reports\\20191230_171922\\NJS_Chandu\\20191230_171922\\1577706815645.png, C:\\Users\\chandu.t\\Katalon Studio\\NJS_Chandu\\Reports\\20191230_171922\\NJS_Chandu\\20191230_171922\\1577706827952.png"/>
         <property name="hostName" value="chandu.t - wlpt518.imidomain.com"/>
         <property name="os" value="Windows 10 64bit"/>
         <property name="katalonVersion" value="7.1.2.1"/>
         <property name="browser" value="Chrome 77.0.3865.75"/>
         <property name="hostAddress" value="10.0.26.179"/>
         <property name="sessionId" value="ce2004b848efd459935ed6b0fafb7674"/>
         <property name="seleniumVersion" value="3.141.59"/>
         <property name="proxyInformation" value="ProxyInformation{proxyOption=NO_PROXY, proxyServerType=HTTP, password=, proxyServerAddress=, proxyServerPort=0, executionList=}"/>
         <property name="platform" value="Windows 10"/>
      </properties>
      <testcase name="Test Cases/deleteandupload3" time="91.518" classname="Test Cases/deleteandupload3" status="PASSED">
         <system-out><![CDATA[2019-12-30 17:19:30 - [TEST_CASE][PASSED] - Test Cases/deleteandupload3: Test Cases/deleteandupload3

2019-12-30 17:19:31 - [TEST_STEP][PASSED] - openBrowser(findTestData("LoginDetailsNJS").getValue(1, 3)): Browser is opened with url: 'https://www.naukri.com/'

2019-12-30 17:19:34 - [MESSAGE][INFO] - Starting 'Chrome' driver

2019-12-30 17:19:34 - [MESSAGE][INFO] - User set preference: ['args', '[--incognito]']

2019-12-30 17:19:34 - [MESSAGE][INFO] - Action delay is set to 0 seconds

2019-12-30 17:19:47 - [MESSAGE][PASSED] - Browser is opened with url: 'https://www.naukri.com/'

2019-12-30 17:19:47 - [TEST_STEP][PASSED] - closeWindowIndex(1): Window with index 1 is closed

2019-12-30 17:19:51 - [MESSAGE][PASSED] - Window with index 1 is closed

2019-12-30 17:19:51 - [TEST_STEP][NOT_RUN] - closeWindowIndex(1): NOT_RUN: closeWindowIndex(1)

2019-12-30 17:19:51 - [MESSAGE][NOT_RUN] - NOT_RUN: closeWindowIndex(1)

2019-12-30 17:19:51 - [TEST_STEP][PASSED] - switchToWindowIndex(0): Switched to window with index: '0'

2019-12-30 17:19:52 - [MESSAGE][PASSED] - Switched to window with index: '0'

2019-12-30 17:19:52 - [TEST_STEP][PASSED] - maximizeWindow(): Current window maximized

2019-12-30 17:19:56 - [MESSAGE][PASSED] - Current window maximized

2019-12-30 17:19:56 - [TEST_STEP][PASSED] - click(findTestObject("LoginButton")): Object: 'Object Repository/LoginButton' is clicked on

2019-12-30 17:19:57 - [MESSAGE][PASSED] - Object: 'Object Repository/LoginButton' is clicked on

2019-12-30 17:19:57 - [TEST_STEP][PASSED] - click(findTestObject("GoogleButton")): Object: 'Object Repository/GoogleButton' is clicked on

2019-12-30 17:19:58 - [MESSAGE][PASSED] - Object: 'Object Repository/GoogleButton' is clicked on

2019-12-30 17:19:58 - [TEST_STEP][PASSED] - switchToWindowIndex(1): Switched to window with index: '1'

2019-12-30 17:20:02 - [MESSAGE][PASSED] - Switched to window with index: '1'

2019-12-30 17:20:02 - [TEST_STEP][PASSED] - setText(findTestObject("UserName"), findTestData("LoginDetailsNJS").getValue(2, 3)): Text 'chandut1024@gmail.com' is set on object 'Object Repository/UserName'

2019-12-30 17:20:03 - [MESSAGE][PASSED] - Text 'chandut1024@gmail.com' is set on object 'Object Repository/UserName'

2019-12-30 17:20:03 - [TEST_STEP][PASSED] - click(findTestObject("NextButton")): Object: 'Object Repository/NextButton' is clicked on

2019-12-30 17:20:03 - [MESSAGE][PASSED] - Object: 'Object Repository/NextButton' is clicked on

2019-12-30 17:20:03 - [TEST_STEP][PASSED] - delay(5): Delayed 5 second(s)

2019-12-30 17:20:08 - [MESSAGE][PASSED] - Delayed 5 second(s)

2019-12-30 17:20:08 - [TEST_STEP][PASSED] - setText(findTestObject("Password"), findTestData("LoginDetailsNJS").getValue(3, 3)): Text 'achala$123' is set on object 'Object Repository/Password'

2019-12-30 17:20:09 - [MESSAGE][PASSED] - Text 'achala$123' is set on object 'Object Repository/Password'

2019-12-30 17:20:09 - [TEST_STEP][PASSED] - click(findTestObject("NextButton")): Object: 'Object Repository/NextButton' is clicked on

2019-12-30 17:20:09 - [MESSAGE][PASSED] - Object: 'Object Repository/NextButton' is clicked on

2019-12-30 17:20:09 - [TEST_STEP][PASSED] - switchToWindowIndex(0): Switched to window with index: '0'

2019-12-30 17:20:09 - [MESSAGE][PASSED] - Switched to window with index: '0'

2019-12-30 17:20:09 - [TEST_STEP][PASSED] - delay(10): Delayed 10 second(s)

2019-12-30 17:20:19 - [MESSAGE][PASSED] - Delayed 10 second(s)

2019-12-30 17:20:19 - [TEST_STEP][PASSED] - click(findTestObject("ProfileName")): Object: 'Object Repository/ProfileName' is clicked on

2019-12-30 17:20:20 - [MESSAGE][PASSED] - Object: 'Object Repository/ProfileName' is clicked on

2019-12-30 17:20:20 - [TEST_STEP][PASSED] - click(findTestObject("DeleteResumeButton")): Object: 'Object Repository/DeleteResumeButton' is clicked on

2019-12-30 17:20:21 - [MESSAGE][PASSED] - Object: 'Object Repository/DeleteResumeButton' is clicked on

2019-12-30 17:20:21 - [TEST_STEP][PASSED] - click(findTestObject("DeleteResumeConfirm")): Object: 'Object Repository/DeleteResumeConfirm' is clicked on

2019-12-30 17:20:21 - [MESSAGE][PASSED] - Object: 'Object Repository/DeleteResumeConfirm' is clicked on

2019-12-30 17:20:21 - [TEST_STEP][PASSED] - delay(15): Delayed 15 second(s)

2019-12-30 17:20:36 - [MESSAGE][PASSED] - Delayed 15 second(s)

2019-12-30 17:20:36 - [TEST_STEP][PASSED] - takeScreenshot(): Taking screenshot successfully

2019-12-30 17:20:37 - [MESSAGE][PASSED] - Taking screenshot successfully
[[ATTACHMENT|C:\\Users\\chandu.t\\Katalon Studio\\NJS_Chandu\\Reports\\20191230_171922\\NJS_Chandu\\20191230_171922\\1577706636789.png]]

2019-12-30 17:20:37 - [TEST_STEP][PASSED] - uploadFile(findTestObject("UploadResumeButton"), findTestData("LoginDetailsNJS").getValue(5, 3)): File 'D:\chanduR\Resume33.docx' sent to object: 'Object Repository/UploadResumeButton'

2019-12-30 17:20:37 - [MESSAGE][PASSED] - File 'D:\chanduR\Resume33.docx' sent to object: 'Object Repository/UploadResumeButton'

2019-12-30 17:20:37 - [TEST_STEP][PASSED] - delay(10): Delayed 10 second(s)

2019-12-30 17:20:47 - [MESSAGE][PASSED] - Delayed 10 second(s)

2019-12-30 17:20:47 - [TEST_STEP][NOT_RUN] - click(findTestObject("EditResumeHeadline")): NOT_RUN: click(findTestObject("EditResumeHeadline"))

2019-12-30 17:20:47 - [MESSAGE][NOT_RUN] - NOT_RUN: click(findTestObject("EditResumeHeadline"))

2019-12-30 17:20:47 - [TEST_STEP][NOT_RUN] - setText(findTestObject("ResumeHeadLineText"), "."): NOT_RUN: setText(findTestObject("ResumeHeadLineText"), ".")

2019-12-30 17:20:47 - [MESSAGE][NOT_RUN] - NOT_RUN: setText(findTestObject("ResumeHeadLineText"), ".")

2019-12-30 17:20:47 - [TEST_STEP][NOT_RUN] - click(findTestObject("SaveResumeHeadLineButton")): NOT_RUN: click(findTestObject("SaveResumeHeadLineButton"))

2019-12-30 17:20:47 - [MESSAGE][NOT_RUN] - NOT_RUN: click(findTestObject("SaveResumeHeadLineButton"))

2019-12-30 17:20:47 - [TEST_STEP][PASSED] - takeScreenshot(): Taking screenshot successfully

2019-12-30 17:20:48 - [MESSAGE][PASSED] - Taking screenshot successfully
[[ATTACHMENT|C:\\Users\\chandu.t\\Katalon Studio\\NJS_Chandu\\Reports\\20191230_171922\\NJS_Chandu\\20191230_171922\\1577706647930.png]]

2019-12-30 17:20:48 - [TEST_STEP][PASSED] - refresh(): Refresh successfully

2019-12-30 17:20:50 - [MESSAGE][PASSED] - Refresh successfully

2019-12-30 17:20:50 - [TEST_STEP][PASSED] - delay(10): Delayed 10 second(s)

2019-12-30 17:21:00 - [MESSAGE][PASSED] - Delayed 10 second(s)

2019-12-30 17:21:00 - [TEST_STEP][PASSED] - takeScreenshot(): Taking screenshot successfully

2019-12-30 17:21:00 - [MESSAGE][PASSED] - Taking screenshot successfully
[[ATTACHMENT|C:\\Users\\chandu.t\\Katalon Studio\\NJS_Chandu\\Reports\\20191230_171922\\NJS_Chandu\\20191230_171922\\1577706660210.png]]

2019-12-30 17:21:00 - [TEST_STEP][PASSED] - closeBrowser(): Browser is closed

2019-12-30 17:21:02 - [MESSAGE][PASSED] - Browser is closed]]></system-out>
         <system-err><![CDATA[]]></system-err>
      </testcase>
      <testcase name="Test Cases/deleteandupload2" time="83.122" classname="Test Cases/deleteandupload2" status="PASSED">
         <system-out><![CDATA[2019-12-30 17:21:02 - [TEST_CASE][PASSED] - Test Cases/deleteandupload2: Test Cases/deleteandupload2

2019-12-30 17:21:02 - [TEST_STEP][PASSED] - openBrowser(findTestData("LoginDetailsNJS").getValue(1, 2)): Browser is opened with url: 'https://www.naukri.com/'

2019-12-30 17:21:02 - [MESSAGE][INFO] - Starting 'Chrome' driver

2019-12-30 17:21:02 - [MESSAGE][INFO] - User set preference: ['args', '[--incognito]']

2019-12-30 17:21:12 - [MESSAGE][PASSED] - Browser is opened with url: 'https://www.naukri.com/'

2019-12-30 17:21:12 - [TEST_STEP][PASSED] - closeWindowIndex(1): Window with index 1 is closed

2019-12-30 17:21:16 - [MESSAGE][PASSED] - Window with index 1 is closed

2019-12-30 17:21:16 - [TEST_STEP][NOT_RUN] - closeWindowIndex(1): NOT_RUN: closeWindowIndex(1)

2019-12-30 17:21:16 - [MESSAGE][NOT_RUN] - NOT_RUN: closeWindowIndex(1)

2019-12-30 17:21:16 - [TEST_STEP][PASSED] - switchToWindowIndex(0): Switched to window with index: '0'

2019-12-30 17:21:16 - [MESSAGE][PASSED] - Switched to window with index: '0'

2019-12-30 17:21:16 - [TEST_STEP][PASSED] - maximizeWindow(): Current window maximized

2019-12-30 17:21:21 - [MESSAGE][PASSED] - Current window maximized

2019-12-30 17:21:21 - [TEST_STEP][PASSED] - click(findTestObject("LoginButton")): Object: 'Object Repository/LoginButton' is clicked on

2019-12-30 17:21:21 - [MESSAGE][PASSED] - Object: 'Object Repository/LoginButton' is clicked on

2019-12-30 17:21:21 - [TEST_STEP][PASSED] - click(findTestObject("GoogleButton")): Object: 'Object Repository/GoogleButton' is clicked on

2019-12-30 17:21:22 - [MESSAGE][PASSED] - Object: 'Object Repository/GoogleButton' is clicked on

2019-12-30 17:21:22 - [TEST_STEP][PASSED] - switchToWindowIndex(1): Switched to window with index: '1'

2019-12-30 17:21:26 - [MESSAGE][PASSED] - Switched to window with index: '1'

2019-12-30 17:21:26 - [TEST_STEP][PASSED] - setText(findTestObject("UserName"), findTestData("LoginDetailsNJS").getValue(2, 2)): Text 'chanduthota371@gmail.com' is set on object 'Object Repository/UserName'

2019-12-30 17:21:27 - [MESSAGE][PASSED] - Text 'chanduthota371@gmail.com' is set on object 'Object Repository/UserName'

2019-12-30 17:21:27 - [TEST_STEP][PASSED] - click(findTestObject("NextButton")): Object: 'Object Repository/NextButton' is clicked on

2019-12-30 17:21:27 - [MESSAGE][PASSED] - Object: 'Object Repository/NextButton' is clicked on

2019-12-30 17:21:27 - [TEST_STEP][PASSED] - delay(5): Delayed 5 second(s)

2019-12-30 17:21:32 - [MESSAGE][PASSED] - Delayed 5 second(s)

2019-12-30 17:21:32 - [TEST_STEP][PASSED] - setText(findTestObject("Password"), findTestData("LoginDetailsNJS").getValue(3, 2)): Text 'achala$123' is set on object 'Object Repository/Password'

2019-12-30 17:21:33 - [MESSAGE][PASSED] - Text 'achala$123' is set on object 'Object Repository/Password'

2019-12-30 17:21:33 - [TEST_STEP][PASSED] - click(findTestObject("NextButton")): Object: 'Object Repository/NextButton' is clicked on

2019-12-30 17:21:33 - [MESSAGE][PASSED] - Object: 'Object Repository/NextButton' is clicked on

2019-12-30 17:21:33 - [TEST_STEP][PASSED] - switchToWindowIndex(0): Switched to window with index: '0'

2019-12-30 17:21:33 - [MESSAGE][PASSED] - Switched to window with index: '0'

2019-12-30 17:21:33 - [TEST_STEP][PASSED] - delay(10): Delayed 10 second(s)

2019-12-30 17:21:43 - [MESSAGE][PASSED] - Delayed 10 second(s)

2019-12-30 17:21:43 - [TEST_STEP][PASSED] - click(findTestObject("ProfileName")): Object: 'Object Repository/ProfileName' is clicked on

2019-12-30 17:21:44 - [MESSAGE][PASSED] - Object: 'Object Repository/ProfileName' is clicked on

2019-12-30 17:21:44 - [TEST_STEP][PASSED] - click(findTestObject("DeleteResumeButton")): Object: 'Object Repository/DeleteResumeButton' is clicked on

2019-12-30 17:21:45 - [MESSAGE][PASSED] - Object: 'Object Repository/DeleteResumeButton' is clicked on

2019-12-30 17:21:45 - [TEST_STEP][PASSED] - click(findTestObject("DeleteResumeConfirm")): Object: 'Object Repository/DeleteResumeConfirm' is clicked on

2019-12-30 17:21:45 - [MESSAGE][PASSED] - Object: 'Object Repository/DeleteResumeConfirm' is clicked on

2019-12-30 17:21:45 - [TEST_STEP][PASSED] - delay(15): Delayed 15 second(s)

2019-12-30 17:22:00 - [MESSAGE][PASSED] - Delayed 15 second(s)

2019-12-30 17:22:00 - [TEST_STEP][PASSED] - takeScreenshot(): Taking screenshot successfully

2019-12-30 17:22:01 - [MESSAGE][PASSED] - Taking screenshot successfully
[[ATTACHMENT|C:\\Users\\chandu.t\\Katalon Studio\\NJS_Chandu\\Reports\\20191230_171922\\NJS_Chandu\\20191230_171922\\1577706720637.png]]

2019-12-30 17:22:01 - [TEST_STEP][PASSED] - uploadFile(findTestObject("UploadResumeButton"), findTestData("LoginDetailsNJS").getValue(5, 2)): File 'D:\chanduR\Resume22.docx' sent to object: 'Object Repository/UploadResumeButton'

2019-12-30 17:22:01 - [MESSAGE][PASSED] - File 'D:\chanduR\Resume22.docx' sent to object: 'Object Repository/UploadResumeButton'

2019-12-30 17:22:01 - [TEST_STEP][PASSED] - delay(10): Delayed 10 second(s)

2019-12-30 17:22:11 - [MESSAGE][PASSED] - Delayed 10 second(s)

2019-12-30 17:22:11 - [TEST_STEP][NOT_RUN] - click(findTestObject("EditResumeHeadline")): NOT_RUN: click(findTestObject("EditResumeHeadline"))

2019-12-30 17:22:11 - [MESSAGE][NOT_RUN] - NOT_RUN: click(findTestObject("EditResumeHeadline"))

2019-12-30 17:22:11 - [TEST_STEP][NOT_RUN] - setText(findTestObject("ResumeHeadLineText"), "."): NOT_RUN: setText(findTestObject("ResumeHeadLineText"), ".")

2019-12-30 17:22:11 - [MESSAGE][NOT_RUN] - NOT_RUN: setText(findTestObject("ResumeHeadLineText"), ".")

2019-12-30 17:22:11 - [TEST_STEP][NOT_RUN] - click(findTestObject("SaveResumeHeadLineButton")): NOT_RUN: click(findTestObject("SaveResumeHeadLineButton"))

2019-12-30 17:22:11 - [MESSAGE][NOT_RUN] - NOT_RUN: click(findTestObject("SaveResumeHeadLineButton"))

2019-12-30 17:22:11 - [TEST_STEP][PASSED] - takeScreenshot(): Taking screenshot successfully

2019-12-30 17:22:11 - [MESSAGE][PASSED] - Taking screenshot successfully
[[ATTACHMENT|C:\\Users\\chandu.t\\Katalon Studio\\NJS_Chandu\\Reports\\20191230_171922\\NJS_Chandu\\20191230_171922\\1577706731401.png]]

2019-12-30 17:22:11 - [TEST_STEP][PASSED] - refresh(): Refresh successfully

2019-12-30 17:22:13 - [MESSAGE][PASSED] - Refresh successfully

2019-12-30 17:22:13 - [TEST_STEP][PASSED] - delay(10): Delayed 10 second(s)

2019-12-30 17:22:23 - [MESSAGE][PASSED] - Delayed 10 second(s)

2019-12-30 17:22:23 - [TEST_STEP][PASSED] - takeScreenshot(): Taking screenshot successfully

2019-12-30 17:22:23 - [MESSAGE][PASSED] - Taking screenshot successfully
[[ATTACHMENT|C:\\Users\\chandu.t\\Katalon Studio\\NJS_Chandu\\Reports\\20191230_171922\\NJS_Chandu\\20191230_171922\\1577706743492.png]]

2019-12-30 17:22:23 - [TEST_STEP][PASSED] - closeBrowser(): Browser is closed

2019-12-30 17:22:25 - [MESSAGE][PASSED] - Browser is closed]]></system-out>
         <system-err><![CDATA[]]></system-err>
      </testcase>
      <testcase name="Test Cases/deleteandupload1" time="84.257" classname="Test Cases/deleteandupload1" status="PASSED">
         <system-out><![CDATA[2019-12-30 17:22:25 - [TEST_CASE][PASSED] - Test Cases/deleteandupload1: Test Cases/deleteandupload1

2019-12-30 17:22:25 - [TEST_STEP][PASSED] - openBrowser(findTestData("LoginDetailsNJS").getValue(1, 1)): Browser is opened with url: 'https://www.naukri.com/'

2019-12-30 17:22:26 - [MESSAGE][INFO] - Starting 'Chrome' driver

2019-12-30 17:22:26 - [MESSAGE][INFO] - User set preference: ['args', '[--incognito]']

2019-12-30 17:22:36 - [MESSAGE][PASSED] - Browser is opened with url: 'https://www.naukri.com/'

2019-12-30 17:22:36 - [TEST_STEP][PASSED] - closeWindowIndex(1): Window with index 1 is closed

2019-12-30 17:22:40 - [MESSAGE][PASSED] - Window with index 1 is closed

2019-12-30 17:22:40 - [TEST_STEP][NOT_RUN] - closeWindowIndex(1): NOT_RUN: closeWindowIndex(1)

2019-12-30 17:22:40 - [MESSAGE][NOT_RUN] - NOT_RUN: closeWindowIndex(1)

2019-12-30 17:22:40 - [TEST_STEP][PASSED] - switchToWindowIndex(0): Switched to window with index: '0'

2019-12-30 17:22:40 - [MESSAGE][PASSED] - Switched to window with index: '0'

2019-12-30 17:22:40 - [TEST_STEP][PASSED] - maximizeWindow(): Current window maximized

2019-12-30 17:22:44 - [MESSAGE][PASSED] - Current window maximized

2019-12-30 17:22:44 - [TEST_STEP][PASSED] - click(findTestObject("LoginButton")): Object: 'Object Repository/LoginButton' is clicked on

2019-12-30 17:22:45 - [MESSAGE][PASSED] - Object: 'Object Repository/LoginButton' is clicked on

2019-12-30 17:22:45 - [TEST_STEP][PASSED] - click(findTestObject("GoogleButton")): Object: 'Object Repository/GoogleButton' is clicked on

2019-12-30 17:22:46 - [MESSAGE][PASSED] - Object: 'Object Repository/GoogleButton' is clicked on

2019-12-30 17:22:46 - [TEST_STEP][PASSED] - switchToWindowIndex(1): Switched to window with index: '1'

2019-12-30 17:22:51 - [MESSAGE][PASSED] - Switched to window with index: '1'

2019-12-30 17:22:51 - [TEST_STEP][PASSED] - setText(findTestObject("UserName"), findTestData("LoginDetailsNJS").getValue(2, 1)): Text 'thota.chandu1@gmail.com' is set on object 'Object Repository/UserName'

2019-12-30 17:22:52 - [MESSAGE][PASSED] - Text 'thota.chandu1@gmail.com' is set on object 'Object Repository/UserName'

2019-12-30 17:22:52 - [TEST_STEP][PASSED] - click(findTestObject("NextButton")): Object: 'Object Repository/NextButton' is clicked on

2019-12-30 17:22:52 - [MESSAGE][PASSED] - Object: 'Object Repository/NextButton' is clicked on

2019-12-30 17:22:52 - [TEST_STEP][PASSED] - delay(5): Delayed 5 second(s)

2019-12-30 17:22:57 - [MESSAGE][PASSED] - Delayed 5 second(s)

2019-12-30 17:22:57 - [TEST_STEP][PASSED] - setText(findTestObject("Password"), findTestData("LoginDetailsNJS").getValue(3, 1)): Text 'achala$123' is set on object 'Object Repository/Password'

2019-12-30 17:22:57 - [MESSAGE][PASSED] - Text 'achala$123' is set on object 'Object Repository/Password'

2019-12-30 17:22:57 - [TEST_STEP][PASSED] - click(findTestObject("NextButton")): Object: 'Object Repository/NextButton' is clicked on

2019-12-30 17:22:58 - [MESSAGE][PASSED] - Object: 'Object Repository/NextButton' is clicked on

2019-12-30 17:22:58 - [TEST_STEP][PASSED] - switchToWindowIndex(0): Switched to window with index: '0'

2019-12-30 17:22:58 - [MESSAGE][PASSED] - Switched to window with index: '0'

2019-12-30 17:22:58 - [TEST_STEP][PASSED] - delay(10): Delayed 10 second(s)

2019-12-30 17:23:08 - [MESSAGE][PASSED] - Delayed 10 second(s)

2019-12-30 17:23:08 - [TEST_STEP][PASSED] - click(findTestObject("ProfileName")): Object: 'Object Repository/ProfileName' is clicked on

2019-12-30 17:23:08 - [MESSAGE][PASSED] - Object: 'Object Repository/ProfileName' is clicked on

2019-12-30 17:23:08 - [TEST_STEP][PASSED] - click(findTestObject("DeleteResumeButton")): Object: 'Object Repository/DeleteResumeButton' is clicked on

2019-12-30 17:23:09 - [MESSAGE][PASSED] - Object: 'Object Repository/DeleteResumeButton' is clicked on

2019-12-30 17:23:09 - [TEST_STEP][PASSED] - click(findTestObject("DeleteResumeConfirm")): Object: 'Object Repository/DeleteResumeConfirm' is clicked on

2019-12-30 17:23:09 - [MESSAGE][PASSED] - Object: 'Object Repository/DeleteResumeConfirm' is clicked on

2019-12-30 17:23:09 - [TEST_STEP][PASSED] - delay(15): Delayed 15 second(s)

2019-12-30 17:23:24 - [MESSAGE][PASSED] - Delayed 15 second(s)

2019-12-30 17:23:24 - [TEST_STEP][PASSED] - takeScreenshot(): Taking screenshot successfully

2019-12-30 17:23:25 - [MESSAGE][PASSED] - Taking screenshot successfully
[[ATTACHMENT|C:\\Users\\chandu.t\\Katalon Studio\\NJS_Chandu\\Reports\\20191230_171922\\NJS_Chandu\\20191230_171922\\1577706804931.png]]

2019-12-30 17:23:25 - [TEST_STEP][PASSED] - uploadFile(findTestObject("UploadResumeButton"), findTestData("LoginDetailsNJS").getValue(5, 1)): File 'D:\chanduR\Resume11.docx' sent to object: 'Object Repository/UploadResumeButton'

2019-12-30 17:23:25 - [MESSAGE][PASSED] - File 'D:\chanduR\Resume11.docx' sent to object: 'Object Repository/UploadResumeButton'

2019-12-30 17:23:25 - [TEST_STEP][PASSED] - delay(10): Delayed 10 second(s)

2019-12-30 17:23:35 - [MESSAGE][PASSED] - Delayed 10 second(s)

2019-12-30 17:23:35 - [TEST_STEP][NOT_RUN] - click(findTestObject("EditResumeHeadline")): NOT_RUN: click(findTestObject("EditResumeHeadline"))

2019-12-30 17:23:35 - [MESSAGE][NOT_RUN] - NOT_RUN: click(findTestObject("EditResumeHeadline"))

2019-12-30 17:23:35 - [TEST_STEP][NOT_RUN] - setText(findTestObject("ResumeHeadLineText"), "."): NOT_RUN: setText(findTestObject("ResumeHeadLineText"), ".")

2019-12-30 17:23:35 - [MESSAGE][NOT_RUN] - NOT_RUN: setText(findTestObject("ResumeHeadLineText"), ".")

2019-12-30 17:23:35 - [TEST_STEP][NOT_RUN] - click(findTestObject("SaveResumeHeadLineButton")): NOT_RUN: click(findTestObject("SaveResumeHeadLineButton"))

2019-12-30 17:23:35 - [MESSAGE][NOT_RUN] - NOT_RUN: click(findTestObject("SaveResumeHeadLineButton"))

2019-12-30 17:23:35 - [TEST_STEP][PASSED] - takeScreenshot(): Taking screenshot successfully

2019-12-30 17:23:36 - [MESSAGE][PASSED] - Taking screenshot successfully
[[ATTACHMENT|C:\\Users\\chandu.t\\Katalon Studio\\NJS_Chandu\\Reports\\20191230_171922\\NJS_Chandu\\20191230_171922\\1577706815645.png]]

2019-12-30 17:23:36 - [TEST_STEP][PASSED] - refresh(): Refresh successfully

2019-12-30 17:23:37 - [MESSAGE][PASSED] - Refresh successfully

2019-12-30 17:23:37 - [TEST_STEP][PASSED] - delay(10): Delayed 10 second(s)

2019-12-30 17:23:47 - [MESSAGE][PASSED] - Delayed 10 second(s)

2019-12-30 17:23:47 - [TEST_STEP][PASSED] - takeScreenshot(): Taking screenshot successfully

2019-12-30 17:23:48 - [MESSAGE][PASSED] - Taking screenshot successfully
[[ATTACHMENT|C:\\Users\\chandu.t\\Katalon Studio\\NJS_Chandu\\Reports\\20191230_171922\\NJS_Chandu\\20191230_171922\\1577706827952.png]]

2019-12-30 17:23:48 - [TEST_STEP][PASSED] - closeBrowser(): Browser is closed

2019-12-30 17:23:49 - [MESSAGE][PASSED] - Browser is closed]]></system-out>
         <system-err><![CDATA[]]></system-err>
      </testcase>
      <system-out><![CDATA[2019-12-30 17:19:29 - [TEST_SUITE][PASSED] - NJS_Chandu: Test Cases/deleteandupload1]]></system-out>
      <system-err><![CDATA[]]></system-err>
   </testsuite>
</testsuites>
