<?xml version="1.0" encoding="UTF-8"?>
<testsuites name="NJS_Chandu" time="319.952" tests="3" failures="0" errors="0">
   <testsuite name="NJS_Chandu" tests="3" failures="0" errors="0" time="319.952" timestamp="2020-01-22 10:41:28" hostname="chandu.t - wlpt518.imidomain.com" id="Test Suites/NJS_Chandu">
      <properties>
         <property name="deviceName" value=""/>
         <property name="devicePlatform" value=""/>
         <property name="logFolder" value="C:\\Users\\chandu.t\\Katalon Studio\\NJS_Chandu\\Reports\\20200122_104124\\NJS_Chandu\\20200122_104124"/>
         <property name="logFiles" value="C:\\Users\\chandu.t\\Katalon Studio\\NJS_Chandu\\Reports\\20200122_104124\\NJS_Chandu\\20200122_104124\\execution0.log"/>
         <property name="attachments" value="C:\\Users\\chandu.t\\Katalon Studio\\NJS_Chandu\\Reports\\20200122_104124\\NJS_Chandu\\20200122_104124\\1579669967033.png, C:\\Users\\chandu.t\\Katalon Studio\\NJS_Chandu\\Reports\\20200122_104124\\NJS_Chandu\\20200122_104124\\1579669988237.png, C:\\Users\\chandu.t\\Katalon Studio\\NJS_Chandu\\Reports\\20200122_104124\\NJS_Chandu\\20200122_104124\\1579670003251.png, C:\\Users\\chandu.t\\Katalon Studio\\NJS_Chandu\\Reports\\20200122_104124\\NJS_Chandu\\20200122_104124\\1579670070840.png, C:\\Users\\chandu.t\\Katalon Studio\\NJS_Chandu\\Reports\\20200122_104124\\NJS_Chandu\\20200122_104124\\1579670081805.png, C:\\Users\\chandu.t\\Katalon Studio\\NJS_Chandu\\Reports\\20200122_104124\\NJS_Chandu\\20200122_104124\\1579670100248.png, C:\\Users\\chandu.t\\Katalon Studio\\NJS_Chandu\\Reports\\20200122_104124\\NJS_Chandu\\20200122_104124\\1579670166949.png, C:\\Users\\chandu.t\\Katalon Studio\\NJS_Chandu\\Reports\\20200122_104124\\NJS_Chandu\\20200122_104124\\1579670188013.png, C:\\Users\\chandu.t\\Katalon Studio\\NJS_Chandu\\Reports\\20200122_104124\\NJS_Chandu\\20200122_104124\\1579670200766.png"/>
         <property name="hostName" value="chandu.t - wlpt518.imidomain.com"/>
         <property name="os" value="Windows 10 64bit"/>
         <property name="katalonVersion" value="7.1.2.1"/>
         <property name="browser" value="Firefox 72.0"/>
         <property name="hostAddress" value="10.0.26.179"/>
         <property name="sessionId" value="777ae2de-1dfe-432c-8ded-245b1e2eba7e"/>
         <property name="seleniumVersion" value="3.141.59"/>
         <property name="proxyInformation" value="ProxyInformation{proxyOption=NO_PROXY, proxyServerType=HTTP, password=, proxyServerAddress=, proxyServerPort=0, executionList=}"/>
         <property name="platform" value="Windows 10"/>
      </properties>
      <testcase name="Test Cases/Naukri/deleteandupload3" time="122.109" classname="Test Cases/Naukri/deleteandupload3" status="PASSED">
         <system-out><![CDATA[2020-01-22 10:41:29 - [TEST_CASE][PASSED] - Test Cases/Naukri/deleteandupload3: Test Cases/Naukri/deleteandupload3

2020-01-22 10:41:30 - [TEST_STEP][PASSED] - openBrowser(findTestData("LoginDetailsNJS").getValue(1, 3)): Browser is opened with url: 'https://www.naukri.com/'

2020-01-22 10:41:33 - [MESSAGE][INFO] - Starting 'Firefox' driver

2020-01-22 10:41:33 - [MESSAGE][INFO] - Action delay is set to 0 seconds

2020-01-22 10:42:01 - [MESSAGE][PASSED] - Browser is opened with url: 'https://www.naukri.com/'

2020-01-22 10:42:01 - [TEST_STEP][PASSED] - closeWindowIndex(1): Window with index 1 is closed

2020-01-22 10:42:01 - [MESSAGE][PASSED] - Window with index 1 is closed

2020-01-22 10:42:01 - [TEST_STEP][PASSED] - closeWindowIndex(1): Window with index 1 is closed

2020-01-22 10:42:02 - [MESSAGE][PASSED] - Window with index 1 is closed

2020-01-22 10:42:02 - [TEST_STEP][NOT_RUN] - closeWindowIndex(1): NOT_RUN: closeWindowIndex(1)

2020-01-22 10:42:02 - [MESSAGE][NOT_RUN] - NOT_RUN: closeWindowIndex(1)

2020-01-22 10:42:02 - [TEST_STEP][PASSED] - switchToWindowIndex(0): Switched to window with index: '0'

2020-01-22 10:42:02 - [MESSAGE][PASSED] - Switched to window with index: '0'

2020-01-22 10:42:02 - [TEST_STEP][PASSED] - maximizeWindow(): Current window maximized

2020-01-22 10:42:02 - [MESSAGE][PASSED] - Current window maximized

2020-01-22 10:42:02 - [TEST_STEP][PASSED] - click(findTestObject("Naukri/LoginButton")): Object: 'Object Repository/Naukri/LoginButton' is clicked on

2020-01-22 10:42:03 - [MESSAGE][PASSED] - Object: 'Object Repository/Naukri/LoginButton' is clicked on

2020-01-22 10:42:03 - [TEST_STEP][PASSED] - click(findTestObject("Naukri/GoogleButton")): Object: 'Object Repository/Naukri/GoogleButton' is clicked on

2020-01-22 10:42:04 - [MESSAGE][PASSED] - Object: 'Object Repository/Naukri/GoogleButton' is clicked on

2020-01-22 10:42:04 - [TEST_STEP][PASSED] - switchToWindowIndex(1): Switched to window with index: '1'

2020-01-22 10:42:04 - [MESSAGE][PASSED] - Switched to window with index: '1'

2020-01-22 10:42:04 - [TEST_STEP][PASSED] - setText(findTestObject("Naukri/UserName"), findTestData("LoginDetailsNJS").getValue(2, 3)): Text 'chandut1024@gmail.com' is set on object 'Object Repository/Naukri/UserName'

2020-01-22 10:42:07 - [MESSAGE][PASSED] - Text 'chandut1024@gmail.com' is set on object 'Object Repository/Naukri/UserName'

2020-01-22 10:42:07 - [TEST_STEP][PASSED] - click(findTestObject("Naukri/NextButton")): Object: 'Object Repository/Naukri/NextButton' is clicked on

2020-01-22 10:42:08 - [MESSAGE][PASSED] - Object: 'Object Repository/Naukri/NextButton' is clicked on

2020-01-22 10:42:08 - [TEST_STEP][PASSED] - delay(5): Delayed 5 second(s)

2020-01-22 10:42:13 - [MESSAGE][PASSED] - Delayed 5 second(s)

2020-01-22 10:42:13 - [TEST_STEP][PASSED] - setText(findTestObject("Naukri/Password"), findTestData("LoginDetailsNJS").getValue(3, 3)): Text 'achala$123' is set on object 'Object Repository/Naukri/Password'

2020-01-22 10:42:14 - [MESSAGE][PASSED] - Text 'achala$123' is set on object 'Object Repository/Naukri/Password'

2020-01-22 10:42:14 - [TEST_STEP][PASSED] - click(findTestObject("Naukri/NextButton")): Object: 'Object Repository/Naukri/NextButton' is clicked on

2020-01-22 10:42:18 - [MESSAGE][PASSED] - Object: 'Object Repository/Naukri/NextButton' is clicked on

2020-01-22 10:42:18 - [TEST_STEP][PASSED] - switchToWindowIndex(0): Switched to window with index: '0'

2020-01-22 10:42:18 - [MESSAGE][PASSED] - Switched to window with index: '0'

2020-01-22 10:42:18 - [TEST_STEP][PASSED] - delay(10): Delayed 10 second(s)

2020-01-22 10:42:28 - [MESSAGE][PASSED] - Delayed 10 second(s)

2020-01-22 10:42:28 - [TEST_STEP][PASSED] - click(findTestObject("Naukri/ProfileName")): Object: 'Object Repository/Naukri/ProfileName' is clicked on

2020-01-22 10:42:29 - [MESSAGE][PASSED] - Object: 'Object Repository/Naukri/ProfileName' is clicked on

2020-01-22 10:42:29 - [TEST_STEP][PASSED] - click(findTestObject("Naukri/DeleteResumeButton")): Object: 'Object Repository/Naukri/DeleteResumeButton' is clicked on

2020-01-22 10:42:30 - [MESSAGE][PASSED] - Object: 'Object Repository/Naukri/DeleteResumeButton' is clicked on

2020-01-22 10:42:30 - [TEST_STEP][PASSED] - click(findTestObject("Naukri/DeleteResumeConfirm")): Object: 'Object Repository/Naukri/DeleteResumeConfirm' is clicked on

2020-01-22 10:42:31 - [MESSAGE][PASSED] - Object: 'Object Repository/Naukri/DeleteResumeConfirm' is clicked on

2020-01-22 10:42:31 - [TEST_STEP][PASSED] - delay(15): Delayed 15 second(s)

2020-01-22 10:42:46 - [MESSAGE][PASSED] - Delayed 15 second(s)

2020-01-22 10:42:46 - [TEST_STEP][PASSED] - takeScreenshot(): Taking screenshot successfully

2020-01-22 10:42:47 - [MESSAGE][PASSED] - Taking screenshot successfully
[[ATTACHMENT|C:\\Users\\chandu.t\\Katalon Studio\\NJS_Chandu\\Reports\\20200122_104124\\NJS_Chandu\\20200122_104124\\1579669967033.png]]

2020-01-22 10:42:47 - [TEST_STEP][PASSED] - uploadFile(findTestObject("Naukri/UploadResumeButton"), findTestData("LoginDetailsNJS").getValue(5, 3)): File 'D:\chanduR\Chandu_Thota_QA_Engineer3.docx' sent to object: 'Object Repository/Naukri/UploadResumeButton'

2020-01-22 10:42:47 - [MESSAGE][PASSED] - File 'D:\chanduR\Chandu_Thota_QA_Engineer3.docx' sent to object: 'Object Repository/Naukri/UploadResumeButton'

2020-01-22 10:42:47 - [TEST_STEP][PASSED] - delay(20): Delayed 20 second(s)

2020-01-22 10:43:07 - [MESSAGE][PASSED] - Delayed 20 second(s)

2020-01-22 10:43:07 - [TEST_STEP][NOT_RUN] - click(findTestObject("Naukri/EditResumeHeadline")): NOT_RUN: click(findTestObject("Naukri/EditResumeHeadline"))

2020-01-22 10:43:07 - [MESSAGE][NOT_RUN] - NOT_RUN: click(findTestObject("Naukri/EditResumeHeadline"))

2020-01-22 10:43:07 - [TEST_STEP][NOT_RUN] - setText(findTestObject("Naukri/ResumeHeadLineText"), "."): NOT_RUN: setText(findTestObject("Naukri/ResumeHeadLineText"), ".")

2020-01-22 10:43:07 - [MESSAGE][NOT_RUN] - NOT_RUN: setText(findTestObject("Naukri/ResumeHeadLineText"), ".")

2020-01-22 10:43:07 - [TEST_STEP][NOT_RUN] - click(findTestObject("Naukri/SaveResumeHeadLineButton")): NOT_RUN: click(findTestObject("Naukri/SaveResumeHeadLineButton"))

2020-01-22 10:43:07 - [MESSAGE][NOT_RUN] - NOT_RUN: click(findTestObject("Naukri/SaveResumeHeadLineButton"))

2020-01-22 10:43:07 - [TEST_STEP][PASSED] - takeScreenshot(): Taking screenshot successfully

2020-01-22 10:43:08 - [MESSAGE][PASSED] - Taking screenshot successfully
[[ATTACHMENT|C:\\Users\\chandu.t\\Katalon Studio\\NJS_Chandu\\Reports\\20200122_104124\\NJS_Chandu\\20200122_104124\\1579669988237.png]]

2020-01-22 10:43:08 - [TEST_STEP][PASSED] - refresh(): Refresh successfully

2020-01-22 10:43:12 - [MESSAGE][PASSED] - Refresh successfully

2020-01-22 10:43:12 - [TEST_STEP][PASSED] - delay(10): Delayed 10 second(s)

2020-01-22 10:43:22 - [MESSAGE][PASSED] - Delayed 10 second(s)

2020-01-22 10:43:22 - [TEST_STEP][PASSED] - takeScreenshot(): Taking screenshot successfully

2020-01-22 10:43:23 - [MESSAGE][PASSED] - Taking screenshot successfully
[[ATTACHMENT|C:\\Users\\chandu.t\\Katalon Studio\\NJS_Chandu\\Reports\\20200122_104124\\NJS_Chandu\\20200122_104124\\1579670003251.png]]

2020-01-22 10:43:23 - [TEST_STEP][PASSED] - closeBrowser(): Browser is closed

2020-01-22 10:43:31 - [MESSAGE][PASSED] - Browser is closed]]></system-out>
         <system-err><![CDATA[]]></system-err>
      </testcase>
      <testcase name="Test Cases/Naukri/deleteandupload2" time="95.48" classname="Test Cases/Naukri/deleteandupload2" status="PASSED">
         <system-out><![CDATA[2020-01-22 10:43:31 - [TEST_CASE][PASSED] - Test Cases/Naukri/deleteandupload2: Test Cases/Naukri/deleteandupload2

2020-01-22 10:43:32 - [TEST_STEP][PASSED] - openBrowser(findTestData("LoginDetailsNJS").getValue(1, 2)): Browser is opened with url: 'https://www.naukri.com/'

2020-01-22 10:43:32 - [MESSAGE][INFO] - Starting 'Firefox' driver

2020-01-22 10:43:44 - [MESSAGE][PASSED] - Browser is opened with url: 'https://www.naukri.com/'

2020-01-22 10:43:44 - [TEST_STEP][PASSED] - closeWindowIndex(1): Window with index 1 is closed

2020-01-22 10:43:44 - [MESSAGE][PASSED] - Window with index 1 is closed

2020-01-22 10:43:44 - [TEST_STEP][PASSED] - closeWindowIndex(1): Window with index 1 is closed

2020-01-22 10:43:45 - [MESSAGE][PASSED] - Window with index 1 is closed

2020-01-22 10:43:45 - [TEST_STEP][NOT_RUN] - closeWindowIndex(1): NOT_RUN: closeWindowIndex(1)

2020-01-22 10:43:45 - [MESSAGE][NOT_RUN] - NOT_RUN: closeWindowIndex(1)

2020-01-22 10:43:45 - [TEST_STEP][PASSED] - switchToWindowIndex(0): Switched to window with index: '0'

2020-01-22 10:43:45 - [MESSAGE][PASSED] - Switched to window with index: '0'

2020-01-22 10:43:45 - [TEST_STEP][PASSED] - maximizeWindow(): Current window maximized

2020-01-22 10:43:45 - [MESSAGE][PASSED] - Current window maximized

2020-01-22 10:43:45 - [TEST_STEP][PASSED] - click(findTestObject("Naukri/LoginButton")): Object: 'Object Repository/Naukri/LoginButton' is clicked on

2020-01-22 10:43:46 - [MESSAGE][PASSED] - Object: 'Object Repository/Naukri/LoginButton' is clicked on

2020-01-22 10:43:46 - [TEST_STEP][PASSED] - click(findTestObject("Naukri/GoogleButton")): Object: 'Object Repository/Naukri/GoogleButton' is clicked on

2020-01-22 10:43:47 - [MESSAGE][PASSED] - Object: 'Object Repository/Naukri/GoogleButton' is clicked on

2020-01-22 10:43:47 - [TEST_STEP][PASSED] - switchToWindowIndex(1): Switched to window with index: '1'

2020-01-22 10:43:47 - [MESSAGE][PASSED] - Switched to window with index: '1'

2020-01-22 10:43:47 - [TEST_STEP][PASSED] - setText(findTestObject("Naukri/UserName"), findTestData("LoginDetailsNJS").getValue(2, 2)): Text 'chanduthota371@gmail.com' is set on object 'Object Repository/Naukri/UserName'

2020-01-22 10:43:52 - [MESSAGE][PASSED] - Text 'chanduthota371@gmail.com' is set on object 'Object Repository/Naukri/UserName'

2020-01-22 10:43:52 - [TEST_STEP][PASSED] - click(findTestObject("Naukri/NextButton")): Object: 'Object Repository/Naukri/NextButton' is clicked on

2020-01-22 10:43:52 - [MESSAGE][PASSED] - Object: 'Object Repository/Naukri/NextButton' is clicked on

2020-01-22 10:43:52 - [TEST_STEP][PASSED] - delay(5): Delayed 5 second(s)

2020-01-22 10:43:57 - [MESSAGE][PASSED] - Delayed 5 second(s)

2020-01-22 10:43:57 - [TEST_STEP][PASSED] - setText(findTestObject("Naukri/Password"), findTestData("LoginDetailsNJS").getValue(3, 2)): Text 'achala$123' is set on object 'Object Repository/Naukri/Password'

2020-01-22 10:43:58 - [MESSAGE][PASSED] - Text 'achala$123' is set on object 'Object Repository/Naukri/Password'

2020-01-22 10:43:58 - [TEST_STEP][PASSED] - click(findTestObject("Naukri/NextButton")): Object: 'Object Repository/Naukri/NextButton' is clicked on

2020-01-22 10:44:02 - [MESSAGE][PASSED] - Object: 'Object Repository/Naukri/NextButton' is clicked on

2020-01-22 10:44:02 - [TEST_STEP][PASSED] - switchToWindowIndex(0): Switched to window with index: '0'

2020-01-22 10:44:02 - [MESSAGE][PASSED] - Switched to window with index: '0'

2020-01-22 10:44:02 - [TEST_STEP][PASSED] - delay(10): Delayed 10 second(s)

2020-01-22 10:44:12 - [MESSAGE][PASSED] - Delayed 10 second(s)

2020-01-22 10:44:12 - [TEST_STEP][PASSED] - click(findTestObject("Naukri/ProfileName")): Object: 'Object Repository/Naukri/ProfileName' is clicked on

2020-01-22 10:44:13 - [MESSAGE][PASSED] - Object: 'Object Repository/Naukri/ProfileName' is clicked on

2020-01-22 10:44:13 - [TEST_STEP][PASSED] - click(findTestObject("Naukri/DeleteResumeButton")): Object: 'Object Repository/Naukri/DeleteResumeButton' is clicked on

2020-01-22 10:44:14 - [MESSAGE][PASSED] - Object: 'Object Repository/Naukri/DeleteResumeButton' is clicked on

2020-01-22 10:44:14 - [TEST_STEP][PASSED] - click(findTestObject("Naukri/DeleteResumeConfirm")): Object: 'Object Repository/Naukri/DeleteResumeConfirm' is clicked on

2020-01-22 10:44:15 - [MESSAGE][PASSED] - Object: 'Object Repository/Naukri/DeleteResumeConfirm' is clicked on

2020-01-22 10:44:15 - [TEST_STEP][PASSED] - delay(15): Delayed 15 second(s)

2020-01-22 10:44:30 - [MESSAGE][PASSED] - Delayed 15 second(s)

2020-01-22 10:44:30 - [TEST_STEP][PASSED] - takeScreenshot(): Taking screenshot successfully

2020-01-22 10:44:31 - [MESSAGE][PASSED] - Taking screenshot successfully
[[ATTACHMENT|C:\\Users\\chandu.t\\Katalon Studio\\NJS_Chandu\\Reports\\20200122_104124\\NJS_Chandu\\20200122_104124\\1579670070840.png]]

2020-01-22 10:44:31 - [TEST_STEP][PASSED] - uploadFile(findTestObject("Naukri/UploadResumeButton"), findTestData("LoginDetailsNJS").getValue(5, 2)): File 'D:\chanduR\Chandu_Thota_QA_Engineer2.docx' sent to object: 'Object Repository/Naukri/UploadResumeButton'

2020-01-22 10:44:31 - [MESSAGE][PASSED] - File 'D:\chanduR\Chandu_Thota_QA_Engineer2.docx' sent to object: 'Object Repository/Naukri/UploadResumeButton'

2020-01-22 10:44:31 - [TEST_STEP][PASSED] - delay(10): Delayed 10 second(s)

2020-01-22 10:44:41 - [MESSAGE][PASSED] - Delayed 10 second(s)

2020-01-22 10:44:41 - [TEST_STEP][NOT_RUN] - click(findTestObject("Naukri/EditResumeHeadline")): NOT_RUN: click(findTestObject("Naukri/EditResumeHeadline"))

2020-01-22 10:44:41 - [MESSAGE][NOT_RUN] - NOT_RUN: click(findTestObject("Naukri/EditResumeHeadline"))

2020-01-22 10:44:41 - [TEST_STEP][NOT_RUN] - setText(findTestObject("Naukri/ResumeHeadLineText"), "."): NOT_RUN: setText(findTestObject("Naukri/ResumeHeadLineText"), ".")

2020-01-22 10:44:41 - [MESSAGE][NOT_RUN] - NOT_RUN: setText(findTestObject("Naukri/ResumeHeadLineText"), ".")

2020-01-22 10:44:41 - [TEST_STEP][NOT_RUN] - click(findTestObject("Naukri/SaveResumeHeadLineButton")): NOT_RUN: click(findTestObject("Naukri/SaveResumeHeadLineButton"))

2020-01-22 10:44:41 - [MESSAGE][NOT_RUN] - NOT_RUN: click(findTestObject("Naukri/SaveResumeHeadLineButton"))

2020-01-22 10:44:41 - [TEST_STEP][PASSED] - takeScreenshot(): Taking screenshot successfully

2020-01-22 10:44:42 - [MESSAGE][PASSED] - Taking screenshot successfully
[[ATTACHMENT|C:\\Users\\chandu.t\\Katalon Studio\\NJS_Chandu\\Reports\\20200122_104124\\NJS_Chandu\\20200122_104124\\1579670081805.png]]

2020-01-22 10:44:42 - [TEST_STEP][PASSED] - refresh(): Refresh successfully

2020-01-22 10:44:49 - [MESSAGE][PASSED] - Refresh successfully

2020-01-22 10:44:49 - [TEST_STEP][PASSED] - delay(10): Delayed 10 second(s)

2020-01-22 10:44:59 - [MESSAGE][PASSED] - Delayed 10 second(s)

2020-01-22 10:44:59 - [TEST_STEP][PASSED] - takeScreenshot(): Taking screenshot successfully

2020-01-22 10:45:00 - [MESSAGE][PASSED] - Taking screenshot successfully
[[ATTACHMENT|C:\\Users\\chandu.t\\Katalon Studio\\NJS_Chandu\\Reports\\20200122_104124\\NJS_Chandu\\20200122_104124\\1579670100248.png]]

2020-01-22 10:45:00 - [TEST_STEP][PASSED] - closeBrowser(): Browser is closed

2020-01-22 10:45:07 - [MESSAGE][PASSED] - Browser is closed]]></system-out>
         <system-err><![CDATA[]]></system-err>
      </testcase>
      <testcase name="Test Cases/Naukri/deleteandupload1" time="101.137" classname="Test Cases/Naukri/deleteandupload1" status="PASSED">
         <system-out><![CDATA[2020-01-22 10:45:07 - [TEST_CASE][PASSED] - Test Cases/Naukri/deleteandupload1: Test Cases/Naukri/deleteandupload1

2020-01-22 10:45:07 - [TEST_STEP][PASSED] - openBrowser(findTestData("LoginDetailsNJS").getValue(1, 1)): Browser is opened with url: 'naukri.com'

2020-01-22 10:45:07 - [MESSAGE][INFO] - Starting 'Firefox' driver

2020-01-22 10:45:21 - [MESSAGE][PASSED] - Browser is opened with url: 'naukri.com'

2020-01-22 10:45:21 - [TEST_STEP][PASSED] - closeWindowIndex(1): Window with index 1 is closed

2020-01-22 10:45:21 - [MESSAGE][PASSED] - Window with index 1 is closed

2020-01-22 10:45:21 - [TEST_STEP][PASSED] - closeWindowIndex(1): Window with index 1 is closed

2020-01-22 10:45:21 - [MESSAGE][PASSED] - Window with index 1 is closed

2020-01-22 10:45:21 - [TEST_STEP][NOT_RUN] - closeWindowIndex(1): NOT_RUN: closeWindowIndex(1)

2020-01-22 10:45:21 - [MESSAGE][NOT_RUN] - NOT_RUN: closeWindowIndex(1)

2020-01-22 10:45:21 - [TEST_STEP][PASSED] - switchToWindowIndex(0): Switched to window with index: '0'

2020-01-22 10:45:21 - [MESSAGE][PASSED] - Switched to window with index: '0'

2020-01-22 10:45:21 - [TEST_STEP][PASSED] - maximizeWindow(): Current window maximized

2020-01-22 10:45:21 - [MESSAGE][PASSED] - Current window maximized

2020-01-22 10:45:21 - [TEST_STEP][PASSED] - click(findTestObject("Naukri/LoginButton")): Object: 'Object Repository/Naukri/LoginButton' is clicked on

2020-01-22 10:45:23 - [MESSAGE][PASSED] - Object: 'Object Repository/Naukri/LoginButton' is clicked on

2020-01-22 10:45:23 - [TEST_STEP][PASSED] - click(findTestObject("Naukri/GoogleButton")): Object: 'Object Repository/Naukri/GoogleButton' is clicked on

2020-01-22 10:45:24 - [MESSAGE][PASSED] - Object: 'Object Repository/Naukri/GoogleButton' is clicked on

2020-01-22 10:45:24 - [TEST_STEP][PASSED] - switchToWindowIndex(1): Switched to window with index: '1'

2020-01-22 10:45:25 - [MESSAGE][PASSED] - Switched to window with index: '1'

2020-01-22 10:45:25 - [TEST_STEP][PASSED] - setText(findTestObject("Naukri/UserName"), findTestData("LoginDetailsNJS").getValue(2, 1)): Text 'thota.chandu1@gmail.com' is set on object 'Object Repository/Naukri/UserName'

2020-01-22 10:45:28 - [MESSAGE][PASSED] - Text 'thota.chandu1@gmail.com' is set on object 'Object Repository/Naukri/UserName'

2020-01-22 10:45:28 - [TEST_STEP][PASSED] - click(findTestObject("Naukri/NextButton")): Object: 'Object Repository/Naukri/NextButton' is clicked on

2020-01-22 10:45:28 - [MESSAGE][PASSED] - Object: 'Object Repository/Naukri/NextButton' is clicked on

2020-01-22 10:45:28 - [TEST_STEP][PASSED] - delay(5): Delayed 5 second(s)

2020-01-22 10:45:33 - [MESSAGE][PASSED] - Delayed 5 second(s)

2020-01-22 10:45:33 - [TEST_STEP][PASSED] - setText(findTestObject("Naukri/Password"), findTestData("LoginDetailsNJS").getValue(3, 1)): Text 'achala$123' is set on object 'Object Repository/Naukri/Password'

2020-01-22 10:45:34 - [MESSAGE][PASSED] - Text 'achala$123' is set on object 'Object Repository/Naukri/Password'

2020-01-22 10:45:34 - [TEST_STEP][PASSED] - click(findTestObject("Naukri/NextButton")): Object: 'Object Repository/Naukri/NextButton' is clicked on

2020-01-22 10:45:38 - [MESSAGE][PASSED] - Object: 'Object Repository/Naukri/NextButton' is clicked on

2020-01-22 10:45:38 - [TEST_STEP][PASSED] - switchToWindowIndex(0): Switched to window with index: '0'

2020-01-22 10:45:38 - [MESSAGE][PASSED] - Switched to window with index: '0'

2020-01-22 10:45:38 - [TEST_STEP][PASSED] - delay(10): Delayed 10 second(s)

2020-01-22 10:45:48 - [MESSAGE][PASSED] - Delayed 10 second(s)

2020-01-22 10:45:48 - [TEST_STEP][PASSED] - click(findTestObject("Naukri/ProfileName")): Object: 'Object Repository/Naukri/ProfileName' is clicked on

2020-01-22 10:45:49 - [MESSAGE][PASSED] - Object: 'Object Repository/Naukri/ProfileName' is clicked on

2020-01-22 10:45:49 - [TEST_STEP][PASSED] - click(findTestObject("Naukri/DeleteResumeButton")): Object: 'Object Repository/Naukri/DeleteResumeButton' is clicked on

2020-01-22 10:45:50 - [MESSAGE][PASSED] - Object: 'Object Repository/Naukri/DeleteResumeButton' is clicked on

2020-01-22 10:45:50 - [TEST_STEP][PASSED] - click(findTestObject("Naukri/DeleteResumeConfirm")): Object: 'Object Repository/Naukri/DeleteResumeConfirm' is clicked on

2020-01-22 10:45:51 - [MESSAGE][PASSED] - Object: 'Object Repository/Naukri/DeleteResumeConfirm' is clicked on

2020-01-22 10:45:51 - [TEST_STEP][PASSED] - delay(15): Delayed 15 second(s)

2020-01-22 10:46:06 - [MESSAGE][PASSED] - Delayed 15 second(s)

2020-01-22 10:46:06 - [TEST_STEP][PASSED] - takeScreenshot(): Taking screenshot successfully

2020-01-22 10:46:07 - [MESSAGE][PASSED] - Taking screenshot successfully
[[ATTACHMENT|C:\\Users\\chandu.t\\Katalon Studio\\NJS_Chandu\\Reports\\20200122_104124\\NJS_Chandu\\20200122_104124\\1579670166949.png]]

2020-01-22 10:46:07 - [TEST_STEP][PASSED] - uploadFile(findTestObject("Naukri/UploadResumeButton"), findTestData("LoginDetailsNJS").getValue(5, 1)): File 'D:\chanduR\Chandu_Thota_QA_Engineer1.docx' sent to object: 'Object Repository/Naukri/UploadResumeButton'

2020-01-22 10:46:07 - [MESSAGE][PASSED] - File 'D:\chanduR\Chandu_Thota_QA_Engineer1.docx' sent to object: 'Object Repository/Naukri/UploadResumeButton'

2020-01-22 10:46:07 - [TEST_STEP][PASSED] - delay(20): Delayed 20 second(s)

2020-01-22 10:46:27 - [MESSAGE][PASSED] - Delayed 20 second(s)

2020-01-22 10:46:27 - [TEST_STEP][NOT_RUN] - click(findTestObject("Naukri/EditResumeHeadline")): NOT_RUN: click(findTestObject("Naukri/EditResumeHeadline"))

2020-01-22 10:46:27 - [MESSAGE][NOT_RUN] - NOT_RUN: click(findTestObject("Naukri/EditResumeHeadline"))

2020-01-22 10:46:27 - [TEST_STEP][NOT_RUN] - setText(findTestObject("Naukri/ResumeHeadLineText"), "."): NOT_RUN: setText(findTestObject("Naukri/ResumeHeadLineText"), ".")

2020-01-22 10:46:27 - [MESSAGE][NOT_RUN] - NOT_RUN: setText(findTestObject("Naukri/ResumeHeadLineText"), ".")

2020-01-22 10:46:27 - [TEST_STEP][NOT_RUN] - click(findTestObject("Naukri/SaveResumeHeadLineButton")): NOT_RUN: click(findTestObject("Naukri/SaveResumeHeadLineButton"))

2020-01-22 10:46:27 - [MESSAGE][NOT_RUN] - NOT_RUN: click(findTestObject("Naukri/SaveResumeHeadLineButton"))

2020-01-22 10:46:27 - [TEST_STEP][PASSED] - takeScreenshot(): Taking screenshot successfully

2020-01-22 10:46:28 - [MESSAGE][PASSED] - Taking screenshot successfully
[[ATTACHMENT|C:\\Users\\chandu.t\\Katalon Studio\\NJS_Chandu\\Reports\\20200122_104124\\NJS_Chandu\\20200122_104124\\1579670188013.png]]

2020-01-22 10:46:28 - [TEST_STEP][PASSED] - refresh(): Refresh successfully

2020-01-22 10:46:30 - [MESSAGE][PASSED] - Refresh successfully

2020-01-22 10:46:30 - [TEST_STEP][PASSED] - delay(10): Delayed 10 second(s)

2020-01-22 10:46:40 - [MESSAGE][PASSED] - Delayed 10 second(s)

2020-01-22 10:46:40 - [TEST_STEP][PASSED] - takeScreenshot(): Taking screenshot successfully

2020-01-22 10:46:40 - [MESSAGE][PASSED] - Taking screenshot successfully
[[ATTACHMENT|C:\\Users\\chandu.t\\Katalon Studio\\NJS_Chandu\\Reports\\20200122_104124\\NJS_Chandu\\20200122_104124\\1579670200766.png]]

2020-01-22 10:46:41 - [TEST_STEP][PASSED] - closeBrowser(): Browser is closed

2020-01-22 10:46:48 - [MESSAGE][PASSED] - Browser is closed]]></system-out>
         <system-err><![CDATA[]]></system-err>
      </testcase>
      <system-out><![CDATA[2020-01-22 10:41:28 - [TEST_SUITE][PASSED] - NJS_Chandu: Test Cases/Naukri/deleteandupload1]]></system-out>
      <system-err><![CDATA[]]></system-err>
   </testsuite>
</testsuites>
