<?xml version="1.0" encoding="UTF-8"?>
<testsuites name="NJS_Chandu" time="323.818" tests="3" failures="0" errors="0">
   <testsuite name="NJS_Chandu" tests="3" failures="0" errors="0" time="323.818" timestamp="2020-01-21 17:35:11" hostname="chandu.t - wlpt518.imidomain.com" id="Test Suites/NJS_Chandu">
      <properties>
         <property name="deviceName" value=""/>
         <property name="devicePlatform" value=""/>
         <property name="logFolder" value="C:\\Users\\chandu.t\\Katalon Studio\\NJS_Chandu\\Reports\\20200121_173503\\NJS_Chandu\\20200121_173503"/>
         <property name="logFiles" value="C:\\Users\\chandu.t\\Katalon Studio\\NJS_Chandu\\Reports\\20200121_173503\\NJS_Chandu\\20200121_173503\\execution0.log"/>
         <property name="attachments" value="C:\\Users\\chandu.t\\Katalon Studio\\NJS_Chandu\\Reports\\20200121_173503\\NJS_Chandu\\20200121_173503\\1579608394536.png, C:\\Users\\chandu.t\\Katalon Studio\\NJS_Chandu\\Reports\\20200121_173503\\NJS_Chandu\\20200121_173503\\1579608415711.png, C:\\Users\\chandu.t\\Katalon Studio\\NJS_Chandu\\Reports\\20200121_173503\\NJS_Chandu\\20200121_173503\\1579608428765.png, C:\\Users\\chandu.t\\Katalon Studio\\NJS_Chandu\\Reports\\20200121_173503\\NJS_Chandu\\20200121_173503\\1579608500014.png, C:\\Users\\chandu.t\\Katalon Studio\\NJS_Chandu\\Reports\\20200121_173503\\NJS_Chandu\\20200121_173503\\1579608511194.png, C:\\Users\\chandu.t\\Katalon Studio\\NJS_Chandu\\Reports\\20200121_173503\\NJS_Chandu\\20200121_173503\\1579608529178.png, C:\\Users\\chandu.t\\Katalon Studio\\NJS_Chandu\\Reports\\20200121_173503\\NJS_Chandu\\20200121_173503\\1579608596923.png, C:\\Users\\chandu.t\\Katalon Studio\\NJS_Chandu\\Reports\\20200121_173503\\NJS_Chandu\\20200121_173503\\1579608617916.png, C:\\Users\\chandu.t\\Katalon Studio\\NJS_Chandu\\Reports\\20200121_173503\\NJS_Chandu\\20200121_173503\\1579608630576.png"/>
         <property name="hostName" value="chandu.t - wlpt518.imidomain.com"/>
         <property name="os" value="Windows 10 64bit"/>
         <property name="katalonVersion" value="7.1.2.1"/>
         <property name="browser" value="Firefox 72.0"/>
         <property name="hostAddress" value="10.0.26.179"/>
         <property name="sessionId" value="da28c4c7-fb39-4999-b6a8-6d3b8b2c929d"/>
         <property name="seleniumVersion" value="3.141.59"/>
         <property name="proxyInformation" value="ProxyInformation{proxyOption=NO_PROXY, proxyServerType=HTTP, password=, proxyServerAddress=, proxyServerPort=0, executionList=}"/>
         <property name="platform" value="Windows 10"/>
      </properties>
      <testcase name="Test Cases/Naukri/deleteandupload3" time="123.317" classname="Test Cases/Naukri/deleteandupload3" status="PASSED">
         <system-out><![CDATA[2020-01-21 17:35:12 - [TEST_CASE][PASSED] - Test Cases/Naukri/deleteandupload3: Test Cases/Naukri/deleteandupload3

2020-01-21 17:35:13 - [TEST_STEP][PASSED] - openBrowser(findTestData("LoginDetailsNJS").getValue(1, 3)): Browser is opened with url: 'https://www.naukri.com/'

2020-01-21 17:35:15 - [MESSAGE][INFO] - Starting 'Firefox' driver

2020-01-21 17:35:15 - [MESSAGE][INFO] - Action delay is set to 0 seconds

2020-01-21 17:35:46 - [MESSAGE][PASSED] - Browser is opened with url: 'https://www.naukri.com/'

2020-01-21 17:35:46 - [TEST_STEP][PASSED] - closeWindowIndex(1): Window with index 1 is closed

2020-01-21 17:35:47 - [MESSAGE][PASSED] - Window with index 1 is closed

2020-01-21 17:35:47 - [TEST_STEP][PASSED] - closeWindowIndex(1): Window with index 1 is closed

2020-01-21 17:35:47 - [MESSAGE][PASSED] - Window with index 1 is closed

2020-01-21 17:35:47 - [TEST_STEP][PASSED] - closeWindowIndex(1): Window with index 1 is closed

2020-01-21 17:35:47 - [MESSAGE][PASSED] - Window with index 1 is closed

2020-01-21 17:35:47 - [TEST_STEP][PASSED] - switchToWindowIndex(0): Switched to window with index: '0'

2020-01-21 17:35:47 - [MESSAGE][PASSED] - Switched to window with index: '0'

2020-01-21 17:35:47 - [TEST_STEP][PASSED] - maximizeWindow(): Current window maximized

2020-01-21 17:35:47 - [MESSAGE][PASSED] - Current window maximized

2020-01-21 17:35:47 - [TEST_STEP][PASSED] - click(findTestObject("Naukri/LoginButton")): Object: 'Object Repository/Naukri/LoginButton' is clicked on

2020-01-21 17:35:49 - [MESSAGE][PASSED] - Object: 'Object Repository/Naukri/LoginButton' is clicked on

2020-01-21 17:35:49 - [TEST_STEP][PASSED] - click(findTestObject("Naukri/GoogleButton")): Object: 'Object Repository/Naukri/GoogleButton' is clicked on

2020-01-21 17:35:51 - [MESSAGE][PASSED] - Object: 'Object Repository/Naukri/GoogleButton' is clicked on

2020-01-21 17:35:51 - [TEST_STEP][PASSED] - switchToWindowIndex(1): Switched to window with index: '1'

2020-01-21 17:35:51 - [MESSAGE][PASSED] - Switched to window with index: '1'

2020-01-21 17:35:51 - [TEST_STEP][PASSED] - setText(findTestObject("Naukri/UserName"), findTestData("LoginDetailsNJS").getValue(2, 3)): Text 'chandut1024@gmail.com' is set on object 'Object Repository/Naukri/UserName'

2020-01-21 17:35:55 - [MESSAGE][PASSED] - Text 'chandut1024@gmail.com' is set on object 'Object Repository/Naukri/UserName'

2020-01-21 17:35:55 - [TEST_STEP][PASSED] - click(findTestObject("Naukri/NextButton")): Object: 'Object Repository/Naukri/NextButton' is clicked on

2020-01-21 17:35:55 - [MESSAGE][PASSED] - Object: 'Object Repository/Naukri/NextButton' is clicked on

2020-01-21 17:35:55 - [TEST_STEP][PASSED] - delay(5): Delayed 5 second(s)

2020-01-21 17:36:00 - [MESSAGE][PASSED] - Delayed 5 second(s)

2020-01-21 17:36:00 - [TEST_STEP][PASSED] - setText(findTestObject("Naukri/Password"), findTestData("LoginDetailsNJS").getValue(3, 3)): Text 'achala$123' is set on object 'Object Repository/Naukri/Password'

2020-01-21 17:36:01 - [MESSAGE][PASSED] - Text 'achala$123' is set on object 'Object Repository/Naukri/Password'

2020-01-21 17:36:01 - [TEST_STEP][PASSED] - click(findTestObject("Naukri/NextButton")): Object: 'Object Repository/Naukri/NextButton' is clicked on

2020-01-21 17:36:05 - [MESSAGE][PASSED] - Object: 'Object Repository/Naukri/NextButton' is clicked on

2020-01-21 17:36:05 - [TEST_STEP][PASSED] - switchToWindowIndex(0): Switched to window with index: '0'

2020-01-21 17:36:05 - [MESSAGE][PASSED] - Switched to window with index: '0'

2020-01-21 17:36:05 - [TEST_STEP][PASSED] - delay(10): Delayed 10 second(s)

2020-01-21 17:36:15 - [MESSAGE][PASSED] - Delayed 10 second(s)

2020-01-21 17:36:15 - [TEST_STEP][PASSED] - click(findTestObject("Naukri/ProfileName")): Object: 'Object Repository/Naukri/ProfileName' is clicked on

2020-01-21 17:36:17 - [MESSAGE][PASSED] - Object: 'Object Repository/Naukri/ProfileName' is clicked on

2020-01-21 17:36:17 - [TEST_STEP][PASSED] - click(findTestObject("Naukri/DeleteResumeButton")): Object: 'Object Repository/Naukri/DeleteResumeButton' is clicked on

2020-01-21 17:36:18 - [MESSAGE][PASSED] - Object: 'Object Repository/Naukri/DeleteResumeButton' is clicked on

2020-01-21 17:36:18 - [TEST_STEP][PASSED] - click(findTestObject("Naukri/DeleteResumeConfirm")): Object: 'Object Repository/Naukri/DeleteResumeConfirm' is clicked on

2020-01-21 17:36:19 - [MESSAGE][PASSED] - Object: 'Object Repository/Naukri/DeleteResumeConfirm' is clicked on

2020-01-21 17:36:19 - [TEST_STEP][PASSED] - delay(15): Delayed 15 second(s)

2020-01-21 17:36:34 - [MESSAGE][PASSED] - Delayed 15 second(s)

2020-01-21 17:36:34 - [TEST_STEP][PASSED] - takeScreenshot(): Taking screenshot successfully

2020-01-21 17:36:34 - [MESSAGE][PASSED] - Taking screenshot successfully
[[ATTACHMENT|C:\\Users\\chandu.t\\Katalon Studio\\NJS_Chandu\\Reports\\20200121_173503\\NJS_Chandu\\20200121_173503\\1579608394536.png]]

2020-01-21 17:36:34 - [TEST_STEP][PASSED] - uploadFile(findTestObject("Naukri/UploadResumeButton"), findTestData("LoginDetailsNJS").getValue(5, 3)): File 'D:\chanduR\Chandu_Thota_QA_Engineer3.docx' sent to object: 'Object Repository/Naukri/UploadResumeButton'

2020-01-21 17:36:35 - [MESSAGE][PASSED] - File 'D:\chanduR\Chandu_Thota_QA_Engineer3.docx' sent to object: 'Object Repository/Naukri/UploadResumeButton'

2020-01-21 17:36:35 - [TEST_STEP][PASSED] - delay(20): Delayed 20 second(s)

2020-01-21 17:36:55 - [MESSAGE][PASSED] - Delayed 20 second(s)

2020-01-21 17:36:55 - [TEST_STEP][NOT_RUN] - click(findTestObject("Naukri/EditResumeHeadline")): NOT_RUN: click(findTestObject("Naukri/EditResumeHeadline"))

2020-01-21 17:36:55 - [MESSAGE][NOT_RUN] - NOT_RUN: click(findTestObject("Naukri/EditResumeHeadline"))

2020-01-21 17:36:55 - [TEST_STEP][NOT_RUN] - setText(findTestObject("Naukri/ResumeHeadLineText"), "."): NOT_RUN: setText(findTestObject("Naukri/ResumeHeadLineText"), ".")

2020-01-21 17:36:55 - [MESSAGE][NOT_RUN] - NOT_RUN: setText(findTestObject("Naukri/ResumeHeadLineText"), ".")

2020-01-21 17:36:55 - [TEST_STEP][NOT_RUN] - click(findTestObject("Naukri/SaveResumeHeadLineButton")): NOT_RUN: click(findTestObject("Naukri/SaveResumeHeadLineButton"))

2020-01-21 17:36:55 - [MESSAGE][NOT_RUN] - NOT_RUN: click(findTestObject("Naukri/SaveResumeHeadLineButton"))

2020-01-21 17:36:55 - [TEST_STEP][PASSED] - takeScreenshot(): Taking screenshot successfully

2020-01-21 17:36:55 - [MESSAGE][PASSED] - Taking screenshot successfully
[[ATTACHMENT|C:\\Users\\chandu.t\\Katalon Studio\\NJS_Chandu\\Reports\\20200121_173503\\NJS_Chandu\\20200121_173503\\1579608415711.png]]

2020-01-21 17:36:55 - [TEST_STEP][PASSED] - refresh(): Refresh successfully

2020-01-21 17:36:58 - [MESSAGE][PASSED] - Refresh successfully

2020-01-21 17:36:58 - [TEST_STEP][PASSED] - delay(10): Delayed 10 second(s)

2020-01-21 17:37:08 - [MESSAGE][PASSED] - Delayed 10 second(s)

2020-01-21 17:37:08 - [TEST_STEP][PASSED] - takeScreenshot(): Taking screenshot successfully

2020-01-21 17:37:08 - [MESSAGE][PASSED] - Taking screenshot successfully
[[ATTACHMENT|C:\\Users\\chandu.t\\Katalon Studio\\NJS_Chandu\\Reports\\20200121_173503\\NJS_Chandu\\20200121_173503\\1579608428765.png]]

2020-01-21 17:37:08 - [TEST_STEP][PASSED] - closeBrowser(): Browser is closed

2020-01-21 17:37:15 - [MESSAGE][PASSED] - Browser is closed]]></system-out>
         <system-err><![CDATA[]]></system-err>
      </testcase>
      <testcase name="Test Cases/Naukri/deleteandupload2" time="98.414" classname="Test Cases/Naukri/deleteandupload2" status="PASSED">
         <system-out><![CDATA[2020-01-21 17:37:15 - [TEST_CASE][PASSED] - Test Cases/Naukri/deleteandupload2: Test Cases/Naukri/deleteandupload2

2020-01-21 17:37:16 - [TEST_STEP][PASSED] - openBrowser(findTestData("LoginDetailsNJS").getValue(1, 2)): Browser is opened with url: 'https://www.naukri.com/'

2020-01-21 17:37:16 - [MESSAGE][INFO] - Starting 'Firefox' driver

2020-01-21 17:37:32 - [MESSAGE][PASSED] - Browser is opened with url: 'https://www.naukri.com/'

2020-01-21 17:37:32 - [TEST_STEP][PASSED] - closeWindowIndex(1): Window with index 1 is closed

2020-01-21 17:37:33 - [MESSAGE][PASSED] - Window with index 1 is closed

2020-01-21 17:37:33 - [TEST_STEP][PASSED] - closeWindowIndex(1): Window with index 1 is closed

2020-01-21 17:37:33 - [MESSAGE][PASSED] - Window with index 1 is closed

2020-01-21 17:37:33 - [TEST_STEP][PASSED] - closeWindowIndex(1): Window with index 1 is closed

2020-01-21 17:37:33 - [MESSAGE][PASSED] - Window with index 1 is closed

2020-01-21 17:37:33 - [TEST_STEP][PASSED] - switchToWindowIndex(0): Switched to window with index: '0'

2020-01-21 17:37:33 - [MESSAGE][PASSED] - Switched to window with index: '0'

2020-01-21 17:37:33 - [TEST_STEP][PASSED] - maximizeWindow(): Current window maximized

2020-01-21 17:37:33 - [MESSAGE][PASSED] - Current window maximized

2020-01-21 17:37:33 - [TEST_STEP][PASSED] - click(findTestObject("Naukri/LoginButton")): Object: 'Object Repository/Naukri/LoginButton' is clicked on

2020-01-21 17:37:34 - [MESSAGE][PASSED] - Object: 'Object Repository/Naukri/LoginButton' is clicked on

2020-01-21 17:37:34 - [TEST_STEP][PASSED] - click(findTestObject("Naukri/GoogleButton")): Object: 'Object Repository/Naukri/GoogleButton' is clicked on

2020-01-21 17:37:35 - [MESSAGE][PASSED] - Object: 'Object Repository/Naukri/GoogleButton' is clicked on

2020-01-21 17:37:35 - [TEST_STEP][PASSED] - switchToWindowIndex(1): Switched to window with index: '1'

2020-01-21 17:37:35 - [MESSAGE][PASSED] - Switched to window with index: '1'

2020-01-21 17:37:35 - [TEST_STEP][PASSED] - setText(findTestObject("Naukri/UserName"), findTestData("LoginDetailsNJS").getValue(2, 2)): Text 'chanduthota371@gmail.com' is set on object 'Object Repository/Naukri/UserName'

2020-01-21 17:37:39 - [MESSAGE][PASSED] - Text 'chanduthota371@gmail.com' is set on object 'Object Repository/Naukri/UserName'

2020-01-21 17:37:39 - [TEST_STEP][PASSED] - click(findTestObject("Naukri/NextButton")): Object: 'Object Repository/Naukri/NextButton' is clicked on

2020-01-21 17:37:39 - [MESSAGE][PASSED] - Object: 'Object Repository/Naukri/NextButton' is clicked on

2020-01-21 17:37:39 - [TEST_STEP][PASSED] - delay(5): Delayed 5 second(s)

2020-01-21 17:37:44 - [MESSAGE][PASSED] - Delayed 5 second(s)

2020-01-21 17:37:44 - [TEST_STEP][PASSED] - setText(findTestObject("Naukri/Password"), findTestData("LoginDetailsNJS").getValue(3, 2)): Text 'achala$123' is set on object 'Object Repository/Naukri/Password'

2020-01-21 17:37:45 - [MESSAGE][PASSED] - Text 'achala$123' is set on object 'Object Repository/Naukri/Password'

2020-01-21 17:37:45 - [TEST_STEP][PASSED] - click(findTestObject("Naukri/NextButton")): Object: 'Object Repository/Naukri/NextButton' is clicked on

2020-01-21 17:37:50 - [MESSAGE][PASSED] - Object: 'Object Repository/Naukri/NextButton' is clicked on

2020-01-21 17:37:50 - [TEST_STEP][PASSED] - switchToWindowIndex(0): Switched to window with index: '0'

2020-01-21 17:37:50 - [MESSAGE][PASSED] - Switched to window with index: '0'

2020-01-21 17:37:50 - [TEST_STEP][PASSED] - delay(10): Delayed 10 second(s)

2020-01-21 17:38:00 - [MESSAGE][PASSED] - Delayed 10 second(s)

2020-01-21 17:38:00 - [TEST_STEP][PASSED] - click(findTestObject("Naukri/ProfileName")): Object: 'Object Repository/Naukri/ProfileName' is clicked on

2020-01-21 17:38:01 - [MESSAGE][PASSED] - Object: 'Object Repository/Naukri/ProfileName' is clicked on

2020-01-21 17:38:01 - [TEST_STEP][PASSED] - click(findTestObject("Naukri/DeleteResumeButton")): Object: 'Object Repository/Naukri/DeleteResumeButton' is clicked on

2020-01-21 17:38:03 - [MESSAGE][PASSED] - Object: 'Object Repository/Naukri/DeleteResumeButton' is clicked on

2020-01-21 17:38:03 - [TEST_STEP][PASSED] - click(findTestObject("Naukri/DeleteResumeConfirm")): Object: 'Object Repository/Naukri/DeleteResumeConfirm' is clicked on

2020-01-21 17:38:04 - [MESSAGE][PASSED] - Object: 'Object Repository/Naukri/DeleteResumeConfirm' is clicked on

2020-01-21 17:38:04 - [TEST_STEP][PASSED] - delay(15): Delayed 15 second(s)

2020-01-21 17:38:19 - [MESSAGE][PASSED] - Delayed 15 second(s)

2020-01-21 17:38:19 - [TEST_STEP][PASSED] - takeScreenshot(): Taking screenshot successfully

2020-01-21 17:38:20 - [MESSAGE][PASSED] - Taking screenshot successfully
[[ATTACHMENT|C:\\Users\\chandu.t\\Katalon Studio\\NJS_Chandu\\Reports\\20200121_173503\\NJS_Chandu\\20200121_173503\\1579608500014.png]]

2020-01-21 17:38:20 - [TEST_STEP][PASSED] - uploadFile(findTestObject("Naukri/UploadResumeButton"), findTestData("LoginDetailsNJS").getValue(5, 2)): File 'D:\chanduR\Chandu_Thota_QA_Engineer2.docx' sent to object: 'Object Repository/Naukri/UploadResumeButton'

2020-01-21 17:38:20 - [MESSAGE][PASSED] - File 'D:\chanduR\Chandu_Thota_QA_Engineer2.docx' sent to object: 'Object Repository/Naukri/UploadResumeButton'

2020-01-21 17:38:20 - [TEST_STEP][PASSED] - delay(10): Delayed 10 second(s)

2020-01-21 17:38:30 - [MESSAGE][PASSED] - Delayed 10 second(s)

2020-01-21 17:38:30 - [TEST_STEP][NOT_RUN] - click(findTestObject("Naukri/EditResumeHeadline")): NOT_RUN: click(findTestObject("Naukri/EditResumeHeadline"))

2020-01-21 17:38:30 - [MESSAGE][NOT_RUN] - NOT_RUN: click(findTestObject("Naukri/EditResumeHeadline"))

2020-01-21 17:38:30 - [TEST_STEP][NOT_RUN] - setText(findTestObject("Naukri/ResumeHeadLineText"), "."): NOT_RUN: setText(findTestObject("Naukri/ResumeHeadLineText"), ".")

2020-01-21 17:38:30 - [MESSAGE][NOT_RUN] - NOT_RUN: setText(findTestObject("Naukri/ResumeHeadLineText"), ".")

2020-01-21 17:38:30 - [TEST_STEP][NOT_RUN] - click(findTestObject("Naukri/SaveResumeHeadLineButton")): NOT_RUN: click(findTestObject("Naukri/SaveResumeHeadLineButton"))

2020-01-21 17:38:30 - [MESSAGE][NOT_RUN] - NOT_RUN: click(findTestObject("Naukri/SaveResumeHeadLineButton"))

2020-01-21 17:38:30 - [TEST_STEP][PASSED] - takeScreenshot(): Taking screenshot successfully

2020-01-21 17:38:31 - [MESSAGE][PASSED] - Taking screenshot successfully
[[ATTACHMENT|C:\\Users\\chandu.t\\Katalon Studio\\NJS_Chandu\\Reports\\20200121_173503\\NJS_Chandu\\20200121_173503\\1579608511194.png]]

2020-01-21 17:38:31 - [TEST_STEP][PASSED] - refresh(): Refresh successfully

2020-01-21 17:38:38 - [MESSAGE][PASSED] - Refresh successfully

2020-01-21 17:38:38 - [TEST_STEP][PASSED] - delay(10): Delayed 10 second(s)

2020-01-21 17:38:48 - [MESSAGE][PASSED] - Delayed 10 second(s)

2020-01-21 17:38:48 - [TEST_STEP][PASSED] - takeScreenshot(): Taking screenshot successfully

2020-01-21 17:38:49 - [MESSAGE][PASSED] - Taking screenshot successfully
[[ATTACHMENT|C:\\Users\\chandu.t\\Katalon Studio\\NJS_Chandu\\Reports\\20200121_173503\\NJS_Chandu\\20200121_173503\\1579608529178.png]]

2020-01-21 17:38:49 - [TEST_STEP][PASSED] - closeBrowser(): Browser is closed

2020-01-21 17:38:53 - [MESSAGE][PASSED] - Browser is closed]]></system-out>
         <system-err><![CDATA[]]></system-err>
      </testcase>
      <testcase name="Test Cases/Naukri/deleteandupload1" time="101.398" classname="Test Cases/Naukri/deleteandupload1" status="PASSED">
         <system-out><![CDATA[2020-01-21 17:38:53 - [TEST_CASE][PASSED] - Test Cases/Naukri/deleteandupload1: Test Cases/Naukri/deleteandupload1

2020-01-21 17:38:54 - [TEST_STEP][PASSED] - openBrowser(findTestData("LoginDetailsNJS").getValue(1, 1)): Browser is opened with url: 'naukri.com'

2020-01-21 17:38:54 - [MESSAGE][INFO] - Starting 'Firefox' driver

2020-01-21 17:39:10 - [MESSAGE][PASSED] - Browser is opened with url: 'naukri.com'

2020-01-21 17:39:10 - [TEST_STEP][PASSED] - closeWindowIndex(1): Window with index 1 is closed

2020-01-21 17:39:10 - [MESSAGE][PASSED] - Window with index 1 is closed

2020-01-21 17:39:10 - [TEST_STEP][PASSED] - closeWindowIndex(1): Window with index 1 is closed

2020-01-21 17:39:10 - [MESSAGE][PASSED] - Window with index 1 is closed

2020-01-21 17:39:10 - [TEST_STEP][PASSED] - closeWindowIndex(1): Window with index 1 is closed

2020-01-21 17:39:10 - [MESSAGE][PASSED] - Window with index 1 is closed

2020-01-21 17:39:10 - [TEST_STEP][PASSED] - switchToWindowIndex(0): Switched to window with index: '0'

2020-01-21 17:39:10 - [MESSAGE][PASSED] - Switched to window with index: '0'

2020-01-21 17:39:10 - [TEST_STEP][PASSED] - maximizeWindow(): Current window maximized

2020-01-21 17:39:10 - [MESSAGE][PASSED] - Current window maximized

2020-01-21 17:39:10 - [TEST_STEP][PASSED] - click(findTestObject("Naukri/LoginButton")): Object: 'Object Repository/Naukri/LoginButton' is clicked on

2020-01-21 17:39:11 - [MESSAGE][PASSED] - Object: 'Object Repository/Naukri/LoginButton' is clicked on

2020-01-21 17:39:11 - [TEST_STEP][PASSED] - click(findTestObject("Naukri/GoogleButton")): Object: 'Object Repository/Naukri/GoogleButton' is clicked on

2020-01-21 17:39:13 - [MESSAGE][PASSED] - Object: 'Object Repository/Naukri/GoogleButton' is clicked on

2020-01-21 17:39:13 - [TEST_STEP][PASSED] - switchToWindowIndex(1): Switched to window with index: '1'

2020-01-21 17:39:13 - [MESSAGE][PASSED] - Switched to window with index: '1'

2020-01-21 17:39:13 - [TEST_STEP][PASSED] - setText(findTestObject("Naukri/UserName"), findTestData("LoginDetailsNJS").getValue(2, 1)): Text 'thota.chandu1@gmail.com' is set on object 'Object Repository/Naukri/UserName'

2020-01-21 17:39:16 - [MESSAGE][PASSED] - Text 'thota.chandu1@gmail.com' is set on object 'Object Repository/Naukri/UserName'

2020-01-21 17:39:16 - [TEST_STEP][PASSED] - click(findTestObject("Naukri/NextButton")): Object: 'Object Repository/Naukri/NextButton' is clicked on

2020-01-21 17:39:17 - [MESSAGE][PASSED] - Object: 'Object Repository/Naukri/NextButton' is clicked on

2020-01-21 17:39:17 - [TEST_STEP][PASSED] - delay(5): Delayed 5 second(s)

2020-01-21 17:39:22 - [MESSAGE][PASSED] - Delayed 5 second(s)

2020-01-21 17:39:22 - [TEST_STEP][PASSED] - setText(findTestObject("Naukri/Password"), findTestData("LoginDetailsNJS").getValue(3, 1)): Text 'achala$123' is set on object 'Object Repository/Naukri/Password'

2020-01-21 17:39:23 - [MESSAGE][PASSED] - Text 'achala$123' is set on object 'Object Repository/Naukri/Password'

2020-01-21 17:39:23 - [TEST_STEP][PASSED] - click(findTestObject("Naukri/NextButton")): Object: 'Object Repository/Naukri/NextButton' is clicked on

2020-01-21 17:39:27 - [MESSAGE][PASSED] - Object: 'Object Repository/Naukri/NextButton' is clicked on

2020-01-21 17:39:27 - [TEST_STEP][PASSED] - switchToWindowIndex(0): Switched to window with index: '0'

2020-01-21 17:39:27 - [MESSAGE][PASSED] - Switched to window with index: '0'

2020-01-21 17:39:27 - [TEST_STEP][PASSED] - delay(10): Delayed 10 second(s)

2020-01-21 17:39:37 - [MESSAGE][PASSED] - Delayed 10 second(s)

2020-01-21 17:39:37 - [TEST_STEP][PASSED] - click(findTestObject("Naukri/ProfileName")): Object: 'Object Repository/Naukri/ProfileName' is clicked on

2020-01-21 17:39:38 - [MESSAGE][PASSED] - Object: 'Object Repository/Naukri/ProfileName' is clicked on

2020-01-21 17:39:38 - [TEST_STEP][PASSED] - click(findTestObject("Naukri/DeleteResumeButton")): Object: 'Object Repository/Naukri/DeleteResumeButton' is clicked on

2020-01-21 17:39:40 - [MESSAGE][PASSED] - Object: 'Object Repository/Naukri/DeleteResumeButton' is clicked on

2020-01-21 17:39:40 - [TEST_STEP][PASSED] - click(findTestObject("Naukri/DeleteResumeConfirm")): Object: 'Object Repository/Naukri/DeleteResumeConfirm' is clicked on

2020-01-21 17:39:41 - [MESSAGE][PASSED] - Object: 'Object Repository/Naukri/DeleteResumeConfirm' is clicked on

2020-01-21 17:39:41 - [TEST_STEP][PASSED] - delay(15): Delayed 15 second(s)

2020-01-21 17:39:56 - [MESSAGE][PASSED] - Delayed 15 second(s)

2020-01-21 17:39:56 - [TEST_STEP][PASSED] - takeScreenshot(): Taking screenshot successfully

2020-01-21 17:39:57 - [MESSAGE][PASSED] - Taking screenshot successfully
[[ATTACHMENT|C:\\Users\\chandu.t\\Katalon Studio\\NJS_Chandu\\Reports\\20200121_173503\\NJS_Chandu\\20200121_173503\\1579608596923.png]]

2020-01-21 17:39:57 - [TEST_STEP][PASSED] - uploadFile(findTestObject("Naukri/UploadResumeButton"), findTestData("LoginDetailsNJS").getValue(5, 1)): File 'D:\chanduR\Chandu_Thota_QA_Engineer1.docx' sent to object: 'Object Repository/Naukri/UploadResumeButton'

2020-01-21 17:39:57 - [MESSAGE][PASSED] - File 'D:\chanduR\Chandu_Thota_QA_Engineer1.docx' sent to object: 'Object Repository/Naukri/UploadResumeButton'

2020-01-21 17:39:57 - [TEST_STEP][PASSED] - delay(20): Delayed 20 second(s)

2020-01-21 17:40:17 - [MESSAGE][PASSED] - Delayed 20 second(s)

2020-01-21 17:40:17 - [TEST_STEP][NOT_RUN] - click(findTestObject("Naukri/EditResumeHeadline")): NOT_RUN: click(findTestObject("Naukri/EditResumeHeadline"))

2020-01-21 17:40:17 - [MESSAGE][NOT_RUN] - NOT_RUN: click(findTestObject("Naukri/EditResumeHeadline"))

2020-01-21 17:40:17 - [TEST_STEP][NOT_RUN] - setText(findTestObject("Naukri/ResumeHeadLineText"), "."): NOT_RUN: setText(findTestObject("Naukri/ResumeHeadLineText"), ".")

2020-01-21 17:40:17 - [MESSAGE][NOT_RUN] - NOT_RUN: setText(findTestObject("Naukri/ResumeHeadLineText"), ".")

2020-01-21 17:40:17 - [TEST_STEP][NOT_RUN] - click(findTestObject("Naukri/SaveResumeHeadLineButton")): NOT_RUN: click(findTestObject("Naukri/SaveResumeHeadLineButton"))

2020-01-21 17:40:17 - [MESSAGE][NOT_RUN] - NOT_RUN: click(findTestObject("Naukri/SaveResumeHeadLineButton"))

2020-01-21 17:40:17 - [TEST_STEP][PASSED] - takeScreenshot(): Taking screenshot successfully

2020-01-21 17:40:18 - [MESSAGE][PASSED] - Taking screenshot successfully
[[ATTACHMENT|C:\\Users\\chandu.t\\Katalon Studio\\NJS_Chandu\\Reports\\20200121_173503\\NJS_Chandu\\20200121_173503\\1579608617916.png]]

2020-01-21 17:40:18 - [TEST_STEP][PASSED] - refresh(): Refresh successfully

2020-01-21 17:40:20 - [MESSAGE][PASSED] - Refresh successfully

2020-01-21 17:40:20 - [TEST_STEP][PASSED] - delay(10): Delayed 10 second(s)

2020-01-21 17:40:30 - [MESSAGE][PASSED] - Delayed 10 second(s)

2020-01-21 17:40:30 - [TEST_STEP][PASSED] - takeScreenshot(): Taking screenshot successfully

2020-01-21 17:40:30 - [MESSAGE][PASSED] - Taking screenshot successfully
[[ATTACHMENT|C:\\Users\\chandu.t\\Katalon Studio\\NJS_Chandu\\Reports\\20200121_173503\\NJS_Chandu\\20200121_173503\\1579608630576.png]]

2020-01-21 17:40:30 - [TEST_STEP][PASSED] - closeBrowser(): Browser is closed

2020-01-21 17:40:35 - [MESSAGE][PASSED] - Browser is closed]]></system-out>
         <system-err><![CDATA[]]></system-err>
      </testcase>
      <system-out><![CDATA[2020-01-21 17:35:11 - [TEST_SUITE][PASSED] - NJS_Chandu: Test Cases/Naukri/deleteandupload1]]></system-out>
      <system-err><![CDATA[]]></system-err>
   </testsuite>
</testsuites>
