<?xml version="1.0" encoding="UTF-8"?>
<testsuites name="NJS_Chandu" time="291.275" tests="3" failures="0" errors="0">
   <testsuite name="NJS_Chandu" tests="3" failures="0" errors="0" time="291.275" timestamp="2020-01-14 13:56:03" hostname="chandu.t - wlpt518.imidomain.com" id="Test Suites/NJS_Chandu">
      <properties>
         <property name="deviceName" value=""/>
         <property name="devicePlatform" value=""/>
         <property name="logFolder" value="C:\\Users\\chandu.t\\Katalon Studio\\NJS_Chandu\\Reports\\20200114_135558\\NJS_Chandu\\20200114_135558"/>
         <property name="logFiles" value="C:\\Users\\chandu.t\\Katalon Studio\\NJS_Chandu\\Reports\\20200114_135558\\NJS_Chandu\\20200114_135558\\execution0.log"/>
         <property name="attachments" value="C:\\Users\\chandu.t\\Katalon Studio\\NJS_Chandu\\Reports\\20200114_135558\\NJS_Chandu\\20200114_135558\\1578990430844.png, C:\\Users\\chandu.t\\Katalon Studio\\NJS_Chandu\\Reports\\20200114_135558\\NJS_Chandu\\20200114_135558\\1578990442887.png, C:\\Users\\chandu.t\\Katalon Studio\\NJS_Chandu\\Reports\\20200114_135558\\NJS_Chandu\\20200114_135558\\1578990457576.png, C:\\Users\\chandu.t\\Katalon Studio\\NJS_Chandu\\Reports\\20200114_135558\\NJS_Chandu\\20200114_135558\\1578990528526.png, C:\\Users\\chandu.t\\Katalon Studio\\NJS_Chandu\\Reports\\20200114_135558\\NJS_Chandu\\20200114_135558\\1578990539566.png, C:\\Users\\chandu.t\\Katalon Studio\\NJS_Chandu\\Reports\\20200114_135558\\NJS_Chandu\\20200114_135558\\1578990553070.png, C:\\Users\\chandu.t\\Katalon Studio\\NJS_Chandu\\Reports\\20200114_135558\\NJS_Chandu\\20200114_135558\\1578990621570.png, C:\\Users\\chandu.t\\Katalon Studio\\NJS_Chandu\\Reports\\20200114_135558\\NJS_Chandu\\20200114_135558\\1578990632952.png, C:\\Users\\chandu.t\\Katalon Studio\\NJS_Chandu\\Reports\\20200114_135558\\NJS_Chandu\\20200114_135558\\1578990648130.png"/>
         <property name="hostName" value="chandu.t - wlpt518.imidomain.com"/>
         <property name="os" value="Windows 10 64bit"/>
         <property name="katalonVersion" value="7.2.1.1"/>
         <property name="browser" value="Firefox 71.0"/>
         <property name="hostAddress" value="192.168.43.93"/>
         <property name="sessionId" value="d4553a9e-6096-4766-bc50-3540340b6fb6"/>
         <property name="seleniumVersion" value="3.141.59"/>
         <property name="proxyInformation" value="ProxyInformation{proxyOption=NO_PROXY, proxyServerType=HTTP, password=, proxyServerAddress=, proxyServerPort=0, executionList=}"/>
         <property name="platform" value="Windows 10"/>
      </properties>
      <testcase name="Test Cases/Naukri/deleteandupload3" time="99.777" classname="Test Cases/Naukri/deleteandupload3" status="PASSED">
         <system-out><![CDATA[2020-01-14 13:56:03 - [TEST_CASE][PASSED] - Test Cases/Naukri/deleteandupload3: Test Cases/Naukri/deleteandupload3

2020-01-14 13:56:04 - [TEST_STEP][PASSED] - openBrowser(findTestData("LoginDetailsNJS").getValue(1, 3)): Browser is opened with url: 'https://www.naukri.com/'

2020-01-14 13:56:06 - [MESSAGE][INFO] - Starting 'Firefox' driver

2020-01-14 13:56:07 - [MESSAGE][INFO] - Action delay is set to 0 seconds

2020-01-14 13:56:22 - [MESSAGE][PASSED] - Browser is opened with url: 'https://www.naukri.com/'

2020-01-14 13:56:22 - [TEST_STEP][PASSED] - closeWindowIndex(1): Window with index 1 is closed

2020-01-14 13:56:23 - [MESSAGE][PASSED] - Window with index 1 is closed

2020-01-14 13:56:23 - [TEST_STEP][PASSED] - closeWindowIndex(1): Window with index 1 is closed

2020-01-14 13:56:23 - [MESSAGE][PASSED] - Window with index 1 is closed

2020-01-14 13:56:23 - [TEST_STEP][PASSED] - closeWindowIndex(1): Window with index 1 is closed

2020-01-14 13:56:23 - [MESSAGE][PASSED] - Window with index 1 is closed

2020-01-14 13:56:23 - [TEST_STEP][PASSED] - switchToWindowIndex(0): Switched to window with index: '0'

2020-01-14 13:56:23 - [MESSAGE][PASSED] - Switched to window with index: '0'

2020-01-14 13:56:23 - [TEST_STEP][PASSED] - maximizeWindow(): Current window maximized

2020-01-14 13:56:23 - [MESSAGE][PASSED] - Current window maximized

2020-01-14 13:56:23 - [TEST_STEP][PASSED] - click(findTestObject("Naukri/LoginButton")): Object: 'Object Repository/Naukri/LoginButton' is clicked on

2020-01-14 13:56:25 - [MESSAGE][PASSED] - Object: 'Object Repository/Naukri/LoginButton' is clicked on

2020-01-14 13:56:25 - [TEST_STEP][PASSED] - click(findTestObject("Naukri/GoogleButton")): Object: 'Object Repository/Naukri/GoogleButton' is clicked on

2020-01-14 13:56:26 - [MESSAGE][PASSED] - Object: 'Object Repository/Naukri/GoogleButton' is clicked on

2020-01-14 13:56:26 - [TEST_STEP][PASSED] - switchToWindowIndex(1): Switched to window with index: '1'

2020-01-14 13:56:26 - [MESSAGE][PASSED] - Switched to window with index: '1'

2020-01-14 13:56:26 - [TEST_STEP][PASSED] - setText(findTestObject("Naukri/UserName"), findTestData("LoginDetailsNJS").getValue(2, 3)): Text 'chandut1024@gmail.com' is set on object 'Object Repository/Naukri/UserName'

2020-01-14 13:56:30 - [MESSAGE][PASSED] - Text 'chandut1024@gmail.com' is set on object 'Object Repository/Naukri/UserName'

2020-01-14 13:56:30 - [TEST_STEP][PASSED] - click(findTestObject("Naukri/NextButton")): Object: 'Object Repository/Naukri/NextButton' is clicked on

2020-01-14 13:56:31 - [MESSAGE][PASSED] - Object: 'Object Repository/Naukri/NextButton' is clicked on

2020-01-14 13:56:31 - [TEST_STEP][PASSED] - delay(5): Delayed 5 second(s)

2020-01-14 13:56:36 - [MESSAGE][PASSED] - Delayed 5 second(s)

2020-01-14 13:56:36 - [TEST_STEP][PASSED] - setText(findTestObject("Naukri/Password"), findTestData("LoginDetailsNJS").getValue(3, 3)): Text 'achala$123' is set on object 'Object Repository/Naukri/Password'

2020-01-14 13:56:37 - [MESSAGE][PASSED] - Text 'achala$123' is set on object 'Object Repository/Naukri/Password'

2020-01-14 13:56:37 - [TEST_STEP][PASSED] - click(findTestObject("Naukri/NextButton")): Object: 'Object Repository/Naukri/NextButton' is clicked on

2020-01-14 13:56:42 - [MESSAGE][PASSED] - Object: 'Object Repository/Naukri/NextButton' is clicked on

2020-01-14 13:56:42 - [TEST_STEP][PASSED] - switchToWindowIndex(0): Switched to window with index: '0'

2020-01-14 13:56:42 - [MESSAGE][PASSED] - Switched to window with index: '0'

2020-01-14 13:56:42 - [TEST_STEP][PASSED] - delay(10): Delayed 10 second(s)

2020-01-14 13:56:52 - [MESSAGE][PASSED] - Delayed 10 second(s)

2020-01-14 13:56:52 - [TEST_STEP][PASSED] - click(findTestObject("Naukri/ProfileName")): Object: 'Object Repository/Naukri/ProfileName' is clicked on

2020-01-14 13:56:53 - [MESSAGE][PASSED] - Object: 'Object Repository/Naukri/ProfileName' is clicked on

2020-01-14 13:56:53 - [TEST_STEP][PASSED] - click(findTestObject("Naukri/DeleteResumeButton")): Object: 'Object Repository/Naukri/DeleteResumeButton' is clicked on

2020-01-14 13:56:54 - [MESSAGE][PASSED] - Object: 'Object Repository/Naukri/DeleteResumeButton' is clicked on

2020-01-14 13:56:54 - [TEST_STEP][PASSED] - click(findTestObject("Naukri/DeleteResumeConfirm")): Object: 'Object Repository/Naukri/DeleteResumeConfirm' is clicked on

2020-01-14 13:56:55 - [MESSAGE][PASSED] - Object: 'Object Repository/Naukri/DeleteResumeConfirm' is clicked on

2020-01-14 13:56:55 - [TEST_STEP][PASSED] - delay(15): Delayed 15 second(s)

2020-01-14 13:57:10 - [MESSAGE][PASSED] - Delayed 15 second(s)

2020-01-14 13:57:10 - [TEST_STEP][PASSED] - takeScreenshot(): Taking screenshot successfully

2020-01-14 13:57:11 - [MESSAGE][PASSED] - Taking screenshot successfully
[[ATTACHMENT|C:\\Users\\chandu.t\\Katalon Studio\\NJS_Chandu\\Reports\\20200114_135558\\NJS_Chandu\\20200114_135558\\1578990430844.png]]

2020-01-14 13:57:11 - [TEST_STEP][PASSED] - uploadFile(findTestObject("Naukri/UploadResumeButton"), findTestData("LoginDetailsNJS").getValue(5, 3)): File 'D:\chanduR\Chandu_Thota_QA_Engineer3.docx' sent to object: 'Object Repository/Naukri/UploadResumeButton'

2020-01-14 13:57:11 - [MESSAGE][PASSED] - File 'D:\chanduR\Chandu_Thota_QA_Engineer3.docx' sent to object: 'Object Repository/Naukri/UploadResumeButton'

2020-01-14 13:57:11 - [TEST_STEP][PASSED] - delay(10): Delayed 10 second(s)

2020-01-14 13:57:21 - [MESSAGE][PASSED] - Delayed 10 second(s)

2020-01-14 13:57:21 - [TEST_STEP][NOT_RUN] - click(findTestObject("Naukri/EditResumeHeadline")): NOT_RUN: click(findTestObject("Naukri/EditResumeHeadline"))

2020-01-14 13:57:21 - [MESSAGE][NOT_RUN] - NOT_RUN: click(findTestObject("Naukri/EditResumeHeadline"))

2020-01-14 13:57:21 - [TEST_STEP][NOT_RUN] - setText(findTestObject("Naukri/ResumeHeadLineText"), "."): NOT_RUN: setText(findTestObject("Naukri/ResumeHeadLineText"), ".")

2020-01-14 13:57:21 - [MESSAGE][NOT_RUN] - NOT_RUN: setText(findTestObject("Naukri/ResumeHeadLineText"), ".")

2020-01-14 13:57:21 - [TEST_STEP][NOT_RUN] - click(findTestObject("Naukri/SaveResumeHeadLineButton")): NOT_RUN: click(findTestObject("Naukri/SaveResumeHeadLineButton"))

2020-01-14 13:57:21 - [MESSAGE][NOT_RUN] - NOT_RUN: click(findTestObject("Naukri/SaveResumeHeadLineButton"))

2020-01-14 13:57:21 - [TEST_STEP][PASSED] - takeScreenshot(): Taking screenshot successfully

2020-01-14 13:57:23 - [MESSAGE][PASSED] - Taking screenshot successfully
[[ATTACHMENT|C:\\Users\\chandu.t\\Katalon Studio\\NJS_Chandu\\Reports\\20200114_135558\\NJS_Chandu\\20200114_135558\\1578990442887.png]]

2020-01-14 13:57:23 - [TEST_STEP][PASSED] - refresh(): Refresh successfully

2020-01-14 13:57:27 - [MESSAGE][PASSED] - Refresh successfully

2020-01-14 13:57:27 - [TEST_STEP][PASSED] - delay(10): Delayed 10 second(s)

2020-01-14 13:57:37 - [MESSAGE][PASSED] - Delayed 10 second(s)

2020-01-14 13:57:37 - [TEST_STEP][PASSED] - takeScreenshot(): Taking screenshot successfully

2020-01-14 13:57:37 - [MESSAGE][PASSED] - Taking screenshot successfully
[[ATTACHMENT|C:\\Users\\chandu.t\\Katalon Studio\\NJS_Chandu\\Reports\\20200114_135558\\NJS_Chandu\\20200114_135558\\1578990457576.png]]

2020-01-14 13:57:37 - [TEST_STEP][PASSED] - closeBrowser(): Browser is closed

2020-01-14 13:57:43 - [MESSAGE][PASSED] - Browser is closed]]></system-out>
         <system-err><![CDATA[]]></system-err>
      </testcase>
      <testcase name="Test Cases/Naukri/deleteandupload2" time="95.393" classname="Test Cases/Naukri/deleteandupload2" status="PASSED">
         <system-out><![CDATA[2020-01-14 13:57:43 - [TEST_CASE][PASSED] - Test Cases/Naukri/deleteandupload2: Test Cases/Naukri/deleteandupload2

2020-01-14 13:57:44 - [TEST_STEP][PASSED] - openBrowser(findTestData("LoginDetailsNJS").getValue(1, 2)): Browser is opened with url: 'https://www.naukri.com/'

2020-01-14 13:57:44 - [MESSAGE][INFO] - Starting 'Firefox' driver

2020-01-14 13:57:58 - [MESSAGE][PASSED] - Browser is opened with url: 'https://www.naukri.com/'

2020-01-14 13:57:58 - [TEST_STEP][PASSED] - closeWindowIndex(1): Window with index 1 is closed

2020-01-14 13:57:58 - [MESSAGE][PASSED] - Window with index 1 is closed

2020-01-14 13:57:58 - [TEST_STEP][PASSED] - closeWindowIndex(1): Window with index 1 is closed

2020-01-14 13:57:58 - [MESSAGE][PASSED] - Window with index 1 is closed

2020-01-14 13:57:58 - [TEST_STEP][PASSED] - closeWindowIndex(1): Window with index 1 is closed

2020-01-14 13:57:58 - [MESSAGE][PASSED] - Window with index 1 is closed

2020-01-14 13:57:58 - [TEST_STEP][PASSED] - switchToWindowIndex(0): Switched to window with index: '0'

2020-01-14 13:57:58 - [MESSAGE][PASSED] - Switched to window with index: '0'

2020-01-14 13:57:58 - [TEST_STEP][PASSED] - maximizeWindow(): Current window maximized

2020-01-14 13:57:58 - [MESSAGE][PASSED] - Current window maximized

2020-01-14 13:57:58 - [TEST_STEP][PASSED] - click(findTestObject("Naukri/LoginButton")): Object: 'Object Repository/Naukri/LoginButton' is clicked on

2020-01-14 13:57:59 - [MESSAGE][PASSED] - Object: 'Object Repository/Naukri/LoginButton' is clicked on

2020-01-14 13:57:59 - [TEST_STEP][PASSED] - click(findTestObject("Naukri/GoogleButton")): Object: 'Object Repository/Naukri/GoogleButton' is clicked on

2020-01-14 13:58:00 - [MESSAGE][PASSED] - Object: 'Object Repository/Naukri/GoogleButton' is clicked on

2020-01-14 13:58:00 - [TEST_STEP][PASSED] - switchToWindowIndex(1): Switched to window with index: '1'

2020-01-14 13:58:00 - [MESSAGE][PASSED] - Switched to window with index: '1'

2020-01-14 13:58:00 - [TEST_STEP][PASSED] - setText(findTestObject("Naukri/UserName"), findTestData("LoginDetailsNJS").getValue(2, 2)): Text 'chanduthota371@gmail.com' is set on object 'Object Repository/Naukri/UserName'

2020-01-14 13:58:05 - [MESSAGE][PASSED] - Text 'chanduthota371@gmail.com' is set on object 'Object Repository/Naukri/UserName'

2020-01-14 13:58:05 - [TEST_STEP][PASSED] - click(findTestObject("Naukri/NextButton")): Object: 'Object Repository/Naukri/NextButton' is clicked on

2020-01-14 13:58:06 - [MESSAGE][PASSED] - Object: 'Object Repository/Naukri/NextButton' is clicked on

2020-01-14 13:58:06 - [TEST_STEP][PASSED] - delay(5): Delayed 5 second(s)

2020-01-14 13:58:11 - [MESSAGE][PASSED] - Delayed 5 second(s)

2020-01-14 13:58:11 - [TEST_STEP][PASSED] - setText(findTestObject("Naukri/Password"), findTestData("LoginDetailsNJS").getValue(3, 2)): Text 'achala$123' is set on object 'Object Repository/Naukri/Password'

2020-01-14 13:58:12 - [MESSAGE][PASSED] - Text 'achala$123' is set on object 'Object Repository/Naukri/Password'

2020-01-14 13:58:12 - [TEST_STEP][PASSED] - click(findTestObject("Naukri/NextButton")): Object: 'Object Repository/Naukri/NextButton' is clicked on

2020-01-14 13:58:16 - [MESSAGE][PASSED] - Object: 'Object Repository/Naukri/NextButton' is clicked on

2020-01-14 13:58:16 - [TEST_STEP][PASSED] - switchToWindowIndex(0): Switched to window with index: '0'

2020-01-14 13:58:16 - [MESSAGE][PASSED] - Switched to window with index: '0'

2020-01-14 13:58:16 - [TEST_STEP][PASSED] - delay(10): Delayed 10 second(s)

2020-01-14 13:58:26 - [MESSAGE][PASSED] - Delayed 10 second(s)

2020-01-14 13:58:26 - [TEST_STEP][PASSED] - click(findTestObject("Naukri/ProfileName")): Object: 'Object Repository/Naukri/ProfileName' is clicked on

2020-01-14 13:58:31 - [MESSAGE][PASSED] - Object: 'Object Repository/Naukri/ProfileName' is clicked on

2020-01-14 13:58:31 - [TEST_STEP][PASSED] - click(findTestObject("Naukri/DeleteResumeButton")): Object: 'Object Repository/Naukri/DeleteResumeButton' is clicked on

2020-01-14 13:58:32 - [MESSAGE][PASSED] - Object: 'Object Repository/Naukri/DeleteResumeButton' is clicked on

2020-01-14 13:58:32 - [TEST_STEP][PASSED] - click(findTestObject("Naukri/DeleteResumeConfirm")): Object: 'Object Repository/Naukri/DeleteResumeConfirm' is clicked on

2020-01-14 13:58:33 - [MESSAGE][PASSED] - Object: 'Object Repository/Naukri/DeleteResumeConfirm' is clicked on

2020-01-14 13:58:33 - [TEST_STEP][PASSED] - delay(15): Delayed 15 second(s)

2020-01-14 13:58:48 - [MESSAGE][PASSED] - Delayed 15 second(s)

2020-01-14 13:58:48 - [TEST_STEP][PASSED] - takeScreenshot(): Taking screenshot successfully

2020-01-14 13:58:48 - [MESSAGE][PASSED] - Taking screenshot successfully
[[ATTACHMENT|C:\\Users\\chandu.t\\Katalon Studio\\NJS_Chandu\\Reports\\20200114_135558\\NJS_Chandu\\20200114_135558\\1578990528526.png]]

2020-01-14 13:58:48 - [TEST_STEP][PASSED] - uploadFile(findTestObject("Naukri/UploadResumeButton"), findTestData("LoginDetailsNJS").getValue(5, 2)): File 'D:\chanduR\Chandu_Thota_QA_Engineer2.docx' sent to object: 'Object Repository/Naukri/UploadResumeButton'

2020-01-14 13:58:49 - [MESSAGE][PASSED] - File 'D:\chanduR\Chandu_Thota_QA_Engineer2.docx' sent to object: 'Object Repository/Naukri/UploadResumeButton'

2020-01-14 13:58:49 - [TEST_STEP][PASSED] - delay(10): Delayed 10 second(s)

2020-01-14 13:58:59 - [MESSAGE][PASSED] - Delayed 10 second(s)

2020-01-14 13:58:59 - [TEST_STEP][NOT_RUN] - click(findTestObject("Naukri/EditResumeHeadline")): NOT_RUN: click(findTestObject("Naukri/EditResumeHeadline"))

2020-01-14 13:58:59 - [MESSAGE][NOT_RUN] - NOT_RUN: click(findTestObject("Naukri/EditResumeHeadline"))

2020-01-14 13:58:59 - [TEST_STEP][NOT_RUN] - setText(findTestObject("Naukri/ResumeHeadLineText"), "."): NOT_RUN: setText(findTestObject("Naukri/ResumeHeadLineText"), ".")

2020-01-14 13:58:59 - [MESSAGE][NOT_RUN] - NOT_RUN: setText(findTestObject("Naukri/ResumeHeadLineText"), ".")

2020-01-14 13:58:59 - [TEST_STEP][NOT_RUN] - click(findTestObject("Naukri/SaveResumeHeadLineButton")): NOT_RUN: click(findTestObject("Naukri/SaveResumeHeadLineButton"))

2020-01-14 13:58:59 - [MESSAGE][NOT_RUN] - NOT_RUN: click(findTestObject("Naukri/SaveResumeHeadLineButton"))

2020-01-14 13:58:59 - [TEST_STEP][PASSED] - takeScreenshot(): Taking screenshot successfully

2020-01-14 13:58:59 - [MESSAGE][PASSED] - Taking screenshot successfully
[[ATTACHMENT|C:\\Users\\chandu.t\\Katalon Studio\\NJS_Chandu\\Reports\\20200114_135558\\NJS_Chandu\\20200114_135558\\1578990539566.png]]

2020-01-14 13:58:59 - [TEST_STEP][PASSED] - refresh(): Refresh successfully

2020-01-14 13:59:02 - [MESSAGE][PASSED] - Refresh successfully

2020-01-14 13:59:02 - [TEST_STEP][PASSED] - delay(10): Delayed 10 second(s)

2020-01-14 13:59:12 - [MESSAGE][PASSED] - Delayed 10 second(s)

2020-01-14 13:59:12 - [TEST_STEP][PASSED] - takeScreenshot(): Taking screenshot successfully

2020-01-14 13:59:13 - [MESSAGE][PASSED] - Taking screenshot successfully
[[ATTACHMENT|C:\\Users\\chandu.t\\Katalon Studio\\NJS_Chandu\\Reports\\20200114_135558\\NJS_Chandu\\20200114_135558\\1578990553070.png]]

2020-01-14 13:59:13 - [TEST_STEP][PASSED] - closeBrowser(): Browser is closed

2020-01-14 13:59:18 - [MESSAGE][PASSED] - Browser is closed]]></system-out>
         <system-err><![CDATA[]]></system-err>
      </testcase>
      <testcase name="Test Cases/Naukri/deleteandupload1" time="95.248" classname="Test Cases/Naukri/deleteandupload1" status="PASSED">
         <system-out><![CDATA[2020-01-14 13:59:18 - [TEST_CASE][PASSED] - Test Cases/Naukri/deleteandupload1: Test Cases/Naukri/deleteandupload1

2020-01-14 13:59:19 - [TEST_STEP][PASSED] - openBrowser(findTestData("LoginDetailsNJS").getValue(1, 1)): Browser is opened with url: 'naukri.com'

2020-01-14 13:59:19 - [MESSAGE][INFO] - Starting 'Firefox' driver

2020-01-14 13:59:30 - [MESSAGE][PASSED] - Browser is opened with url: 'naukri.com'

2020-01-14 13:59:30 - [TEST_STEP][PASSED] - closeWindowIndex(1): Window with index 1 is closed

2020-01-14 13:59:31 - [MESSAGE][PASSED] - Window with index 1 is closed

2020-01-14 13:59:31 - [TEST_STEP][PASSED] - closeWindowIndex(1): Window with index 1 is closed

2020-01-14 13:59:31 - [MESSAGE][PASSED] - Window with index 1 is closed

2020-01-14 13:59:31 - [TEST_STEP][PASSED] - closeWindowIndex(1): Window with index 1 is closed

2020-01-14 13:59:32 - [MESSAGE][PASSED] - Window with index 1 is closed

2020-01-14 13:59:32 - [TEST_STEP][PASSED] - switchToWindowIndex(0): Switched to window with index: '0'

2020-01-14 13:59:32 - [MESSAGE][PASSED] - Switched to window with index: '0'

2020-01-14 13:59:32 - [TEST_STEP][PASSED] - maximizeWindow(): Current window maximized

2020-01-14 13:59:33 - [MESSAGE][PASSED] - Current window maximized

2020-01-14 13:59:33 - [TEST_STEP][PASSED] - click(findTestObject("Naukri/LoginButton")): Object: 'Object Repository/Naukri/LoginButton' is clicked on

2020-01-14 13:59:34 - [MESSAGE][PASSED] - Object: 'Object Repository/Naukri/LoginButton' is clicked on

2020-01-14 13:59:34 - [TEST_STEP][PASSED] - click(findTestObject("Naukri/GoogleButton")): Object: 'Object Repository/Naukri/GoogleButton' is clicked on

2020-01-14 13:59:37 - [MESSAGE][PASSED] - Object: 'Object Repository/Naukri/GoogleButton' is clicked on

2020-01-14 13:59:37 - [TEST_STEP][PASSED] - switchToWindowIndex(1): Switched to window with index: '1'

2020-01-14 13:59:37 - [MESSAGE][PASSED] - Switched to window with index: '1'

2020-01-14 13:59:37 - [TEST_STEP][PASSED] - setText(findTestObject("Naukri/UserName"), findTestData("LoginDetailsNJS").getValue(2, 1)): Text 'thota.chandu1@gmail.com' is set on object 'Object Repository/Naukri/UserName'

2020-01-14 13:59:42 - [MESSAGE][PASSED] - Text 'thota.chandu1@gmail.com' is set on object 'Object Repository/Naukri/UserName'

2020-01-14 13:59:42 - [TEST_STEP][PASSED] - click(findTestObject("Naukri/NextButton")): Object: 'Object Repository/Naukri/NextButton' is clicked on

2020-01-14 13:59:43 - [MESSAGE][PASSED] - Object: 'Object Repository/Naukri/NextButton' is clicked on

2020-01-14 13:59:43 - [TEST_STEP][PASSED] - delay(5): Delayed 5 second(s)

2020-01-14 13:59:48 - [MESSAGE][PASSED] - Delayed 5 second(s)

2020-01-14 13:59:48 - [TEST_STEP][PASSED] - setText(findTestObject("Naukri/Password"), findTestData("LoginDetailsNJS").getValue(3, 1)): Text 'achala$123' is set on object 'Object Repository/Naukri/Password'

2020-01-14 13:59:48 - [MESSAGE][PASSED] - Text 'achala$123' is set on object 'Object Repository/Naukri/Password'

2020-01-14 13:59:48 - [TEST_STEP][PASSED] - click(findTestObject("Naukri/NextButton")): Object: 'Object Repository/Naukri/NextButton' is clicked on

2020-01-14 13:59:53 - [MESSAGE][PASSED] - Object: 'Object Repository/Naukri/NextButton' is clicked on

2020-01-14 13:59:53 - [TEST_STEP][PASSED] - switchToWindowIndex(0): Switched to window with index: '0'

2020-01-14 13:59:53 - [MESSAGE][PASSED] - Switched to window with index: '0'

2020-01-14 13:59:53 - [TEST_STEP][PASSED] - delay(10): Delayed 10 second(s)

2020-01-14 14:00:03 - [MESSAGE][PASSED] - Delayed 10 second(s)

2020-01-14 14:00:03 - [TEST_STEP][PASSED] - click(findTestObject("Naukri/ProfileName")): Object: 'Object Repository/Naukri/ProfileName' is clicked on

2020-01-14 14:00:03 - [MESSAGE][PASSED] - Object: 'Object Repository/Naukri/ProfileName' is clicked on

2020-01-14 14:00:03 - [TEST_STEP][PASSED] - click(findTestObject("Naukri/DeleteResumeButton")): Object: 'Object Repository/Naukri/DeleteResumeButton' is clicked on

2020-01-14 14:00:05 - [MESSAGE][PASSED] - Object: 'Object Repository/Naukri/DeleteResumeButton' is clicked on

2020-01-14 14:00:05 - [TEST_STEP][PASSED] - click(findTestObject("Naukri/DeleteResumeConfirm")): Object: 'Object Repository/Naukri/DeleteResumeConfirm' is clicked on

2020-01-14 14:00:06 - [MESSAGE][PASSED] - Object: 'Object Repository/Naukri/DeleteResumeConfirm' is clicked on

2020-01-14 14:00:06 - [TEST_STEP][PASSED] - delay(15): Delayed 15 second(s)

2020-01-14 14:00:21 - [MESSAGE][PASSED] - Delayed 15 second(s)

2020-01-14 14:00:21 - [TEST_STEP][PASSED] - takeScreenshot(): Taking screenshot successfully

2020-01-14 14:00:21 - [MESSAGE][PASSED] - Taking screenshot successfully
[[ATTACHMENT|C:\\Users\\chandu.t\\Katalon Studio\\NJS_Chandu\\Reports\\20200114_135558\\NJS_Chandu\\20200114_135558\\1578990621570.png]]

2020-01-14 14:00:21 - [TEST_STEP][PASSED] - uploadFile(findTestObject("Naukri/UploadResumeButton"), findTestData("LoginDetailsNJS").getValue(5, 1)): File 'D:\chanduR\Chandu_Thota_QA_Engineer1.docx' sent to object: 'Object Repository/Naukri/UploadResumeButton'

2020-01-14 14:00:22 - [MESSAGE][PASSED] - File 'D:\chanduR\Chandu_Thota_QA_Engineer1.docx' sent to object: 'Object Repository/Naukri/UploadResumeButton'

2020-01-14 14:00:22 - [TEST_STEP][PASSED] - delay(10): Delayed 10 second(s)

2020-01-14 14:00:32 - [MESSAGE][PASSED] - Delayed 10 second(s)

2020-01-14 14:00:32 - [TEST_STEP][NOT_RUN] - click(findTestObject("Naukri/EditResumeHeadline")): NOT_RUN: click(findTestObject("Naukri/EditResumeHeadline"))

2020-01-14 14:00:32 - [MESSAGE][NOT_RUN] - NOT_RUN: click(findTestObject("Naukri/EditResumeHeadline"))

2020-01-14 14:00:32 - [TEST_STEP][NOT_RUN] - setText(findTestObject("Naukri/ResumeHeadLineText"), "."): NOT_RUN: setText(findTestObject("Naukri/ResumeHeadLineText"), ".")

2020-01-14 14:00:32 - [MESSAGE][NOT_RUN] - NOT_RUN: setText(findTestObject("Naukri/ResumeHeadLineText"), ".")

2020-01-14 14:00:32 - [TEST_STEP][NOT_RUN] - click(findTestObject("Naukri/SaveResumeHeadLineButton")): NOT_RUN: click(findTestObject("Naukri/SaveResumeHeadLineButton"))

2020-01-14 14:00:32 - [MESSAGE][NOT_RUN] - NOT_RUN: click(findTestObject("Naukri/SaveResumeHeadLineButton"))

2020-01-14 14:00:32 - [TEST_STEP][PASSED] - takeScreenshot(): Taking screenshot successfully

2020-01-14 14:00:33 - [MESSAGE][PASSED] - Taking screenshot successfully
[[ATTACHMENT|C:\\Users\\chandu.t\\Katalon Studio\\NJS_Chandu\\Reports\\20200114_135558\\NJS_Chandu\\20200114_135558\\1578990632952.png]]

2020-01-14 14:00:33 - [TEST_STEP][PASSED] - refresh(): Refresh successfully

2020-01-14 14:00:37 - [MESSAGE][PASSED] - Refresh successfully

2020-01-14 14:00:37 - [TEST_STEP][PASSED] - delay(10): Delayed 10 second(s)

2020-01-14 14:00:47 - [MESSAGE][PASSED] - Delayed 10 second(s)

2020-01-14 14:00:47 - [TEST_STEP][PASSED] - takeScreenshot(): Taking screenshot successfully

2020-01-14 14:00:48 - [MESSAGE][PASSED] - Taking screenshot successfully
[[ATTACHMENT|C:\\Users\\chandu.t\\Katalon Studio\\NJS_Chandu\\Reports\\20200114_135558\\NJS_Chandu\\20200114_135558\\1578990648130.png]]

2020-01-14 14:00:48 - [TEST_STEP][PASSED] - closeBrowser(): Browser is closed

2020-01-14 14:00:54 - [MESSAGE][PASSED] - Browser is closed]]></system-out>
         <system-err><![CDATA[]]></system-err>
      </testcase>
      <system-out><![CDATA[2020-01-14 13:56:03 - [TEST_SUITE][PASSED] - NJS_Chandu: Test Cases/Naukri/deleteandupload1]]></system-out>
      <system-err><![CDATA[]]></system-err>
   </testsuite>
</testsuites>
