<?xml version="1.0" encoding="UTF-8"?>
<testsuites name="NJS_Chandu" time="321" tests="3" failures="0" errors="0">
   <testsuite name="NJS_Chandu" tests="3" failures="0" errors="0" time="321" timestamp="2019-12-13 07:38:55" hostname="chandu.t - wlpt518.imidomain.com" id="Test Suites/NJS_Chandu">
      <properties>
         <property name="deviceName" value=""/>
         <property name="devicePlatform" value=""/>
         <property name="logFolder" value="C:\\Users\\chandu.t\\Katalon Studio\\NJS_Chandu\\Reports\\NJS_Chandu\\20191213_073848"/>
         <property name="logFiles" value="C:\\Users\\chandu.t\\Katalon Studio\\NJS_Chandu\\Reports\\NJS_Chandu\\20191213_073848\\execution0.log"/>
         <property name="attachments" value="C:\\Users\\chandu.t\\Katalon Studio\\NJS_Chandu\\Reports\\NJS_Chandu\\20191213_073848\\1576203031993.png, C:\\Users\\chandu.t\\Katalon Studio\\NJS_Chandu\\Reports\\NJS_Chandu\\20191213_073848\\1576203043473.png, C:\\Users\\chandu.t\\Katalon Studio\\NJS_Chandu\\Reports\\NJS_Chandu\\20191213_073848\\1576203053905.png, C:\\Users\\chandu.t\\Katalon Studio\\NJS_Chandu\\Reports\\NJS_Chandu\\20191213_073848\\1576203115843.png, C:\\Users\\chandu.t\\Katalon Studio\\NJS_Chandu\\Reports\\NJS_Chandu\\20191213_073848\\1576203126878.png, C:\\Users\\chandu.t\\Katalon Studio\\NJS_Chandu\\Reports\\NJS_Chandu\\20191213_073848\\1576203139815.png, C:\\Users\\chandu.t\\Katalon Studio\\NJS_Chandu\\Reports\\NJS_Chandu\\20191213_073848\\1576203234031.png, C:\\Users\\chandu.t\\Katalon Studio\\NJS_Chandu\\Reports\\NJS_Chandu\\20191213_073848\\1576203245386.png, C:\\Users\\chandu.t\\Katalon Studio\\NJS_Chandu\\Reports\\NJS_Chandu\\20191213_073848\\1576203255840.png"/>
         <property name="hostName" value="chandu.t - wlpt518.imidomain.com"/>
         <property name="os" value="Windows 10 64bit"/>
         <property name="katalonVersion" value="5.8.2.1"/>
         <property name="browser" value="Chrome 79.0.3945.79"/>
         <property name="hostAddress" value="10.0.0.9"/>
         <property name="sessionId" value="3b9b968aa4b8bdc7d6caee736e957470"/>
         <property name="seleniumVersion" value="3.7.1"/>
         <property name="proxyInformation" value="ProxyInformation{proxyOption=NO_PROXY, proxyServerType=HTTP, password=, proxyServerAddress=, proxyServerPort=0}"/>
         <property name="platform" value="Windows 10"/>
      </properties>
      <testcase name="Test Cases/deleteandupload3" classname="Test Cases/deleteandupload3" status="PASSED">
         <system-out><![CDATA[2019-12-13 07:38:56 - [TEST_CASE][PASSED] - Test Cases/deleteandupload3: Test Cases/deleteandupload3

2019-12-13 07:38:57 - [TEST_STEP][PASSED] - openBrowser: Browser is opened with url: 'https://www.naukri.com/'

2019-12-13 07:39:37 - [MESSAGE][PASSED] - Browser is opened with url: 'https://www.naukri.com/'

2019-12-13 07:39:37 - [TEST_STEP][PASSED] - closeWindowIndex: Window with index 1 is closed

2019-12-13 07:39:37 - [MESSAGE][PASSED] - Window with index 1 is closed

2019-12-13 07:39:37 - [TEST_STEP][PASSED] - closeWindowIndex: Window with index 1 is closed

2019-12-13 07:39:37 - [MESSAGE][PASSED] - Window with index 1 is closed

2019-12-13 07:39:37 - [TEST_STEP][PASSED] - switchToWindowIndex: Switched to window with index: '0'

2019-12-13 07:39:37 - [MESSAGE][PASSED] - Switched to window with index: '0'

2019-12-13 07:39:37 - [TEST_STEP][PASSED] - maximizeWindow: Current window maximized

2019-12-13 07:39:38 - [MESSAGE][PASSED] - Current window maximized

2019-12-13 07:39:38 - [TEST_STEP][PASSED] - click: Object: 'Object Repository/LoginButton' is clicked on

2019-12-13 07:39:39 - [MESSAGE][PASSED] - Object: 'Object Repository/LoginButton' is clicked on

2019-12-13 07:39:39 - [TEST_STEP][PASSED] - click: Object: 'Object Repository/GoogleButton' is clicked on

2019-12-13 07:39:40 - [MESSAGE][PASSED] - Object: 'Object Repository/GoogleButton' is clicked on

2019-12-13 07:39:40 - [TEST_STEP][PASSED] - switchToWindowIndex: Switched to window with index: '1'

2019-12-13 07:39:40 - [MESSAGE][PASSED] - Switched to window with index: '1'

2019-12-13 07:39:40 - [TEST_STEP][PASSED] - setText: Text 'chandut1024@gmail.com' is set on object 'Object Repository/UserName'

2019-12-13 07:39:54 - [MESSAGE][PASSED] - Text 'chandut1024@gmail.com' is set on object 'Object Repository/UserName'

2019-12-13 07:39:54 - [TEST_STEP][PASSED] - click: Object: 'Object Repository/NextButton' is clicked on

2019-12-13 07:39:55 - [MESSAGE][PASSED] - Object: 'Object Repository/NextButton' is clicked on

2019-12-13 07:39:55 - [TEST_STEP][PASSED] - delay: Delayed 5 second(s)

2019-12-13 07:40:00 - [MESSAGE][PASSED] - Delayed 5 second(s)

2019-12-13 07:40:00 - [TEST_STEP][PASSED] - setText: Text 'achala$123' is set on object 'Object Repository/Password'

2019-12-13 07:40:01 - [MESSAGE][PASSED] - Text 'achala$123' is set on object 'Object Repository/Password'

2019-12-13 07:40:01 - [TEST_STEP][PASSED] - click: Object: 'Object Repository/NextButton' is clicked on

2019-12-13 07:40:01 - [MESSAGE][PASSED] - Object: 'Object Repository/NextButton' is clicked on

2019-12-13 07:40:01 - [TEST_STEP][PASSED] - switchToWindowIndex: Switched to window with index: '0'

2019-12-13 07:40:01 - [MESSAGE][PASSED] - Switched to window with index: '0'

2019-12-13 07:40:01 - [TEST_STEP][PASSED] - delay: Delayed 10 second(s)

2019-12-13 07:40:11 - [MESSAGE][PASSED] - Delayed 10 second(s)

2019-12-13 07:40:11 - [TEST_STEP][PASSED] - click: Object: 'Object Repository/ProfileName' is clicked on

2019-12-13 07:40:15 - [MESSAGE][PASSED] - Object: 'Object Repository/ProfileName' is clicked on

2019-12-13 07:40:15 - [TEST_STEP][PASSED] - click: Object: 'Object Repository/DeleteResumeButton' is clicked on

2019-12-13 07:40:16 - [MESSAGE][PASSED] - Object: 'Object Repository/DeleteResumeButton' is clicked on

2019-12-13 07:40:16 - [TEST_STEP][PASSED] - click: Object: 'Object Repository/DeleteResumeConfirm' is clicked on

2019-12-13 07:40:16 - [MESSAGE][PASSED] - Object: 'Object Repository/DeleteResumeConfirm' is clicked on

2019-12-13 07:40:16 - [TEST_STEP][PASSED] - delay: Delayed 15 second(s)

2019-12-13 07:40:31 - [MESSAGE][PASSED] - Delayed 15 second(s)

2019-12-13 07:40:31 - [TEST_STEP][PASSED] - takeScreenshot: Taking screenshot successfully

2019-12-13 07:40:32 - [MESSAGE][PASSED] - Taking screenshot successfully
[[ATTACHMENT|C:\\Users\\chandu.t\\Katalon Studio\\NJS_Chandu\\Reports\\NJS_Chandu\\20191213_073848\\1576203031993.png]]

2019-12-13 07:40:32 - [TEST_STEP][PASSED] - uploadFile: File 'D:\chanduR\Resume3.docx' sent to object: 'Object Repository/UploadResumeButton'

2019-12-13 07:40:33 - [MESSAGE][PASSED] - File 'D:\chanduR\Resume3.docx' sent to object: 'Object Repository/UploadResumeButton'

2019-12-13 07:40:33 - [TEST_STEP][PASSED] - delay: Delayed 10 second(s)

2019-12-13 07:40:43 - [MESSAGE][PASSED] - Delayed 10 second(s)

2019-12-13 07:40:43 - [TEST_STEP][NOT_RUN] - click: NOT_RUN: click

2019-12-13 07:40:43 - [MESSAGE][NOT_RUN] - NOT_RUN: click

2019-12-13 07:40:43 - [TEST_STEP][NOT_RUN] - setText: NOT_RUN: setText

2019-12-13 07:40:43 - [MESSAGE][NOT_RUN] - NOT_RUN: setText

2019-12-13 07:40:43 - [TEST_STEP][NOT_RUN] - click: NOT_RUN: click

2019-12-13 07:40:43 - [MESSAGE][NOT_RUN] - NOT_RUN: click

2019-12-13 07:40:43 - [TEST_STEP][PASSED] - takeScreenshot: Taking screenshot successfully

2019-12-13 07:40:43 - [MESSAGE][PASSED] - Taking screenshot successfully
[[ATTACHMENT|C:\\Users\\chandu.t\\Katalon Studio\\NJS_Chandu\\Reports\\NJS_Chandu\\20191213_073848\\1576203043473.png]]

2019-12-13 07:40:43 - [TEST_STEP][PASSED] - refresh: Refresh successfully

2019-12-13 07:40:43 - [MESSAGE][PASSED] - Refresh successfully

2019-12-13 07:40:43 - [TEST_STEP][PASSED] - delay: Delayed 10 second(s)

2019-12-13 07:40:53 - [MESSAGE][PASSED] - Delayed 10 second(s)

2019-12-13 07:40:53 - [TEST_STEP][PASSED] - takeScreenshot: Taking screenshot successfully

2019-12-13 07:40:54 - [MESSAGE][PASSED] - Taking screenshot successfully
[[ATTACHMENT|C:\\Users\\chandu.t\\Katalon Studio\\NJS_Chandu\\Reports\\NJS_Chandu\\20191213_073848\\1576203053905.png]]

2019-12-13 07:40:54 - [TEST_STEP][PASSED] - closeBrowser: Browser is closed

2019-12-13 07:40:56 - [MESSAGE][PASSED] - Browser is closed]]></system-out>
         <system-err><![CDATA[]]></system-err>
      </testcase>
      <testcase name="Test Cases/deleteandupload2" classname="Test Cases/deleteandupload2" status="PASSED">
         <system-out><![CDATA[2019-12-13 07:40:56 - [TEST_CASE][PASSED] - Test Cases/deleteandupload2: Test Cases/deleteandupload2

2019-12-13 07:40:57 - [TEST_STEP][PASSED] - openBrowser: Browser is opened with url: 'https://www.naukri.com/'

2019-12-13 07:41:11 - [MESSAGE][PASSED] - Browser is opened with url: 'https://www.naukri.com/'

2019-12-13 07:41:11 - [TEST_STEP][PASSED] - closeWindowIndex: Window with index 1 is closed

2019-12-13 07:41:11 - [MESSAGE][PASSED] - Window with index 1 is closed

2019-12-13 07:41:11 - [TEST_STEP][PASSED] - closeWindowIndex: Window with index 1 is closed

2019-12-13 07:41:12 - [MESSAGE][PASSED] - Window with index 1 is closed

2019-12-13 07:41:12 - [TEST_STEP][PASSED] - switchToWindowIndex: Switched to window with index: '0'

2019-12-13 07:41:12 - [MESSAGE][PASSED] - Switched to window with index: '0'

2019-12-13 07:41:12 - [TEST_STEP][PASSED] - maximizeWindow: Current window maximized

2019-12-13 07:41:13 - [MESSAGE][PASSED] - Current window maximized

2019-12-13 07:41:13 - [TEST_STEP][PASSED] - click: Object: 'Object Repository/LoginButton' is clicked on

2019-12-13 07:41:13 - [MESSAGE][PASSED] - Object: 'Object Repository/LoginButton' is clicked on

2019-12-13 07:41:13 - [TEST_STEP][PASSED] - click: Object: 'Object Repository/GoogleButton' is clicked on

2019-12-13 07:41:14 - [MESSAGE][PASSED] - Object: 'Object Repository/GoogleButton' is clicked on

2019-12-13 07:41:14 - [TEST_STEP][PASSED] - switchToWindowIndex: Switched to window with index: '1'

2019-12-13 07:41:14 - [MESSAGE][PASSED] - Switched to window with index: '1'

2019-12-13 07:41:14 - [TEST_STEP][PASSED] - setText: Text 'chanduthota371@gmail.com' is set on object 'Object Repository/UserName'

2019-12-13 07:41:19 - [MESSAGE][PASSED] - Text 'chanduthota371@gmail.com' is set on object 'Object Repository/UserName'

2019-12-13 07:41:19 - [TEST_STEP][PASSED] - click: Object: 'Object Repository/NextButton' is clicked on

2019-12-13 07:41:20 - [MESSAGE][PASSED] - Object: 'Object Repository/NextButton' is clicked on

2019-12-13 07:41:20 - [TEST_STEP][PASSED] - delay: Delayed 5 second(s)

2019-12-13 07:41:25 - [MESSAGE][PASSED] - Delayed 5 second(s)

2019-12-13 07:41:25 - [TEST_STEP][PASSED] - setText: Text 'achala$123' is set on object 'Object Repository/Password'

2019-12-13 07:41:26 - [MESSAGE][PASSED] - Text 'achala$123' is set on object 'Object Repository/Password'

2019-12-13 07:41:26 - [TEST_STEP][PASSED] - click: Object: 'Object Repository/NextButton' is clicked on

2019-12-13 07:41:26 - [MESSAGE][PASSED] - Object: 'Object Repository/NextButton' is clicked on

2019-12-13 07:41:26 - [TEST_STEP][PASSED] - switchToWindowIndex: Switched to window with index: '0'

2019-12-13 07:41:26 - [MESSAGE][PASSED] - Switched to window with index: '0'

2019-12-13 07:41:26 - [TEST_STEP][PASSED] - delay: Delayed 10 second(s)

2019-12-13 07:41:36 - [MESSAGE][PASSED] - Delayed 10 second(s)

2019-12-13 07:41:36 - [TEST_STEP][PASSED] - click: Object: 'Object Repository/ProfileName' is clicked on

2019-12-13 07:41:39 - [MESSAGE][PASSED] - Object: 'Object Repository/ProfileName' is clicked on

2019-12-13 07:41:39 - [TEST_STEP][PASSED] - click: Object: 'Object Repository/DeleteResumeButton' is clicked on

2019-12-13 07:41:40 - [MESSAGE][PASSED] - Object: 'Object Repository/DeleteResumeButton' is clicked on

2019-12-13 07:41:40 - [TEST_STEP][PASSED] - click: Object: 'Object Repository/DeleteResumeConfirm' is clicked on

2019-12-13 07:41:40 - [MESSAGE][PASSED] - Object: 'Object Repository/DeleteResumeConfirm' is clicked on

2019-12-13 07:41:40 - [TEST_STEP][PASSED] - delay: Delayed 15 second(s)

2019-12-13 07:41:55 - [MESSAGE][PASSED] - Delayed 15 second(s)

2019-12-13 07:41:55 - [TEST_STEP][PASSED] - takeScreenshot: Taking screenshot successfully

2019-12-13 07:41:56 - [MESSAGE][PASSED] - Taking screenshot successfully
[[ATTACHMENT|C:\\Users\\chandu.t\\Katalon Studio\\NJS_Chandu\\Reports\\NJS_Chandu\\20191213_073848\\1576203115843.png]]

2019-12-13 07:41:56 - [TEST_STEP][PASSED] - uploadFile: File 'D:\chanduR\Resume2.docx' sent to object: 'Object Repository/UploadResumeButton'

2019-12-13 07:41:56 - [MESSAGE][PASSED] - File 'D:\chanduR\Resume2.docx' sent to object: 'Object Repository/UploadResumeButton'

2019-12-13 07:41:56 - [TEST_STEP][PASSED] - delay: Delayed 10 second(s)

2019-12-13 07:42:06 - [MESSAGE][PASSED] - Delayed 10 second(s)

2019-12-13 07:42:06 - [TEST_STEP][NOT_RUN] - click: NOT_RUN: click

2019-12-13 07:42:06 - [MESSAGE][NOT_RUN] - NOT_RUN: click

2019-12-13 07:42:06 - [TEST_STEP][NOT_RUN] - setText: NOT_RUN: setText

2019-12-13 07:42:06 - [MESSAGE][NOT_RUN] - NOT_RUN: setText

2019-12-13 07:42:06 - [TEST_STEP][NOT_RUN] - click: NOT_RUN: click

2019-12-13 07:42:06 - [MESSAGE][NOT_RUN] - NOT_RUN: click

2019-12-13 07:42:06 - [TEST_STEP][PASSED] - takeScreenshot: Taking screenshot successfully

2019-12-13 07:42:07 - [MESSAGE][PASSED] - Taking screenshot successfully
[[ATTACHMENT|C:\\Users\\chandu.t\\Katalon Studio\\NJS_Chandu\\Reports\\NJS_Chandu\\20191213_073848\\1576203126878.png]]

2019-12-13 07:42:07 - [TEST_STEP][PASSED] - refresh: Refresh successfully

2019-12-13 07:42:09 - [MESSAGE][PASSED] - Refresh successfully

2019-12-13 07:42:09 - [TEST_STEP][PASSED] - delay: Delayed 10 second(s)

2019-12-13 07:42:19 - [MESSAGE][PASSED] - Delayed 10 second(s)

2019-12-13 07:42:19 - [TEST_STEP][PASSED] - takeScreenshot: Taking screenshot successfully

2019-12-13 07:42:20 - [MESSAGE][PASSED] - Taking screenshot successfully
[[ATTACHMENT|C:\\Users\\chandu.t\\Katalon Studio\\NJS_Chandu\\Reports\\NJS_Chandu\\20191213_073848\\1576203139815.png]]

2019-12-13 07:42:20 - [TEST_STEP][PASSED] - closeBrowser: Browser is closed

2019-12-13 07:42:25 - [MESSAGE][PASSED] - Browser is closed]]></system-out>
         <system-err><![CDATA[]]></system-err>
      </testcase>
      <testcase name="Test Cases/deleteandupload1" classname="Test Cases/deleteandupload1" status="PASSED">
         <system-out><![CDATA[2019-12-13 07:42:25 - [TEST_CASE][PASSED] - Test Cases/deleteandupload1: Test Cases/deleteandupload1

2019-12-13 07:42:26 - [TEST_STEP][PASSED] - openBrowser: Browser is opened with url: 'https://www.naukri.com/'

2019-12-13 07:42:51 - [MESSAGE][PASSED] - Browser is opened with url: 'https://www.naukri.com/'

2019-12-13 07:42:51 - [TEST_STEP][PASSED] - closeWindowIndex: Window with index 1 is closed

2019-12-13 07:42:51 - [MESSAGE][PASSED] - Window with index 1 is closed

2019-12-13 07:42:51 - [TEST_STEP][PASSED] - closeWindowIndex: Window with index 1 is closed

2019-12-13 07:42:51 - [MESSAGE][PASSED] - Window with index 1 is closed

2019-12-13 07:42:51 - [TEST_STEP][PASSED] - switchToWindowIndex: Switched to window with index: '0'

2019-12-13 07:42:51 - [MESSAGE][PASSED] - Switched to window with index: '0'

2019-12-13 07:42:51 - [TEST_STEP][PASSED] - maximizeWindow: Current window maximized

2019-12-13 07:42:52 - [MESSAGE][PASSED] - Current window maximized

2019-12-13 07:42:52 - [TEST_STEP][PASSED] - click: Object: 'Object Repository/LoginButton' is clicked on

2019-12-13 07:42:53 - [MESSAGE][PASSED] - Object: 'Object Repository/LoginButton' is clicked on

2019-12-13 07:42:53 - [TEST_STEP][PASSED] - click: Object: 'Object Repository/GoogleButton' is clicked on

2019-12-13 07:42:53 - [MESSAGE][PASSED] - Object: 'Object Repository/GoogleButton' is clicked on

2019-12-13 07:42:53 - [TEST_STEP][PASSED] - switchToWindowIndex: Switched to window with index: '1'

2019-12-13 07:42:53 - [MESSAGE][PASSED] - Switched to window with index: '1'

2019-12-13 07:42:53 - [TEST_STEP][PASSED] - setText: Text 'thota.chandu1@gmail.com' is set on object 'Object Repository/UserName'

2019-12-13 07:43:16 - [MESSAGE][PASSED] - Text 'thota.chandu1@gmail.com' is set on object 'Object Repository/UserName'

2019-12-13 07:43:16 - [TEST_STEP][PASSED] - click: Object: 'Object Repository/NextButton' is clicked on

2019-12-13 07:43:17 - [MESSAGE][PASSED] - Object: 'Object Repository/NextButton' is clicked on

2019-12-13 07:43:17 - [TEST_STEP][PASSED] - delay: Delayed 5 second(s)

2019-12-13 07:43:22 - [MESSAGE][PASSED] - Delayed 5 second(s)

2019-12-13 07:43:22 - [TEST_STEP][PASSED] - setText: Text 'achala$123' is set on object 'Object Repository/Password'

2019-12-13 07:43:23 - [MESSAGE][PASSED] - Text 'achala$123' is set on object 'Object Repository/Password'

2019-12-13 07:43:23 - [TEST_STEP][PASSED] - click: Object: 'Object Repository/NextButton' is clicked on

2019-12-13 07:43:23 - [MESSAGE][PASSED] - Object: 'Object Repository/NextButton' is clicked on

2019-12-13 07:43:23 - [TEST_STEP][PASSED] - switchToWindowIndex: Switched to window with index: '0'

2019-12-13 07:43:24 - [MESSAGE][PASSED] - Switched to window with index: '0'

2019-12-13 07:43:24 - [TEST_STEP][PASSED] - delay: Delayed 10 second(s)

2019-12-13 07:43:34 - [MESSAGE][PASSED] - Delayed 10 second(s)

2019-12-13 07:43:34 - [TEST_STEP][PASSED] - click: Object: 'Object Repository/ProfileName' is clicked on

2019-12-13 07:43:37 - [MESSAGE][PASSED] - Object: 'Object Repository/ProfileName' is clicked on

2019-12-13 07:43:37 - [TEST_STEP][PASSED] - click: Object: 'Object Repository/DeleteResumeButton' is clicked on

2019-12-13 07:43:38 - [MESSAGE][PASSED] - Object: 'Object Repository/DeleteResumeButton' is clicked on

2019-12-13 07:43:38 - [TEST_STEP][PASSED] - click: Object: 'Object Repository/DeleteResumeConfirm' is clicked on

2019-12-13 07:43:39 - [MESSAGE][PASSED] - Object: 'Object Repository/DeleteResumeConfirm' is clicked on

2019-12-13 07:43:39 - [TEST_STEP][PASSED] - delay: Delayed 15 second(s)

2019-12-13 07:43:54 - [MESSAGE][PASSED] - Delayed 15 second(s)

2019-12-13 07:43:54 - [TEST_STEP][PASSED] - takeScreenshot: Taking screenshot successfully

2019-12-13 07:43:54 - [MESSAGE][PASSED] - Taking screenshot successfully
[[ATTACHMENT|C:\\Users\\chandu.t\\Katalon Studio\\NJS_Chandu\\Reports\\NJS_Chandu\\20191213_073848\\1576203234031.png]]

2019-12-13 07:43:54 - [TEST_STEP][PASSED] - uploadFile: File 'D:\chanduR\Resume1.docx' sent to object: 'Object Repository/UploadResumeButton'

2019-12-13 07:43:55 - [MESSAGE][PASSED] - File 'D:\chanduR\Resume1.docx' sent to object: 'Object Repository/UploadResumeButton'

2019-12-13 07:43:55 - [TEST_STEP][PASSED] - delay: Delayed 10 second(s)

2019-12-13 07:44:05 - [MESSAGE][PASSED] - Delayed 10 second(s)

2019-12-13 07:44:05 - [TEST_STEP][NOT_RUN] - click: NOT_RUN: click

2019-12-13 07:44:05 - [MESSAGE][NOT_RUN] - NOT_RUN: click

2019-12-13 07:44:05 - [TEST_STEP][NOT_RUN] - setText: NOT_RUN: setText

2019-12-13 07:44:05 - [MESSAGE][NOT_RUN] - NOT_RUN: setText

2019-12-13 07:44:05 - [TEST_STEP][NOT_RUN] - click: NOT_RUN: click

2019-12-13 07:44:05 - [MESSAGE][NOT_RUN] - NOT_RUN: click

2019-12-13 07:44:05 - [TEST_STEP][PASSED] - takeScreenshot: Taking screenshot successfully

2019-12-13 07:44:05 - [MESSAGE][PASSED] - Taking screenshot successfully
[[ATTACHMENT|C:\\Users\\chandu.t\\Katalon Studio\\NJS_Chandu\\Reports\\NJS_Chandu\\20191213_073848\\1576203245386.png]]

2019-12-13 07:44:05 - [TEST_STEP][PASSED] - refresh: Refresh successfully

2019-12-13 07:44:05 - [MESSAGE][PASSED] - Refresh successfully

2019-12-13 07:44:05 - [TEST_STEP][PASSED] - delay: Delayed 10 second(s)

2019-12-13 07:44:15 - [MESSAGE][PASSED] - Delayed 10 second(s)

2019-12-13 07:44:15 - [TEST_STEP][PASSED] - takeScreenshot: Taking screenshot successfully

2019-12-13 07:44:16 - [MESSAGE][PASSED] - Taking screenshot successfully
[[ATTACHMENT|C:\\Users\\chandu.t\\Katalon Studio\\NJS_Chandu\\Reports\\NJS_Chandu\\20191213_073848\\1576203255840.png]]

2019-12-13 07:44:16 - [TEST_STEP][PASSED] - closeBrowser: Browser is closed

2019-12-13 07:44:17 - [MESSAGE][PASSED] - Browser is closed]]></system-out>
         <system-err><![CDATA[]]></system-err>
      </testcase>
      <system-out><![CDATA[2019-12-13 07:38:55 - [TEST_SUITE][PASSED] - NJS_Chandu: Test Cases/deleteandupload1]]></system-out>
      <system-err><![CDATA[]]></system-err>
   </testsuite>
</testsuites>
