<?xml version="1.0" encoding="UTF-8"?>
<testsuites name="NJS_Chandu" time="276.808" tests="3" failures="0" errors="0">
   <testsuite name="NJS_Chandu" tests="3" failures="0" errors="0" time="276.808" timestamp="2019-12-17 11:31:28" hostname="chandu.t - wlpt518.imidomain.com" id="Test Suites/NJS_Chandu">
      <properties>
         <property name="deviceName" value=""/>
         <property name="devicePlatform" value=""/>
         <property name="logFolder" value="C:\\Users\\chandu.t\\Katalon Studio\\NJS_Chandu\\Reports\\20191217_113123\\NJS_Chandu\\20191217_113123"/>
         <property name="logFiles" value="C:\\Users\\chandu.t\\Katalon Studio\\NJS_Chandu\\Reports\\20191217_113123\\NJS_Chandu\\20191217_113123\\execution0.log"/>
         <property name="attachments" value="C:\\Users\\chandu.t\\Katalon Studio\\NJS_Chandu\\Reports\\20191217_113123\\NJS_Chandu\\20191217_113123\\1576562562164.png, C:\\Users\\chandu.t\\Katalon Studio\\NJS_Chandu\\Reports\\20191217_113123\\NJS_Chandu\\20191217_113123\\1576562573388.png, C:\\Users\\chandu.t\\Katalon Studio\\NJS_Chandu\\Reports\\20191217_113123\\NJS_Chandu\\20191217_113123\\1576562585470.png, C:\\Users\\chandu.t\\Katalon Studio\\NJS_Chandu\\Reports\\20191217_113123\\NJS_Chandu\\20191217_113123\\1576562653089.png, C:\\Users\\chandu.t\\Katalon Studio\\NJS_Chandu\\Reports\\20191217_113123\\NJS_Chandu\\20191217_113123\\1576562663898.png, C:\\Users\\chandu.t\\Katalon Studio\\NJS_Chandu\\Reports\\20191217_113123\\NJS_Chandu\\20191217_113123\\1576562674763.png, C:\\Users\\chandu.t\\Katalon Studio\\NJS_Chandu\\Reports\\20191217_113123\\NJS_Chandu\\20191217_113123\\1576562742979.png, C:\\Users\\chandu.t\\Katalon Studio\\NJS_Chandu\\Reports\\20191217_113123\\NJS_Chandu\\20191217_113123\\1576562753759.png, C:\\Users\\chandu.t\\Katalon Studio\\NJS_Chandu\\Reports\\20191217_113123\\NJS_Chandu\\20191217_113123\\1576562764264.png"/>
         <property name="hostName" value="chandu.t - wlpt518.imidomain.com"/>
         <property name="os" value="Windows 10 64bit"/>
         <property name="katalonVersion" value="7.1.2.1"/>
         <property name="browser" value="Chrome 77.0.3865.75"/>
         <property name="hostAddress" value="10.0.26.179"/>
         <property name="sessionId" value="3986126a592077bd585f13f117fa6389"/>
         <property name="seleniumVersion" value="3.141.59"/>
         <property name="proxyInformation" value="ProxyInformation{proxyOption=NO_PROXY, proxyServerType=HTTP, password=, proxyServerAddress=, proxyServerPort=0, executionList=}"/>
         <property name="platform" value="Windows 10"/>
      </properties>
      <testcase name="Test Cases/deleteandupload3" time="97.924" classname="Test Cases/deleteandupload3" status="PASSED">
         <system-out><![CDATA[2019-12-17 11:31:29 - [TEST_CASE][PASSED] - Test Cases/deleteandupload3: Test Cases/deleteandupload3

2019-12-17 11:31:30 - [TEST_STEP][PASSED] - openBrowser(findTestData("LoginDetailsNJS").getValue(1, 3)): Browser is opened with url: 'https://www.naukri.com/'

2019-12-17 11:31:32 - [MESSAGE][INFO] - Starting 'Chrome' driver

2019-12-17 11:31:33 - [MESSAGE][INFO] - User set preference: ['args', '[--incognito]']

2019-12-17 11:31:33 - [MESSAGE][INFO] - Action delay is set to 0 seconds

2019-12-17 11:31:59 - [MESSAGE][PASSED] - Browser is opened with url: 'https://www.naukri.com/'

2019-12-17 11:31:59 - [TEST_STEP][PASSED] - closeWindowIndex(1): Window with index 1 is closed

2019-12-17 11:32:01 - [MESSAGE][PASSED] - Window with index 1 is closed

2019-12-17 11:32:01 - [TEST_STEP][PASSED] - closeWindowIndex(1): Window with index 1 is closed

2019-12-17 11:32:02 - [MESSAGE][PASSED] - Window with index 1 is closed

2019-12-17 11:32:02 - [TEST_STEP][PASSED] - switchToWindowIndex(0): Switched to window with index: '0'

2019-12-17 11:32:02 - [MESSAGE][PASSED] - Switched to window with index: '0'

2019-12-17 11:32:02 - [TEST_STEP][PASSED] - maximizeWindow(): Current window maximized

2019-12-17 11:32:03 - [MESSAGE][PASSED] - Current window maximized

2019-12-17 11:32:03 - [TEST_STEP][PASSED] - click(findTestObject("LoginButton")): Object: 'Object Repository/LoginButton' is clicked on

2019-12-17 11:32:04 - [MESSAGE][PASSED] - Object: 'Object Repository/LoginButton' is clicked on

2019-12-17 11:32:04 - [TEST_STEP][PASSED] - click(findTestObject("GoogleButton")): Object: 'Object Repository/GoogleButton' is clicked on

2019-12-17 11:32:04 - [MESSAGE][PASSED] - Object: 'Object Repository/GoogleButton' is clicked on

2019-12-17 11:32:04 - [TEST_STEP][PASSED] - switchToWindowIndex(1): Switched to window with index: '1'

2019-12-17 11:32:07 - [MESSAGE][PASSED] - Switched to window with index: '1'

2019-12-17 11:32:07 - [TEST_STEP][PASSED] - setText(findTestObject("UserName"), findTestData("LoginDetailsNJS").getValue(2, 3)): Text 'chandut1024@gmail.com' is set on object 'Object Repository/UserName'

2019-12-17 11:32:08 - [MESSAGE][PASSED] - Text 'chandut1024@gmail.com' is set on object 'Object Repository/UserName'

2019-12-17 11:32:08 - [TEST_STEP][PASSED] - click(findTestObject("NextButton")): Object: 'Object Repository/NextButton' is clicked on

2019-12-17 11:32:09 - [MESSAGE][PASSED] - Object: 'Object Repository/NextButton' is clicked on

2019-12-17 11:32:09 - [TEST_STEP][PASSED] - delay(5): Delayed 5 second(s)

2019-12-17 11:32:14 - [MESSAGE][PASSED] - Delayed 5 second(s)

2019-12-17 11:32:14 - [TEST_STEP][PASSED] - setText(findTestObject("Password"), findTestData("LoginDetailsNJS").getValue(3, 3)): Text 'achala$123' is set on object 'Object Repository/Password'

2019-12-17 11:32:14 - [MESSAGE][PASSED] - Text 'achala$123' is set on object 'Object Repository/Password'

2019-12-17 11:32:14 - [TEST_STEP][PASSED] - click(findTestObject("NextButton")): Object: 'Object Repository/NextButton' is clicked on

2019-12-17 11:32:14 - [MESSAGE][PASSED] - Object: 'Object Repository/NextButton' is clicked on

2019-12-17 11:32:14 - [TEST_STEP][PASSED] - switchToWindowIndex(0): Switched to window with index: '0'

2019-12-17 11:32:14 - [MESSAGE][PASSED] - Switched to window with index: '0'

2019-12-17 11:32:14 - [TEST_STEP][PASSED] - delay(10): Delayed 10 second(s)

2019-12-17 11:32:24 - [MESSAGE][PASSED] - Delayed 10 second(s)

2019-12-17 11:32:24 - [TEST_STEP][PASSED] - click(findTestObject("ProfileName")): Object: 'Object Repository/ProfileName' is clicked on

2019-12-17 11:32:26 - [MESSAGE][PASSED] - Object: 'Object Repository/ProfileName' is clicked on

2019-12-17 11:32:26 - [TEST_STEP][PASSED] - click(findTestObject("DeleteResumeButton")): Object: 'Object Repository/DeleteResumeButton' is clicked on

2019-12-17 11:32:26 - [MESSAGE][PASSED] - Object: 'Object Repository/DeleteResumeButton' is clicked on

2019-12-17 11:32:26 - [TEST_STEP][PASSED] - click(findTestObject("DeleteResumeConfirm")): Object: 'Object Repository/DeleteResumeConfirm' is clicked on

2019-12-17 11:32:27 - [MESSAGE][PASSED] - Object: 'Object Repository/DeleteResumeConfirm' is clicked on

2019-12-17 11:32:27 - [TEST_STEP][PASSED] - delay(15): Delayed 15 second(s)

2019-12-17 11:32:42 - [MESSAGE][PASSED] - Delayed 15 second(s)

2019-12-17 11:32:42 - [TEST_STEP][PASSED] - takeScreenshot(): Taking screenshot successfully

2019-12-17 11:32:42 - [MESSAGE][PASSED] - Taking screenshot successfully
[[ATTACHMENT|C:\\Users\\chandu.t\\Katalon Studio\\NJS_Chandu\\Reports\\20191217_113123\\NJS_Chandu\\20191217_113123\\1576562562164.png]]

2019-12-17 11:32:42 - [TEST_STEP][PASSED] - uploadFile(findTestObject("UploadResumeButton"), findTestData("LoginDetailsNJS").getValue(5, 3)): File 'D:\chanduR\Resume3.docx' sent to object: 'Object Repository/UploadResumeButton'

2019-12-17 11:32:43 - [MESSAGE][PASSED] - File 'D:\chanduR\Resume3.docx' sent to object: 'Object Repository/UploadResumeButton'

2019-12-17 11:32:43 - [TEST_STEP][PASSED] - delay(10): Delayed 10 second(s)

2019-12-17 11:32:53 - [MESSAGE][PASSED] - Delayed 10 second(s)

2019-12-17 11:32:53 - [TEST_STEP][NOT_RUN] - click(findTestObject("EditResumeHeadline")): NOT_RUN: click(findTestObject("EditResumeHeadline"))

2019-12-17 11:32:53 - [MESSAGE][NOT_RUN] - NOT_RUN: click(findTestObject("EditResumeHeadline"))

2019-12-17 11:32:53 - [TEST_STEP][NOT_RUN] - setText(findTestObject("ResumeHeadLineText"), "."): NOT_RUN: setText(findTestObject("ResumeHeadLineText"), ".")

2019-12-17 11:32:53 - [MESSAGE][NOT_RUN] - NOT_RUN: setText(findTestObject("ResumeHeadLineText"), ".")

2019-12-17 11:32:53 - [TEST_STEP][NOT_RUN] - click(findTestObject("SaveResumeHeadLineButton")): NOT_RUN: click(findTestObject("SaveResumeHeadLineButton"))

2019-12-17 11:32:53 - [MESSAGE][NOT_RUN] - NOT_RUN: click(findTestObject("SaveResumeHeadLineButton"))

2019-12-17 11:32:53 - [TEST_STEP][PASSED] - takeScreenshot(): Taking screenshot successfully

2019-12-17 11:32:53 - [MESSAGE][PASSED] - Taking screenshot successfully
[[ATTACHMENT|C:\\Users\\chandu.t\\Katalon Studio\\NJS_Chandu\\Reports\\20191217_113123\\NJS_Chandu\\20191217_113123\\1576562573388.png]]

2019-12-17 11:32:53 - [TEST_STEP][PASSED] - refresh(): Refresh successfully

2019-12-17 11:32:55 - [MESSAGE][PASSED] - Refresh successfully

2019-12-17 11:32:55 - [TEST_STEP][PASSED] - delay(10): Delayed 10 second(s)

2019-12-17 11:33:05 - [MESSAGE][PASSED] - Delayed 10 second(s)

2019-12-17 11:33:05 - [TEST_STEP][PASSED] - takeScreenshot(): Taking screenshot successfully

2019-12-17 11:33:06 - [MESSAGE][PASSED] - Taking screenshot successfully
[[ATTACHMENT|C:\\Users\\chandu.t\\Katalon Studio\\NJS_Chandu\\Reports\\20191217_113123\\NJS_Chandu\\20191217_113123\\1576562585470.png]]

2019-12-17 11:33:06 - [TEST_STEP][PASSED] - closeBrowser(): Browser is closed

2019-12-17 11:33:07 - [MESSAGE][PASSED] - Browser is closed]]></system-out>
         <system-err><![CDATA[]]></system-err>
      </testcase>
      <testcase name="Test Cases/deleteandupload2" time="89.48" classname="Test Cases/deleteandupload2" status="PASSED">
         <system-out><![CDATA[2019-12-17 11:33:07 - [TEST_CASE][PASSED] - Test Cases/deleteandupload2: Test Cases/deleteandupload2

2019-12-17 11:33:07 - [TEST_STEP][PASSED] - openBrowser(findTestData("LoginDetailsNJS").getValue(1, 2)): Browser is opened with url: 'https://www.naukri.com/'

2019-12-17 11:33:07 - [MESSAGE][INFO] - Starting 'Chrome' driver

2019-12-17 11:33:07 - [MESSAGE][INFO] - User set preference: ['args', '[--incognito]']

2019-12-17 11:33:31 - [MESSAGE][PASSED] - Browser is opened with url: 'https://www.naukri.com/'

2019-12-17 11:33:31 - [TEST_STEP][PASSED] - closeWindowIndex(1): Window with index 1 is closed

2019-12-17 11:33:32 - [MESSAGE][PASSED] - Window with index 1 is closed

2019-12-17 11:33:32 - [TEST_STEP][PASSED] - closeWindowIndex(1): Window with index 1 is closed

2019-12-17 11:33:33 - [MESSAGE][PASSED] - Window with index 1 is closed

2019-12-17 11:33:33 - [TEST_STEP][PASSED] - switchToWindowIndex(0): Switched to window with index: '0'

2019-12-17 11:33:33 - [MESSAGE][PASSED] - Switched to window with index: '0'

2019-12-17 11:33:33 - [TEST_STEP][PASSED] - maximizeWindow(): Current window maximized

2019-12-17 11:33:35 - [MESSAGE][PASSED] - Current window maximized

2019-12-17 11:33:35 - [TEST_STEP][PASSED] - click(findTestObject("LoginButton")): Object: 'Object Repository/LoginButton' is clicked on

2019-12-17 11:33:35 - [MESSAGE][PASSED] - Object: 'Object Repository/LoginButton' is clicked on

2019-12-17 11:33:35 - [TEST_STEP][PASSED] - click(findTestObject("GoogleButton")): Object: 'Object Repository/GoogleButton' is clicked on

2019-12-17 11:33:36 - [MESSAGE][PASSED] - Object: 'Object Repository/GoogleButton' is clicked on

2019-12-17 11:33:36 - [TEST_STEP][PASSED] - switchToWindowIndex(1): Switched to window with index: '1'

2019-12-17 11:33:38 - [MESSAGE][PASSED] - Switched to window with index: '1'

2019-12-17 11:33:38 - [TEST_STEP][PASSED] - setText(findTestObject("UserName"), findTestData("LoginDetailsNJS").getValue(2, 2)): Text 'chanduthota371@gmail.com' is set on object 'Object Repository/UserName'

2019-12-17 11:33:38 - [MESSAGE][PASSED] - Text 'chanduthota371@gmail.com' is set on object 'Object Repository/UserName'

2019-12-17 11:33:38 - [TEST_STEP][PASSED] - click(findTestObject("NextButton")): Object: 'Object Repository/NextButton' is clicked on

2019-12-17 11:33:39 - [MESSAGE][PASSED] - Object: 'Object Repository/NextButton' is clicked on

2019-12-17 11:33:39 - [TEST_STEP][PASSED] - delay(5): Delayed 5 second(s)

2019-12-17 11:33:44 - [MESSAGE][PASSED] - Delayed 5 second(s)

2019-12-17 11:33:44 - [TEST_STEP][PASSED] - setText(findTestObject("Password"), findTestData("LoginDetailsNJS").getValue(3, 2)): Text 'achala$123' is set on object 'Object Repository/Password'

2019-12-17 11:33:44 - [MESSAGE][PASSED] - Text 'achala$123' is set on object 'Object Repository/Password'

2019-12-17 11:33:44 - [TEST_STEP][PASSED] - click(findTestObject("NextButton")): Object: 'Object Repository/NextButton' is clicked on

2019-12-17 11:33:45 - [MESSAGE][PASSED] - Object: 'Object Repository/NextButton' is clicked on

2019-12-17 11:33:45 - [TEST_STEP][PASSED] - switchToWindowIndex(0): Switched to window with index: '0'

2019-12-17 11:33:45 - [MESSAGE][PASSED] - Switched to window with index: '0'

2019-12-17 11:33:45 - [TEST_STEP][PASSED] - delay(10): Delayed 10 second(s)

2019-12-17 11:33:55 - [MESSAGE][PASSED] - Delayed 10 second(s)

2019-12-17 11:33:55 - [TEST_STEP][PASSED] - click(findTestObject("ProfileName")): Object: 'Object Repository/ProfileName' is clicked on

2019-12-17 11:33:57 - [MESSAGE][PASSED] - Object: 'Object Repository/ProfileName' is clicked on

2019-12-17 11:33:57 - [TEST_STEP][PASSED] - click(findTestObject("DeleteResumeButton")): Object: 'Object Repository/DeleteResumeButton' is clicked on

2019-12-17 11:33:57 - [MESSAGE][PASSED] - Object: 'Object Repository/DeleteResumeButton' is clicked on

2019-12-17 11:33:57 - [TEST_STEP][PASSED] - click(findTestObject("DeleteResumeConfirm")): Object: 'Object Repository/DeleteResumeConfirm' is clicked on

2019-12-17 11:33:58 - [MESSAGE][PASSED] - Object: 'Object Repository/DeleteResumeConfirm' is clicked on

2019-12-17 11:33:58 - [TEST_STEP][PASSED] - delay(15): Delayed 15 second(s)

2019-12-17 11:34:13 - [MESSAGE][PASSED] - Delayed 15 second(s)

2019-12-17 11:34:13 - [TEST_STEP][PASSED] - takeScreenshot(): Taking screenshot successfully

2019-12-17 11:34:13 - [MESSAGE][PASSED] - Taking screenshot successfully
[[ATTACHMENT|C:\\Users\\chandu.t\\Katalon Studio\\NJS_Chandu\\Reports\\20191217_113123\\NJS_Chandu\\20191217_113123\\1576562653089.png]]

2019-12-17 11:34:13 - [TEST_STEP][PASSED] - uploadFile(findTestObject("UploadResumeButton"), findTestData("LoginDetailsNJS").getValue(5, 2)): File 'D:\chanduR\Resume2.docx' sent to object: 'Object Repository/UploadResumeButton'

2019-12-17 11:34:13 - [MESSAGE][PASSED] - File 'D:\chanduR\Resume2.docx' sent to object: 'Object Repository/UploadResumeButton'

2019-12-17 11:34:13 - [TEST_STEP][PASSED] - delay(10): Delayed 10 second(s)

2019-12-17 11:34:23 - [MESSAGE][PASSED] - Delayed 10 second(s)

2019-12-17 11:34:23 - [TEST_STEP][NOT_RUN] - click(findTestObject("EditResumeHeadline")): NOT_RUN: click(findTestObject("EditResumeHeadline"))

2019-12-17 11:34:23 - [MESSAGE][NOT_RUN] - NOT_RUN: click(findTestObject("EditResumeHeadline"))

2019-12-17 11:34:23 - [TEST_STEP][NOT_RUN] - setText(findTestObject("ResumeHeadLineText"), "."): NOT_RUN: setText(findTestObject("ResumeHeadLineText"), ".")

2019-12-17 11:34:23 - [MESSAGE][NOT_RUN] - NOT_RUN: setText(findTestObject("ResumeHeadLineText"), ".")

2019-12-17 11:34:23 - [TEST_STEP][NOT_RUN] - click(findTestObject("SaveResumeHeadLineButton")): NOT_RUN: click(findTestObject("SaveResumeHeadLineButton"))

2019-12-17 11:34:23 - [MESSAGE][NOT_RUN] - NOT_RUN: click(findTestObject("SaveResumeHeadLineButton"))

2019-12-17 11:34:23 - [TEST_STEP][PASSED] - takeScreenshot(): Taking screenshot successfully

2019-12-17 11:34:24 - [MESSAGE][PASSED] - Taking screenshot successfully
[[ATTACHMENT|C:\\Users\\chandu.t\\Katalon Studio\\NJS_Chandu\\Reports\\20191217_113123\\NJS_Chandu\\20191217_113123\\1576562663898.png]]

2019-12-17 11:34:24 - [TEST_STEP][PASSED] - refresh(): Refresh successfully

2019-12-17 11:34:24 - [MESSAGE][PASSED] - Refresh successfully

2019-12-17 11:34:24 - [TEST_STEP][PASSED] - delay(10): Delayed 10 second(s)

2019-12-17 11:34:34 - [MESSAGE][PASSED] - Delayed 10 second(s)

2019-12-17 11:34:34 - [TEST_STEP][PASSED] - takeScreenshot(): Taking screenshot successfully

2019-12-17 11:34:35 - [MESSAGE][PASSED] - Taking screenshot successfully
[[ATTACHMENT|C:\\Users\\chandu.t\\Katalon Studio\\NJS_Chandu\\Reports\\20191217_113123\\NJS_Chandu\\20191217_113123\\1576562674763.png]]

2019-12-17 11:34:35 - [TEST_STEP][PASSED] - closeBrowser(): Browser is closed

2019-12-17 11:34:36 - [MESSAGE][PASSED] - Browser is closed]]></system-out>
         <system-err><![CDATA[]]></system-err>
      </testcase>
      <testcase name="Test Cases/deleteandupload1" time="88.673" classname="Test Cases/deleteandupload1" status="PASSED">
         <system-out><![CDATA[2019-12-17 11:34:36 - [TEST_CASE][PASSED] - Test Cases/deleteandupload1: Test Cases/deleteandupload1

2019-12-17 11:34:37 - [TEST_STEP][PASSED] - openBrowser(findTestData("LoginDetailsNJS").getValue(1, 1)): Browser is opened with url: 'https://www.naukri.com/'

2019-12-17 11:34:37 - [MESSAGE][INFO] - Starting 'Chrome' driver

2019-12-17 11:34:37 - [MESSAGE][INFO] - User set preference: ['args', '[--incognito]']

2019-12-17 11:35:01 - [MESSAGE][PASSED] - Browser is opened with url: 'https://www.naukri.com/'

2019-12-17 11:35:01 - [TEST_STEP][PASSED] - closeWindowIndex(1): Window with index 1 is closed

2019-12-17 11:35:02 - [MESSAGE][PASSED] - Window with index 1 is closed

2019-12-17 11:35:02 - [TEST_STEP][PASSED] - closeWindowIndex(1): Window with index 1 is closed

2019-12-17 11:35:04 - [MESSAGE][PASSED] - Window with index 1 is closed

2019-12-17 11:35:04 - [TEST_STEP][PASSED] - switchToWindowIndex(0): Switched to window with index: '0'

2019-12-17 11:35:04 - [MESSAGE][PASSED] - Switched to window with index: '0'

2019-12-17 11:35:04 - [TEST_STEP][PASSED] - maximizeWindow(): Current window maximized

2019-12-17 11:35:05 - [MESSAGE][PASSED] - Current window maximized

2019-12-17 11:35:05 - [TEST_STEP][PASSED] - click(findTestObject("LoginButton")): Object: 'Object Repository/LoginButton' is clicked on

2019-12-17 11:35:05 - [MESSAGE][PASSED] - Object: 'Object Repository/LoginButton' is clicked on

2019-12-17 11:35:05 - [TEST_STEP][PASSED] - click(findTestObject("GoogleButton")): Object: 'Object Repository/GoogleButton' is clicked on

2019-12-17 11:35:06 - [MESSAGE][PASSED] - Object: 'Object Repository/GoogleButton' is clicked on

2019-12-17 11:35:06 - [TEST_STEP][PASSED] - switchToWindowIndex(1): Switched to window with index: '1'

2019-12-17 11:35:07 - [MESSAGE][PASSED] - Switched to window with index: '1'

2019-12-17 11:35:07 - [TEST_STEP][PASSED] - setText(findTestObject("UserName"), findTestData("LoginDetailsNJS").getValue(2, 1)): Text 'thota.chandu1@gmail.com' is set on object 'Object Repository/UserName'

2019-12-17 11:35:08 - [MESSAGE][PASSED] - Text 'thota.chandu1@gmail.com' is set on object 'Object Repository/UserName'

2019-12-17 11:35:08 - [TEST_STEP][PASSED] - click(findTestObject("NextButton")): Object: 'Object Repository/NextButton' is clicked on

2019-12-17 11:35:09 - [MESSAGE][PASSED] - Object: 'Object Repository/NextButton' is clicked on

2019-12-17 11:35:09 - [TEST_STEP][PASSED] - delay(5): Delayed 5 second(s)

2019-12-17 11:35:14 - [MESSAGE][PASSED] - Delayed 5 second(s)

2019-12-17 11:35:14 - [TEST_STEP][PASSED] - setText(findTestObject("Password"), findTestData("LoginDetailsNJS").getValue(3, 1)): Text 'achala$123' is set on object 'Object Repository/Password'

2019-12-17 11:35:14 - [MESSAGE][PASSED] - Text 'achala$123' is set on object 'Object Repository/Password'

2019-12-17 11:35:14 - [TEST_STEP][PASSED] - click(findTestObject("NextButton")): Object: 'Object Repository/NextButton' is clicked on

2019-12-17 11:35:15 - [MESSAGE][PASSED] - Object: 'Object Repository/NextButton' is clicked on

2019-12-17 11:35:15 - [TEST_STEP][PASSED] - switchToWindowIndex(0): Switched to window with index: '0'

2019-12-17 11:35:15 - [MESSAGE][PASSED] - Switched to window with index: '0'

2019-12-17 11:35:15 - [TEST_STEP][PASSED] - delay(10): Delayed 10 second(s)

2019-12-17 11:35:25 - [MESSAGE][PASSED] - Delayed 10 second(s)

2019-12-17 11:35:25 - [TEST_STEP][PASSED] - click(findTestObject("ProfileName")): Object: 'Object Repository/ProfileName' is clicked on

2019-12-17 11:35:27 - [MESSAGE][PASSED] - Object: 'Object Repository/ProfileName' is clicked on

2019-12-17 11:35:27 - [TEST_STEP][PASSED] - click(findTestObject("DeleteResumeButton")): Object: 'Object Repository/DeleteResumeButton' is clicked on

2019-12-17 11:35:27 - [MESSAGE][PASSED] - Object: 'Object Repository/DeleteResumeButton' is clicked on

2019-12-17 11:35:27 - [TEST_STEP][PASSED] - click(findTestObject("DeleteResumeConfirm")): Object: 'Object Repository/DeleteResumeConfirm' is clicked on

2019-12-17 11:35:27 - [MESSAGE][PASSED] - Object: 'Object Repository/DeleteResumeConfirm' is clicked on

2019-12-17 11:35:27 - [TEST_STEP][PASSED] - delay(15): Delayed 15 second(s)

2019-12-17 11:35:42 - [MESSAGE][PASSED] - Delayed 15 second(s)

2019-12-17 11:35:42 - [TEST_STEP][PASSED] - takeScreenshot(): Taking screenshot successfully

2019-12-17 11:35:43 - [MESSAGE][PASSED] - Taking screenshot successfully
[[ATTACHMENT|C:\\Users\\chandu.t\\Katalon Studio\\NJS_Chandu\\Reports\\20191217_113123\\NJS_Chandu\\20191217_113123\\1576562742979.png]]

2019-12-17 11:35:43 - [TEST_STEP][PASSED] - uploadFile(findTestObject("UploadResumeButton"), findTestData("LoginDetailsNJS").getValue(5, 1)): File 'D:\chanduR\Resume1.docx' sent to object: 'Object Repository/UploadResumeButton'

2019-12-17 11:35:43 - [MESSAGE][PASSED] - File 'D:\chanduR\Resume1.docx' sent to object: 'Object Repository/UploadResumeButton'

2019-12-17 11:35:43 - [TEST_STEP][PASSED] - delay(10): Delayed 10 second(s)

2019-12-17 11:35:53 - [MESSAGE][PASSED] - Delayed 10 second(s)

2019-12-17 11:35:53 - [TEST_STEP][NOT_RUN] - click(findTestObject("EditResumeHeadline")): NOT_RUN: click(findTestObject("EditResumeHeadline"))

2019-12-17 11:35:53 - [MESSAGE][NOT_RUN] - NOT_RUN: click(findTestObject("EditResumeHeadline"))

2019-12-17 11:35:53 - [TEST_STEP][NOT_RUN] - setText(findTestObject("ResumeHeadLineText"), "."): NOT_RUN: setText(findTestObject("ResumeHeadLineText"), ".")

2019-12-17 11:35:53 - [MESSAGE][NOT_RUN] - NOT_RUN: setText(findTestObject("ResumeHeadLineText"), ".")

2019-12-17 11:35:53 - [TEST_STEP][NOT_RUN] - click(findTestObject("SaveResumeHeadLineButton")): NOT_RUN: click(findTestObject("SaveResumeHeadLineButton"))

2019-12-17 11:35:53 - [MESSAGE][NOT_RUN] - NOT_RUN: click(findTestObject("SaveResumeHeadLineButton"))

2019-12-17 11:35:53 - [TEST_STEP][PASSED] - takeScreenshot(): Taking screenshot successfully

2019-12-17 11:35:54 - [MESSAGE][PASSED] - Taking screenshot successfully
[[ATTACHMENT|C:\\Users\\chandu.t\\Katalon Studio\\NJS_Chandu\\Reports\\20191217_113123\\NJS_Chandu\\20191217_113123\\1576562753759.png]]

2019-12-17 11:35:54 - [TEST_STEP][PASSED] - refresh(): Refresh successfully

2019-12-17 11:35:54 - [MESSAGE][PASSED] - Refresh successfully

2019-12-17 11:35:54 - [TEST_STEP][PASSED] - delay(10): Delayed 10 second(s)

2019-12-17 11:36:04 - [MESSAGE][PASSED] - Delayed 10 second(s)

2019-12-17 11:36:04 - [TEST_STEP][PASSED] - takeScreenshot(): Taking screenshot successfully

2019-12-17 11:36:04 - [MESSAGE][PASSED] - Taking screenshot successfully
[[ATTACHMENT|C:\\Users\\chandu.t\\Katalon Studio\\NJS_Chandu\\Reports\\20191217_113123\\NJS_Chandu\\20191217_113123\\1576562764264.png]]

2019-12-17 11:36:04 - [TEST_STEP][PASSED] - closeBrowser(): Browser is closed

2019-12-17 11:36:05 - [MESSAGE][PASSED] - Browser is closed]]></system-out>
         <system-err><![CDATA[]]></system-err>
      </testcase>
      <system-out><![CDATA[2019-12-17 11:31:28 - [TEST_SUITE][PASSED] - NJS_Chandu: Test Cases/deleteandupload1]]></system-out>
      <system-err><![CDATA[]]></system-err>
   </testsuite>
</testsuites>
