<?xml version="1.0" encoding="UTF-8"?>
<testsuites name="NJS_Chandu" time="306.215" tests="3" failures="0" errors="0">
   <testsuite name="NJS_Chandu" tests="3" failures="0" errors="0" time="306.215" timestamp="2020-01-23 07:26:39" hostname="chandu.t - wlpt518.imidomain.com" id="Test Suites/NJS_Chandu">
      <properties>
         <property name="deviceName" value=""/>
         <property name="devicePlatform" value=""/>
         <property name="logFolder" value="C:\\Users\\chandu.t\\git\\JobSearchAutomation\\Reports\\20200123_072634\\NJS_Chandu\\20200123_072634"/>
         <property name="logFiles" value="C:\\Users\\chandu.t\\git\\JobSearchAutomation\\Reports\\20200123_072634\\NJS_Chandu\\20200123_072634\\execution0.log"/>
         <property name="attachments" value="C:\\Users\\chandu.t\\git\\JobSearchAutomation\\Reports\\20200123_072634\\NJS_Chandu\\20200123_072634\\1579744675253.png, C:\\Users\\chandu.t\\git\\JobSearchAutomation\\Reports\\20200123_072634\\NJS_Chandu\\20200123_072634\\1579744696563.png, C:\\Users\\chandu.t\\git\\JobSearchAutomation\\Reports\\20200123_072634\\NJS_Chandu\\20200123_072634\\1579744708799.png, C:\\Users\\chandu.t\\git\\JobSearchAutomation\\Reports\\20200123_072634\\NJS_Chandu\\20200123_072634\\1579744775591.png, C:\\Users\\chandu.t\\git\\JobSearchAutomation\\Reports\\20200123_072634\\NJS_Chandu\\20200123_072634\\1579744786657.png, C:\\Users\\chandu.t\\git\\JobSearchAutomation\\Reports\\20200123_072634\\NJS_Chandu\\20200123_072634\\1579744798647.png, C:\\Users\\chandu.t\\git\\JobSearchAutomation\\Reports\\20200123_072634\\NJS_Chandu\\20200123_072634\\1579744864698.png, C:\\Users\\chandu.t\\git\\JobSearchAutomation\\Reports\\20200123_072634\\NJS_Chandu\\20200123_072634\\1579744885613.png, C:\\Users\\chandu.t\\git\\JobSearchAutomation\\Reports\\20200123_072634\\NJS_Chandu\\20200123_072634\\1579744898015.png"/>
         <property name="hostName" value="chandu.t - wlpt518.imidomain.com"/>
         <property name="os" value="Windows 10 64bit"/>
         <property name="katalonVersion" value="7.2.1.1"/>
         <property name="browser" value="Firefox 72.0"/>
         <property name="hostAddress" value="10.0.0.12"/>
         <property name="sessionId" value="0ee0cc82-ece6-4fa6-b358-39a143b40d6a"/>
         <property name="seleniumVersion" value="3.141.59"/>
         <property name="proxyInformation" value="ProxyInformation{proxyOption=NO_PROXY, proxyServerType=HTTP, password=, proxyServerAddress=, proxyServerPort=0, executionList=}"/>
         <property name="platform" value="Windows 10"/>
      </properties>
      <testcase name="Test Cases/Naukri/deleteandupload3" time="119.157" classname="Test Cases/Naukri/deleteandupload3" status="PASSED">
         <system-out><![CDATA[2020-01-23 07:26:39 - [TEST_CASE][PASSED] - Test Cases/Naukri/deleteandupload3: Test Cases/Naukri/deleteandupload3

2020-01-23 07:26:40 - [TEST_STEP][PASSED] - openBrowser(findTestData("LoginDetailsNJS").getValue(1, 3)): Browser is opened with url: 'https://www.naukri.com/'

2020-01-23 07:26:42 - [MESSAGE][INFO] - Starting 'Firefox' driver

2020-01-23 07:26:42 - [MESSAGE][INFO] - Action delay is set to 0 seconds

2020-01-23 07:27:07 - [MESSAGE][PASSED] - Browser is opened with url: 'https://www.naukri.com/'

2020-01-23 07:27:07 - [TEST_STEP][PASSED] - closeWindowIndex(1): Window with index 1 is closed

2020-01-23 07:27:08 - [MESSAGE][PASSED] - Window with index 1 is closed

2020-01-23 07:27:08 - [TEST_STEP][PASSED] - closeWindowIndex(1): Window with index 1 is closed

2020-01-23 07:27:08 - [MESSAGE][PASSED] - Window with index 1 is closed

2020-01-23 07:27:08 - [TEST_STEP][PASSED] - closeWindowIndex(1): Window with index 1 is closed

2020-01-23 07:27:09 - [MESSAGE][PASSED] - Window with index 1 is closed

2020-01-23 07:27:09 - [TEST_STEP][PASSED] - switchToWindowIndex(0): Switched to window with index: '0'

2020-01-23 07:27:09 - [MESSAGE][PASSED] - Switched to window with index: '0'

2020-01-23 07:27:09 - [TEST_STEP][PASSED] - maximizeWindow(): Current window maximized

2020-01-23 07:27:09 - [MESSAGE][PASSED] - Current window maximized

2020-01-23 07:27:09 - [TEST_STEP][PASSED] - click(findTestObject("Naukri/LoginButton")): Object: 'Object Repository/Naukri/LoginButton' is clicked on

2020-01-23 07:27:10 - [MESSAGE][PASSED] - Object: 'Object Repository/Naukri/LoginButton' is clicked on

2020-01-23 07:27:10 - [TEST_STEP][PASSED] - click(findTestObject("Naukri/GoogleButton")): Object: 'Object Repository/Naukri/GoogleButton' is clicked on

2020-01-23 07:27:11 - [MESSAGE][PASSED] - Object: 'Object Repository/Naukri/GoogleButton' is clicked on

2020-01-23 07:27:11 - [TEST_STEP][PASSED] - switchToWindowIndex(1): Switched to window with index: '1'

2020-01-23 07:27:11 - [MESSAGE][PASSED] - Switched to window with index: '1'

2020-01-23 07:27:11 - [TEST_STEP][PASSED] - setText(findTestObject("Naukri/UserName"), findTestData("LoginDetailsNJS").getValue(2, 3)): Text 'chandut1024@gmail.com' is set on object 'Object Repository/Naukri/UserName'

2020-01-23 07:27:15 - [MESSAGE][PASSED] - Text 'chandut1024@gmail.com' is set on object 'Object Repository/Naukri/UserName'

2020-01-23 07:27:15 - [TEST_STEP][PASSED] - click(findTestObject("Naukri/NextButton")): Object: 'Object Repository/Naukri/NextButton' is clicked on

2020-01-23 07:27:16 - [MESSAGE][PASSED] - Object: 'Object Repository/Naukri/NextButton' is clicked on

2020-01-23 07:27:16 - [TEST_STEP][PASSED] - delay(5): Delayed 5 second(s)

2020-01-23 07:27:21 - [MESSAGE][PASSED] - Delayed 5 second(s)

2020-01-23 07:27:21 - [TEST_STEP][PASSED] - setText(findTestObject("Naukri/Password"), findTestData("LoginDetailsNJS").getValue(3, 3)): Text 'achala$123' is set on object 'Object Repository/Naukri/Password'

2020-01-23 07:27:22 - [MESSAGE][PASSED] - Text 'achala$123' is set on object 'Object Repository/Naukri/Password'

2020-01-23 07:27:22 - [TEST_STEP][PASSED] - click(findTestObject("Naukri/NextButton")): Object: 'Object Repository/Naukri/NextButton' is clicked on

2020-01-23 07:27:26 - [MESSAGE][PASSED] - Object: 'Object Repository/Naukri/NextButton' is clicked on

2020-01-23 07:27:26 - [TEST_STEP][PASSED] - switchToWindowIndex(0): Switched to window with index: '0'

2020-01-23 07:27:26 - [MESSAGE][PASSED] - Switched to window with index: '0'

2020-01-23 07:27:26 - [TEST_STEP][PASSED] - delay(10): Delayed 10 second(s)

2020-01-23 07:27:36 - [MESSAGE][PASSED] - Delayed 10 second(s)

2020-01-23 07:27:36 - [TEST_STEP][PASSED] - click(findTestObject("Naukri/ProfileName")): Object: 'Object Repository/Naukri/ProfileName' is clicked on

2020-01-23 07:27:37 - [MESSAGE][PASSED] - Object: 'Object Repository/Naukri/ProfileName' is clicked on

2020-01-23 07:27:37 - [TEST_STEP][PASSED] - click(findTestObject("Naukri/DeleteResumeButton")): Object: 'Object Repository/Naukri/DeleteResumeButton' is clicked on

2020-01-23 07:27:39 - [MESSAGE][PASSED] - Object: 'Object Repository/Naukri/DeleteResumeButton' is clicked on

2020-01-23 07:27:39 - [TEST_STEP][PASSED] - click(findTestObject("Naukri/DeleteResumeConfirm")): Object: 'Object Repository/Naukri/DeleteResumeConfirm' is clicked on

2020-01-23 07:27:39 - [MESSAGE][PASSED] - Object: 'Object Repository/Naukri/DeleteResumeConfirm' is clicked on

2020-01-23 07:27:39 - [TEST_STEP][PASSED] - delay(15): Delayed 15 second(s)

2020-01-23 07:27:54 - [MESSAGE][PASSED] - Delayed 15 second(s)

2020-01-23 07:27:54 - [TEST_STEP][PASSED] - takeScreenshot(): Taking screenshot successfully

2020-01-23 07:27:55 - [MESSAGE][PASSED] - Taking screenshot successfully
[[ATTACHMENT|C:\\Users\\chandu.t\\git\\JobSearchAutomation\\Reports\\20200123_072634\\NJS_Chandu\\20200123_072634\\1579744675253.png]]

2020-01-23 07:27:55 - [TEST_STEP][PASSED] - uploadFile(findTestObject("Naukri/UploadResumeButton"), findTestData("LoginDetailsNJS").getValue(5, 3)): File 'D:\chanduR\Chandu_Thota_QA_Engineer3.docx' sent to object: 'Object Repository/Naukri/UploadResumeButton'

2020-01-23 07:27:56 - [MESSAGE][PASSED] - File 'D:\chanduR\Chandu_Thota_QA_Engineer3.docx' sent to object: 'Object Repository/Naukri/UploadResumeButton'

2020-01-23 07:27:56 - [TEST_STEP][PASSED] - delay(20): Delayed 20 second(s)

2020-01-23 07:28:16 - [MESSAGE][PASSED] - Delayed 20 second(s)

2020-01-23 07:28:16 - [TEST_STEP][NOT_RUN] - click(findTestObject("Naukri/EditResumeHeadline")): NOT_RUN: click(findTestObject("Naukri/EditResumeHeadline"))

2020-01-23 07:28:16 - [MESSAGE][NOT_RUN] - NOT_RUN: click(findTestObject("Naukri/EditResumeHeadline"))

2020-01-23 07:28:16 - [TEST_STEP][NOT_RUN] - setText(findTestObject("Naukri/ResumeHeadLineText"), "."): NOT_RUN: setText(findTestObject("Naukri/ResumeHeadLineText"), ".")

2020-01-23 07:28:16 - [MESSAGE][NOT_RUN] - NOT_RUN: setText(findTestObject("Naukri/ResumeHeadLineText"), ".")

2020-01-23 07:28:16 - [TEST_STEP][NOT_RUN] - click(findTestObject("Naukri/SaveResumeHeadLineButton")): NOT_RUN: click(findTestObject("Naukri/SaveResumeHeadLineButton"))

2020-01-23 07:28:16 - [MESSAGE][NOT_RUN] - NOT_RUN: click(findTestObject("Naukri/SaveResumeHeadLineButton"))

2020-01-23 07:28:16 - [TEST_STEP][PASSED] - takeScreenshot(): Taking screenshot successfully

2020-01-23 07:28:16 - [MESSAGE][PASSED] - Taking screenshot successfully
[[ATTACHMENT|C:\\Users\\chandu.t\\git\\JobSearchAutomation\\Reports\\20200123_072634\\NJS_Chandu\\20200123_072634\\1579744696563.png]]

2020-01-23 07:28:16 - [TEST_STEP][PASSED] - refresh(): Refresh successfully

2020-01-23 07:28:18 - [MESSAGE][PASSED] - Refresh successfully

2020-01-23 07:28:18 - [TEST_STEP][PASSED] - delay(10): Delayed 10 second(s)

2020-01-23 07:28:28 - [MESSAGE][PASSED] - Delayed 10 second(s)

2020-01-23 07:28:28 - [TEST_STEP][PASSED] - takeScreenshot(): Taking screenshot successfully

2020-01-23 07:28:29 - [MESSAGE][PASSED] - Taking screenshot successfully
[[ATTACHMENT|C:\\Users\\chandu.t\\git\\JobSearchAutomation\\Reports\\20200123_072634\\NJS_Chandu\\20200123_072634\\1579744708799.png]]

2020-01-23 07:28:29 - [TEST_STEP][PASSED] - closeBrowser(): Browser is closed

2020-01-23 07:28:38 - [MESSAGE][PASSED] - Browser is closed]]></system-out>
         <system-err><![CDATA[]]></system-err>
      </testcase>
      <testcase name="Test Cases/Naukri/deleteandupload2" time="88.112" classname="Test Cases/Naukri/deleteandupload2" status="PASSED">
         <system-out><![CDATA[2020-01-23 07:28:38 - [TEST_CASE][PASSED] - Test Cases/Naukri/deleteandupload2: Test Cases/Naukri/deleteandupload2

2020-01-23 07:28:39 - [TEST_STEP][PASSED] - openBrowser(findTestData("LoginDetailsNJS").getValue(1, 2)): Browser is opened with url: 'https://www.naukri.com/'

2020-01-23 07:28:39 - [MESSAGE][INFO] - Starting 'Firefox' driver

2020-01-23 07:28:50 - [MESSAGE][PASSED] - Browser is opened with url: 'https://www.naukri.com/'

2020-01-23 07:28:50 - [TEST_STEP][PASSED] - closeWindowIndex(1): Window with index 1 is closed

2020-01-23 07:28:51 - [MESSAGE][PASSED] - Window with index 1 is closed

2020-01-23 07:28:51 - [TEST_STEP][PASSED] - closeWindowIndex(1): Window with index 1 is closed

2020-01-23 07:28:51 - [MESSAGE][PASSED] - Window with index 1 is closed

2020-01-23 07:28:51 - [TEST_STEP][PASSED] - closeWindowIndex(1): Window with index 1 is closed

2020-01-23 07:28:51 - [MESSAGE][PASSED] - Window with index 1 is closed

2020-01-23 07:28:51 - [TEST_STEP][PASSED] - switchToWindowIndex(0): Switched to window with index: '0'

2020-01-23 07:28:51 - [MESSAGE][PASSED] - Switched to window with index: '0'

2020-01-23 07:28:51 - [TEST_STEP][PASSED] - maximizeWindow(): Current window maximized

2020-01-23 07:28:52 - [MESSAGE][PASSED] - Current window maximized

2020-01-23 07:28:52 - [TEST_STEP][PASSED] - click(findTestObject("Naukri/LoginButton")): Object: 'Object Repository/Naukri/LoginButton' is clicked on

2020-01-23 07:28:52 - [MESSAGE][PASSED] - Object: 'Object Repository/Naukri/LoginButton' is clicked on

2020-01-23 07:28:52 - [TEST_STEP][PASSED] - click(findTestObject("Naukri/GoogleButton")): Object: 'Object Repository/Naukri/GoogleButton' is clicked on

2020-01-23 07:28:54 - [MESSAGE][PASSED] - Object: 'Object Repository/Naukri/GoogleButton' is clicked on

2020-01-23 07:28:54 - [TEST_STEP][PASSED] - switchToWindowIndex(1): Switched to window with index: '1'

2020-01-23 07:28:54 - [MESSAGE][PASSED] - Switched to window with index: '1'

2020-01-23 07:28:54 - [TEST_STEP][PASSED] - setText(findTestObject("Naukri/UserName"), findTestData("LoginDetailsNJS").getValue(2, 2)): Text 'chanduthota371@gmail.com' is set on object 'Object Repository/Naukri/UserName'

2020-01-23 07:28:56 - [MESSAGE][PASSED] - Text 'chanduthota371@gmail.com' is set on object 'Object Repository/Naukri/UserName'

2020-01-23 07:28:56 - [TEST_STEP][PASSED] - click(findTestObject("Naukri/NextButton")): Object: 'Object Repository/Naukri/NextButton' is clicked on

2020-01-23 07:28:57 - [MESSAGE][PASSED] - Object: 'Object Repository/Naukri/NextButton' is clicked on

2020-01-23 07:28:57 - [TEST_STEP][PASSED] - delay(5): Delayed 5 second(s)

2020-01-23 07:29:02 - [MESSAGE][PASSED] - Delayed 5 second(s)

2020-01-23 07:29:02 - [TEST_STEP][PASSED] - setText(findTestObject("Naukri/Password"), findTestData("LoginDetailsNJS").getValue(3, 2)): Text 'achala$123' is set on object 'Object Repository/Naukri/Password'

2020-01-23 07:29:03 - [MESSAGE][PASSED] - Text 'achala$123' is set on object 'Object Repository/Naukri/Password'

2020-01-23 07:29:03 - [TEST_STEP][PASSED] - click(findTestObject("Naukri/NextButton")): Object: 'Object Repository/Naukri/NextButton' is clicked on

2020-01-23 07:29:06 - [MESSAGE][PASSED] - Object: 'Object Repository/Naukri/NextButton' is clicked on

2020-01-23 07:29:06 - [TEST_STEP][PASSED] - switchToWindowIndex(0): Switched to window with index: '0'

2020-01-23 07:29:06 - [MESSAGE][PASSED] - Switched to window with index: '0'

2020-01-23 07:29:06 - [TEST_STEP][PASSED] - delay(10): Delayed 10 second(s)

2020-01-23 07:29:16 - [MESSAGE][PASSED] - Delayed 10 second(s)

2020-01-23 07:29:16 - [TEST_STEP][PASSED] - click(findTestObject("Naukri/ProfileName")): Object: 'Object Repository/Naukri/ProfileName' is clicked on

2020-01-23 07:29:18 - [MESSAGE][PASSED] - Object: 'Object Repository/Naukri/ProfileName' is clicked on

2020-01-23 07:29:18 - [TEST_STEP][PASSED] - click(findTestObject("Naukri/DeleteResumeButton")): Object: 'Object Repository/Naukri/DeleteResumeButton' is clicked on

2020-01-23 07:29:19 - [MESSAGE][PASSED] - Object: 'Object Repository/Naukri/DeleteResumeButton' is clicked on

2020-01-23 07:29:19 - [TEST_STEP][PASSED] - click(findTestObject("Naukri/DeleteResumeConfirm")): Object: 'Object Repository/Naukri/DeleteResumeConfirm' is clicked on

2020-01-23 07:29:20 - [MESSAGE][PASSED] - Object: 'Object Repository/Naukri/DeleteResumeConfirm' is clicked on

2020-01-23 07:29:20 - [TEST_STEP][PASSED] - delay(15): Delayed 15 second(s)

2020-01-23 07:29:35 - [MESSAGE][PASSED] - Delayed 15 second(s)

2020-01-23 07:29:35 - [TEST_STEP][PASSED] - takeScreenshot(): Taking screenshot successfully

2020-01-23 07:29:35 - [MESSAGE][PASSED] - Taking screenshot successfully
[[ATTACHMENT|C:\\Users\\chandu.t\\git\\JobSearchAutomation\\Reports\\20200123_072634\\NJS_Chandu\\20200123_072634\\1579744775591.png]]

2020-01-23 07:29:35 - [TEST_STEP][PASSED] - uploadFile(findTestObject("Naukri/UploadResumeButton"), findTestData("LoginDetailsNJS").getValue(5, 2)): File 'D:\chanduR\Chandu_Thota_QA_Engineer2.docx' sent to object: 'Object Repository/Naukri/UploadResumeButton'

2020-01-23 07:29:36 - [MESSAGE][PASSED] - File 'D:\chanduR\Chandu_Thota_QA_Engineer2.docx' sent to object: 'Object Repository/Naukri/UploadResumeButton'

2020-01-23 07:29:36 - [TEST_STEP][PASSED] - delay(10): Delayed 10 second(s)

2020-01-23 07:29:46 - [MESSAGE][PASSED] - Delayed 10 second(s)

2020-01-23 07:29:46 - [TEST_STEP][NOT_RUN] - click(findTestObject("Naukri/EditResumeHeadline")): NOT_RUN: click(findTestObject("Naukri/EditResumeHeadline"))

2020-01-23 07:29:46 - [MESSAGE][NOT_RUN] - NOT_RUN: click(findTestObject("Naukri/EditResumeHeadline"))

2020-01-23 07:29:46 - [TEST_STEP][NOT_RUN] - setText(findTestObject("Naukri/ResumeHeadLineText"), "."): NOT_RUN: setText(findTestObject("Naukri/ResumeHeadLineText"), ".")

2020-01-23 07:29:46 - [MESSAGE][NOT_RUN] - NOT_RUN: setText(findTestObject("Naukri/ResumeHeadLineText"), ".")

2020-01-23 07:29:46 - [TEST_STEP][NOT_RUN] - click(findTestObject("Naukri/SaveResumeHeadLineButton")): NOT_RUN: click(findTestObject("Naukri/SaveResumeHeadLineButton"))

2020-01-23 07:29:46 - [MESSAGE][NOT_RUN] - NOT_RUN: click(findTestObject("Naukri/SaveResumeHeadLineButton"))

2020-01-23 07:29:46 - [TEST_STEP][PASSED] - takeScreenshot(): Taking screenshot successfully

2020-01-23 07:29:46 - [MESSAGE][PASSED] - Taking screenshot successfully
[[ATTACHMENT|C:\\Users\\chandu.t\\git\\JobSearchAutomation\\Reports\\20200123_072634\\NJS_Chandu\\20200123_072634\\1579744786657.png]]

2020-01-23 07:29:46 - [TEST_STEP][PASSED] - refresh(): Refresh successfully

2020-01-23 07:29:48 - [MESSAGE][PASSED] - Refresh successfully

2020-01-23 07:29:48 - [TEST_STEP][PASSED] - delay(10): Delayed 10 second(s)

2020-01-23 07:29:58 - [MESSAGE][PASSED] - Delayed 10 second(s)

2020-01-23 07:29:58 - [TEST_STEP][PASSED] - takeScreenshot(): Taking screenshot successfully

2020-01-23 07:29:58 - [MESSAGE][PASSED] - Taking screenshot successfully
[[ATTACHMENT|C:\\Users\\chandu.t\\git\\JobSearchAutomation\\Reports\\20200123_072634\\NJS_Chandu\\20200123_072634\\1579744798647.png]]

2020-01-23 07:29:58 - [TEST_STEP][PASSED] - closeBrowser(): Browser is closed

2020-01-23 07:30:06 - [MESSAGE][PASSED] - Browser is closed]]></system-out>
         <system-err><![CDATA[]]></system-err>
      </testcase>
      <testcase name="Test Cases/Naukri/deleteandupload1" time="98.192" classname="Test Cases/Naukri/deleteandupload1" status="PASSED">
         <system-out><![CDATA[2020-01-23 07:30:06 - [TEST_CASE][PASSED] - Test Cases/Naukri/deleteandupload1: Test Cases/Naukri/deleteandupload1

2020-01-23 07:30:07 - [TEST_STEP][PASSED] - openBrowser(findTestData("LoginDetailsNJS").getValue(1, 1)): Browser is opened with url: 'naukri.com'

2020-01-23 07:30:07 - [MESSAGE][INFO] - Starting 'Firefox' driver

2020-01-23 07:30:19 - [MESSAGE][PASSED] - Browser is opened with url: 'naukri.com'

2020-01-23 07:30:19 - [TEST_STEP][PASSED] - closeWindowIndex(1): Window with index 1 is closed

2020-01-23 07:30:19 - [MESSAGE][PASSED] - Window with index 1 is closed

2020-01-23 07:30:19 - [TEST_STEP][PASSED] - closeWindowIndex(1): Window with index 1 is closed

2020-01-23 07:30:20 - [MESSAGE][PASSED] - Window with index 1 is closed

2020-01-23 07:30:20 - [TEST_STEP][PASSED] - closeWindowIndex(1): Window with index 1 is closed

2020-01-23 07:30:20 - [MESSAGE][PASSED] - Window with index 1 is closed

2020-01-23 07:30:20 - [TEST_STEP][PASSED] - switchToWindowIndex(0): Switched to window with index: '0'

2020-01-23 07:30:20 - [MESSAGE][PASSED] - Switched to window with index: '0'

2020-01-23 07:30:20 - [TEST_STEP][PASSED] - maximizeWindow(): Current window maximized

2020-01-23 07:30:20 - [MESSAGE][PASSED] - Current window maximized

2020-01-23 07:30:20 - [TEST_STEP][PASSED] - click(findTestObject("Naukri/LoginButton")): Object: 'Object Repository/Naukri/LoginButton' is clicked on

2020-01-23 07:30:21 - [MESSAGE][PASSED] - Object: 'Object Repository/Naukri/LoginButton' is clicked on

2020-01-23 07:30:21 - [TEST_STEP][PASSED] - click(findTestObject("Naukri/GoogleButton")): Object: 'Object Repository/Naukri/GoogleButton' is clicked on

2020-01-23 07:30:22 - [MESSAGE][PASSED] - Object: 'Object Repository/Naukri/GoogleButton' is clicked on

2020-01-23 07:30:22 - [TEST_STEP][PASSED] - switchToWindowIndex(1): Switched to window with index: '1'

2020-01-23 07:30:22 - [MESSAGE][PASSED] - Switched to window with index: '1'

2020-01-23 07:30:22 - [TEST_STEP][PASSED] - setText(findTestObject("Naukri/UserName"), findTestData("LoginDetailsNJS").getValue(2, 1)): Text 'thota.chandu1@gmail.com' is set on object 'Object Repository/Naukri/UserName'

2020-01-23 07:30:25 - [MESSAGE][PASSED] - Text 'thota.chandu1@gmail.com' is set on object 'Object Repository/Naukri/UserName'

2020-01-23 07:30:25 - [TEST_STEP][PASSED] - click(findTestObject("Naukri/NextButton")): Object: 'Object Repository/Naukri/NextButton' is clicked on

2020-01-23 07:30:26 - [MESSAGE][PASSED] - Object: 'Object Repository/Naukri/NextButton' is clicked on

2020-01-23 07:30:26 - [TEST_STEP][PASSED] - delay(5): Delayed 5 second(s)

2020-01-23 07:30:31 - [MESSAGE][PASSED] - Delayed 5 second(s)

2020-01-23 07:30:31 - [TEST_STEP][PASSED] - setText(findTestObject("Naukri/Password"), findTestData("LoginDetailsNJS").getValue(3, 1)): Text 'achala$123' is set on object 'Object Repository/Naukri/Password'

2020-01-23 07:30:32 - [MESSAGE][PASSED] - Text 'achala$123' is set on object 'Object Repository/Naukri/Password'

2020-01-23 07:30:32 - [TEST_STEP][PASSED] - click(findTestObject("Naukri/NextButton")): Object: 'Object Repository/Naukri/NextButton' is clicked on

2020-01-23 07:30:35 - [MESSAGE][PASSED] - Object: 'Object Repository/Naukri/NextButton' is clicked on

2020-01-23 07:30:36 - [TEST_STEP][PASSED] - switchToWindowIndex(0): Switched to window with index: '0'

2020-01-23 07:30:36 - [MESSAGE][PASSED] - Switched to window with index: '0'

2020-01-23 07:30:36 - [TEST_STEP][PASSED] - delay(10): Delayed 10 second(s)

2020-01-23 07:30:46 - [MESSAGE][PASSED] - Delayed 10 second(s)

2020-01-23 07:30:46 - [TEST_STEP][PASSED] - click(findTestObject("Naukri/ProfileName")): Object: 'Object Repository/Naukri/ProfileName' is clicked on

2020-01-23 07:30:47 - [MESSAGE][PASSED] - Object: 'Object Repository/Naukri/ProfileName' is clicked on

2020-01-23 07:30:47 - [TEST_STEP][PASSED] - click(findTestObject("Naukri/DeleteResumeButton")): Object: 'Object Repository/Naukri/DeleteResumeButton' is clicked on

2020-01-23 07:30:48 - [MESSAGE][PASSED] - Object: 'Object Repository/Naukri/DeleteResumeButton' is clicked on

2020-01-23 07:30:48 - [TEST_STEP][PASSED] - click(findTestObject("Naukri/DeleteResumeConfirm")): Object: 'Object Repository/Naukri/DeleteResumeConfirm' is clicked on

2020-01-23 07:30:49 - [MESSAGE][PASSED] - Object: 'Object Repository/Naukri/DeleteResumeConfirm' is clicked on

2020-01-23 07:30:49 - [TEST_STEP][PASSED] - delay(15): Delayed 15 second(s)

2020-01-23 07:31:04 - [MESSAGE][PASSED] - Delayed 15 second(s)

2020-01-23 07:31:04 - [TEST_STEP][PASSED] - takeScreenshot(): Taking screenshot successfully

2020-01-23 07:31:04 - [MESSAGE][PASSED] - Taking screenshot successfully
[[ATTACHMENT|C:\\Users\\chandu.t\\git\\JobSearchAutomation\\Reports\\20200123_072634\\NJS_Chandu\\20200123_072634\\1579744864698.png]]

2020-01-23 07:31:04 - [TEST_STEP][PASSED] - uploadFile(findTestObject("Naukri/UploadResumeButton"), findTestData("LoginDetailsNJS").getValue(5, 1)): File 'D:\chanduR\Chandu_Thota_QA_Engineer1.docx' sent to object: 'Object Repository/Naukri/UploadResumeButton'

2020-01-23 07:31:05 - [MESSAGE][PASSED] - File 'D:\chanduR\Chandu_Thota_QA_Engineer1.docx' sent to object: 'Object Repository/Naukri/UploadResumeButton'

2020-01-23 07:31:05 - [TEST_STEP][PASSED] - delay(20): Delayed 20 second(s)

2020-01-23 07:31:25 - [MESSAGE][PASSED] - Delayed 20 second(s)

2020-01-23 07:31:25 - [TEST_STEP][NOT_RUN] - click(findTestObject("Naukri/EditResumeHeadline")): NOT_RUN: click(findTestObject("Naukri/EditResumeHeadline"))

2020-01-23 07:31:25 - [MESSAGE][NOT_RUN] - NOT_RUN: click(findTestObject("Naukri/EditResumeHeadline"))

2020-01-23 07:31:25 - [TEST_STEP][NOT_RUN] - setText(findTestObject("Naukri/ResumeHeadLineText"), "."): NOT_RUN: setText(findTestObject("Naukri/ResumeHeadLineText"), ".")

2020-01-23 07:31:25 - [MESSAGE][NOT_RUN] - NOT_RUN: setText(findTestObject("Naukri/ResumeHeadLineText"), ".")

2020-01-23 07:31:25 - [TEST_STEP][NOT_RUN] - click(findTestObject("Naukri/SaveResumeHeadLineButton")): NOT_RUN: click(findTestObject("Naukri/SaveResumeHeadLineButton"))

2020-01-23 07:31:25 - [MESSAGE][NOT_RUN] - NOT_RUN: click(findTestObject("Naukri/SaveResumeHeadLineButton"))

2020-01-23 07:31:25 - [TEST_STEP][PASSED] - takeScreenshot(): Taking screenshot successfully

2020-01-23 07:31:25 - [MESSAGE][PASSED] - Taking screenshot successfully
[[ATTACHMENT|C:\\Users\\chandu.t\\git\\JobSearchAutomation\\Reports\\20200123_072634\\NJS_Chandu\\20200123_072634\\1579744885613.png]]

2020-01-23 07:31:25 - [TEST_STEP][PASSED] - refresh(): Refresh successfully

2020-01-23 07:31:27 - [MESSAGE][PASSED] - Refresh successfully

2020-01-23 07:31:27 - [TEST_STEP][PASSED] - delay(10): Delayed 10 second(s)

2020-01-23 07:31:37 - [MESSAGE][PASSED] - Delayed 10 second(s)

2020-01-23 07:31:37 - [TEST_STEP][PASSED] - takeScreenshot(): Taking screenshot successfully

2020-01-23 07:31:38 - [MESSAGE][PASSED] - Taking screenshot successfully
[[ATTACHMENT|C:\\Users\\chandu.t\\git\\JobSearchAutomation\\Reports\\20200123_072634\\NJS_Chandu\\20200123_072634\\1579744898015.png]]

2020-01-23 07:31:38 - [TEST_STEP][PASSED] - closeBrowser(): Browser is closed

2020-01-23 07:31:45 - [MESSAGE][PASSED] - Browser is closed]]></system-out>
         <system-err><![CDATA[]]></system-err>
      </testcase>
      <system-out><![CDATA[2020-01-23 07:26:39 - [TEST_SUITE][PASSED] - NJS_Chandu: Test Cases/Naukri/deleteandupload1]]></system-out>
      <system-err><![CDATA[]]></system-err>
   </testsuite>
</testsuites>
