<?xml version="1.0" encoding="UTF-8"?>
<testsuites name="NJS_Chandu" time="283.099" tests="3" failures="0" errors="0">
   <testsuite name="NJS_Chandu" tests="3" failures="0" errors="0" time="283.099" timestamp="2019-12-17 14:09:11" hostname="chandu.t - wlpt518.imidomain.com" id="Test Suites/NJS_Chandu">
      <properties>
         <property name="deviceName" value=""/>
         <property name="devicePlatform" value=""/>
         <property name="logFolder" value="C:\\Users\\chandu.t\\Katalon Studio\\NJS_Chandu\\Reports\\20191217_140906\\NJS_Chandu\\20191217_140906"/>
         <property name="logFiles" value="C:\\Users\\chandu.t\\Katalon Studio\\NJS_Chandu\\Reports\\20191217_140906\\NJS_Chandu\\20191217_140906\\execution0.log"/>
         <property name="attachments" value="C:\\Users\\chandu.t\\Katalon Studio\\NJS_Chandu\\Reports\\20191217_140906\\NJS_Chandu\\20191217_140906\\1576572022920.png, C:\\Users\\chandu.t\\Katalon Studio\\NJS_Chandu\\Reports\\20191217_140906\\NJS_Chandu\\20191217_140906\\1576572035320.png, C:\\Users\\chandu.t\\Katalon Studio\\NJS_Chandu\\Reports\\20191217_140906\\NJS_Chandu\\20191217_140906\\1576572047961.png, C:\\Users\\chandu.t\\Katalon Studio\\NJS_Chandu\\Reports\\20191217_140906\\NJS_Chandu\\20191217_140906\\1576572117427.png, C:\\Users\\chandu.t\\Katalon Studio\\NJS_Chandu\\Reports\\20191217_140906\\NJS_Chandu\\20191217_140906\\1576572128335.png, C:\\Users\\chandu.t\\Katalon Studio\\NJS_Chandu\\Reports\\20191217_140906\\NJS_Chandu\\20191217_140906\\1576572140825.png, C:\\Users\\chandu.t\\Katalon Studio\\NJS_Chandu\\Reports\\20191217_140906\\NJS_Chandu\\20191217_140906\\1576572211723.png, C:\\Users\\chandu.t\\Katalon Studio\\NJS_Chandu\\Reports\\20191217_140906\\NJS_Chandu\\20191217_140906\\1576572222498.png, C:\\Users\\chandu.t\\Katalon Studio\\NJS_Chandu\\Reports\\20191217_140906\\NJS_Chandu\\20191217_140906\\1576572232994.png"/>
         <property name="hostName" value="chandu.t - wlpt518.imidomain.com"/>
         <property name="os" value="Windows 10 64bit"/>
         <property name="katalonVersion" value="7.1.2.1"/>
         <property name="browser" value="Chrome 77.0.3865.75"/>
         <property name="hostAddress" value="10.0.26.179"/>
         <property name="sessionId" value="babbca5e51c350da32a2a6e9f98eb4e9"/>
         <property name="seleniumVersion" value="3.141.59"/>
         <property name="proxyInformation" value="ProxyInformation{proxyOption=NO_PROXY, proxyServerType=HTTP, password=, proxyServerAddress=, proxyServerPort=0, executionList=}"/>
         <property name="platform" value="Windows 10"/>
      </properties>
      <testcase name="Test Cases/deleteandupload3" time="97.4" classname="Test Cases/deleteandupload3" status="PASSED">
         <system-out><![CDATA[2019-12-17 14:09:11 - [TEST_CASE][PASSED] - Test Cases/deleteandupload3: Test Cases/deleteandupload3

2019-12-17 14:09:12 - [TEST_STEP][PASSED] - openBrowser(findTestData("LoginDetailsNJS").getValue(1, 3)): Browser is opened with url: 'https://www.naukri.com/'

2019-12-17 14:09:14 - [MESSAGE][INFO] - Starting 'Chrome' driver

2019-12-17 14:09:14 - [MESSAGE][INFO] - User set preference: ['args', '[--incognito]']

2019-12-17 14:09:14 - [MESSAGE][INFO] - Action delay is set to 0 seconds

2019-12-17 14:09:40 - [MESSAGE][PASSED] - Browser is opened with url: 'https://www.naukri.com/'

2019-12-17 14:09:40 - [TEST_STEP][PASSED] - closeWindowIndex(1): Window with index 1 is closed

2019-12-17 14:09:41 - [MESSAGE][PASSED] - Window with index 1 is closed

2019-12-17 14:09:41 - [TEST_STEP][PASSED] - closeWindowIndex(1): Window with index 1 is closed

2019-12-17 14:09:42 - [MESSAGE][PASSED] - Window with index 1 is closed

2019-12-17 14:09:42 - [TEST_STEP][PASSED] - switchToWindowIndex(0): Switched to window with index: '0'

2019-12-17 14:09:42 - [MESSAGE][PASSED] - Switched to window with index: '0'

2019-12-17 14:09:42 - [TEST_STEP][PASSED] - maximizeWindow(): Current window maximized

2019-12-17 14:09:44 - [MESSAGE][PASSED] - Current window maximized

2019-12-17 14:09:44 - [TEST_STEP][PASSED] - click(findTestObject("LoginButton")): Object: 'Object Repository/LoginButton' is clicked on

2019-12-17 14:09:44 - [MESSAGE][PASSED] - Object: 'Object Repository/LoginButton' is clicked on

2019-12-17 14:09:44 - [TEST_STEP][PASSED] - click(findTestObject("GoogleButton")): Object: 'Object Repository/GoogleButton' is clicked on

2019-12-17 14:09:45 - [MESSAGE][PASSED] - Object: 'Object Repository/GoogleButton' is clicked on

2019-12-17 14:09:45 - [TEST_STEP][PASSED] - switchToWindowIndex(1): Switched to window with index: '1'

2019-12-17 14:09:46 - [MESSAGE][PASSED] - Switched to window with index: '1'

2019-12-17 14:09:46 - [TEST_STEP][PASSED] - setText(findTestObject("UserName"), findTestData("LoginDetailsNJS").getValue(2, 3)): Text 'chandut1024@gmail.com' is set on object 'Object Repository/UserName'

2019-12-17 14:09:49 - [MESSAGE][PASSED] - Text 'chandut1024@gmail.com' is set on object 'Object Repository/UserName'

2019-12-17 14:09:49 - [TEST_STEP][PASSED] - click(findTestObject("NextButton")): Object: 'Object Repository/NextButton' is clicked on

2019-12-17 14:09:49 - [MESSAGE][PASSED] - Object: 'Object Repository/NextButton' is clicked on

2019-12-17 14:09:49 - [TEST_STEP][PASSED] - delay(5): Delayed 5 second(s)

2019-12-17 14:09:54 - [MESSAGE][PASSED] - Delayed 5 second(s)

2019-12-17 14:09:54 - [TEST_STEP][PASSED] - setText(findTestObject("Password"), findTestData("LoginDetailsNJS").getValue(3, 3)): Text 'achala$123' is set on object 'Object Repository/Password'

2019-12-17 14:09:54 - [MESSAGE][PASSED] - Text 'achala$123' is set on object 'Object Repository/Password'

2019-12-17 14:09:54 - [TEST_STEP][PASSED] - click(findTestObject("NextButton")): Object: 'Object Repository/NextButton' is clicked on

2019-12-17 14:09:55 - [MESSAGE][PASSED] - Object: 'Object Repository/NextButton' is clicked on

2019-12-17 14:09:55 - [TEST_STEP][PASSED] - switchToWindowIndex(0): Switched to window with index: '0'

2019-12-17 14:09:55 - [MESSAGE][PASSED] - Switched to window with index: '0'

2019-12-17 14:09:55 - [TEST_STEP][PASSED] - delay(10): Delayed 10 second(s)

2019-12-17 14:10:05 - [MESSAGE][PASSED] - Delayed 10 second(s)

2019-12-17 14:10:05 - [TEST_STEP][PASSED] - click(findTestObject("ProfileName")): Object: 'Object Repository/ProfileName' is clicked on

2019-12-17 14:10:07 - [MESSAGE][PASSED] - Object: 'Object Repository/ProfileName' is clicked on

2019-12-17 14:10:07 - [TEST_STEP][PASSED] - click(findTestObject("DeleteResumeButton")): Object: 'Object Repository/DeleteResumeButton' is clicked on

2019-12-17 14:10:07 - [MESSAGE][PASSED] - Object: 'Object Repository/DeleteResumeButton' is clicked on

2019-12-17 14:10:07 - [TEST_STEP][PASSED] - click(findTestObject("DeleteResumeConfirm")): Object: 'Object Repository/DeleteResumeConfirm' is clicked on

2019-12-17 14:10:07 - [MESSAGE][PASSED] - Object: 'Object Repository/DeleteResumeConfirm' is clicked on

2019-12-17 14:10:07 - [TEST_STEP][PASSED] - delay(15): Delayed 15 second(s)

2019-12-17 14:10:22 - [MESSAGE][PASSED] - Delayed 15 second(s)

2019-12-17 14:10:22 - [TEST_STEP][PASSED] - takeScreenshot(): Taking screenshot successfully

2019-12-17 14:10:23 - [MESSAGE][PASSED] - Taking screenshot successfully
[[ATTACHMENT|C:\\Users\\chandu.t\\Katalon Studio\\NJS_Chandu\\Reports\\20191217_140906\\NJS_Chandu\\20191217_140906\\1576572022920.png]]

2019-12-17 14:10:23 - [TEST_STEP][PASSED] - uploadFile(findTestObject("UploadResumeButton"), findTestData("LoginDetailsNJS").getValue(5, 3)): File 'D:\chanduR\Resume33.docx' sent to object: 'Object Repository/UploadResumeButton'

2019-12-17 14:10:25 - [MESSAGE][PASSED] - File 'D:\chanduR\Resume33.docx' sent to object: 'Object Repository/UploadResumeButton'

2019-12-17 14:10:25 - [TEST_STEP][PASSED] - delay(10): Delayed 10 second(s)

2019-12-17 14:10:35 - [MESSAGE][PASSED] - Delayed 10 second(s)

2019-12-17 14:10:35 - [TEST_STEP][NOT_RUN] - click(findTestObject("EditResumeHeadline")): NOT_RUN: click(findTestObject("EditResumeHeadline"))

2019-12-17 14:10:35 - [MESSAGE][NOT_RUN] - NOT_RUN: click(findTestObject("EditResumeHeadline"))

2019-12-17 14:10:35 - [TEST_STEP][NOT_RUN] - setText(findTestObject("ResumeHeadLineText"), "."): NOT_RUN: setText(findTestObject("ResumeHeadLineText"), ".")

2019-12-17 14:10:35 - [MESSAGE][NOT_RUN] - NOT_RUN: setText(findTestObject("ResumeHeadLineText"), ".")

2019-12-17 14:10:35 - [TEST_STEP][NOT_RUN] - click(findTestObject("SaveResumeHeadLineButton")): NOT_RUN: click(findTestObject("SaveResumeHeadLineButton"))

2019-12-17 14:10:35 - [MESSAGE][NOT_RUN] - NOT_RUN: click(findTestObject("SaveResumeHeadLineButton"))

2019-12-17 14:10:35 - [TEST_STEP][PASSED] - takeScreenshot(): Taking screenshot successfully

2019-12-17 14:10:35 - [MESSAGE][PASSED] - Taking screenshot successfully
[[ATTACHMENT|C:\\Users\\chandu.t\\Katalon Studio\\NJS_Chandu\\Reports\\20191217_140906\\NJS_Chandu\\20191217_140906\\1576572035320.png]]

2019-12-17 14:10:35 - [TEST_STEP][PASSED] - refresh(): Refresh successfully

2019-12-17 14:10:37 - [MESSAGE][PASSED] - Refresh successfully

2019-12-17 14:10:37 - [TEST_STEP][PASSED] - delay(10): Delayed 10 second(s)

2019-12-17 14:10:47 - [MESSAGE][PASSED] - Delayed 10 second(s)

2019-12-17 14:10:47 - [TEST_STEP][PASSED] - takeScreenshot(): Taking screenshot successfully

2019-12-17 14:10:48 - [MESSAGE][PASSED] - Taking screenshot successfully
[[ATTACHMENT|C:\\Users\\chandu.t\\Katalon Studio\\NJS_Chandu\\Reports\\20191217_140906\\NJS_Chandu\\20191217_140906\\1576572047961.png]]

2019-12-17 14:10:48 - [TEST_STEP][PASSED] - closeBrowser(): Browser is closed

2019-12-17 14:10:49 - [MESSAGE][PASSED] - Browser is closed]]></system-out>
         <system-err><![CDATA[]]></system-err>
      </testcase>
      <testcase name="Test Cases/deleteandupload2" time="92.66" classname="Test Cases/deleteandupload2" status="PASSED">
         <system-out><![CDATA[2019-12-17 14:10:49 - [TEST_CASE][PASSED] - Test Cases/deleteandupload2: Test Cases/deleteandupload2

2019-12-17 14:10:49 - [TEST_STEP][PASSED] - openBrowser(findTestData("LoginDetailsNJS").getValue(1, 2)): Browser is opened with url: 'https://www.naukri.com/'

2019-12-17 14:10:50 - [MESSAGE][INFO] - Starting 'Chrome' driver

2019-12-17 14:10:50 - [MESSAGE][INFO] - User set preference: ['args', '[--incognito]']

2019-12-17 14:11:14 - [MESSAGE][PASSED] - Browser is opened with url: 'https://www.naukri.com/'

2019-12-17 14:11:14 - [TEST_STEP][PASSED] - closeWindowIndex(1): Window with index 1 is closed

2019-12-17 14:11:15 - [MESSAGE][PASSED] - Window with index 1 is closed

2019-12-17 14:11:15 - [TEST_STEP][PASSED] - closeWindowIndex(1): Window with index 1 is closed

2019-12-17 14:11:16 - [MESSAGE][PASSED] - Window with index 1 is closed

2019-12-17 14:11:16 - [TEST_STEP][PASSED] - switchToWindowIndex(0): Switched to window with index: '0'

2019-12-17 14:11:16 - [MESSAGE][PASSED] - Switched to window with index: '0'

2019-12-17 14:11:16 - [TEST_STEP][PASSED] - maximizeWindow(): Current window maximized

2019-12-17 14:11:17 - [MESSAGE][PASSED] - Current window maximized

2019-12-17 14:11:17 - [TEST_STEP][PASSED] - click(findTestObject("LoginButton")): Object: 'Object Repository/LoginButton' is clicked on

2019-12-17 14:11:18 - [MESSAGE][PASSED] - Object: 'Object Repository/LoginButton' is clicked on

2019-12-17 14:11:18 - [TEST_STEP][PASSED] - click(findTestObject("GoogleButton")): Object: 'Object Repository/GoogleButton' is clicked on

2019-12-17 14:11:18 - [MESSAGE][PASSED] - Object: 'Object Repository/GoogleButton' is clicked on

2019-12-17 14:11:19 - [TEST_STEP][PASSED] - switchToWindowIndex(1): Switched to window with index: '1'

2019-12-17 14:11:21 - [MESSAGE][PASSED] - Switched to window with index: '1'

2019-12-17 14:11:21 - [TEST_STEP][PASSED] - setText(findTestObject("UserName"), findTestData("LoginDetailsNJS").getValue(2, 2)): Text 'chanduthota371@gmail.com' is set on object 'Object Repository/UserName'

2019-12-17 14:11:22 - [MESSAGE][PASSED] - Text 'chanduthota371@gmail.com' is set on object 'Object Repository/UserName'

2019-12-17 14:11:22 - [TEST_STEP][PASSED] - click(findTestObject("NextButton")): Object: 'Object Repository/NextButton' is clicked on

2019-12-17 14:11:23 - [MESSAGE][PASSED] - Object: 'Object Repository/NextButton' is clicked on

2019-12-17 14:11:23 - [TEST_STEP][PASSED] - delay(5): Delayed 5 second(s)

2019-12-17 14:11:28 - [MESSAGE][PASSED] - Delayed 5 second(s)

2019-12-17 14:11:28 - [TEST_STEP][PASSED] - setText(findTestObject("Password"), findTestData("LoginDetailsNJS").getValue(3, 2)): Text 'achala$123' is set on object 'Object Repository/Password'

2019-12-17 14:11:28 - [MESSAGE][PASSED] - Text 'achala$123' is set on object 'Object Repository/Password'

2019-12-17 14:11:28 - [TEST_STEP][PASSED] - click(findTestObject("NextButton")): Object: 'Object Repository/NextButton' is clicked on

2019-12-17 14:11:29 - [MESSAGE][PASSED] - Object: 'Object Repository/NextButton' is clicked on

2019-12-17 14:11:29 - [TEST_STEP][PASSED] - switchToWindowIndex(0): Switched to window with index: '0'

2019-12-17 14:11:29 - [MESSAGE][PASSED] - Switched to window with index: '0'

2019-12-17 14:11:29 - [TEST_STEP][PASSED] - delay(10): Delayed 10 second(s)

2019-12-17 14:11:39 - [MESSAGE][PASSED] - Delayed 10 second(s)

2019-12-17 14:11:39 - [TEST_STEP][PASSED] - click(findTestObject("ProfileName")): Object: 'Object Repository/ProfileName' is clicked on

2019-12-17 14:11:41 - [MESSAGE][PASSED] - Object: 'Object Repository/ProfileName' is clicked on

2019-12-17 14:11:41 - [TEST_STEP][PASSED] - click(findTestObject("DeleteResumeButton")): Object: 'Object Repository/DeleteResumeButton' is clicked on

2019-12-17 14:11:41 - [MESSAGE][PASSED] - Object: 'Object Repository/DeleteResumeButton' is clicked on

2019-12-17 14:11:41 - [TEST_STEP][PASSED] - click(findTestObject("DeleteResumeConfirm")): Object: 'Object Repository/DeleteResumeConfirm' is clicked on

2019-12-17 14:11:42 - [MESSAGE][PASSED] - Object: 'Object Repository/DeleteResumeConfirm' is clicked on

2019-12-17 14:11:42 - [TEST_STEP][PASSED] - delay(15): Delayed 15 second(s)

2019-12-17 14:11:57 - [MESSAGE][PASSED] - Delayed 15 second(s)

2019-12-17 14:11:57 - [TEST_STEP][PASSED] - takeScreenshot(): Taking screenshot successfully

2019-12-17 14:11:57 - [MESSAGE][PASSED] - Taking screenshot successfully
[[ATTACHMENT|C:\\Users\\chandu.t\\Katalon Studio\\NJS_Chandu\\Reports\\20191217_140906\\NJS_Chandu\\20191217_140906\\1576572117427.png]]

2019-12-17 14:11:57 - [TEST_STEP][PASSED] - uploadFile(findTestObject("UploadResumeButton"), findTestData("LoginDetailsNJS").getValue(5, 2)): File 'D:\chanduR\Resume22.docx' sent to object: 'Object Repository/UploadResumeButton'

2019-12-17 14:11:58 - [MESSAGE][PASSED] - File 'D:\chanduR\Resume22.docx' sent to object: 'Object Repository/UploadResumeButton'

2019-12-17 14:11:58 - [TEST_STEP][PASSED] - delay(10): Delayed 10 second(s)

2019-12-17 14:12:08 - [MESSAGE][PASSED] - Delayed 10 second(s)

2019-12-17 14:12:08 - [TEST_STEP][NOT_RUN] - click(findTestObject("EditResumeHeadline")): NOT_RUN: click(findTestObject("EditResumeHeadline"))

2019-12-17 14:12:08 - [MESSAGE][NOT_RUN] - NOT_RUN: click(findTestObject("EditResumeHeadline"))

2019-12-17 14:12:08 - [TEST_STEP][NOT_RUN] - setText(findTestObject("ResumeHeadLineText"), "."): NOT_RUN: setText(findTestObject("ResumeHeadLineText"), ".")

2019-12-17 14:12:08 - [MESSAGE][NOT_RUN] - NOT_RUN: setText(findTestObject("ResumeHeadLineText"), ".")

2019-12-17 14:12:08 - [TEST_STEP][NOT_RUN] - click(findTestObject("SaveResumeHeadLineButton")): NOT_RUN: click(findTestObject("SaveResumeHeadLineButton"))

2019-12-17 14:12:08 - [MESSAGE][NOT_RUN] - NOT_RUN: click(findTestObject("SaveResumeHeadLineButton"))

2019-12-17 14:12:08 - [TEST_STEP][PASSED] - takeScreenshot(): Taking screenshot successfully

2019-12-17 14:12:08 - [MESSAGE][PASSED] - Taking screenshot successfully
[[ATTACHMENT|C:\\Users\\chandu.t\\Katalon Studio\\NJS_Chandu\\Reports\\20191217_140906\\NJS_Chandu\\20191217_140906\\1576572128335.png]]

2019-12-17 14:12:08 - [TEST_STEP][PASSED] - refresh(): Refresh successfully

2019-12-17 14:12:10 - [MESSAGE][PASSED] - Refresh successfully

2019-12-17 14:12:10 - [TEST_STEP][PASSED] - delay(10): Delayed 10 second(s)

2019-12-17 14:12:20 - [MESSAGE][PASSED] - Delayed 10 second(s)

2019-12-17 14:12:20 - [TEST_STEP][PASSED] - takeScreenshot(): Taking screenshot successfully

2019-12-17 14:12:21 - [MESSAGE][PASSED] - Taking screenshot successfully
[[ATTACHMENT|C:\\Users\\chandu.t\\Katalon Studio\\NJS_Chandu\\Reports\\20191217_140906\\NJS_Chandu\\20191217_140906\\1576572140825.png]]

2019-12-17 14:12:21 - [TEST_STEP][PASSED] - closeBrowser(): Browser is closed

2019-12-17 14:12:21 - [MESSAGE][PASSED] - Browser is closed]]></system-out>
         <system-err><![CDATA[]]></system-err>
      </testcase>
      <testcase name="Test Cases/deleteandupload1" time="92.384" classname="Test Cases/deleteandupload1" status="PASSED">
         <system-out><![CDATA[2019-12-17 14:12:21 - [TEST_CASE][PASSED] - Test Cases/deleteandupload1: Test Cases/deleteandupload1

2019-12-17 14:12:22 - [TEST_STEP][PASSED] - openBrowser(findTestData("LoginDetailsNJS").getValue(1, 1)): Browser is opened with url: 'https://www.naukri.com/'

2019-12-17 14:12:22 - [MESSAGE][INFO] - Starting 'Chrome' driver

2019-12-17 14:12:22 - [MESSAGE][INFO] - User set preference: ['args', '[--incognito]']

2019-12-17 14:12:49 - [MESSAGE][PASSED] - Browser is opened with url: 'https://www.naukri.com/'

2019-12-17 14:12:49 - [TEST_STEP][PASSED] - closeWindowIndex(1): Window with index 1 is closed

2019-12-17 14:12:50 - [MESSAGE][PASSED] - Window with index 1 is closed

2019-12-17 14:12:50 - [TEST_STEP][PASSED] - closeWindowIndex(1): Window with index 1 is closed

2019-12-17 14:12:51 - [MESSAGE][PASSED] - Window with index 1 is closed

2019-12-17 14:12:51 - [TEST_STEP][PASSED] - switchToWindowIndex(0): Switched to window with index: '0'

2019-12-17 14:12:51 - [MESSAGE][PASSED] - Switched to window with index: '0'

2019-12-17 14:12:51 - [TEST_STEP][PASSED] - maximizeWindow(): Current window maximized

2019-12-17 14:12:52 - [MESSAGE][PASSED] - Current window maximized

2019-12-17 14:12:52 - [TEST_STEP][PASSED] - click(findTestObject("LoginButton")): Object: 'Object Repository/LoginButton' is clicked on

2019-12-17 14:12:53 - [MESSAGE][PASSED] - Object: 'Object Repository/LoginButton' is clicked on

2019-12-17 14:12:53 - [TEST_STEP][PASSED] - click(findTestObject("GoogleButton")): Object: 'Object Repository/GoogleButton' is clicked on

2019-12-17 14:12:53 - [MESSAGE][PASSED] - Object: 'Object Repository/GoogleButton' is clicked on

2019-12-17 14:12:53 - [TEST_STEP][PASSED] - switchToWindowIndex(1): Switched to window with index: '1'

2019-12-17 14:12:55 - [MESSAGE][PASSED] - Switched to window with index: '1'

2019-12-17 14:12:55 - [TEST_STEP][PASSED] - setText(findTestObject("UserName"), findTestData("LoginDetailsNJS").getValue(2, 1)): Text 'thota.chandu1@gmail.com' is set on object 'Object Repository/UserName'

2019-12-17 14:12:56 - [MESSAGE][PASSED] - Text 'thota.chandu1@gmail.com' is set on object 'Object Repository/UserName'

2019-12-17 14:12:56 - [TEST_STEP][PASSED] - click(findTestObject("NextButton")): Object: 'Object Repository/NextButton' is clicked on

2019-12-17 14:12:57 - [MESSAGE][PASSED] - Object: 'Object Repository/NextButton' is clicked on

2019-12-17 14:12:57 - [TEST_STEP][PASSED] - delay(5): Delayed 5 second(s)

2019-12-17 14:13:02 - [MESSAGE][PASSED] - Delayed 5 second(s)

2019-12-17 14:13:02 - [TEST_STEP][PASSED] - setText(findTestObject("Password"), findTestData("LoginDetailsNJS").getValue(3, 1)): Text 'achala$123' is set on object 'Object Repository/Password'

2019-12-17 14:13:02 - [MESSAGE][PASSED] - Text 'achala$123' is set on object 'Object Repository/Password'

2019-12-17 14:13:02 - [TEST_STEP][PASSED] - click(findTestObject("NextButton")): Object: 'Object Repository/NextButton' is clicked on

2019-12-17 14:13:03 - [MESSAGE][PASSED] - Object: 'Object Repository/NextButton' is clicked on

2019-12-17 14:13:03 - [TEST_STEP][PASSED] - switchToWindowIndex(0): Switched to window with index: '0'

2019-12-17 14:13:03 - [MESSAGE][PASSED] - Switched to window with index: '0'

2019-12-17 14:13:03 - [TEST_STEP][PASSED] - delay(10): Delayed 10 second(s)

2019-12-17 14:13:13 - [MESSAGE][PASSED] - Delayed 10 second(s)

2019-12-17 14:13:13 - [TEST_STEP][PASSED] - click(findTestObject("ProfileName")): Object: 'Object Repository/ProfileName' is clicked on

2019-12-17 14:13:15 - [MESSAGE][PASSED] - Object: 'Object Repository/ProfileName' is clicked on

2019-12-17 14:13:15 - [TEST_STEP][PASSED] - click(findTestObject("DeleteResumeButton")): Object: 'Object Repository/DeleteResumeButton' is clicked on

2019-12-17 14:13:16 - [MESSAGE][PASSED] - Object: 'Object Repository/DeleteResumeButton' is clicked on

2019-12-17 14:13:16 - [TEST_STEP][PASSED] - click(findTestObject("DeleteResumeConfirm")): Object: 'Object Repository/DeleteResumeConfirm' is clicked on

2019-12-17 14:13:16 - [MESSAGE][PASSED] - Object: 'Object Repository/DeleteResumeConfirm' is clicked on

2019-12-17 14:13:16 - [TEST_STEP][PASSED] - delay(15): Delayed 15 second(s)

2019-12-17 14:13:31 - [MESSAGE][PASSED] - Delayed 15 second(s)

2019-12-17 14:13:31 - [TEST_STEP][PASSED] - takeScreenshot(): Taking screenshot successfully

2019-12-17 14:13:32 - [MESSAGE][PASSED] - Taking screenshot successfully
[[ATTACHMENT|C:\\Users\\chandu.t\\Katalon Studio\\NJS_Chandu\\Reports\\20191217_140906\\NJS_Chandu\\20191217_140906\\1576572211723.png]]

2019-12-17 14:13:32 - [TEST_STEP][PASSED] - uploadFile(findTestObject("UploadResumeButton"), findTestData("LoginDetailsNJS").getValue(5, 1)): File 'D:\chanduR\Resume11.docx' sent to object: 'Object Repository/UploadResumeButton'

2019-12-17 14:13:32 - [MESSAGE][PASSED] - File 'D:\chanduR\Resume11.docx' sent to object: 'Object Repository/UploadResumeButton'

2019-12-17 14:13:32 - [TEST_STEP][PASSED] - delay(10): Delayed 10 second(s)

2019-12-17 14:13:42 - [MESSAGE][PASSED] - Delayed 10 second(s)

2019-12-17 14:13:42 - [TEST_STEP][NOT_RUN] - click(findTestObject("EditResumeHeadline")): NOT_RUN: click(findTestObject("EditResumeHeadline"))

2019-12-17 14:13:42 - [MESSAGE][NOT_RUN] - NOT_RUN: click(findTestObject("EditResumeHeadline"))

2019-12-17 14:13:42 - [TEST_STEP][NOT_RUN] - setText(findTestObject("ResumeHeadLineText"), "."): NOT_RUN: setText(findTestObject("ResumeHeadLineText"), ".")

2019-12-17 14:13:42 - [MESSAGE][NOT_RUN] - NOT_RUN: setText(findTestObject("ResumeHeadLineText"), ".")

2019-12-17 14:13:42 - [TEST_STEP][NOT_RUN] - click(findTestObject("SaveResumeHeadLineButton")): NOT_RUN: click(findTestObject("SaveResumeHeadLineButton"))

2019-12-17 14:13:42 - [MESSAGE][NOT_RUN] - NOT_RUN: click(findTestObject("SaveResumeHeadLineButton"))

2019-12-17 14:13:42 - [TEST_STEP][PASSED] - takeScreenshot(): Taking screenshot successfully

2019-12-17 14:13:42 - [MESSAGE][PASSED] - Taking screenshot successfully
[[ATTACHMENT|C:\\Users\\chandu.t\\Katalon Studio\\NJS_Chandu\\Reports\\20191217_140906\\NJS_Chandu\\20191217_140906\\1576572222498.png]]

2019-12-17 14:13:42 - [TEST_STEP][PASSED] - refresh(): Refresh successfully

2019-12-17 14:13:42 - [MESSAGE][PASSED] - Refresh successfully

2019-12-17 14:13:42 - [TEST_STEP][PASSED] - delay(10): Delayed 10 second(s)

2019-12-17 14:13:52 - [MESSAGE][PASSED] - Delayed 10 second(s)

2019-12-17 14:13:52 - [TEST_STEP][PASSED] - takeScreenshot(): Taking screenshot successfully

2019-12-17 14:13:53 - [MESSAGE][PASSED] - Taking screenshot successfully
[[ATTACHMENT|C:\\Users\\chandu.t\\Katalon Studio\\NJS_Chandu\\Reports\\20191217_140906\\NJS_Chandu\\20191217_140906\\1576572232994.png]]

2019-12-17 14:13:53 - [TEST_STEP][PASSED] - closeBrowser(): Browser is closed

2019-12-17 14:13:54 - [MESSAGE][PASSED] - Browser is closed]]></system-out>
         <system-err><![CDATA[]]></system-err>
      </testcase>
      <system-out><![CDATA[2019-12-17 14:09:11 - [TEST_SUITE][PASSED] - NJS_Chandu: Test Cases/deleteandupload1]]></system-out>
      <system-err><![CDATA[]]></system-err>
   </testsuite>
</testsuites>
