<?xml version="1.0" encoding="UTF-8"?>
<testsuites name="NJS_Chandu" time="304.207" tests="3" failures="0" errors="0">
   <testsuite name="NJS_Chandu" tests="3" failures="0" errors="0" time="304.207" timestamp="2020-01-22 17:48:16" hostname="chandu.t - wlpt518.imidomain.com" id="Test Suites/NJS_Chandu">
      <properties>
         <property name="deviceName" value=""/>
         <property name="devicePlatform" value=""/>
         <property name="logFolder" value="C:\\Users\\chandu.t\\Katalon Studio\\NJS_Chandu\\Reports\\20200122_174812\\NJS_Chandu\\20200122_174813"/>
         <property name="logFiles" value="C:\\Users\\chandu.t\\Katalon Studio\\NJS_Chandu\\Reports\\20200122_174812\\NJS_Chandu\\20200122_174813\\execution0.log"/>
         <property name="attachments" value="C:\\Users\\chandu.t\\Katalon Studio\\NJS_Chandu\\Reports\\20200122_174812\\NJS_Chandu\\20200122_174813\\1579695563172.png, C:\\Users\\chandu.t\\Katalon Studio\\NJS_Chandu\\Reports\\20200122_174812\\NJS_Chandu\\20200122_174813\\1579695584194.png, C:\\Users\\chandu.t\\Katalon Studio\\NJS_Chandu\\Reports\\20200122_174812\\NJS_Chandu\\20200122_174813\\1579695599710.png, C:\\Users\\chandu.t\\Katalon Studio\\NJS_Chandu\\Reports\\20200122_174812\\NJS_Chandu\\20200122_174813\\1579695664245.png, C:\\Users\\chandu.t\\Katalon Studio\\NJS_Chandu\\Reports\\20200122_174812\\NJS_Chandu\\20200122_174813\\1579695675604.png, C:\\Users\\chandu.t\\Katalon Studio\\NJS_Chandu\\Reports\\20200122_174812\\NJS_Chandu\\20200122_174813\\1579695693365.png, C:\\Users\\chandu.t\\Katalon Studio\\NJS_Chandu\\Reports\\20200122_174812\\NJS_Chandu\\20200122_174813\\1579695757768.png, C:\\Users\\chandu.t\\Katalon Studio\\NJS_Chandu\\Reports\\20200122_174812\\NJS_Chandu\\20200122_174813\\1579695778655.png, C:\\Users\\chandu.t\\Katalon Studio\\NJS_Chandu\\Reports\\20200122_174812\\NJS_Chandu\\20200122_174813\\1579695795813.png"/>
         <property name="hostName" value="chandu.t - wlpt518.imidomain.com"/>
         <property name="os" value="Windows 10 64bit"/>
         <property name="katalonVersion" value="7.2.1.1"/>
         <property name="browser" value="Firefox 72.0"/>
         <property name="hostAddress" value="10.0.26.179"/>
         <property name="sessionId" value="f6da4065-9a95-49a7-8d3d-d9ada681b50e"/>
         <property name="seleniumVersion" value="3.141.59"/>
         <property name="proxyInformation" value="ProxyInformation{proxyOption=NO_PROXY, proxyServerType=HTTP, password=, proxyServerAddress=, proxyServerPort=0, executionList=}"/>
         <property name="platform" value="Windows 10"/>
      </properties>
      <testcase name="Test Cases/Naukri/deleteandupload3" time="107.833" classname="Test Cases/Naukri/deleteandupload3" status="PASSED">
         <system-out><![CDATA[2020-01-22 17:48:17 - [TEST_CASE][PASSED] - Test Cases/Naukri/deleteandupload3: Test Cases/Naukri/deleteandupload3

2020-01-22 17:48:18 - [TEST_STEP][PASSED] - openBrowser(findTestData("LoginDetailsNJS").getValue(1, 3)): Browser is opened with url: 'https://www.naukri.com/'

2020-01-22 17:48:19 - [MESSAGE][INFO] - Starting 'Firefox' driver

2020-01-22 17:48:19 - [MESSAGE][INFO] - Action delay is set to 0 seconds

2020-01-22 17:48:37 - [MESSAGE][PASSED] - Browser is opened with url: 'https://www.naukri.com/'

2020-01-22 17:48:37 - [TEST_STEP][PASSED] - closeWindowIndex(1): Window with index 1 is closed

2020-01-22 17:48:38 - [MESSAGE][PASSED] - Window with index 1 is closed

2020-01-22 17:48:38 - [TEST_STEP][PASSED] - closeWindowIndex(1): Window with index 1 is closed

2020-01-22 17:48:38 - [MESSAGE][PASSED] - Window with index 1 is closed

2020-01-22 17:48:38 - [TEST_STEP][PASSED] - closeWindowIndex(1): Window with index 1 is closed

2020-01-22 17:48:38 - [MESSAGE][PASSED] - Window with index 1 is closed

2020-01-22 17:48:38 - [TEST_STEP][PASSED] - switchToWindowIndex(0): Switched to window with index: '0'

2020-01-22 17:48:38 - [MESSAGE][PASSED] - Switched to window with index: '0'

2020-01-22 17:48:38 - [TEST_STEP][PASSED] - maximizeWindow(): Current window maximized

2020-01-22 17:48:38 - [MESSAGE][PASSED] - Current window maximized

2020-01-22 17:48:38 - [TEST_STEP][PASSED] - click(findTestObject("Naukri/LoginButton")): Object: 'Object Repository/Naukri/LoginButton' is clicked on

2020-01-22 17:48:39 - [MESSAGE][PASSED] - Object: 'Object Repository/Naukri/LoginButton' is clicked on

2020-01-22 17:48:39 - [TEST_STEP][PASSED] - click(findTestObject("Naukri/GoogleButton")): Object: 'Object Repository/Naukri/GoogleButton' is clicked on

2020-01-22 17:48:40 - [MESSAGE][PASSED] - Object: 'Object Repository/Naukri/GoogleButton' is clicked on

2020-01-22 17:48:40 - [TEST_STEP][PASSED] - switchToWindowIndex(1): Switched to window with index: '1'

2020-01-22 17:48:40 - [MESSAGE][PASSED] - Switched to window with index: '1'

2020-01-22 17:48:40 - [TEST_STEP][PASSED] - setText(findTestObject("Naukri/UserName"), findTestData("LoginDetailsNJS").getValue(2, 3)): Text 'chandut1024@gmail.com' is set on object 'Object Repository/Naukri/UserName'

2020-01-22 17:48:43 - [MESSAGE][PASSED] - Text 'chandut1024@gmail.com' is set on object 'Object Repository/Naukri/UserName'

2020-01-22 17:48:43 - [TEST_STEP][PASSED] - click(findTestObject("Naukri/NextButton")): Object: 'Object Repository/Naukri/NextButton' is clicked on

2020-01-22 17:48:44 - [MESSAGE][PASSED] - Object: 'Object Repository/Naukri/NextButton' is clicked on

2020-01-22 17:48:44 - [TEST_STEP][PASSED] - delay(5): Delayed 5 second(s)

2020-01-22 17:48:49 - [MESSAGE][PASSED] - Delayed 5 second(s)

2020-01-22 17:48:49 - [TEST_STEP][PASSED] - setText(findTestObject("Naukri/Password"), findTestData("LoginDetailsNJS").getValue(3, 3)): Text 'achala$123' is set on object 'Object Repository/Naukri/Password'

2020-01-22 17:48:50 - [MESSAGE][PASSED] - Text 'achala$123' is set on object 'Object Repository/Naukri/Password'

2020-01-22 17:48:50 - [TEST_STEP][PASSED] - click(findTestObject("Naukri/NextButton")): Object: 'Object Repository/Naukri/NextButton' is clicked on

2020-01-22 17:48:53 - [MESSAGE][PASSED] - Object: 'Object Repository/Naukri/NextButton' is clicked on

2020-01-22 17:48:53 - [TEST_STEP][PASSED] - switchToWindowIndex(0): Switched to window with index: '0'

2020-01-22 17:48:53 - [MESSAGE][PASSED] - Switched to window with index: '0'

2020-01-22 17:48:53 - [TEST_STEP][PASSED] - delay(10): Delayed 10 second(s)

2020-01-22 17:49:03 - [MESSAGE][PASSED] - Delayed 10 second(s)

2020-01-22 17:49:03 - [TEST_STEP][PASSED] - click(findTestObject("Naukri/ProfileName")): Object: 'Object Repository/Naukri/ProfileName' is clicked on

2020-01-22 17:49:05 - [MESSAGE][PASSED] - Object: 'Object Repository/Naukri/ProfileName' is clicked on

2020-01-22 17:49:05 - [TEST_STEP][PASSED] - click(findTestObject("Naukri/DeleteResumeButton")): Object: 'Object Repository/Naukri/DeleteResumeButton' is clicked on

2020-01-22 17:49:07 - [MESSAGE][PASSED] - Object: 'Object Repository/Naukri/DeleteResumeButton' is clicked on

2020-01-22 17:49:07 - [TEST_STEP][PASSED] - click(findTestObject("Naukri/DeleteResumeConfirm")): Object: 'Object Repository/Naukri/DeleteResumeConfirm' is clicked on

2020-01-22 17:49:07 - [MESSAGE][PASSED] - Object: 'Object Repository/Naukri/DeleteResumeConfirm' is clicked on

2020-01-22 17:49:07 - [TEST_STEP][PASSED] - delay(15): Delayed 15 second(s)

2020-01-22 17:49:22 - [MESSAGE][PASSED] - Delayed 15 second(s)

2020-01-22 17:49:22 - [TEST_STEP][PASSED] - takeScreenshot(): Taking screenshot successfully

2020-01-22 17:49:23 - [MESSAGE][PASSED] - Taking screenshot successfully
[[ATTACHMENT|C:\\Users\\chandu.t\\Katalon Studio\\NJS_Chandu\\Reports\\20200122_174812\\NJS_Chandu\\20200122_174813\\1579695563172.png]]

2020-01-22 17:49:23 - [TEST_STEP][PASSED] - uploadFile(findTestObject("Naukri/UploadResumeButton"), findTestData("LoginDetailsNJS").getValue(5, 3)): File 'D:\chanduR\Chandu_Thota_QA_Engineer3.docx' sent to object: 'Object Repository/Naukri/UploadResumeButton'

2020-01-22 17:49:23 - [MESSAGE][PASSED] - File 'D:\chanduR\Chandu_Thota_QA_Engineer3.docx' sent to object: 'Object Repository/Naukri/UploadResumeButton'

2020-01-22 17:49:23 - [TEST_STEP][PASSED] - delay(20): Delayed 20 second(s)

2020-01-22 17:49:43 - [MESSAGE][PASSED] - Delayed 20 second(s)

2020-01-22 17:49:43 - [TEST_STEP][NOT_RUN] - click(findTestObject("Naukri/EditResumeHeadline")): NOT_RUN: click(findTestObject("Naukri/EditResumeHeadline"))

2020-01-22 17:49:43 - [MESSAGE][NOT_RUN] - NOT_RUN: click(findTestObject("Naukri/EditResumeHeadline"))

2020-01-22 17:49:43 - [TEST_STEP][NOT_RUN] - setText(findTestObject("Naukri/ResumeHeadLineText"), "."): NOT_RUN: setText(findTestObject("Naukri/ResumeHeadLineText"), ".")

2020-01-22 17:49:43 - [MESSAGE][NOT_RUN] - NOT_RUN: setText(findTestObject("Naukri/ResumeHeadLineText"), ".")

2020-01-22 17:49:43 - [TEST_STEP][NOT_RUN] - click(findTestObject("Naukri/SaveResumeHeadLineButton")): NOT_RUN: click(findTestObject("Naukri/SaveResumeHeadLineButton"))

2020-01-22 17:49:43 - [MESSAGE][NOT_RUN] - NOT_RUN: click(findTestObject("Naukri/SaveResumeHeadLineButton"))

2020-01-22 17:49:43 - [TEST_STEP][PASSED] - takeScreenshot(): Taking screenshot successfully

2020-01-22 17:49:44 - [MESSAGE][PASSED] - Taking screenshot successfully
[[ATTACHMENT|C:\\Users\\chandu.t\\Katalon Studio\\NJS_Chandu\\Reports\\20200122_174812\\NJS_Chandu\\20200122_174813\\1579695584194.png]]

2020-01-22 17:49:44 - [TEST_STEP][PASSED] - refresh(): Refresh successfully

2020-01-22 17:49:49 - [MESSAGE][PASSED] - Refresh successfully

2020-01-22 17:49:49 - [TEST_STEP][PASSED] - delay(10): Delayed 10 second(s)

2020-01-22 17:49:59 - [MESSAGE][PASSED] - Delayed 10 second(s)

2020-01-22 17:49:59 - [TEST_STEP][PASSED] - takeScreenshot(): Taking screenshot successfully

2020-01-22 17:49:59 - [MESSAGE][PASSED] - Taking screenshot successfully
[[ATTACHMENT|C:\\Users\\chandu.t\\Katalon Studio\\NJS_Chandu\\Reports\\20200122_174812\\NJS_Chandu\\20200122_174813\\1579695599710.png]]

2020-01-22 17:49:59 - [TEST_STEP][PASSED] - closeBrowser(): Browser is closed

2020-01-22 17:50:05 - [MESSAGE][PASSED] - Browser is closed]]></system-out>
         <system-err><![CDATA[]]></system-err>
      </testcase>
      <testcase name="Test Cases/Naukri/deleteandupload2" time="93.561" classname="Test Cases/Naukri/deleteandupload2" status="PASSED">
         <system-out><![CDATA[2020-01-22 17:50:05 - [TEST_CASE][PASSED] - Test Cases/Naukri/deleteandupload2: Test Cases/Naukri/deleteandupload2

2020-01-22 17:50:05 - [TEST_STEP][PASSED] - openBrowser(findTestData("LoginDetailsNJS").getValue(1, 2)): Browser is opened with url: 'https://www.naukri.com/'

2020-01-22 17:50:05 - [MESSAGE][INFO] - Starting 'Firefox' driver

2020-01-22 17:50:21 - [MESSAGE][PASSED] - Browser is opened with url: 'https://www.naukri.com/'

2020-01-22 17:50:21 - [TEST_STEP][PASSED] - closeWindowIndex(1): Window with index 1 is closed

2020-01-22 17:50:21 - [MESSAGE][PASSED] - Window with index 1 is closed

2020-01-22 17:50:21 - [TEST_STEP][PASSED] - closeWindowIndex(1): Window with index 1 is closed

2020-01-22 17:50:22 - [MESSAGE][PASSED] - Window with index 1 is closed

2020-01-22 17:50:22 - [TEST_STEP][PASSED] - closeWindowIndex(1): Window with index 1 is closed

2020-01-22 17:50:22 - [MESSAGE][PASSED] - Window with index 1 is closed

2020-01-22 17:50:22 - [TEST_STEP][PASSED] - switchToWindowIndex(0): Switched to window with index: '0'

2020-01-22 17:50:22 - [MESSAGE][PASSED] - Switched to window with index: '0'

2020-01-22 17:50:22 - [TEST_STEP][PASSED] - maximizeWindow(): Current window maximized

2020-01-22 17:50:22 - [MESSAGE][PASSED] - Current window maximized

2020-01-22 17:50:22 - [TEST_STEP][PASSED] - click(findTestObject("Naukri/LoginButton")): Object: 'Object Repository/Naukri/LoginButton' is clicked on

2020-01-22 17:50:23 - [MESSAGE][PASSED] - Object: 'Object Repository/Naukri/LoginButton' is clicked on

2020-01-22 17:50:23 - [TEST_STEP][PASSED] - click(findTestObject("Naukri/GoogleButton")): Object: 'Object Repository/Naukri/GoogleButton' is clicked on

2020-01-22 17:50:23 - [MESSAGE][PASSED] - Object: 'Object Repository/Naukri/GoogleButton' is clicked on

2020-01-22 17:50:23 - [TEST_STEP][PASSED] - switchToWindowIndex(1): Switched to window with index: '1'

2020-01-22 17:50:23 - [MESSAGE][PASSED] - Switched to window with index: '1'

2020-01-22 17:50:23 - [TEST_STEP][PASSED] - setText(findTestObject("Naukri/UserName"), findTestData("LoginDetailsNJS").getValue(2, 2)): Text 'chanduthota371@gmail.com' is set on object 'Object Repository/Naukri/UserName'

2020-01-22 17:50:26 - [MESSAGE][PASSED] - Text 'chanduthota371@gmail.com' is set on object 'Object Repository/Naukri/UserName'

2020-01-22 17:50:26 - [TEST_STEP][PASSED] - click(findTestObject("Naukri/NextButton")): Object: 'Object Repository/Naukri/NextButton' is clicked on

2020-01-22 17:50:26 - [MESSAGE][PASSED] - Object: 'Object Repository/Naukri/NextButton' is clicked on

2020-01-22 17:50:26 - [TEST_STEP][PASSED] - delay(5): Delayed 5 second(s)

2020-01-22 17:50:31 - [MESSAGE][PASSED] - Delayed 5 second(s)

2020-01-22 17:50:31 - [TEST_STEP][PASSED] - setText(findTestObject("Naukri/Password"), findTestData("LoginDetailsNJS").getValue(3, 2)): Text 'achala$123' is set on object 'Object Repository/Naukri/Password'

2020-01-22 17:50:32 - [MESSAGE][PASSED] - Text 'achala$123' is set on object 'Object Repository/Naukri/Password'

2020-01-22 17:50:32 - [TEST_STEP][PASSED] - click(findTestObject("Naukri/NextButton")): Object: 'Object Repository/Naukri/NextButton' is clicked on

2020-01-22 17:50:36 - [MESSAGE][PASSED] - Object: 'Object Repository/Naukri/NextButton' is clicked on

2020-01-22 17:50:36 - [TEST_STEP][PASSED] - switchToWindowIndex(0): Switched to window with index: '0'

2020-01-22 17:50:36 - [MESSAGE][PASSED] - Switched to window with index: '0'

2020-01-22 17:50:36 - [TEST_STEP][PASSED] - delay(10): Delayed 10 second(s)

2020-01-22 17:50:46 - [MESSAGE][PASSED] - Delayed 10 second(s)

2020-01-22 17:50:46 - [TEST_STEP][PASSED] - click(findTestObject("Naukri/ProfileName")): Object: 'Object Repository/Naukri/ProfileName' is clicked on

2020-01-22 17:50:46 - [MESSAGE][PASSED] - Object: 'Object Repository/Naukri/ProfileName' is clicked on

2020-01-22 17:50:46 - [TEST_STEP][PASSED] - click(findTestObject("Naukri/DeleteResumeButton")): Object: 'Object Repository/Naukri/DeleteResumeButton' is clicked on

2020-01-22 17:50:48 - [MESSAGE][PASSED] - Object: 'Object Repository/Naukri/DeleteResumeButton' is clicked on

2020-01-22 17:50:48 - [TEST_STEP][PASSED] - click(findTestObject("Naukri/DeleteResumeConfirm")): Object: 'Object Repository/Naukri/DeleteResumeConfirm' is clicked on

2020-01-22 17:50:48 - [MESSAGE][PASSED] - Object: 'Object Repository/Naukri/DeleteResumeConfirm' is clicked on

2020-01-22 17:50:48 - [TEST_STEP][PASSED] - delay(15): Delayed 15 second(s)

2020-01-22 17:51:03 - [MESSAGE][PASSED] - Delayed 15 second(s)

2020-01-22 17:51:03 - [TEST_STEP][PASSED] - takeScreenshot(): Taking screenshot successfully

2020-01-22 17:51:04 - [MESSAGE][PASSED] - Taking screenshot successfully
[[ATTACHMENT|C:\\Users\\chandu.t\\Katalon Studio\\NJS_Chandu\\Reports\\20200122_174812\\NJS_Chandu\\20200122_174813\\1579695664245.png]]

2020-01-22 17:51:04 - [TEST_STEP][PASSED] - uploadFile(findTestObject("Naukri/UploadResumeButton"), findTestData("LoginDetailsNJS").getValue(5, 2)): File 'D:\chanduR\Chandu_Thota_QA_Engineer2.docx' sent to object: 'Object Repository/Naukri/UploadResumeButton'

2020-01-22 17:51:04 - [MESSAGE][PASSED] - File 'D:\chanduR\Chandu_Thota_QA_Engineer2.docx' sent to object: 'Object Repository/Naukri/UploadResumeButton'

2020-01-22 17:51:04 - [TEST_STEP][PASSED] - delay(10): Delayed 10 second(s)

2020-01-22 17:51:14 - [MESSAGE][PASSED] - Delayed 10 second(s)

2020-01-22 17:51:14 - [TEST_STEP][NOT_RUN] - click(findTestObject("Naukri/EditResumeHeadline")): NOT_RUN: click(findTestObject("Naukri/EditResumeHeadline"))

2020-01-22 17:51:14 - [MESSAGE][NOT_RUN] - NOT_RUN: click(findTestObject("Naukri/EditResumeHeadline"))

2020-01-22 17:51:14 - [TEST_STEP][NOT_RUN] - setText(findTestObject("Naukri/ResumeHeadLineText"), "."): NOT_RUN: setText(findTestObject("Naukri/ResumeHeadLineText"), ".")

2020-01-22 17:51:14 - [MESSAGE][NOT_RUN] - NOT_RUN: setText(findTestObject("Naukri/ResumeHeadLineText"), ".")

2020-01-22 17:51:14 - [TEST_STEP][NOT_RUN] - click(findTestObject("Naukri/SaveResumeHeadLineButton")): NOT_RUN: click(findTestObject("Naukri/SaveResumeHeadLineButton"))

2020-01-22 17:51:14 - [MESSAGE][NOT_RUN] - NOT_RUN: click(findTestObject("Naukri/SaveResumeHeadLineButton"))

2020-01-22 17:51:14 - [TEST_STEP][PASSED] - takeScreenshot(): Taking screenshot successfully

2020-01-22 17:51:15 - [MESSAGE][PASSED] - Taking screenshot successfully
[[ATTACHMENT|C:\\Users\\chandu.t\\Katalon Studio\\NJS_Chandu\\Reports\\20200122_174812\\NJS_Chandu\\20200122_174813\\1579695675604.png]]

2020-01-22 17:51:15 - [TEST_STEP][PASSED] - refresh(): Refresh successfully

2020-01-22 17:51:23 - [MESSAGE][PASSED] - Refresh successfully

2020-01-22 17:51:23 - [TEST_STEP][PASSED] - delay(10): Delayed 10 second(s)

2020-01-22 17:51:33 - [MESSAGE][PASSED] - Delayed 10 second(s)

2020-01-22 17:51:33 - [TEST_STEP][PASSED] - takeScreenshot(): Taking screenshot successfully

2020-01-22 17:51:33 - [MESSAGE][PASSED] - Taking screenshot successfully
[[ATTACHMENT|C:\\Users\\chandu.t\\Katalon Studio\\NJS_Chandu\\Reports\\20200122_174812\\NJS_Chandu\\20200122_174813\\1579695693365.png]]

2020-01-22 17:51:33 - [TEST_STEP][PASSED] - closeBrowser(): Browser is closed

2020-01-22 17:51:38 - [MESSAGE][PASSED] - Browser is closed]]></system-out>
         <system-err><![CDATA[]]></system-err>
      </testcase>
      <testcase name="Test Cases/Naukri/deleteandupload1" time="102.108" classname="Test Cases/Naukri/deleteandupload1" status="PASSED">
         <system-out><![CDATA[2020-01-22 17:51:38 - [TEST_CASE][PASSED] - Test Cases/Naukri/deleteandupload1: Test Cases/Naukri/deleteandupload1

2020-01-22 17:51:39 - [TEST_STEP][PASSED] - openBrowser(findTestData("LoginDetailsNJS").getValue(1, 1)): Browser is opened with url: 'naukri.com'

2020-01-22 17:51:39 - [MESSAGE][INFO] - Starting 'Firefox' driver

2020-01-22 17:51:55 - [MESSAGE][PASSED] - Browser is opened with url: 'naukri.com'

2020-01-22 17:51:55 - [TEST_STEP][PASSED] - closeWindowIndex(1): Window with index 1 is closed

2020-01-22 17:51:55 - [MESSAGE][PASSED] - Window with index 1 is closed

2020-01-22 17:51:55 - [TEST_STEP][PASSED] - closeWindowIndex(1): Window with index 1 is closed

2020-01-22 17:51:55 - [MESSAGE][PASSED] - Window with index 1 is closed

2020-01-22 17:51:55 - [TEST_STEP][PASSED] - closeWindowIndex(1): Window with index 1 is closed

2020-01-22 17:51:55 - [MESSAGE][PASSED] - Window with index 1 is closed

2020-01-22 17:51:55 - [TEST_STEP][PASSED] - switchToWindowIndex(0): Switched to window with index: '0'

2020-01-22 17:51:55 - [MESSAGE][PASSED] - Switched to window with index: '0'

2020-01-22 17:51:55 - [TEST_STEP][PASSED] - maximizeWindow(): Current window maximized

2020-01-22 17:51:55 - [MESSAGE][PASSED] - Current window maximized

2020-01-22 17:51:55 - [TEST_STEP][PASSED] - click(findTestObject("Naukri/LoginButton")): Object: 'Object Repository/Naukri/LoginButton' is clicked on

2020-01-22 17:51:56 - [MESSAGE][PASSED] - Object: 'Object Repository/Naukri/LoginButton' is clicked on

2020-01-22 17:51:56 - [TEST_STEP][PASSED] - click(findTestObject("Naukri/GoogleButton")): Object: 'Object Repository/Naukri/GoogleButton' is clicked on

2020-01-22 17:51:57 - [MESSAGE][PASSED] - Object: 'Object Repository/Naukri/GoogleButton' is clicked on

2020-01-22 17:51:57 - [TEST_STEP][PASSED] - switchToWindowIndex(1): Switched to window with index: '1'

2020-01-22 17:51:57 - [MESSAGE][PASSED] - Switched to window with index: '1'

2020-01-22 17:51:57 - [TEST_STEP][PASSED] - setText(findTestObject("Naukri/UserName"), findTestData("LoginDetailsNJS").getValue(2, 1)): Text 'thota.chandu1@gmail.com' is set on object 'Object Repository/Naukri/UserName'

2020-01-22 17:51:59 - [MESSAGE][PASSED] - Text 'thota.chandu1@gmail.com' is set on object 'Object Repository/Naukri/UserName'

2020-01-22 17:51:59 - [TEST_STEP][PASSED] - click(findTestObject("Naukri/NextButton")): Object: 'Object Repository/Naukri/NextButton' is clicked on

2020-01-22 17:52:00 - [MESSAGE][PASSED] - Object: 'Object Repository/Naukri/NextButton' is clicked on

2020-01-22 17:52:00 - [TEST_STEP][PASSED] - delay(5): Delayed 5 second(s)

2020-01-22 17:52:05 - [MESSAGE][PASSED] - Delayed 5 second(s)

2020-01-22 17:52:05 - [TEST_STEP][PASSED] - setText(findTestObject("Naukri/Password"), findTestData("LoginDetailsNJS").getValue(3, 1)): Text 'achala$123' is set on object 'Object Repository/Naukri/Password'

2020-01-22 17:52:05 - [MESSAGE][PASSED] - Text 'achala$123' is set on object 'Object Repository/Naukri/Password'

2020-01-22 17:52:05 - [TEST_STEP][PASSED] - click(findTestObject("Naukri/NextButton")): Object: 'Object Repository/Naukri/NextButton' is clicked on

2020-01-22 17:52:09 - [MESSAGE][PASSED] - Object: 'Object Repository/Naukri/NextButton' is clicked on

2020-01-22 17:52:09 - [TEST_STEP][PASSED] - switchToWindowIndex(0): Switched to window with index: '0'

2020-01-22 17:52:09 - [MESSAGE][PASSED] - Switched to window with index: '0'

2020-01-22 17:52:09 - [TEST_STEP][PASSED] - delay(10): Delayed 10 second(s)

2020-01-22 17:52:19 - [MESSAGE][PASSED] - Delayed 10 second(s)

2020-01-22 17:52:19 - [TEST_STEP][PASSED] - click(findTestObject("Naukri/ProfileName")): Object: 'Object Repository/Naukri/ProfileName' is clicked on

2020-01-22 17:52:20 - [MESSAGE][PASSED] - Object: 'Object Repository/Naukri/ProfileName' is clicked on

2020-01-22 17:52:20 - [TEST_STEP][PASSED] - click(findTestObject("Naukri/DeleteResumeButton")): Object: 'Object Repository/Naukri/DeleteResumeButton' is clicked on

2020-01-22 17:52:21 - [MESSAGE][PASSED] - Object: 'Object Repository/Naukri/DeleteResumeButton' is clicked on

2020-01-22 17:52:21 - [TEST_STEP][PASSED] - click(findTestObject("Naukri/DeleteResumeConfirm")): Object: 'Object Repository/Naukri/DeleteResumeConfirm' is clicked on

2020-01-22 17:52:22 - [MESSAGE][PASSED] - Object: 'Object Repository/Naukri/DeleteResumeConfirm' is clicked on

2020-01-22 17:52:22 - [TEST_STEP][PASSED] - delay(15): Delayed 15 second(s)

2020-01-22 17:52:37 - [MESSAGE][PASSED] - Delayed 15 second(s)

2020-01-22 17:52:37 - [TEST_STEP][PASSED] - takeScreenshot(): Taking screenshot successfully

2020-01-22 17:52:37 - [MESSAGE][PASSED] - Taking screenshot successfully
[[ATTACHMENT|C:\\Users\\chandu.t\\Katalon Studio\\NJS_Chandu\\Reports\\20200122_174812\\NJS_Chandu\\20200122_174813\\1579695757768.png]]

2020-01-22 17:52:37 - [TEST_STEP][PASSED] - uploadFile(findTestObject("Naukri/UploadResumeButton"), findTestData("LoginDetailsNJS").getValue(5, 1)): File 'D:\chanduR\Chandu_Thota_QA_Engineer1.docx' sent to object: 'Object Repository/Naukri/UploadResumeButton'

2020-01-22 17:52:38 - [MESSAGE][PASSED] - File 'D:\chanduR\Chandu_Thota_QA_Engineer1.docx' sent to object: 'Object Repository/Naukri/UploadResumeButton'

2020-01-22 17:52:38 - [TEST_STEP][PASSED] - delay(20): Delayed 20 second(s)

2020-01-22 17:52:58 - [MESSAGE][PASSED] - Delayed 20 second(s)

2020-01-22 17:52:58 - [TEST_STEP][NOT_RUN] - click(findTestObject("Naukri/EditResumeHeadline")): NOT_RUN: click(findTestObject("Naukri/EditResumeHeadline"))

2020-01-22 17:52:58 - [MESSAGE][NOT_RUN] - NOT_RUN: click(findTestObject("Naukri/EditResumeHeadline"))

2020-01-22 17:52:58 - [TEST_STEP][NOT_RUN] - setText(findTestObject("Naukri/ResumeHeadLineText"), "."): NOT_RUN: setText(findTestObject("Naukri/ResumeHeadLineText"), ".")

2020-01-22 17:52:58 - [MESSAGE][NOT_RUN] - NOT_RUN: setText(findTestObject("Naukri/ResumeHeadLineText"), ".")

2020-01-22 17:52:58 - [TEST_STEP][NOT_RUN] - click(findTestObject("Naukri/SaveResumeHeadLineButton")): NOT_RUN: click(findTestObject("Naukri/SaveResumeHeadLineButton"))

2020-01-22 17:52:58 - [MESSAGE][NOT_RUN] - NOT_RUN: click(findTestObject("Naukri/SaveResumeHeadLineButton"))

2020-01-22 17:52:58 - [TEST_STEP][PASSED] - takeScreenshot(): Taking screenshot successfully

2020-01-22 17:52:58 - [MESSAGE][PASSED] - Taking screenshot successfully
[[ATTACHMENT|C:\\Users\\chandu.t\\Katalon Studio\\NJS_Chandu\\Reports\\20200122_174812\\NJS_Chandu\\20200122_174813\\1579695778655.png]]

2020-01-22 17:52:58 - [TEST_STEP][PASSED] - refresh(): Refresh successfully

2020-01-22 17:53:05 - [MESSAGE][PASSED] - Refresh successfully

2020-01-22 17:53:05 - [TEST_STEP][PASSED] - delay(10): Delayed 10 second(s)

2020-01-22 17:53:15 - [MESSAGE][PASSED] - Delayed 10 second(s)

2020-01-22 17:53:15 - [TEST_STEP][PASSED] - takeScreenshot(): Taking screenshot successfully

2020-01-22 17:53:15 - [MESSAGE][PASSED] - Taking screenshot successfully
[[ATTACHMENT|C:\\Users\\chandu.t\\Katalon Studio\\NJS_Chandu\\Reports\\20200122_174812\\NJS_Chandu\\20200122_174813\\1579695795813.png]]

2020-01-22 17:53:15 - [TEST_STEP][PASSED] - closeBrowser(): Browser is closed

2020-01-22 17:53:20 - [MESSAGE][PASSED] - Browser is closed]]></system-out>
         <system-err><![CDATA[]]></system-err>
      </testcase>
      <system-out><![CDATA[2020-01-22 17:48:16 - [TEST_SUITE][PASSED] - NJS_Chandu: Test Cases/Naukri/deleteandupload1]]></system-out>
      <system-err><![CDATA[]]></system-err>
   </testsuite>
</testsuites>
