<?xml version="1.0" encoding="UTF-8"?>
<testsuites name="NJS_Chandu" time="290.347" tests="3" failures="0" errors="0">
   <testsuite name="NJS_Chandu" tests="3" failures="0" errors="0" time="290.347" timestamp="2020-01-17 08:08:53" hostname="chandu.t - wlpt518.imidomain.com" id="Test Suites/NJS_Chandu">
      <properties>
         <property name="deviceName" value=""/>
         <property name="devicePlatform" value=""/>
         <property name="logFolder" value="C:\\Users\\chandu.t\\Katalon Studio\\NJS_Chandu\\Reports\\20200117_080848\\NJS_Chandu\\20200117_080848"/>
         <property name="logFiles" value="C:\\Users\\chandu.t\\Katalon Studio\\NJS_Chandu\\Reports\\20200117_080848\\NJS_Chandu\\20200117_080848\\execution0.log"/>
         <property name="attachments" value="C:\\Users\\chandu.t\\Katalon Studio\\NJS_Chandu\\Reports\\20200117_080848\\NJS_Chandu\\20200117_080848\\1579228804811.png, C:\\Users\\chandu.t\\Katalon Studio\\NJS_Chandu\\Reports\\20200117_080848\\NJS_Chandu\\20200117_080848\\1579228816213.png, C:\\Users\\chandu.t\\Katalon Studio\\NJS_Chandu\\Reports\\20200117_080848\\NJS_Chandu\\20200117_080848\\1579228835893.png, C:\\Users\\chandu.t\\Katalon Studio\\NJS_Chandu\\Reports\\20200117_080848\\NJS_Chandu\\20200117_080848\\1579228907749.png, C:\\Users\\chandu.t\\Katalon Studio\\NJS_Chandu\\Reports\\20200117_080848\\NJS_Chandu\\20200117_080848\\1579228919070.png, C:\\Users\\chandu.t\\Katalon Studio\\NJS_Chandu\\Reports\\20200117_080848\\NJS_Chandu\\20200117_080848\\1579228933294.png, C:\\Users\\chandu.t\\Katalon Studio\\NJS_Chandu\\Reports\\20200117_080848\\NJS_Chandu\\20200117_080848\\1579228994058.png, C:\\Users\\chandu.t\\Katalon Studio\\NJS_Chandu\\Reports\\20200117_080848\\NJS_Chandu\\20200117_080848\\1579229005458.png, C:\\Users\\chandu.t\\Katalon Studio\\NJS_Chandu\\Reports\\20200117_080848\\NJS_Chandu\\20200117_080848\\1579229020307.png"/>
         <property name="hostName" value="chandu.t - wlpt518.imidomain.com"/>
         <property name="os" value="Windows 10 64bit"/>
         <property name="katalonVersion" value="7.2.1.1"/>
         <property name="browser" value="Firefox 71.0"/>
         <property name="hostAddress" value="192.168.43.93"/>
         <property name="sessionId" value="24046377-baab-4149-aa6d-c1f2515bc9fd"/>
         <property name="seleniumVersion" value="3.141.59"/>
         <property name="proxyInformation" value="ProxyInformation{proxyOption=NO_PROXY, proxyServerType=HTTP, password=, proxyServerAddress=, proxyServerPort=0, executionList=}"/>
         <property name="platform" value="Windows 10"/>
      </properties>
      <testcase name="Test Cases/Naukri/deleteandupload3" time="113.007" classname="Test Cases/Naukri/deleteandupload3" status="PASSED">
         <system-out><![CDATA[2020-01-17 08:08:54 - [TEST_CASE][PASSED] - Test Cases/Naukri/deleteandupload3: Test Cases/Naukri/deleteandupload3

2020-01-17 08:08:55 - [TEST_STEP][PASSED] - openBrowser(findTestData("LoginDetailsNJS").getValue(1, 3)): Browser is opened with url: 'https://www.naukri.com/'

2020-01-17 08:08:57 - [MESSAGE][INFO] - Starting 'Firefox' driver

2020-01-17 08:08:58 - [MESSAGE][INFO] - Action delay is set to 0 seconds

2020-01-17 08:09:20 - [MESSAGE][PASSED] - Browser is opened with url: 'https://www.naukri.com/'

2020-01-17 08:09:20 - [TEST_STEP][PASSED] - closeWindowIndex(1): Window with index 1 is closed

2020-01-17 08:09:20 - [MESSAGE][PASSED] - Window with index 1 is closed

2020-01-17 08:09:20 - [TEST_STEP][PASSED] - closeWindowIndex(1): Window with index 1 is closed

2020-01-17 08:09:21 - [MESSAGE][PASSED] - Window with index 1 is closed

2020-01-17 08:09:21 - [TEST_STEP][PASSED] - closeWindowIndex(1): Window with index 1 is closed

2020-01-17 08:09:21 - [MESSAGE][PASSED] - Window with index 1 is closed

2020-01-17 08:09:21 - [TEST_STEP][PASSED] - switchToWindowIndex(0): Switched to window with index: '0'

2020-01-17 08:09:21 - [MESSAGE][PASSED] - Switched to window with index: '0'

2020-01-17 08:09:21 - [TEST_STEP][PASSED] - maximizeWindow(): Current window maximized

2020-01-17 08:09:21 - [MESSAGE][PASSED] - Current window maximized

2020-01-17 08:09:21 - [TEST_STEP][PASSED] - click(findTestObject("Naukri/LoginButton")): Object: 'Object Repository/Naukri/LoginButton' is clicked on

2020-01-17 08:09:23 - [MESSAGE][PASSED] - Object: 'Object Repository/Naukri/LoginButton' is clicked on

2020-01-17 08:09:23 - [TEST_STEP][PASSED] - click(findTestObject("Naukri/GoogleButton")): Object: 'Object Repository/Naukri/GoogleButton' is clicked on

2020-01-17 08:09:24 - [MESSAGE][PASSED] - Object: 'Object Repository/Naukri/GoogleButton' is clicked on

2020-01-17 08:09:24 - [TEST_STEP][PASSED] - switchToWindowIndex(1): Switched to window with index: '1'

2020-01-17 08:09:24 - [MESSAGE][PASSED] - Switched to window with index: '1'

2020-01-17 08:09:24 - [TEST_STEP][PASSED] - setText(findTestObject("Naukri/UserName"), findTestData("LoginDetailsNJS").getValue(2, 3)): Text 'chandut1024@gmail.com' is set on object 'Object Repository/Naukri/UserName'

2020-01-17 08:09:28 - [MESSAGE][PASSED] - Text 'chandut1024@gmail.com' is set on object 'Object Repository/Naukri/UserName'

2020-01-17 08:09:28 - [TEST_STEP][PASSED] - click(findTestObject("Naukri/NextButton")): Object: 'Object Repository/Naukri/NextButton' is clicked on

2020-01-17 08:09:29 - [MESSAGE][PASSED] - Object: 'Object Repository/Naukri/NextButton' is clicked on

2020-01-17 08:09:29 - [TEST_STEP][PASSED] - delay(5): Delayed 5 second(s)

2020-01-17 08:09:34 - [MESSAGE][PASSED] - Delayed 5 second(s)

2020-01-17 08:09:34 - [TEST_STEP][PASSED] - setText(findTestObject("Naukri/Password"), findTestData("LoginDetailsNJS").getValue(3, 3)): Text 'achala$123' is set on object 'Object Repository/Naukri/Password'

2020-01-17 08:09:34 - [MESSAGE][PASSED] - Text 'achala$123' is set on object 'Object Repository/Naukri/Password'

2020-01-17 08:09:34 - [TEST_STEP][PASSED] - click(findTestObject("Naukri/NextButton")): Object: 'Object Repository/Naukri/NextButton' is clicked on

2020-01-17 08:09:38 - [MESSAGE][PASSED] - Object: 'Object Repository/Naukri/NextButton' is clicked on

2020-01-17 08:09:38 - [TEST_STEP][PASSED] - switchToWindowIndex(0): Switched to window with index: '0'

2020-01-17 08:09:38 - [MESSAGE][PASSED] - Switched to window with index: '0'

2020-01-17 08:09:38 - [TEST_STEP][PASSED] - delay(10): Delayed 10 second(s)

2020-01-17 08:09:48 - [MESSAGE][PASSED] - Delayed 10 second(s)

2020-01-17 08:09:48 - [TEST_STEP][PASSED] - click(findTestObject("Naukri/ProfileName")): Object: 'Object Repository/Naukri/ProfileName' is clicked on

2020-01-17 08:09:49 - [MESSAGE][PASSED] - Object: 'Object Repository/Naukri/ProfileName' is clicked on

2020-01-17 08:09:49 - [TEST_STEP][NOT_RUN] - click(findTestObject("Naukri/DeleteResumeButton")): NOT_RUN: click(findTestObject("Naukri/DeleteResumeButton"))

2020-01-17 08:09:49 - [MESSAGE][NOT_RUN] - NOT_RUN: click(findTestObject("Naukri/DeleteResumeButton"))

2020-01-17 08:09:49 - [TEST_STEP][NOT_RUN] - click(findTestObject("Naukri/DeleteResumeConfirm")): NOT_RUN: click(findTestObject("Naukri/DeleteResumeConfirm"))

2020-01-17 08:09:49 - [MESSAGE][NOT_RUN] - NOT_RUN: click(findTestObject("Naukri/DeleteResumeConfirm"))

2020-01-17 08:09:49 - [TEST_STEP][PASSED] - delay(15): Delayed 15 second(s)

2020-01-17 08:10:04 - [MESSAGE][PASSED] - Delayed 15 second(s)

2020-01-17 08:10:04 - [TEST_STEP][PASSED] - takeScreenshot(): Taking screenshot successfully

2020-01-17 08:10:05 - [MESSAGE][PASSED] - Taking screenshot successfully
[[ATTACHMENT|C:\\Users\\chandu.t\\Katalon Studio\\NJS_Chandu\\Reports\\20200117_080848\\NJS_Chandu\\20200117_080848\\1579228804811.png]]

2020-01-17 08:10:05 - [TEST_STEP][PASSED] - uploadFile(findTestObject("Naukri/UploadResumeButton"), findTestData("LoginDetailsNJS").getValue(5, 3)): File 'D:\chanduR\Chandu_Thota_QA_Engineer3.docx' sent to object: 'Object Repository/Naukri/UploadResumeButton'

2020-01-17 08:10:05 - [MESSAGE][PASSED] - File 'D:\chanduR\Chandu_Thota_QA_Engineer3.docx' sent to object: 'Object Repository/Naukri/UploadResumeButton'

2020-01-17 08:10:05 - [TEST_STEP][PASSED] - delay(10): Delayed 10 second(s)

2020-01-17 08:10:15 - [MESSAGE][PASSED] - Delayed 10 second(s)

2020-01-17 08:10:15 - [TEST_STEP][NOT_RUN] - click(findTestObject("Naukri/EditResumeHeadline")): NOT_RUN: click(findTestObject("Naukri/EditResumeHeadline"))

2020-01-17 08:10:15 - [MESSAGE][NOT_RUN] - NOT_RUN: click(findTestObject("Naukri/EditResumeHeadline"))

2020-01-17 08:10:15 - [TEST_STEP][NOT_RUN] - setText(findTestObject("Naukri/ResumeHeadLineText"), "."): NOT_RUN: setText(findTestObject("Naukri/ResumeHeadLineText"), ".")

2020-01-17 08:10:15 - [MESSAGE][NOT_RUN] - NOT_RUN: setText(findTestObject("Naukri/ResumeHeadLineText"), ".")

2020-01-17 08:10:15 - [TEST_STEP][NOT_RUN] - click(findTestObject("Naukri/SaveResumeHeadLineButton")): NOT_RUN: click(findTestObject("Naukri/SaveResumeHeadLineButton"))

2020-01-17 08:10:15 - [MESSAGE][NOT_RUN] - NOT_RUN: click(findTestObject("Naukri/SaveResumeHeadLineButton"))

2020-01-17 08:10:15 - [TEST_STEP][PASSED] - takeScreenshot(): Taking screenshot successfully

2020-01-17 08:10:16 - [MESSAGE][PASSED] - Taking screenshot successfully
[[ATTACHMENT|C:\\Users\\chandu.t\\Katalon Studio\\NJS_Chandu\\Reports\\20200117_080848\\NJS_Chandu\\20200117_080848\\1579228816213.png]]

2020-01-17 08:10:16 - [TEST_STEP][PASSED] - refresh(): Refresh successfully

2020-01-17 08:10:25 - [MESSAGE][PASSED] - Refresh successfully

2020-01-17 08:10:25 - [TEST_STEP][PASSED] - delay(10): Delayed 10 second(s)

2020-01-17 08:10:35 - [MESSAGE][PASSED] - Delayed 10 second(s)

2020-01-17 08:10:35 - [TEST_STEP][PASSED] - takeScreenshot(): Taking screenshot successfully

2020-01-17 08:10:36 - [MESSAGE][PASSED] - Taking screenshot successfully
[[ATTACHMENT|C:\\Users\\chandu.t\\Katalon Studio\\NJS_Chandu\\Reports\\20200117_080848\\NJS_Chandu\\20200117_080848\\1579228835893.png]]

2020-01-17 08:10:36 - [TEST_STEP][PASSED] - closeBrowser(): Browser is closed

2020-01-17 08:10:47 - [MESSAGE][PASSED] - Browser is closed]]></system-out>
         <system-err><![CDATA[]]></system-err>
      </testcase>
      <testcase name="Test Cases/Naukri/deleteandupload2" time="91.277" classname="Test Cases/Naukri/deleteandupload2" status="PASSED">
         <system-out><![CDATA[2020-01-17 08:10:47 - [TEST_CASE][PASSED] - Test Cases/Naukri/deleteandupload2: Test Cases/Naukri/deleteandupload2

2020-01-17 08:10:47 - [TEST_STEP][PASSED] - openBrowser(findTestData("LoginDetailsNJS").getValue(1, 2)): Browser is opened with url: 'https://www.naukri.com/'

2020-01-17 08:10:48 - [MESSAGE][INFO] - Starting 'Firefox' driver

2020-01-17 08:11:01 - [MESSAGE][PASSED] - Browser is opened with url: 'https://www.naukri.com/'

2020-01-17 08:11:01 - [TEST_STEP][PASSED] - closeWindowIndex(1): Window with index 1 is closed

2020-01-17 08:11:04 - [MESSAGE][PASSED] - Window with index 1 is closed

2020-01-17 08:11:04 - [TEST_STEP][PASSED] - closeWindowIndex(1): Window with index 1 is closed

2020-01-17 08:11:04 - [MESSAGE][PASSED] - Window with index 1 is closed

2020-01-17 08:11:04 - [TEST_STEP][PASSED] - closeWindowIndex(1): Window with index 1 is closed

2020-01-17 08:11:04 - [MESSAGE][PASSED] - Window with index 1 is closed

2020-01-17 08:11:04 - [TEST_STEP][PASSED] - switchToWindowIndex(0): Switched to window with index: '0'

2020-01-17 08:11:04 - [MESSAGE][PASSED] - Switched to window with index: '0'

2020-01-17 08:11:04 - [TEST_STEP][PASSED] - maximizeWindow(): Current window maximized

2020-01-17 08:11:04 - [MESSAGE][PASSED] - Current window maximized

2020-01-17 08:11:04 - [TEST_STEP][PASSED] - click(findTestObject("Naukri/LoginButton")): Object: 'Object Repository/Naukri/LoginButton' is clicked on

2020-01-17 08:11:06 - [MESSAGE][PASSED] - Object: 'Object Repository/Naukri/LoginButton' is clicked on

2020-01-17 08:11:06 - [TEST_STEP][PASSED] - click(findTestObject("Naukri/GoogleButton")): Object: 'Object Repository/Naukri/GoogleButton' is clicked on

2020-01-17 08:11:07 - [MESSAGE][PASSED] - Object: 'Object Repository/Naukri/GoogleButton' is clicked on

2020-01-17 08:11:07 - [TEST_STEP][PASSED] - switchToWindowIndex(1): Switched to window with index: '1'

2020-01-17 08:11:07 - [MESSAGE][PASSED] - Switched to window with index: '1'

2020-01-17 08:11:07 - [TEST_STEP][PASSED] - setText(findTestObject("Naukri/UserName"), findTestData("LoginDetailsNJS").getValue(2, 2)): Text 'chanduthota371@gmail.com' is set on object 'Object Repository/Naukri/UserName'

2020-01-17 08:11:11 - [MESSAGE][PASSED] - Text 'chanduthota371@gmail.com' is set on object 'Object Repository/Naukri/UserName'

2020-01-17 08:11:11 - [TEST_STEP][PASSED] - click(findTestObject("Naukri/NextButton")): Object: 'Object Repository/Naukri/NextButton' is clicked on

2020-01-17 08:11:11 - [MESSAGE][PASSED] - Object: 'Object Repository/Naukri/NextButton' is clicked on

2020-01-17 08:11:11 - [TEST_STEP][PASSED] - delay(5): Delayed 5 second(s)

2020-01-17 08:11:16 - [MESSAGE][PASSED] - Delayed 5 second(s)

2020-01-17 08:11:16 - [TEST_STEP][PASSED] - setText(findTestObject("Naukri/Password"), findTestData("LoginDetailsNJS").getValue(3, 2)): Text 'achala$123' is set on object 'Object Repository/Naukri/Password'

2020-01-17 08:11:17 - [MESSAGE][PASSED] - Text 'achala$123' is set on object 'Object Repository/Naukri/Password'

2020-01-17 08:11:17 - [TEST_STEP][PASSED] - click(findTestObject("Naukri/NextButton")): Object: 'Object Repository/Naukri/NextButton' is clicked on

2020-01-17 08:11:21 - [MESSAGE][PASSED] - Object: 'Object Repository/Naukri/NextButton' is clicked on

2020-01-17 08:11:21 - [TEST_STEP][PASSED] - switchToWindowIndex(0): Switched to window with index: '0'

2020-01-17 08:11:21 - [MESSAGE][PASSED] - Switched to window with index: '0'

2020-01-17 08:11:21 - [TEST_STEP][PASSED] - delay(10): Delayed 10 second(s)

2020-01-17 08:11:31 - [MESSAGE][PASSED] - Delayed 10 second(s)

2020-01-17 08:11:31 - [TEST_STEP][PASSED] - click(findTestObject("Naukri/ProfileName")): Object: 'Object Repository/Naukri/ProfileName' is clicked on

2020-01-17 08:11:32 - [MESSAGE][PASSED] - Object: 'Object Repository/Naukri/ProfileName' is clicked on

2020-01-17 08:11:32 - [TEST_STEP][NOT_RUN] - click(findTestObject("Naukri/DeleteResumeButton")): NOT_RUN: click(findTestObject("Naukri/DeleteResumeButton"))

2020-01-17 08:11:32 - [MESSAGE][NOT_RUN] - NOT_RUN: click(findTestObject("Naukri/DeleteResumeButton"))

2020-01-17 08:11:32 - [TEST_STEP][NOT_RUN] - click(findTestObject("Naukri/DeleteResumeConfirm")): NOT_RUN: click(findTestObject("Naukri/DeleteResumeConfirm"))

2020-01-17 08:11:32 - [MESSAGE][NOT_RUN] - NOT_RUN: click(findTestObject("Naukri/DeleteResumeConfirm"))

2020-01-17 08:11:32 - [TEST_STEP][PASSED] - delay(15): Delayed 15 second(s)

2020-01-17 08:11:47 - [MESSAGE][PASSED] - Delayed 15 second(s)

2020-01-17 08:11:47 - [TEST_STEP][PASSED] - takeScreenshot(): Taking screenshot successfully

2020-01-17 08:11:47 - [MESSAGE][PASSED] - Taking screenshot successfully
[[ATTACHMENT|C:\\Users\\chandu.t\\Katalon Studio\\NJS_Chandu\\Reports\\20200117_080848\\NJS_Chandu\\20200117_080848\\1579228907749.png]]

2020-01-17 08:11:47 - [TEST_STEP][PASSED] - uploadFile(findTestObject("Naukri/UploadResumeButton"), findTestData("LoginDetailsNJS").getValue(5, 2)): File 'D:\chanduR\Chandu_Thota_QA_Engineer2.docx' sent to object: 'Object Repository/Naukri/UploadResumeButton'

2020-01-17 08:11:48 - [MESSAGE][PASSED] - File 'D:\chanduR\Chandu_Thota_QA_Engineer2.docx' sent to object: 'Object Repository/Naukri/UploadResumeButton'

2020-01-17 08:11:48 - [TEST_STEP][PASSED] - delay(10): Delayed 10 second(s)

2020-01-17 08:11:58 - [MESSAGE][PASSED] - Delayed 10 second(s)

2020-01-17 08:11:58 - [TEST_STEP][NOT_RUN] - click(findTestObject("Naukri/EditResumeHeadline")): NOT_RUN: click(findTestObject("Naukri/EditResumeHeadline"))

2020-01-17 08:11:58 - [MESSAGE][NOT_RUN] - NOT_RUN: click(findTestObject("Naukri/EditResumeHeadline"))

2020-01-17 08:11:58 - [TEST_STEP][NOT_RUN] - setText(findTestObject("Naukri/ResumeHeadLineText"), "."): NOT_RUN: setText(findTestObject("Naukri/ResumeHeadLineText"), ".")

2020-01-17 08:11:58 - [MESSAGE][NOT_RUN] - NOT_RUN: setText(findTestObject("Naukri/ResumeHeadLineText"), ".")

2020-01-17 08:11:58 - [TEST_STEP][NOT_RUN] - click(findTestObject("Naukri/SaveResumeHeadLineButton")): NOT_RUN: click(findTestObject("Naukri/SaveResumeHeadLineButton"))

2020-01-17 08:11:58 - [MESSAGE][NOT_RUN] - NOT_RUN: click(findTestObject("Naukri/SaveResumeHeadLineButton"))

2020-01-17 08:11:58 - [TEST_STEP][PASSED] - takeScreenshot(): Taking screenshot successfully

2020-01-17 08:11:59 - [MESSAGE][PASSED] - Taking screenshot successfully
[[ATTACHMENT|C:\\Users\\chandu.t\\Katalon Studio\\NJS_Chandu\\Reports\\20200117_080848\\NJS_Chandu\\20200117_080848\\1579228919070.png]]

2020-01-17 08:11:59 - [TEST_STEP][PASSED] - refresh(): Refresh successfully

2020-01-17 08:12:03 - [MESSAGE][PASSED] - Refresh successfully

2020-01-17 08:12:03 - [TEST_STEP][PASSED] - delay(10): Delayed 10 second(s)

2020-01-17 08:12:13 - [MESSAGE][PASSED] - Delayed 10 second(s)

2020-01-17 08:12:13 - [TEST_STEP][PASSED] - takeScreenshot(): Taking screenshot successfully

2020-01-17 08:12:13 - [MESSAGE][PASSED] - Taking screenshot successfully
[[ATTACHMENT|C:\\Users\\chandu.t\\Katalon Studio\\NJS_Chandu\\Reports\\20200117_080848\\NJS_Chandu\\20200117_080848\\1579228933294.png]]

2020-01-17 08:12:13 - [TEST_STEP][PASSED] - closeBrowser(): Browser is closed

2020-01-17 08:12:18 - [MESSAGE][PASSED] - Browser is closed]]></system-out>
         <system-err><![CDATA[]]></system-err>
      </testcase>
      <testcase name="Test Cases/Naukri/deleteandupload1" time="85.127" classname="Test Cases/Naukri/deleteandupload1" status="PASSED">
         <system-out><![CDATA[2020-01-17 08:12:18 - [TEST_CASE][PASSED] - Test Cases/Naukri/deleteandupload1: Test Cases/Naukri/deleteandupload1

2020-01-17 08:12:19 - [TEST_STEP][PASSED] - openBrowser(findTestData("LoginDetailsNJS").getValue(1, 1)): Browser is opened with url: 'naukri.com'

2020-01-17 08:12:19 - [MESSAGE][INFO] - Starting 'Firefox' driver

2020-01-17 08:12:30 - [MESSAGE][PASSED] - Browser is opened with url: 'naukri.com'

2020-01-17 08:12:30 - [TEST_STEP][PASSED] - closeWindowIndex(1): Window with index 1 is closed

2020-01-17 08:12:30 - [MESSAGE][PASSED] - Window with index 1 is closed

2020-01-17 08:12:30 - [TEST_STEP][PASSED] - closeWindowIndex(1): Window with index 1 is closed

2020-01-17 08:12:31 - [MESSAGE][PASSED] - Window with index 1 is closed

2020-01-17 08:12:31 - [TEST_STEP][PASSED] - closeWindowIndex(1): Window with index 1 is closed

2020-01-17 08:12:31 - [MESSAGE][PASSED] - Window with index 1 is closed

2020-01-17 08:12:31 - [TEST_STEP][PASSED] - switchToWindowIndex(0): Switched to window with index: '0'

2020-01-17 08:12:31 - [MESSAGE][PASSED] - Switched to window with index: '0'

2020-01-17 08:12:31 - [TEST_STEP][PASSED] - maximizeWindow(): Current window maximized

2020-01-17 08:12:31 - [MESSAGE][PASSED] - Current window maximized

2020-01-17 08:12:31 - [TEST_STEP][PASSED] - click(findTestObject("Naukri/LoginButton")): Object: 'Object Repository/Naukri/LoginButton' is clicked on

2020-01-17 08:12:32 - [MESSAGE][PASSED] - Object: 'Object Repository/Naukri/LoginButton' is clicked on

2020-01-17 08:12:32 - [TEST_STEP][PASSED] - click(findTestObject("Naukri/GoogleButton")): Object: 'Object Repository/Naukri/GoogleButton' is clicked on

2020-01-17 08:12:33 - [MESSAGE][PASSED] - Object: 'Object Repository/Naukri/GoogleButton' is clicked on

2020-01-17 08:12:33 - [TEST_STEP][PASSED] - switchToWindowIndex(1): Switched to window with index: '1'

2020-01-17 08:12:33 - [MESSAGE][PASSED] - Switched to window with index: '1'

2020-01-17 08:12:33 - [TEST_STEP][PASSED] - setText(findTestObject("Naukri/UserName"), findTestData("LoginDetailsNJS").getValue(2, 1)): Text 'thota.chandu1@gmail.com' is set on object 'Object Repository/Naukri/UserName'

2020-01-17 08:12:37 - [MESSAGE][PASSED] - Text 'thota.chandu1@gmail.com' is set on object 'Object Repository/Naukri/UserName'

2020-01-17 08:12:37 - [TEST_STEP][PASSED] - click(findTestObject("Naukri/NextButton")): Object: 'Object Repository/Naukri/NextButton' is clicked on

2020-01-17 08:12:38 - [MESSAGE][PASSED] - Object: 'Object Repository/Naukri/NextButton' is clicked on

2020-01-17 08:12:38 - [TEST_STEP][PASSED] - delay(5): Delayed 5 second(s)

2020-01-17 08:12:43 - [MESSAGE][PASSED] - Delayed 5 second(s)

2020-01-17 08:12:43 - [TEST_STEP][PASSED] - setText(findTestObject("Naukri/Password"), findTestData("LoginDetailsNJS").getValue(3, 1)): Text 'achala$123' is set on object 'Object Repository/Naukri/Password'

2020-01-17 08:12:43 - [MESSAGE][PASSED] - Text 'achala$123' is set on object 'Object Repository/Naukri/Password'

2020-01-17 08:12:43 - [TEST_STEP][PASSED] - click(findTestObject("Naukri/NextButton")): Object: 'Object Repository/Naukri/NextButton' is clicked on

2020-01-17 08:12:47 - [MESSAGE][PASSED] - Object: 'Object Repository/Naukri/NextButton' is clicked on

2020-01-17 08:12:47 - [TEST_STEP][PASSED] - switchToWindowIndex(0): Switched to window with index: '0'

2020-01-17 08:12:47 - [MESSAGE][PASSED] - Switched to window with index: '0'

2020-01-17 08:12:47 - [TEST_STEP][PASSED] - delay(10): Delayed 10 second(s)

2020-01-17 08:12:57 - [MESSAGE][PASSED] - Delayed 10 second(s)

2020-01-17 08:12:57 - [TEST_STEP][PASSED] - click(findTestObject("Naukri/ProfileName")): Object: 'Object Repository/Naukri/ProfileName' is clicked on

2020-01-17 08:12:58 - [MESSAGE][PASSED] - Object: 'Object Repository/Naukri/ProfileName' is clicked on

2020-01-17 08:12:58 - [TEST_STEP][NOT_RUN] - click(findTestObject("Naukri/DeleteResumeButton")): NOT_RUN: click(findTestObject("Naukri/DeleteResumeButton"))

2020-01-17 08:12:58 - [MESSAGE][NOT_RUN] - NOT_RUN: click(findTestObject("Naukri/DeleteResumeButton"))

2020-01-17 08:12:58 - [TEST_STEP][NOT_RUN] - click(findTestObject("Naukri/DeleteResumeConfirm")): NOT_RUN: click(findTestObject("Naukri/DeleteResumeConfirm"))

2020-01-17 08:12:58 - [MESSAGE][NOT_RUN] - NOT_RUN: click(findTestObject("Naukri/DeleteResumeConfirm"))

2020-01-17 08:12:58 - [TEST_STEP][PASSED] - delay(15): Delayed 15 second(s)

2020-01-17 08:13:13 - [MESSAGE][PASSED] - Delayed 15 second(s)

2020-01-17 08:13:13 - [TEST_STEP][PASSED] - takeScreenshot(): Taking screenshot successfully

2020-01-17 08:13:14 - [MESSAGE][PASSED] - Taking screenshot successfully
[[ATTACHMENT|C:\\Users\\chandu.t\\Katalon Studio\\NJS_Chandu\\Reports\\20200117_080848\\NJS_Chandu\\20200117_080848\\1579228994058.png]]

2020-01-17 08:13:14 - [TEST_STEP][PASSED] - uploadFile(findTestObject("Naukri/UploadResumeButton"), findTestData("LoginDetailsNJS").getValue(5, 1)): File 'D:\chanduR\Chandu_Thota_QA_Engineer1.docx' sent to object: 'Object Repository/Naukri/UploadResumeButton'

2020-01-17 08:13:14 - [MESSAGE][PASSED] - File 'D:\chanduR\Chandu_Thota_QA_Engineer1.docx' sent to object: 'Object Repository/Naukri/UploadResumeButton'

2020-01-17 08:13:14 - [TEST_STEP][PASSED] - delay(10): Delayed 10 second(s)

2020-01-17 08:13:24 - [MESSAGE][PASSED] - Delayed 10 second(s)

2020-01-17 08:13:24 - [TEST_STEP][NOT_RUN] - click(findTestObject("Naukri/EditResumeHeadline")): NOT_RUN: click(findTestObject("Naukri/EditResumeHeadline"))

2020-01-17 08:13:24 - [MESSAGE][NOT_RUN] - NOT_RUN: click(findTestObject("Naukri/EditResumeHeadline"))

2020-01-17 08:13:24 - [TEST_STEP][NOT_RUN] - setText(findTestObject("Naukri/ResumeHeadLineText"), "."): NOT_RUN: setText(findTestObject("Naukri/ResumeHeadLineText"), ".")

2020-01-17 08:13:24 - [MESSAGE][NOT_RUN] - NOT_RUN: setText(findTestObject("Naukri/ResumeHeadLineText"), ".")

2020-01-17 08:13:24 - [TEST_STEP][NOT_RUN] - click(findTestObject("Naukri/SaveResumeHeadLineButton")): NOT_RUN: click(findTestObject("Naukri/SaveResumeHeadLineButton"))

2020-01-17 08:13:24 - [MESSAGE][NOT_RUN] - NOT_RUN: click(findTestObject("Naukri/SaveResumeHeadLineButton"))

2020-01-17 08:13:24 - [TEST_STEP][PASSED] - takeScreenshot(): Taking screenshot successfully

2020-01-17 08:13:25 - [MESSAGE][PASSED] - Taking screenshot successfully
[[ATTACHMENT|C:\\Users\\chandu.t\\Katalon Studio\\NJS_Chandu\\Reports\\20200117_080848\\NJS_Chandu\\20200117_080848\\1579229005458.png]]

2020-01-17 08:13:25 - [TEST_STEP][PASSED] - refresh(): Refresh successfully

2020-01-17 08:13:28 - [MESSAGE][PASSED] - Refresh successfully

2020-01-17 08:13:28 - [TEST_STEP][PASSED] - delay(10): Delayed 10 second(s)

2020-01-17 08:13:38 - [MESSAGE][PASSED] - Delayed 10 second(s)

2020-01-17 08:13:38 - [TEST_STEP][PASSED] - takeScreenshot(): Taking screenshot successfully

2020-01-17 08:13:40 - [MESSAGE][PASSED] - Taking screenshot successfully
[[ATTACHMENT|C:\\Users\\chandu.t\\Katalon Studio\\NJS_Chandu\\Reports\\20200117_080848\\NJS_Chandu\\20200117_080848\\1579229020307.png]]

2020-01-17 08:13:40 - [TEST_STEP][PASSED] - closeBrowser(): Browser is closed

2020-01-17 08:13:43 - [MESSAGE][PASSED] - Browser is closed]]></system-out>
         <system-err><![CDATA[]]></system-err>
      </testcase>
      <system-out><![CDATA[2020-01-17 08:08:53 - [TEST_SUITE][PASSED] - NJS_Chandu: Test Cases/Naukri/deleteandupload1]]></system-out>
      <system-err><![CDATA[]]></system-err>
   </testsuite>
</testsuites>
