<?xml version="1.0" encoding="UTF-8"?>
<testsuites name="NJS_Chandu" time="301.149" tests="3" failures="0" errors="0">
   <testsuite name="NJS_Chandu" tests="3" failures="0" errors="0" time="301.149" timestamp="2020-01-22 13:55:30" hostname="chandu.t - wlpt518.imidomain.com" id="Test Suites/NJS_Chandu">
      <properties>
         <property name="deviceName" value=""/>
         <property name="devicePlatform" value=""/>
         <property name="logFolder" value="C:\\Users\\chandu.t\\Katalon Studio\\NJS_Chandu\\Reports\\20200122_135525\\NJS_Chandu\\20200122_135525"/>
         <property name="logFiles" value="C:\\Users\\chandu.t\\Katalon Studio\\NJS_Chandu\\Reports\\20200122_135525\\NJS_Chandu\\20200122_135525\\execution0.log"/>
         <property name="attachments" value="C:\\Users\\chandu.t\\Katalon Studio\\NJS_Chandu\\Reports\\20200122_135525\\NJS_Chandu\\20200122_135525\\1579681603343.png, C:\\Users\\chandu.t\\Katalon Studio\\NJS_Chandu\\Reports\\20200122_135525\\NJS_Chandu\\20200122_135525\\1579681624328.png, C:\\Users\\chandu.t\\Katalon Studio\\NJS_Chandu\\Reports\\20200122_135525\\NJS_Chandu\\20200122_135525\\1579681636930.png, C:\\Users\\chandu.t\\Katalon Studio\\NJS_Chandu\\Reports\\20200122_135525\\NJS_Chandu\\20200122_135525\\1579681703867.png, C:\\Users\\chandu.t\\Katalon Studio\\NJS_Chandu\\Reports\\20200122_135525\\NJS_Chandu\\20200122_135525\\1579681714825.png, C:\\Users\\chandu.t\\Katalon Studio\\NJS_Chandu\\Reports\\20200122_135525\\NJS_Chandu\\20200122_135525\\1579681732729.png, C:\\Users\\chandu.t\\Katalon Studio\\NJS_Chandu\\Reports\\20200122_135525\\NJS_Chandu\\20200122_135525\\1579681792818.png, C:\\Users\\chandu.t\\Katalon Studio\\NJS_Chandu\\Reports\\20200122_135525\\NJS_Chandu\\20200122_135525\\1579681813665.png, C:\\Users\\chandu.t\\Katalon Studio\\NJS_Chandu\\Reports\\20200122_135525\\NJS_Chandu\\20200122_135525\\1579681826352.png"/>
         <property name="hostName" value="chandu.t - wlpt518.imidomain.com"/>
         <property name="os" value="Windows 10 64bit"/>
         <property name="katalonVersion" value="7.1.2.1"/>
         <property name="browser" value="Firefox 72.0"/>
         <property name="hostAddress" value="10.0.26.179"/>
         <property name="sessionId" value="1fd04b1c-67b4-4d89-8ddd-7ee128757cf3"/>
         <property name="seleniumVersion" value="3.141.59"/>
         <property name="proxyInformation" value="ProxyInformation{proxyOption=NO_PROXY, proxyServerType=HTTP, password=, proxyServerAddress=, proxyServerPort=0, executionList=}"/>
         <property name="platform" value="Windows 10"/>
      </properties>
      <testcase name="Test Cases/Naukri/deleteandupload3" time="114.37" classname="Test Cases/Naukri/deleteandupload3" status="PASSED">
         <system-out><![CDATA[2020-01-22 13:55:30 - [TEST_CASE][PASSED] - Test Cases/Naukri/deleteandupload3: Test Cases/Naukri/deleteandupload3

2020-01-22 13:55:31 - [TEST_STEP][PASSED] - openBrowser(findTestData("LoginDetailsNJS").getValue(1, 3)): Browser is opened with url: 'https://www.naukri.com/'

2020-01-22 13:55:34 - [MESSAGE][INFO] - Starting 'Firefox' driver

2020-01-22 13:55:34 - [MESSAGE][INFO] - Action delay is set to 0 seconds

2020-01-22 13:55:58 - [MESSAGE][PASSED] - Browser is opened with url: 'https://www.naukri.com/'

2020-01-22 13:55:58 - [TEST_STEP][PASSED] - closeWindowIndex(1): Window with index 1 is closed

2020-01-22 13:55:59 - [MESSAGE][PASSED] - Window with index 1 is closed

2020-01-22 13:55:59 - [TEST_STEP][PASSED] - closeWindowIndex(1): Window with index 1 is closed

2020-01-22 13:55:59 - [MESSAGE][PASSED] - Window with index 1 is closed

2020-01-22 13:55:59 - [TEST_STEP][NOT_RUN] - closeWindowIndex(1): NOT_RUN: closeWindowIndex(1)

2020-01-22 13:55:59 - [MESSAGE][NOT_RUN] - NOT_RUN: closeWindowIndex(1)

2020-01-22 13:55:59 - [TEST_STEP][PASSED] - switchToWindowIndex(0): Switched to window with index: '0'

2020-01-22 13:55:59 - [MESSAGE][PASSED] - Switched to window with index: '0'

2020-01-22 13:55:59 - [TEST_STEP][PASSED] - maximizeWindow(): Current window maximized

2020-01-22 13:55:59 - [MESSAGE][PASSED] - Current window maximized

2020-01-22 13:55:59 - [TEST_STEP][PASSED] - click(findTestObject("Naukri/LoginButton")): Object: 'Object Repository/Naukri/LoginButton' is clicked on

2020-01-22 13:56:00 - [MESSAGE][PASSED] - Object: 'Object Repository/Naukri/LoginButton' is clicked on

2020-01-22 13:56:00 - [TEST_STEP][PASSED] - click(findTestObject("Naukri/GoogleButton")): Object: 'Object Repository/Naukri/GoogleButton' is clicked on

2020-01-22 13:56:01 - [MESSAGE][PASSED] - Object: 'Object Repository/Naukri/GoogleButton' is clicked on

2020-01-22 13:56:01 - [TEST_STEP][PASSED] - switchToWindowIndex(1): Switched to window with index: '1'

2020-01-22 13:56:01 - [MESSAGE][PASSED] - Switched to window with index: '1'

2020-01-22 13:56:01 - [TEST_STEP][PASSED] - setText(findTestObject("Naukri/UserName"), findTestData("LoginDetailsNJS").getValue(2, 3)): Text 'chandut1024@gmail.com' is set on object 'Object Repository/Naukri/UserName'

2020-01-22 13:56:04 - [MESSAGE][PASSED] - Text 'chandut1024@gmail.com' is set on object 'Object Repository/Naukri/UserName'

2020-01-22 13:56:04 - [TEST_STEP][PASSED] - click(findTestObject("Naukri/NextButton")): Object: 'Object Repository/Naukri/NextButton' is clicked on

2020-01-22 13:56:04 - [MESSAGE][PASSED] - Object: 'Object Repository/Naukri/NextButton' is clicked on

2020-01-22 13:56:04 - [TEST_STEP][PASSED] - delay(5): Delayed 5 second(s)

2020-01-22 13:56:10 - [MESSAGE][PASSED] - Delayed 5 second(s)

2020-01-22 13:56:10 - [TEST_STEP][PASSED] - setText(findTestObject("Naukri/Password"), findTestData("LoginDetailsNJS").getValue(3, 3)): Text 'achala$123' is set on object 'Object Repository/Naukri/Password'

2020-01-22 13:56:10 - [MESSAGE][PASSED] - Text 'achala$123' is set on object 'Object Repository/Naukri/Password'

2020-01-22 13:56:10 - [TEST_STEP][PASSED] - click(findTestObject("Naukri/NextButton")): Object: 'Object Repository/Naukri/NextButton' is clicked on

2020-01-22 13:56:14 - [MESSAGE][PASSED] - Object: 'Object Repository/Naukri/NextButton' is clicked on

2020-01-22 13:56:14 - [TEST_STEP][PASSED] - switchToWindowIndex(0): Switched to window with index: '0'

2020-01-22 13:56:14 - [MESSAGE][PASSED] - Switched to window with index: '0'

2020-01-22 13:56:14 - [TEST_STEP][PASSED] - delay(10): Delayed 10 second(s)

2020-01-22 13:56:24 - [MESSAGE][PASSED] - Delayed 10 second(s)

2020-01-22 13:56:24 - [TEST_STEP][PASSED] - click(findTestObject("Naukri/ProfileName")): Object: 'Object Repository/Naukri/ProfileName' is clicked on

2020-01-22 13:56:25 - [MESSAGE][PASSED] - Object: 'Object Repository/Naukri/ProfileName' is clicked on

2020-01-22 13:56:25 - [TEST_STEP][PASSED] - click(findTestObject("Naukri/DeleteResumeButton")): Object: 'Object Repository/Naukri/DeleteResumeButton' is clicked on

2020-01-22 13:56:27 - [MESSAGE][PASSED] - Object: 'Object Repository/Naukri/DeleteResumeButton' is clicked on

2020-01-22 13:56:27 - [TEST_STEP][PASSED] - click(findTestObject("Naukri/DeleteResumeConfirm")): Object: 'Object Repository/Naukri/DeleteResumeConfirm' is clicked on

2020-01-22 13:56:27 - [MESSAGE][PASSED] - Object: 'Object Repository/Naukri/DeleteResumeConfirm' is clicked on

2020-01-22 13:56:28 - [TEST_STEP][PASSED] - delay(15): Delayed 15 second(s)

2020-01-22 13:56:43 - [MESSAGE][PASSED] - Delayed 15 second(s)

2020-01-22 13:56:43 - [TEST_STEP][PASSED] - takeScreenshot(): Taking screenshot successfully

2020-01-22 13:56:43 - [MESSAGE][PASSED] - Taking screenshot successfully
[[ATTACHMENT|C:\\Users\\chandu.t\\Katalon Studio\\NJS_Chandu\\Reports\\20200122_135525\\NJS_Chandu\\20200122_135525\\1579681603343.png]]

2020-01-22 13:56:43 - [TEST_STEP][PASSED] - uploadFile(findTestObject("Naukri/UploadResumeButton"), findTestData("LoginDetailsNJS").getValue(5, 3)): File 'D:\chanduR\Chandu_Thota_QA_Engineer3.docx' sent to object: 'Object Repository/Naukri/UploadResumeButton'

2020-01-22 13:56:44 - [MESSAGE][PASSED] - File 'D:\chanduR\Chandu_Thota_QA_Engineer3.docx' sent to object: 'Object Repository/Naukri/UploadResumeButton'

2020-01-22 13:56:44 - [TEST_STEP][PASSED] - delay(20): Delayed 20 second(s)

2020-01-22 13:57:04 - [MESSAGE][PASSED] - Delayed 20 second(s)

2020-01-22 13:57:04 - [TEST_STEP][NOT_RUN] - click(findTestObject("Naukri/EditResumeHeadline")): NOT_RUN: click(findTestObject("Naukri/EditResumeHeadline"))

2020-01-22 13:57:04 - [MESSAGE][NOT_RUN] - NOT_RUN: click(findTestObject("Naukri/EditResumeHeadline"))

2020-01-22 13:57:04 - [TEST_STEP][NOT_RUN] - setText(findTestObject("Naukri/ResumeHeadLineText"), "."): NOT_RUN: setText(findTestObject("Naukri/ResumeHeadLineText"), ".")

2020-01-22 13:57:04 - [MESSAGE][NOT_RUN] - NOT_RUN: setText(findTestObject("Naukri/ResumeHeadLineText"), ".")

2020-01-22 13:57:04 - [TEST_STEP][NOT_RUN] - click(findTestObject("Naukri/SaveResumeHeadLineButton")): NOT_RUN: click(findTestObject("Naukri/SaveResumeHeadLineButton"))

2020-01-22 13:57:04 - [MESSAGE][NOT_RUN] - NOT_RUN: click(findTestObject("Naukri/SaveResumeHeadLineButton"))

2020-01-22 13:57:04 - [TEST_STEP][PASSED] - takeScreenshot(): Taking screenshot successfully

2020-01-22 13:57:04 - [MESSAGE][PASSED] - Taking screenshot successfully
[[ATTACHMENT|C:\\Users\\chandu.t\\Katalon Studio\\NJS_Chandu\\Reports\\20200122_135525\\NJS_Chandu\\20200122_135525\\1579681624328.png]]

2020-01-22 13:57:04 - [TEST_STEP][PASSED] - refresh(): Refresh successfully

2020-01-22 13:57:06 - [MESSAGE][PASSED] - Refresh successfully

2020-01-22 13:57:06 - [TEST_STEP][PASSED] - delay(10): Delayed 10 second(s)

2020-01-22 13:57:16 - [MESSAGE][PASSED] - Delayed 10 second(s)

2020-01-22 13:57:16 - [TEST_STEP][PASSED] - takeScreenshot(): Taking screenshot successfully

2020-01-22 13:57:17 - [MESSAGE][PASSED] - Taking screenshot successfully
[[ATTACHMENT|C:\\Users\\chandu.t\\Katalon Studio\\NJS_Chandu\\Reports\\20200122_135525\\NJS_Chandu\\20200122_135525\\1579681636930.png]]

2020-01-22 13:57:17 - [TEST_STEP][PASSED] - closeBrowser(): Browser is closed

2020-01-22 13:57:25 - [MESSAGE][PASSED] - Browser is closed]]></system-out>
         <system-err><![CDATA[]]></system-err>
      </testcase>
      <testcase name="Test Cases/Naukri/deleteandupload2" time="92.702" classname="Test Cases/Naukri/deleteandupload2" status="PASSED">
         <system-out><![CDATA[2020-01-22 13:57:25 - [TEST_CASE][PASSED] - Test Cases/Naukri/deleteandupload2: Test Cases/Naukri/deleteandupload2

2020-01-22 13:57:25 - [TEST_STEP][PASSED] - openBrowser(findTestData("LoginDetailsNJS").getValue(1, 2)): Browser is opened with url: 'https://www.naukri.com/'

2020-01-22 13:57:25 - [MESSAGE][INFO] - Starting 'Firefox' driver

2020-01-22 13:57:41 - [MESSAGE][PASSED] - Browser is opened with url: 'https://www.naukri.com/'

2020-01-22 13:57:41 - [TEST_STEP][PASSED] - closeWindowIndex(1): Window with index 1 is closed

2020-01-22 13:57:41 - [MESSAGE][PASSED] - Window with index 1 is closed

2020-01-22 13:57:41 - [TEST_STEP][PASSED] - closeWindowIndex(1): Window with index 1 is closed

2020-01-22 13:57:41 - [MESSAGE][PASSED] - Window with index 1 is closed

2020-01-22 13:57:41 - [TEST_STEP][NOT_RUN] - closeWindowIndex(1): NOT_RUN: closeWindowIndex(1)

2020-01-22 13:57:41 - [MESSAGE][NOT_RUN] - NOT_RUN: closeWindowIndex(1)

2020-01-22 13:57:41 - [TEST_STEP][PASSED] - switchToWindowIndex(0): Switched to window with index: '0'

2020-01-22 13:57:41 - [MESSAGE][PASSED] - Switched to window with index: '0'

2020-01-22 13:57:41 - [TEST_STEP][PASSED] - maximizeWindow(): Current window maximized

2020-01-22 13:57:41 - [MESSAGE][PASSED] - Current window maximized

2020-01-22 13:57:41 - [TEST_STEP][PASSED] - click(findTestObject("Naukri/LoginButton")): Object: 'Object Repository/Naukri/LoginButton' is clicked on

2020-01-22 13:57:42 - [MESSAGE][PASSED] - Object: 'Object Repository/Naukri/LoginButton' is clicked on

2020-01-22 13:57:42 - [TEST_STEP][PASSED] - click(findTestObject("Naukri/GoogleButton")): Object: 'Object Repository/Naukri/GoogleButton' is clicked on

2020-01-22 13:57:43 - [MESSAGE][PASSED] - Object: 'Object Repository/Naukri/GoogleButton' is clicked on

2020-01-22 13:57:43 - [TEST_STEP][PASSED] - switchToWindowIndex(1): Switched to window with index: '1'

2020-01-22 13:57:43 - [MESSAGE][PASSED] - Switched to window with index: '1'

2020-01-22 13:57:43 - [TEST_STEP][PASSED] - setText(findTestObject("Naukri/UserName"), findTestData("LoginDetailsNJS").getValue(2, 2)): Text 'chanduthota371@gmail.com' is set on object 'Object Repository/Naukri/UserName'

2020-01-22 13:57:45 - [MESSAGE][PASSED] - Text 'chanduthota371@gmail.com' is set on object 'Object Repository/Naukri/UserName'

2020-01-22 13:57:45 - [TEST_STEP][PASSED] - click(findTestObject("Naukri/NextButton")): Object: 'Object Repository/Naukri/NextButton' is clicked on

2020-01-22 13:57:46 - [MESSAGE][PASSED] - Object: 'Object Repository/Naukri/NextButton' is clicked on

2020-01-22 13:57:46 - [TEST_STEP][PASSED] - delay(5): Delayed 5 second(s)

2020-01-22 13:57:51 - [MESSAGE][PASSED] - Delayed 5 second(s)

2020-01-22 13:57:51 - [TEST_STEP][PASSED] - setText(findTestObject("Naukri/Password"), findTestData("LoginDetailsNJS").getValue(3, 2)): Text 'achala$123' is set on object 'Object Repository/Naukri/Password'

2020-01-22 13:57:51 - [MESSAGE][PASSED] - Text 'achala$123' is set on object 'Object Repository/Naukri/Password'

2020-01-22 13:57:51 - [TEST_STEP][PASSED] - click(findTestObject("Naukri/NextButton")): Object: 'Object Repository/Naukri/NextButton' is clicked on

2020-01-22 13:57:55 - [MESSAGE][PASSED] - Object: 'Object Repository/Naukri/NextButton' is clicked on

2020-01-22 13:57:55 - [TEST_STEP][PASSED] - switchToWindowIndex(0): Switched to window with index: '0'

2020-01-22 13:57:55 - [MESSAGE][PASSED] - Switched to window with index: '0'

2020-01-22 13:57:55 - [TEST_STEP][PASSED] - delay(10): Delayed 10 second(s)

2020-01-22 13:58:05 - [MESSAGE][PASSED] - Delayed 10 second(s)

2020-01-22 13:58:05 - [TEST_STEP][PASSED] - click(findTestObject("Naukri/ProfileName")): Object: 'Object Repository/Naukri/ProfileName' is clicked on

2020-01-22 13:58:06 - [MESSAGE][PASSED] - Object: 'Object Repository/Naukri/ProfileName' is clicked on

2020-01-22 13:58:06 - [TEST_STEP][PASSED] - click(findTestObject("Naukri/DeleteResumeButton")): Object: 'Object Repository/Naukri/DeleteResumeButton' is clicked on

2020-01-22 13:58:07 - [MESSAGE][PASSED] - Object: 'Object Repository/Naukri/DeleteResumeButton' is clicked on

2020-01-22 13:58:07 - [TEST_STEP][PASSED] - click(findTestObject("Naukri/DeleteResumeConfirm")): Object: 'Object Repository/Naukri/DeleteResumeConfirm' is clicked on

2020-01-22 13:58:08 - [MESSAGE][PASSED] - Object: 'Object Repository/Naukri/DeleteResumeConfirm' is clicked on

2020-01-22 13:58:08 - [TEST_STEP][PASSED] - delay(15): Delayed 15 second(s)

2020-01-22 13:58:23 - [MESSAGE][PASSED] - Delayed 15 second(s)

2020-01-22 13:58:23 - [TEST_STEP][PASSED] - takeScreenshot(): Taking screenshot successfully

2020-01-22 13:58:24 - [MESSAGE][PASSED] - Taking screenshot successfully
[[ATTACHMENT|C:\\Users\\chandu.t\\Katalon Studio\\NJS_Chandu\\Reports\\20200122_135525\\NJS_Chandu\\20200122_135525\\1579681703867.png]]

2020-01-22 13:58:24 - [TEST_STEP][PASSED] - uploadFile(findTestObject("Naukri/UploadResumeButton"), findTestData("LoginDetailsNJS").getValue(5, 2)): File 'D:\chanduR\Chandu_Thota_QA_Engineer2.docx' sent to object: 'Object Repository/Naukri/UploadResumeButton'

2020-01-22 13:58:24 - [MESSAGE][PASSED] - File 'D:\chanduR\Chandu_Thota_QA_Engineer2.docx' sent to object: 'Object Repository/Naukri/UploadResumeButton'

2020-01-22 13:58:24 - [TEST_STEP][PASSED] - delay(10): Delayed 10 second(s)

2020-01-22 13:58:34 - [MESSAGE][PASSED] - Delayed 10 second(s)

2020-01-22 13:58:34 - [TEST_STEP][NOT_RUN] - click(findTestObject("Naukri/EditResumeHeadline")): NOT_RUN: click(findTestObject("Naukri/EditResumeHeadline"))

2020-01-22 13:58:34 - [MESSAGE][NOT_RUN] - NOT_RUN: click(findTestObject("Naukri/EditResumeHeadline"))

2020-01-22 13:58:34 - [TEST_STEP][NOT_RUN] - setText(findTestObject("Naukri/ResumeHeadLineText"), "."): NOT_RUN: setText(findTestObject("Naukri/ResumeHeadLineText"), ".")

2020-01-22 13:58:34 - [MESSAGE][NOT_RUN] - NOT_RUN: setText(findTestObject("Naukri/ResumeHeadLineText"), ".")

2020-01-22 13:58:34 - [TEST_STEP][NOT_RUN] - click(findTestObject("Naukri/SaveResumeHeadLineButton")): NOT_RUN: click(findTestObject("Naukri/SaveResumeHeadLineButton"))

2020-01-22 13:58:34 - [MESSAGE][NOT_RUN] - NOT_RUN: click(findTestObject("Naukri/SaveResumeHeadLineButton"))

2020-01-22 13:58:34 - [TEST_STEP][PASSED] - takeScreenshot(): Taking screenshot successfully

2020-01-22 13:58:34 - [MESSAGE][PASSED] - Taking screenshot successfully
[[ATTACHMENT|C:\\Users\\chandu.t\\Katalon Studio\\NJS_Chandu\\Reports\\20200122_135525\\NJS_Chandu\\20200122_135525\\1579681714825.png]]

2020-01-22 13:58:34 - [TEST_STEP][PASSED] - refresh(): Refresh successfully

2020-01-22 13:58:42 - [MESSAGE][PASSED] - Refresh successfully

2020-01-22 13:58:42 - [TEST_STEP][PASSED] - delay(10): Delayed 10 second(s)

2020-01-22 13:58:52 - [MESSAGE][PASSED] - Delayed 10 second(s)

2020-01-22 13:58:52 - [TEST_STEP][PASSED] - takeScreenshot(): Taking screenshot successfully

2020-01-22 13:58:52 - [MESSAGE][PASSED] - Taking screenshot successfully
[[ATTACHMENT|C:\\Users\\chandu.t\\Katalon Studio\\NJS_Chandu\\Reports\\20200122_135525\\NJS_Chandu\\20200122_135525\\1579681732729.png]]

2020-01-22 13:58:52 - [TEST_STEP][PASSED] - closeBrowser(): Browser is closed

2020-01-22 13:58:57 - [MESSAGE][PASSED] - Browser is closed]]></system-out>
         <system-err><![CDATA[]]></system-err>
      </testcase>
      <testcase name="Test Cases/Naukri/deleteandupload1" time="93.369" classname="Test Cases/Naukri/deleteandupload1" status="PASSED">
         <system-out><![CDATA[2020-01-22 13:58:57 - [TEST_CASE][PASSED] - Test Cases/Naukri/deleteandupload1: Test Cases/Naukri/deleteandupload1

2020-01-22 13:58:58 - [TEST_STEP][PASSED] - openBrowser(findTestData("LoginDetailsNJS").getValue(1, 1)): Browser is opened with url: 'naukri.com'

2020-01-22 13:58:58 - [MESSAGE][INFO] - Starting 'Firefox' driver

2020-01-22 13:59:09 - [MESSAGE][PASSED] - Browser is opened with url: 'naukri.com'

2020-01-22 13:59:09 - [TEST_STEP][PASSED] - closeWindowIndex(1): Window with index 1 is closed

2020-01-22 13:59:09 - [MESSAGE][PASSED] - Window with index 1 is closed

2020-01-22 13:59:09 - [TEST_STEP][PASSED] - closeWindowIndex(1): Window with index 1 is closed

2020-01-22 13:59:10 - [MESSAGE][PASSED] - Window with index 1 is closed

2020-01-22 13:59:10 - [TEST_STEP][NOT_RUN] - closeWindowIndex(1): NOT_RUN: closeWindowIndex(1)

2020-01-22 13:59:10 - [MESSAGE][NOT_RUN] - NOT_RUN: closeWindowIndex(1)

2020-01-22 13:59:10 - [TEST_STEP][PASSED] - switchToWindowIndex(0): Switched to window with index: '0'

2020-01-22 13:59:10 - [MESSAGE][PASSED] - Switched to window with index: '0'

2020-01-22 13:59:10 - [TEST_STEP][PASSED] - maximizeWindow(): Current window maximized

2020-01-22 13:59:10 - [MESSAGE][PASSED] - Current window maximized

2020-01-22 13:59:10 - [TEST_STEP][PASSED] - click(findTestObject("Naukri/LoginButton")): Object: 'Object Repository/Naukri/LoginButton' is clicked on

2020-01-22 13:59:11 - [MESSAGE][PASSED] - Object: 'Object Repository/Naukri/LoginButton' is clicked on

2020-01-22 13:59:11 - [TEST_STEP][PASSED] - click(findTestObject("Naukri/GoogleButton")): Object: 'Object Repository/Naukri/GoogleButton' is clicked on

2020-01-22 13:59:12 - [MESSAGE][PASSED] - Object: 'Object Repository/Naukri/GoogleButton' is clicked on

2020-01-22 13:59:12 - [TEST_STEP][PASSED] - switchToWindowIndex(1): Switched to window with index: '1'

2020-01-22 13:59:12 - [MESSAGE][PASSED] - Switched to window with index: '1'

2020-01-22 13:59:12 - [TEST_STEP][PASSED] - setText(findTestObject("Naukri/UserName"), findTestData("LoginDetailsNJS").getValue(2, 1)): Text 'thota.chandu1@gmail.com' is set on object 'Object Repository/Naukri/UserName'

2020-01-22 13:59:14 - [MESSAGE][PASSED] - Text 'thota.chandu1@gmail.com' is set on object 'Object Repository/Naukri/UserName'

2020-01-22 13:59:14 - [TEST_STEP][PASSED] - click(findTestObject("Naukri/NextButton")): Object: 'Object Repository/Naukri/NextButton' is clicked on

2020-01-22 13:59:15 - [MESSAGE][PASSED] - Object: 'Object Repository/Naukri/NextButton' is clicked on

2020-01-22 13:59:15 - [TEST_STEP][PASSED] - delay(5): Delayed 5 second(s)

2020-01-22 13:59:20 - [MESSAGE][PASSED] - Delayed 5 second(s)

2020-01-22 13:59:20 - [TEST_STEP][PASSED] - setText(findTestObject("Naukri/Password"), findTestData("LoginDetailsNJS").getValue(3, 1)): Text 'achala$123' is set on object 'Object Repository/Naukri/Password'

2020-01-22 13:59:21 - [MESSAGE][PASSED] - Text 'achala$123' is set on object 'Object Repository/Naukri/Password'

2020-01-22 13:59:21 - [TEST_STEP][PASSED] - click(findTestObject("Naukri/NextButton")): Object: 'Object Repository/Naukri/NextButton' is clicked on

2020-01-22 13:59:24 - [MESSAGE][PASSED] - Object: 'Object Repository/Naukri/NextButton' is clicked on

2020-01-22 13:59:24 - [TEST_STEP][PASSED] - switchToWindowIndex(0): Switched to window with index: '0'

2020-01-22 13:59:24 - [MESSAGE][PASSED] - Switched to window with index: '0'

2020-01-22 13:59:24 - [TEST_STEP][PASSED] - delay(10): Delayed 10 second(s)

2020-01-22 13:59:34 - [MESSAGE][PASSED] - Delayed 10 second(s)

2020-01-22 13:59:34 - [TEST_STEP][PASSED] - click(findTestObject("Naukri/ProfileName")): Object: 'Object Repository/Naukri/ProfileName' is clicked on

2020-01-22 13:59:35 - [MESSAGE][PASSED] - Object: 'Object Repository/Naukri/ProfileName' is clicked on

2020-01-22 13:59:35 - [TEST_STEP][PASSED] - click(findTestObject("Naukri/DeleteResumeButton")): Object: 'Object Repository/Naukri/DeleteResumeButton' is clicked on

2020-01-22 13:59:36 - [MESSAGE][PASSED] - Object: 'Object Repository/Naukri/DeleteResumeButton' is clicked on

2020-01-22 13:59:36 - [TEST_STEP][PASSED] - click(findTestObject("Naukri/DeleteResumeConfirm")): Object: 'Object Repository/Naukri/DeleteResumeConfirm' is clicked on

2020-01-22 13:59:37 - [MESSAGE][PASSED] - Object: 'Object Repository/Naukri/DeleteResumeConfirm' is clicked on

2020-01-22 13:59:37 - [TEST_STEP][PASSED] - delay(15): Delayed 15 second(s)

2020-01-22 13:59:52 - [MESSAGE][PASSED] - Delayed 15 second(s)

2020-01-22 13:59:52 - [TEST_STEP][PASSED] - takeScreenshot(): Taking screenshot successfully

2020-01-22 13:59:52 - [MESSAGE][PASSED] - Taking screenshot successfully
[[ATTACHMENT|C:\\Users\\chandu.t\\Katalon Studio\\NJS_Chandu\\Reports\\20200122_135525\\NJS_Chandu\\20200122_135525\\1579681792818.png]]

2020-01-22 13:59:52 - [TEST_STEP][PASSED] - uploadFile(findTestObject("Naukri/UploadResumeButton"), findTestData("LoginDetailsNJS").getValue(5, 1)): File 'D:\chanduR\Chandu_Thota_QA_Engineer1.docx' sent to object: 'Object Repository/Naukri/UploadResumeButton'

2020-01-22 13:59:53 - [MESSAGE][PASSED] - File 'D:\chanduR\Chandu_Thota_QA_Engineer1.docx' sent to object: 'Object Repository/Naukri/UploadResumeButton'

2020-01-22 13:59:53 - [TEST_STEP][PASSED] - delay(20): Delayed 20 second(s)

2020-01-22 14:00:13 - [MESSAGE][PASSED] - Delayed 20 second(s)

2020-01-22 14:00:13 - [TEST_STEP][NOT_RUN] - click(findTestObject("Naukri/EditResumeHeadline")): NOT_RUN: click(findTestObject("Naukri/EditResumeHeadline"))

2020-01-22 14:00:13 - [MESSAGE][NOT_RUN] - NOT_RUN: click(findTestObject("Naukri/EditResumeHeadline"))

2020-01-22 14:00:13 - [TEST_STEP][NOT_RUN] - setText(findTestObject("Naukri/ResumeHeadLineText"), "."): NOT_RUN: setText(findTestObject("Naukri/ResumeHeadLineText"), ".")

2020-01-22 14:00:13 - [MESSAGE][NOT_RUN] - NOT_RUN: setText(findTestObject("Naukri/ResumeHeadLineText"), ".")

2020-01-22 14:00:13 - [TEST_STEP][NOT_RUN] - click(findTestObject("Naukri/SaveResumeHeadLineButton")): NOT_RUN: click(findTestObject("Naukri/SaveResumeHeadLineButton"))

2020-01-22 14:00:13 - [MESSAGE][NOT_RUN] - NOT_RUN: click(findTestObject("Naukri/SaveResumeHeadLineButton"))

2020-01-22 14:00:13 - [TEST_STEP][PASSED] - takeScreenshot(): Taking screenshot successfully

2020-01-22 14:00:13 - [MESSAGE][PASSED] - Taking screenshot successfully
[[ATTACHMENT|C:\\Users\\chandu.t\\Katalon Studio\\NJS_Chandu\\Reports\\20200122_135525\\NJS_Chandu\\20200122_135525\\1579681813665.png]]

2020-01-22 14:00:13 - [TEST_STEP][PASSED] - refresh(): Refresh successfully

2020-01-22 14:00:16 - [MESSAGE][PASSED] - Refresh successfully

2020-01-22 14:00:16 - [TEST_STEP][PASSED] - delay(10): Delayed 10 second(s)

2020-01-22 14:00:26 - [MESSAGE][PASSED] - Delayed 10 second(s)

2020-01-22 14:00:26 - [TEST_STEP][PASSED] - takeScreenshot(): Taking screenshot successfully

2020-01-22 14:00:26 - [MESSAGE][PASSED] - Taking screenshot successfully
[[ATTACHMENT|C:\\Users\\chandu.t\\Katalon Studio\\NJS_Chandu\\Reports\\20200122_135525\\NJS_Chandu\\20200122_135525\\1579681826352.png]]

2020-01-22 14:00:26 - [TEST_STEP][PASSED] - closeBrowser(): Browser is closed

2020-01-22 14:00:31 - [MESSAGE][PASSED] - Browser is closed]]></system-out>
         <system-err><![CDATA[]]></system-err>
      </testcase>
      <system-out><![CDATA[2020-01-22 13:55:30 - [TEST_SUITE][PASSED] - NJS_Chandu: Test Cases/Naukri/deleteandupload1]]></system-out>
      <system-err><![CDATA[]]></system-err>
   </testsuite>
</testsuites>
