<?xml version="1.0" encoding="UTF-8"?>
<testsuites name="NJS_Chandu" time="244.595" tests="3" failures="0" errors="0">
   <testsuite name="NJS_Chandu" tests="3" failures="0" errors="0" time="244.595" timestamp="2019-12-19 07:20:59" hostname="chandu.t - wlpt518.imidomain.com" id="Test Suites/NJS_Chandu">
      <properties>
         <property name="deviceName" value=""/>
         <property name="devicePlatform" value=""/>
         <property name="logFolder" value="C:\\Users\\chandu.t\\Katalon Studio\\NJS_Chandu\\Reports\\20191219_072054\\NJS_Chandu\\20191219_072054"/>
         <property name="logFiles" value="C:\\Users\\chandu.t\\Katalon Studio\\NJS_Chandu\\Reports\\20191219_072054\\NJS_Chandu\\20191219_072054\\execution0.log"/>
         <property name="attachments" value="C:\\Users\\chandu.t\\Katalon Studio\\NJS_Chandu\\Reports\\20191219_072054\\NJS_Chandu\\20191219_072054\\1576720320113.png, C:\\Users\\chandu.t\\Katalon Studio\\NJS_Chandu\\Reports\\20191219_072054\\NJS_Chandu\\20191219_072054\\1576720331660.png, C:\\Users\\chandu.t\\Katalon Studio\\NJS_Chandu\\Reports\\20191219_072054\\NJS_Chandu\\20191219_072054\\1576720344850.png, C:\\Users\\chandu.t\\Katalon Studio\\NJS_Chandu\\Reports\\20191219_072054\\NJS_Chandu\\20191219_072054\\1576720401010.png, C:\\Users\\chandu.t\\Katalon Studio\\NJS_Chandu\\Reports\\20191219_072054\\NJS_Chandu\\20191219_072054\\1576720411933.png, C:\\Users\\chandu.t\\Katalon Studio\\NJS_Chandu\\Reports\\20191219_072054\\NJS_Chandu\\20191219_072054\\1576720424722.png, C:\\Users\\chandu.t\\Katalon Studio\\NJS_Chandu\\Reports\\20191219_072054\\NJS_Chandu\\20191219_072054\\1576720479385.png, C:\\Users\\chandu.t\\Katalon Studio\\NJS_Chandu\\Reports\\20191219_072054\\NJS_Chandu\\20191219_072054\\1576720490242.png, C:\\Users\\chandu.t\\Katalon Studio\\NJS_Chandu\\Reports\\20191219_072054\\NJS_Chandu\\20191219_072054\\1576720502897.png"/>
         <property name="hostName" value="chandu.t - wlpt518.imidomain.com"/>
         <property name="os" value="Windows 10 64bit"/>
         <property name="katalonVersion" value="7.1.2.1"/>
         <property name="browser" value="Chrome 77.0.3865.75"/>
         <property name="hostAddress" value="10.0.0.2"/>
         <property name="sessionId" value="c68ae017b5cead7a44fc7aafc29dd45f"/>
         <property name="seleniumVersion" value="3.141.59"/>
         <property name="proxyInformation" value="ProxyInformation{proxyOption=NO_PROXY, proxyServerType=HTTP, password=, proxyServerAddress=, proxyServerPort=0, executionList=}"/>
         <property name="platform" value="Windows 10"/>
      </properties>
      <testcase name="Test Cases/deleteandupload3" time="85.719" classname="Test Cases/deleteandupload3" status="PASSED">
         <system-out><![CDATA[2019-12-19 07:21:00 - [TEST_CASE][PASSED] - Test Cases/deleteandupload3: Test Cases/deleteandupload3

2019-12-19 07:21:02 - [TEST_STEP][PASSED] - openBrowser(findTestData("LoginDetailsNJS").getValue(1, 3)): Browser is opened with url: 'https://www.naukri.com/'

2019-12-19 07:21:04 - [MESSAGE][INFO] - Starting 'Chrome' driver

2019-12-19 07:21:05 - [MESSAGE][INFO] - User set preference: ['args', '[--incognito]']

2019-12-19 07:21:05 - [MESSAGE][INFO] - Action delay is set to 0 seconds

2019-12-19 07:21:15 - [MESSAGE][PASSED] - Browser is opened with url: 'https://www.naukri.com/'

2019-12-19 07:21:15 - [TEST_STEP][PASSED] - closeWindowIndex(1): Window with index 1 is closed

2019-12-19 07:21:16 - [MESSAGE][PASSED] - Window with index 1 is closed

2019-12-19 07:21:16 - [TEST_STEP][PASSED] - closeWindowIndex(1): Window with index 1 is closed

2019-12-19 07:21:18 - [MESSAGE][PASSED] - Window with index 1 is closed

2019-12-19 07:21:18 - [TEST_STEP][PASSED] - switchToWindowIndex(0): Switched to window with index: '0'

2019-12-19 07:21:18 - [MESSAGE][PASSED] - Switched to window with index: '0'

2019-12-19 07:21:18 - [TEST_STEP][PASSED] - maximizeWindow(): Current window maximized

2019-12-19 07:21:19 - [MESSAGE][PASSED] - Current window maximized

2019-12-19 07:21:19 - [TEST_STEP][PASSED] - click(findTestObject("LoginButton")): Object: 'Object Repository/LoginButton' is clicked on

2019-12-19 07:21:20 - [MESSAGE][PASSED] - Object: 'Object Repository/LoginButton' is clicked on

2019-12-19 07:21:20 - [TEST_STEP][PASSED] - click(findTestObject("GoogleButton")): Object: 'Object Repository/GoogleButton' is clicked on

2019-12-19 07:21:21 - [MESSAGE][PASSED] - Object: 'Object Repository/GoogleButton' is clicked on

2019-12-19 07:21:21 - [TEST_STEP][PASSED] - switchToWindowIndex(1): Switched to window with index: '1'

2019-12-19 07:21:24 - [MESSAGE][PASSED] - Switched to window with index: '1'

2019-12-19 07:21:24 - [TEST_STEP][PASSED] - setText(findTestObject("UserName"), findTestData("LoginDetailsNJS").getValue(2, 3)): Text 'chandut1024@gmail.com' is set on object 'Object Repository/UserName'

2019-12-19 07:21:25 - [MESSAGE][PASSED] - Text 'chandut1024@gmail.com' is set on object 'Object Repository/UserName'

2019-12-19 07:21:25 - [TEST_STEP][PASSED] - click(findTestObject("NextButton")): Object: 'Object Repository/NextButton' is clicked on

2019-12-19 07:21:26 - [MESSAGE][PASSED] - Object: 'Object Repository/NextButton' is clicked on

2019-12-19 07:21:26 - [TEST_STEP][PASSED] - delay(5): Delayed 5 second(s)

2019-12-19 07:21:31 - [MESSAGE][PASSED] - Delayed 5 second(s)

2019-12-19 07:21:31 - [TEST_STEP][PASSED] - setText(findTestObject("Password"), findTestData("LoginDetailsNJS").getValue(3, 3)): Text 'achala$123' is set on object 'Object Repository/Password'

2019-12-19 07:21:32 - [MESSAGE][PASSED] - Text 'achala$123' is set on object 'Object Repository/Password'

2019-12-19 07:21:32 - [TEST_STEP][PASSED] - click(findTestObject("NextButton")): Object: 'Object Repository/NextButton' is clicked on

2019-12-19 07:21:32 - [MESSAGE][PASSED] - Object: 'Object Repository/NextButton' is clicked on

2019-12-19 07:21:32 - [TEST_STEP][PASSED] - switchToWindowIndex(0): Switched to window with index: '0'

2019-12-19 07:21:32 - [MESSAGE][PASSED] - Switched to window with index: '0'

2019-12-19 07:21:32 - [TEST_STEP][PASSED] - delay(10): Delayed 10 second(s)

2019-12-19 07:21:42 - [MESSAGE][PASSED] - Delayed 10 second(s)

2019-12-19 07:21:42 - [TEST_STEP][PASSED] - click(findTestObject("ProfileName")): Object: 'Object Repository/ProfileName' is clicked on

2019-12-19 07:21:43 - [MESSAGE][PASSED] - Object: 'Object Repository/ProfileName' is clicked on

2019-12-19 07:21:43 - [TEST_STEP][PASSED] - click(findTestObject("DeleteResumeButton")): Object: 'Object Repository/DeleteResumeButton' is clicked on

2019-12-19 07:21:44 - [MESSAGE][PASSED] - Object: 'Object Repository/DeleteResumeButton' is clicked on

2019-12-19 07:21:44 - [TEST_STEP][PASSED] - click(findTestObject("DeleteResumeConfirm")): Object: 'Object Repository/DeleteResumeConfirm' is clicked on

2019-12-19 07:21:44 - [MESSAGE][PASSED] - Object: 'Object Repository/DeleteResumeConfirm' is clicked on

2019-12-19 07:21:44 - [TEST_STEP][PASSED] - delay(15): Delayed 15 second(s)

2019-12-19 07:21:59 - [MESSAGE][PASSED] - Delayed 15 second(s)

2019-12-19 07:21:59 - [TEST_STEP][PASSED] - takeScreenshot(): Taking screenshot successfully

2019-12-19 07:22:00 - [MESSAGE][PASSED] - Taking screenshot successfully
[[ATTACHMENT|C:\\Users\\chandu.t\\Katalon Studio\\NJS_Chandu\\Reports\\20191219_072054\\NJS_Chandu\\20191219_072054\\1576720320113.png]]

2019-12-19 07:22:00 - [TEST_STEP][PASSED] - uploadFile(findTestObject("UploadResumeButton"), findTestData("LoginDetailsNJS").getValue(5, 3)): File 'D:\chanduR\Resume3.docx' sent to object: 'Object Repository/UploadResumeButton'

2019-12-19 07:22:01 - [MESSAGE][PASSED] - File 'D:\chanduR\Resume3.docx' sent to object: 'Object Repository/UploadResumeButton'

2019-12-19 07:22:01 - [TEST_STEP][PASSED] - delay(10): Delayed 10 second(s)

2019-12-19 07:22:11 - [MESSAGE][PASSED] - Delayed 10 second(s)

2019-12-19 07:22:11 - [TEST_STEP][NOT_RUN] - click(findTestObject("EditResumeHeadline")): NOT_RUN: click(findTestObject("EditResumeHeadline"))

2019-12-19 07:22:11 - [MESSAGE][NOT_RUN] - NOT_RUN: click(findTestObject("EditResumeHeadline"))

2019-12-19 07:22:11 - [TEST_STEP][NOT_RUN] - setText(findTestObject("ResumeHeadLineText"), "."): NOT_RUN: setText(findTestObject("ResumeHeadLineText"), ".")

2019-12-19 07:22:11 - [MESSAGE][NOT_RUN] - NOT_RUN: setText(findTestObject("ResumeHeadLineText"), ".")

2019-12-19 07:22:11 - [TEST_STEP][NOT_RUN] - click(findTestObject("SaveResumeHeadLineButton")): NOT_RUN: click(findTestObject("SaveResumeHeadLineButton"))

2019-12-19 07:22:11 - [MESSAGE][NOT_RUN] - NOT_RUN: click(findTestObject("SaveResumeHeadLineButton"))

2019-12-19 07:22:11 - [TEST_STEP][PASSED] - takeScreenshot(): Taking screenshot successfully

2019-12-19 07:22:12 - [MESSAGE][PASSED] - Taking screenshot successfully
[[ATTACHMENT|C:\\Users\\chandu.t\\Katalon Studio\\NJS_Chandu\\Reports\\20191219_072054\\NJS_Chandu\\20191219_072054\\1576720331660.png]]

2019-12-19 07:22:12 - [TEST_STEP][PASSED] - refresh(): Refresh successfully

2019-12-19 07:22:14 - [MESSAGE][PASSED] - Refresh successfully

2019-12-19 07:22:14 - [TEST_STEP][PASSED] - delay(10): Delayed 10 second(s)

2019-12-19 07:22:24 - [MESSAGE][PASSED] - Delayed 10 second(s)

2019-12-19 07:22:24 - [TEST_STEP][PASSED] - takeScreenshot(): Taking screenshot successfully

2019-12-19 07:22:25 - [MESSAGE][PASSED] - Taking screenshot successfully
[[ATTACHMENT|C:\\Users\\chandu.t\\Katalon Studio\\NJS_Chandu\\Reports\\20191219_072054\\NJS_Chandu\\20191219_072054\\1576720344850.png]]

2019-12-19 07:22:25 - [TEST_STEP][PASSED] - closeBrowser(): Browser is closed

2019-12-19 07:22:26 - [MESSAGE][PASSED] - Browser is closed]]></system-out>
         <system-err><![CDATA[]]></system-err>
      </testcase>
      <testcase name="Test Cases/deleteandupload2" time="79.639" classname="Test Cases/deleteandupload2" status="PASSED">
         <system-out><![CDATA[2019-12-19 07:22:26 - [TEST_CASE][PASSED] - Test Cases/deleteandupload2: Test Cases/deleteandupload2

2019-12-19 07:22:27 - [TEST_STEP][PASSED] - openBrowser(findTestData("LoginDetailsNJS").getValue(1, 2)): Browser is opened with url: 'https://www.naukri.com/'

2019-12-19 07:22:27 - [MESSAGE][INFO] - Starting 'Chrome' driver

2019-12-19 07:22:27 - [MESSAGE][INFO] - User set preference: ['args', '[--incognito]']

2019-12-19 07:22:34 - [MESSAGE][PASSED] - Browser is opened with url: 'https://www.naukri.com/'

2019-12-19 07:22:34 - [TEST_STEP][PASSED] - closeWindowIndex(1): Window with index 1 is closed

2019-12-19 07:22:36 - [MESSAGE][PASSED] - Window with index 1 is closed

2019-12-19 07:22:36 - [TEST_STEP][PASSED] - closeWindowIndex(1): Window with index 1 is closed

2019-12-19 07:22:37 - [MESSAGE][PASSED] - Window with index 1 is closed

2019-12-19 07:22:37 - [TEST_STEP][PASSED] - switchToWindowIndex(0): Switched to window with index: '0'

2019-12-19 07:22:37 - [MESSAGE][PASSED] - Switched to window with index: '0'

2019-12-19 07:22:37 - [TEST_STEP][PASSED] - maximizeWindow(): Current window maximized

2019-12-19 07:22:38 - [MESSAGE][PASSED] - Current window maximized

2019-12-19 07:22:38 - [TEST_STEP][PASSED] - click(findTestObject("LoginButton")): Object: 'Object Repository/LoginButton' is clicked on

2019-12-19 07:22:39 - [MESSAGE][PASSED] - Object: 'Object Repository/LoginButton' is clicked on

2019-12-19 07:22:39 - [TEST_STEP][PASSED] - click(findTestObject("GoogleButton")): Object: 'Object Repository/GoogleButton' is clicked on

2019-12-19 07:22:39 - [MESSAGE][PASSED] - Object: 'Object Repository/GoogleButton' is clicked on

2019-12-19 07:22:39 - [TEST_STEP][PASSED] - switchToWindowIndex(1): Switched to window with index: '1'

2019-12-19 07:22:41 - [MESSAGE][PASSED] - Switched to window with index: '1'

2019-12-19 07:22:41 - [TEST_STEP][PASSED] - setText(findTestObject("UserName"), findTestData("LoginDetailsNJS").getValue(2, 2)): Text 'chanduthota371@gmail.com' is set on object 'Object Repository/UserName'

2019-12-19 07:22:45 - [MESSAGE][PASSED] - Text 'chanduthota371@gmail.com' is set on object 'Object Repository/UserName'

2019-12-19 07:22:45 - [TEST_STEP][PASSED] - click(findTestObject("NextButton")): Object: 'Object Repository/NextButton' is clicked on

2019-12-19 07:22:46 - [MESSAGE][PASSED] - Object: 'Object Repository/NextButton' is clicked on

2019-12-19 07:22:46 - [TEST_STEP][PASSED] - delay(5): Delayed 5 second(s)

2019-12-19 07:22:51 - [MESSAGE][PASSED] - Delayed 5 second(s)

2019-12-19 07:22:51 - [TEST_STEP][PASSED] - setText(findTestObject("Password"), findTestData("LoginDetailsNJS").getValue(3, 2)): Text 'achala$123' is set on object 'Object Repository/Password'

2019-12-19 07:22:52 - [MESSAGE][PASSED] - Text 'achala$123' is set on object 'Object Repository/Password'

2019-12-19 07:22:52 - [TEST_STEP][PASSED] - click(findTestObject("NextButton")): Object: 'Object Repository/NextButton' is clicked on

2019-12-19 07:22:52 - [MESSAGE][PASSED] - Object: 'Object Repository/NextButton' is clicked on

2019-12-19 07:22:52 - [TEST_STEP][PASSED] - switchToWindowIndex(0): Switched to window with index: '0'

2019-12-19 07:22:53 - [MESSAGE][PASSED] - Switched to window with index: '0'

2019-12-19 07:22:53 - [TEST_STEP][PASSED] - delay(10): Delayed 10 second(s)

2019-12-19 07:23:03 - [MESSAGE][PASSED] - Delayed 10 second(s)

2019-12-19 07:23:03 - [TEST_STEP][PASSED] - click(findTestObject("ProfileName")): Object: 'Object Repository/ProfileName' is clicked on

2019-12-19 07:23:03 - [MESSAGE][PASSED] - Object: 'Object Repository/ProfileName' is clicked on

2019-12-19 07:23:03 - [TEST_STEP][PASSED] - click(findTestObject("DeleteResumeButton")): Object: 'Object Repository/DeleteResumeButton' is clicked on

2019-12-19 07:23:05 - [MESSAGE][PASSED] - Object: 'Object Repository/DeleteResumeButton' is clicked on

2019-12-19 07:23:05 - [TEST_STEP][PASSED] - click(findTestObject("DeleteResumeConfirm")): Object: 'Object Repository/DeleteResumeConfirm' is clicked on

2019-12-19 07:23:05 - [MESSAGE][PASSED] - Object: 'Object Repository/DeleteResumeConfirm' is clicked on

2019-12-19 07:23:05 - [TEST_STEP][PASSED] - delay(15): Delayed 15 second(s)

2019-12-19 07:23:20 - [MESSAGE][PASSED] - Delayed 15 second(s)

2019-12-19 07:23:20 - [TEST_STEP][PASSED] - takeScreenshot(): Taking screenshot successfully

2019-12-19 07:23:21 - [MESSAGE][PASSED] - Taking screenshot successfully
[[ATTACHMENT|C:\\Users\\chandu.t\\Katalon Studio\\NJS_Chandu\\Reports\\20191219_072054\\NJS_Chandu\\20191219_072054\\1576720401010.png]]

2019-12-19 07:23:21 - [TEST_STEP][PASSED] - uploadFile(findTestObject("UploadResumeButton"), findTestData("LoginDetailsNJS").getValue(5, 2)): File 'D:\chanduR\Resume2.docx' sent to object: 'Object Repository/UploadResumeButton'

2019-12-19 07:23:21 - [MESSAGE][PASSED] - File 'D:\chanduR\Resume2.docx' sent to object: 'Object Repository/UploadResumeButton'

2019-12-19 07:23:21 - [TEST_STEP][PASSED] - delay(10): Delayed 10 second(s)

2019-12-19 07:23:31 - [MESSAGE][PASSED] - Delayed 10 second(s)

2019-12-19 07:23:31 - [TEST_STEP][NOT_RUN] - click(findTestObject("EditResumeHeadline")): NOT_RUN: click(findTestObject("EditResumeHeadline"))

2019-12-19 07:23:31 - [MESSAGE][NOT_RUN] - NOT_RUN: click(findTestObject("EditResumeHeadline"))

2019-12-19 07:23:31 - [TEST_STEP][NOT_RUN] - setText(findTestObject("ResumeHeadLineText"), "."): NOT_RUN: setText(findTestObject("ResumeHeadLineText"), ".")

2019-12-19 07:23:31 - [MESSAGE][NOT_RUN] - NOT_RUN: setText(findTestObject("ResumeHeadLineText"), ".")

2019-12-19 07:23:31 - [TEST_STEP][NOT_RUN] - click(findTestObject("SaveResumeHeadLineButton")): NOT_RUN: click(findTestObject("SaveResumeHeadLineButton"))

2019-12-19 07:23:31 - [MESSAGE][NOT_RUN] - NOT_RUN: click(findTestObject("SaveResumeHeadLineButton"))

2019-12-19 07:23:31 - [TEST_STEP][PASSED] - takeScreenshot(): Taking screenshot successfully

2019-12-19 07:23:32 - [MESSAGE][PASSED] - Taking screenshot successfully
[[ATTACHMENT|C:\\Users\\chandu.t\\Katalon Studio\\NJS_Chandu\\Reports\\20191219_072054\\NJS_Chandu\\20191219_072054\\1576720411933.png]]

2019-12-19 07:23:32 - [TEST_STEP][PASSED] - refresh(): Refresh successfully

2019-12-19 07:23:34 - [MESSAGE][PASSED] - Refresh successfully

2019-12-19 07:23:34 - [TEST_STEP][PASSED] - delay(10): Delayed 10 second(s)

2019-12-19 07:23:44 - [MESSAGE][PASSED] - Delayed 10 second(s)

2019-12-19 07:23:44 - [TEST_STEP][PASSED] - takeScreenshot(): Taking screenshot successfully

2019-12-19 07:23:45 - [MESSAGE][PASSED] - Taking screenshot successfully
[[ATTACHMENT|C:\\Users\\chandu.t\\Katalon Studio\\NJS_Chandu\\Reports\\20191219_072054\\NJS_Chandu\\20191219_072054\\1576720424722.png]]

2019-12-19 07:23:45 - [TEST_STEP][PASSED] - closeBrowser(): Browser is closed

2019-12-19 07:23:46 - [MESSAGE][PASSED] - Browser is closed]]></system-out>
         <system-err><![CDATA[]]></system-err>
      </testcase>
      <testcase name="Test Cases/deleteandupload1" time="78.081" classname="Test Cases/deleteandupload1" status="PASSED">
         <system-out><![CDATA[2019-12-19 07:23:46 - [TEST_CASE][PASSED] - Test Cases/deleteandupload1: Test Cases/deleteandupload1

2019-12-19 07:23:47 - [TEST_STEP][PASSED] - openBrowser(findTestData("LoginDetailsNJS").getValue(1, 1)): Browser is opened with url: 'https://www.naukri.com/'

2019-12-19 07:23:47 - [MESSAGE][INFO] - Starting 'Chrome' driver

2019-12-19 07:23:47 - [MESSAGE][INFO] - User set preference: ['args', '[--incognito]']

2019-12-19 07:23:55 - [MESSAGE][PASSED] - Browser is opened with url: 'https://www.naukri.com/'

2019-12-19 07:23:55 - [TEST_STEP][PASSED] - closeWindowIndex(1): Window with index 1 is closed

2019-12-19 07:23:56 - [MESSAGE][PASSED] - Window with index 1 is closed

2019-12-19 07:23:56 - [TEST_STEP][PASSED] - closeWindowIndex(1): Window with index 1 is closed

2019-12-19 07:23:58 - [MESSAGE][PASSED] - Window with index 1 is closed

2019-12-19 07:23:58 - [TEST_STEP][PASSED] - switchToWindowIndex(0): Switched to window with index: '0'

2019-12-19 07:23:58 - [MESSAGE][PASSED] - Switched to window with index: '0'

2019-12-19 07:23:58 - [TEST_STEP][PASSED] - maximizeWindow(): Current window maximized

2019-12-19 07:23:59 - [MESSAGE][PASSED] - Current window maximized

2019-12-19 07:23:59 - [TEST_STEP][PASSED] - click(findTestObject("LoginButton")): Object: 'Object Repository/LoginButton' is clicked on

2019-12-19 07:24:00 - [MESSAGE][PASSED] - Object: 'Object Repository/LoginButton' is clicked on

2019-12-19 07:24:00 - [TEST_STEP][PASSED] - click(findTestObject("GoogleButton")): Object: 'Object Repository/GoogleButton' is clicked on

2019-12-19 07:24:01 - [MESSAGE][PASSED] - Object: 'Object Repository/GoogleButton' is clicked on

2019-12-19 07:24:01 - [TEST_STEP][PASSED] - switchToWindowIndex(1): Switched to window with index: '1'

2019-12-19 07:24:03 - [MESSAGE][PASSED] - Switched to window with index: '1'

2019-12-19 07:24:03 - [TEST_STEP][PASSED] - setText(findTestObject("UserName"), findTestData("LoginDetailsNJS").getValue(2, 1)): Text 'thota.chandu1@gmail.com' is set on object 'Object Repository/UserName'

2019-12-19 07:24:05 - [MESSAGE][PASSED] - Text 'thota.chandu1@gmail.com' is set on object 'Object Repository/UserName'

2019-12-19 07:24:05 - [TEST_STEP][PASSED] - click(findTestObject("NextButton")): Object: 'Object Repository/NextButton' is clicked on

2019-12-19 07:24:06 - [MESSAGE][PASSED] - Object: 'Object Repository/NextButton' is clicked on

2019-12-19 07:24:06 - [TEST_STEP][PASSED] - delay(5): Delayed 5 second(s)

2019-12-19 07:24:11 - [MESSAGE][PASSED] - Delayed 5 second(s)

2019-12-19 07:24:11 - [TEST_STEP][PASSED] - setText(findTestObject("Password"), findTestData("LoginDetailsNJS").getValue(3, 1)): Text 'achala$123' is set on object 'Object Repository/Password'

2019-12-19 07:24:11 - [MESSAGE][PASSED] - Text 'achala$123' is set on object 'Object Repository/Password'

2019-12-19 07:24:11 - [TEST_STEP][PASSED] - click(findTestObject("NextButton")): Object: 'Object Repository/NextButton' is clicked on

2019-12-19 07:24:12 - [MESSAGE][PASSED] - Object: 'Object Repository/NextButton' is clicked on

2019-12-19 07:24:12 - [TEST_STEP][PASSED] - switchToWindowIndex(0): Switched to window with index: '0'

2019-12-19 07:24:12 - [MESSAGE][PASSED] - Switched to window with index: '0'

2019-12-19 07:24:12 - [TEST_STEP][PASSED] - delay(10): Delayed 10 second(s)

2019-12-19 07:24:22 - [MESSAGE][PASSED] - Delayed 10 second(s)

2019-12-19 07:24:22 - [TEST_STEP][PASSED] - click(findTestObject("ProfileName")): Object: 'Object Repository/ProfileName' is clicked on

2019-12-19 07:24:22 - [MESSAGE][PASSED] - Object: 'Object Repository/ProfileName' is clicked on

2019-12-19 07:24:22 - [TEST_STEP][PASSED] - click(findTestObject("DeleteResumeButton")): Object: 'Object Repository/DeleteResumeButton' is clicked on

2019-12-19 07:24:23 - [MESSAGE][PASSED] - Object: 'Object Repository/DeleteResumeButton' is clicked on

2019-12-19 07:24:23 - [TEST_STEP][PASSED] - click(findTestObject("DeleteResumeConfirm")): Object: 'Object Repository/DeleteResumeConfirm' is clicked on

2019-12-19 07:24:24 - [MESSAGE][PASSED] - Object: 'Object Repository/DeleteResumeConfirm' is clicked on

2019-12-19 07:24:24 - [TEST_STEP][PASSED] - delay(15): Delayed 15 second(s)

2019-12-19 07:24:39 - [MESSAGE][PASSED] - Delayed 15 second(s)

2019-12-19 07:24:39 - [TEST_STEP][PASSED] - takeScreenshot(): Taking screenshot successfully

2019-12-19 07:24:39 - [MESSAGE][PASSED] - Taking screenshot successfully
[[ATTACHMENT|C:\\Users\\chandu.t\\Katalon Studio\\NJS_Chandu\\Reports\\20191219_072054\\NJS_Chandu\\20191219_072054\\1576720479385.png]]

2019-12-19 07:24:39 - [TEST_STEP][PASSED] - uploadFile(findTestObject("UploadResumeButton"), findTestData("LoginDetailsNJS").getValue(5, 1)): File 'D:\chanduR\Resume1.docx' sent to object: 'Object Repository/UploadResumeButton'

2019-12-19 07:24:40 - [MESSAGE][PASSED] - File 'D:\chanduR\Resume1.docx' sent to object: 'Object Repository/UploadResumeButton'

2019-12-19 07:24:40 - [TEST_STEP][PASSED] - delay(10): Delayed 10 second(s)

2019-12-19 07:24:50 - [MESSAGE][PASSED] - Delayed 10 second(s)

2019-12-19 07:24:50 - [TEST_STEP][NOT_RUN] - click(findTestObject("EditResumeHeadline")): NOT_RUN: click(findTestObject("EditResumeHeadline"))

2019-12-19 07:24:50 - [MESSAGE][NOT_RUN] - NOT_RUN: click(findTestObject("EditResumeHeadline"))

2019-12-19 07:24:50 - [TEST_STEP][NOT_RUN] - setText(findTestObject("ResumeHeadLineText"), "."): NOT_RUN: setText(findTestObject("ResumeHeadLineText"), ".")

2019-12-19 07:24:50 - [MESSAGE][NOT_RUN] - NOT_RUN: setText(findTestObject("ResumeHeadLineText"), ".")

2019-12-19 07:24:50 - [TEST_STEP][NOT_RUN] - click(findTestObject("SaveResumeHeadLineButton")): NOT_RUN: click(findTestObject("SaveResumeHeadLineButton"))

2019-12-19 07:24:50 - [MESSAGE][NOT_RUN] - NOT_RUN: click(findTestObject("SaveResumeHeadLineButton"))

2019-12-19 07:24:50 - [TEST_STEP][PASSED] - takeScreenshot(): Taking screenshot successfully

2019-12-19 07:24:50 - [MESSAGE][PASSED] - Taking screenshot successfully
[[ATTACHMENT|C:\\Users\\chandu.t\\Katalon Studio\\NJS_Chandu\\Reports\\20191219_072054\\NJS_Chandu\\20191219_072054\\1576720490242.png]]

2019-12-19 07:24:50 - [TEST_STEP][PASSED] - refresh(): Refresh successfully

2019-12-19 07:24:52 - [MESSAGE][PASSED] - Refresh successfully

2019-12-19 07:24:52 - [TEST_STEP][PASSED] - delay(10): Delayed 10 second(s)

2019-12-19 07:25:02 - [MESSAGE][PASSED] - Delayed 10 second(s)

2019-12-19 07:25:02 - [TEST_STEP][PASSED] - takeScreenshot(): Taking screenshot successfully

2019-12-19 07:25:03 - [MESSAGE][PASSED] - Taking screenshot successfully
[[ATTACHMENT|C:\\Users\\chandu.t\\Katalon Studio\\NJS_Chandu\\Reports\\20191219_072054\\NJS_Chandu\\20191219_072054\\1576720502897.png]]

2019-12-19 07:25:03 - [TEST_STEP][PASSED] - closeBrowser(): Browser is closed

2019-12-19 07:25:04 - [MESSAGE][PASSED] - Browser is closed]]></system-out>
         <system-err><![CDATA[]]></system-err>
      </testcase>
      <system-out><![CDATA[2019-12-19 07:20:59 - [TEST_SUITE][PASSED] - NJS_Chandu: Test Cases/deleteandupload1]]></system-out>
      <system-err><![CDATA[]]></system-err>
   </testsuite>
</testsuites>
