<?xml version="1.0" encoding="UTF-8"?>
<testsuites name="NJS_Chandu" time="247.49" tests="3" failures="0" errors="0">
   <testsuite name="NJS_Chandu" tests="3" failures="0" errors="0" time="247.49" timestamp="2019-12-17 20:01:59" hostname="chandu.t - wlpt518.imidomain.com" id="Test Suites/NJS_Chandu">
      <properties>
         <property name="deviceName" value=""/>
         <property name="devicePlatform" value=""/>
         <property name="logFolder" value="C:\\Users\\chandu.t\\Katalon Studio\\NJS_Chandu\\Reports\\20191217_200152\\NJS_Chandu\\20191217_200152"/>
         <property name="logFiles" value="C:\\Users\\chandu.t\\Katalon Studio\\NJS_Chandu\\Reports\\20191217_200152\\NJS_Chandu\\20191217_200152\\execution0.log"/>
         <property name="attachments" value="C:\\Users\\chandu.t\\Katalon Studio\\NJS_Chandu\\Reports\\20191217_200152\\NJS_Chandu\\20191217_200152\\1576593183018.png, C:\\Users\\chandu.t\\Katalon Studio\\NJS_Chandu\\Reports\\20191217_200152\\NJS_Chandu\\20191217_200152\\1576593194413.png, C:\\Users\\chandu.t\\Katalon Studio\\NJS_Chandu\\Reports\\20191217_200152\\NJS_Chandu\\20191217_200152\\1576593205116.png, C:\\Users\\chandu.t\\Katalon Studio\\NJS_Chandu\\Reports\\20191217_200152\\NJS_Chandu\\20191217_200152\\1576593261604.png, C:\\Users\\chandu.t\\Katalon Studio\\NJS_Chandu\\Reports\\20191217_200152\\NJS_Chandu\\20191217_200152\\1576593272509.png, C:\\Users\\chandu.t\\Katalon Studio\\NJS_Chandu\\Reports\\20191217_200152\\NJS_Chandu\\20191217_200152\\1576593285065.png, C:\\Users\\chandu.t\\Katalon Studio\\NJS_Chandu\\Reports\\20191217_200152\\NJS_Chandu\\20191217_200152\\1576593341561.png, C:\\Users\\chandu.t\\Katalon Studio\\NJS_Chandu\\Reports\\20191217_200152\\NJS_Chandu\\20191217_200152\\1576593352717.png, C:\\Users\\chandu.t\\Katalon Studio\\NJS_Chandu\\Reports\\20191217_200152\\NJS_Chandu\\20191217_200152\\1576593365336.png"/>
         <property name="hostName" value="chandu.t - wlpt518.imidomain.com"/>
         <property name="os" value="Windows 10 64bit"/>
         <property name="katalonVersion" value="7.1.2.1"/>
         <property name="browser" value="Chrome 77.0.3865.75"/>
         <property name="hostAddress" value="10.0.0.3"/>
         <property name="sessionId" value="111fa0ad91bc4b9609235e5c5c8ecd68"/>
         <property name="seleniumVersion" value="3.141.59"/>
         <property name="proxyInformation" value="ProxyInformation{proxyOption=NO_PROXY, proxyServerType=HTTP, password=, proxyServerAddress=, proxyServerPort=0, executionList=}"/>
         <property name="platform" value="Windows 10"/>
      </properties>
      <testcase name="Test Cases/deleteandupload3" time="86.251" classname="Test Cases/deleteandupload3" status="PASSED">
         <system-out><![CDATA[2019-12-17 20:02:00 - [TEST_CASE][PASSED] - Test Cases/deleteandupload3: Test Cases/deleteandupload3

2019-12-17 20:02:01 - [TEST_STEP][PASSED] - openBrowser(findTestData("LoginDetailsNJS").getValue(1, 3)): Browser is opened with url: 'https://www.naukri.com/'

2019-12-17 20:02:04 - [MESSAGE][INFO] - Starting 'Chrome' driver

2019-12-17 20:02:04 - [MESSAGE][INFO] - User set preference: ['args', '[--incognito]']

2019-12-17 20:02:04 - [MESSAGE][INFO] - Action delay is set to 0 seconds

2019-12-17 20:02:15 - [MESSAGE][PASSED] - Browser is opened with url: 'https://www.naukri.com/'

2019-12-17 20:02:15 - [TEST_STEP][PASSED] - closeWindowIndex(1): Window with index 1 is closed

2019-12-17 20:02:17 - [MESSAGE][PASSED] - Window with index 1 is closed

2019-12-17 20:02:17 - [TEST_STEP][PASSED] - closeWindowIndex(1): Window with index 1 is closed

2019-12-17 20:02:18 - [MESSAGE][PASSED] - Window with index 1 is closed

2019-12-17 20:02:18 - [TEST_STEP][PASSED] - switchToWindowIndex(0): Switched to window with index: '0'

2019-12-17 20:02:18 - [MESSAGE][PASSED] - Switched to window with index: '0'

2019-12-17 20:02:18 - [TEST_STEP][PASSED] - maximizeWindow(): Current window maximized

2019-12-17 20:02:20 - [MESSAGE][PASSED] - Current window maximized

2019-12-17 20:02:20 - [TEST_STEP][PASSED] - click(findTestObject("LoginButton")): Object: 'Object Repository/LoginButton' is clicked on

2019-12-17 20:02:20 - [MESSAGE][PASSED] - Object: 'Object Repository/LoginButton' is clicked on

2019-12-17 20:02:20 - [TEST_STEP][PASSED] - click(findTestObject("GoogleButton")): Object: 'Object Repository/GoogleButton' is clicked on

2019-12-17 20:02:21 - [MESSAGE][PASSED] - Object: 'Object Repository/GoogleButton' is clicked on

2019-12-17 20:02:21 - [TEST_STEP][PASSED] - switchToWindowIndex(1): Switched to window with index: '1'

2019-12-17 20:02:22 - [MESSAGE][PASSED] - Switched to window with index: '1'

2019-12-17 20:02:22 - [TEST_STEP][PASSED] - setText(findTestObject("UserName"), findTestData("LoginDetailsNJS").getValue(2, 3)): Text 'chandut1024@gmail.com' is set on object 'Object Repository/UserName'

2019-12-17 20:02:26 - [MESSAGE][PASSED] - Text 'chandut1024@gmail.com' is set on object 'Object Repository/UserName'

2019-12-17 20:02:26 - [TEST_STEP][PASSED] - click(findTestObject("NextButton")): Object: 'Object Repository/NextButton' is clicked on

2019-12-17 20:02:27 - [MESSAGE][PASSED] - Object: 'Object Repository/NextButton' is clicked on

2019-12-17 20:02:27 - [TEST_STEP][PASSED] - delay(5): Delayed 5 second(s)

2019-12-17 20:02:32 - [MESSAGE][PASSED] - Delayed 5 second(s)

2019-12-17 20:02:32 - [TEST_STEP][PASSED] - setText(findTestObject("Password"), findTestData("LoginDetailsNJS").getValue(3, 3)): Text 'achala$123' is set on object 'Object Repository/Password'

2019-12-17 20:02:33 - [MESSAGE][PASSED] - Text 'achala$123' is set on object 'Object Repository/Password'

2019-12-17 20:02:33 - [TEST_STEP][PASSED] - click(findTestObject("NextButton")): Object: 'Object Repository/NextButton' is clicked on

2019-12-17 20:02:33 - [MESSAGE][PASSED] - Object: 'Object Repository/NextButton' is clicked on

2019-12-17 20:02:33 - [TEST_STEP][PASSED] - switchToWindowIndex(0): Switched to window with index: '0'

2019-12-17 20:02:34 - [MESSAGE][PASSED] - Switched to window with index: '0'

2019-12-17 20:02:34 - [TEST_STEP][PASSED] - delay(10): Delayed 10 second(s)

2019-12-17 20:02:44 - [MESSAGE][PASSED] - Delayed 10 second(s)

2019-12-17 20:02:44 - [TEST_STEP][PASSED] - click(findTestObject("ProfileName")): Object: 'Object Repository/ProfileName' is clicked on

2019-12-17 20:02:46 - [MESSAGE][PASSED] - Object: 'Object Repository/ProfileName' is clicked on

2019-12-17 20:02:46 - [TEST_STEP][PASSED] - click(findTestObject("DeleteResumeButton")): Object: 'Object Repository/DeleteResumeButton' is clicked on

2019-12-17 20:02:47 - [MESSAGE][PASSED] - Object: 'Object Repository/DeleteResumeButton' is clicked on

2019-12-17 20:02:47 - [TEST_STEP][PASSED] - click(findTestObject("DeleteResumeConfirm")): Object: 'Object Repository/DeleteResumeConfirm' is clicked on

2019-12-17 20:02:47 - [MESSAGE][PASSED] - Object: 'Object Repository/DeleteResumeConfirm' is clicked on

2019-12-17 20:02:47 - [TEST_STEP][PASSED] - delay(15): Delayed 15 second(s)

2019-12-17 20:03:02 - [MESSAGE][PASSED] - Delayed 15 second(s)

2019-12-17 20:03:02 - [TEST_STEP][PASSED] - takeScreenshot(): Taking screenshot successfully

2019-12-17 20:03:03 - [MESSAGE][PASSED] - Taking screenshot successfully
[[ATTACHMENT|C:\\Users\\chandu.t\\Katalon Studio\\NJS_Chandu\\Reports\\20191217_200152\\NJS_Chandu\\20191217_200152\\1576593183018.png]]

2019-12-17 20:03:03 - [TEST_STEP][PASSED] - uploadFile(findTestObject("UploadResumeButton"), findTestData("LoginDetailsNJS").getValue(5, 3)): File 'D:\chanduR\Resume33.docx' sent to object: 'Object Repository/UploadResumeButton'

2019-12-17 20:03:04 - [MESSAGE][PASSED] - File 'D:\chanduR\Resume33.docx' sent to object: 'Object Repository/UploadResumeButton'

2019-12-17 20:03:04 - [TEST_STEP][PASSED] - delay(10): Delayed 10 second(s)

2019-12-17 20:03:14 - [MESSAGE][PASSED] - Delayed 10 second(s)

2019-12-17 20:03:14 - [TEST_STEP][NOT_RUN] - click(findTestObject("EditResumeHeadline")): NOT_RUN: click(findTestObject("EditResumeHeadline"))

2019-12-17 20:03:14 - [MESSAGE][NOT_RUN] - NOT_RUN: click(findTestObject("EditResumeHeadline"))

2019-12-17 20:03:14 - [TEST_STEP][NOT_RUN] - setText(findTestObject("ResumeHeadLineText"), "."): NOT_RUN: setText(findTestObject("ResumeHeadLineText"), ".")

2019-12-17 20:03:14 - [MESSAGE][NOT_RUN] - NOT_RUN: setText(findTestObject("ResumeHeadLineText"), ".")

2019-12-17 20:03:14 - [TEST_STEP][NOT_RUN] - click(findTestObject("SaveResumeHeadLineButton")): NOT_RUN: click(findTestObject("SaveResumeHeadLineButton"))

2019-12-17 20:03:14 - [MESSAGE][NOT_RUN] - NOT_RUN: click(findTestObject("SaveResumeHeadLineButton"))

2019-12-17 20:03:14 - [TEST_STEP][PASSED] - takeScreenshot(): Taking screenshot successfully

2019-12-17 20:03:14 - [MESSAGE][PASSED] - Taking screenshot successfully
[[ATTACHMENT|C:\\Users\\chandu.t\\Katalon Studio\\NJS_Chandu\\Reports\\20191217_200152\\NJS_Chandu\\20191217_200152\\1576593194413.png]]

2019-12-17 20:03:14 - [TEST_STEP][PASSED] - refresh(): Refresh successfully

2019-12-17 20:03:14 - [MESSAGE][PASSED] - Refresh successfully

2019-12-17 20:03:14 - [TEST_STEP][PASSED] - delay(10): Delayed 10 second(s)

2019-12-17 20:03:24 - [MESSAGE][PASSED] - Delayed 10 second(s)

2019-12-17 20:03:24 - [TEST_STEP][PASSED] - takeScreenshot(): Taking screenshot successfully

2019-12-17 20:03:25 - [MESSAGE][PASSED] - Taking screenshot successfully
[[ATTACHMENT|C:\\Users\\chandu.t\\Katalon Studio\\NJS_Chandu\\Reports\\20191217_200152\\NJS_Chandu\\20191217_200152\\1576593205116.png]]

2019-12-17 20:03:25 - [TEST_STEP][PASSED] - closeBrowser(): Browser is closed

2019-12-17 20:03:26 - [MESSAGE][PASSED] - Browser is closed]]></system-out>
         <system-err><![CDATA[]]></system-err>
      </testcase>
      <testcase name="Test Cases/deleteandupload2" time="80.165" classname="Test Cases/deleteandupload2" status="PASSED">
         <system-out><![CDATA[2019-12-17 20:03:26 - [TEST_CASE][PASSED] - Test Cases/deleteandupload2: Test Cases/deleteandupload2

2019-12-17 20:03:27 - [TEST_STEP][PASSED] - openBrowser(findTestData("LoginDetailsNJS").getValue(1, 2)): Browser is opened with url: 'https://www.naukri.com/'

2019-12-17 20:03:27 - [MESSAGE][INFO] - Starting 'Chrome' driver

2019-12-17 20:03:27 - [MESSAGE][INFO] - User set preference: ['args', '[--incognito]']

2019-12-17 20:03:36 - [MESSAGE][PASSED] - Browser is opened with url: 'https://www.naukri.com/'

2019-12-17 20:03:36 - [TEST_STEP][PASSED] - closeWindowIndex(1): Window with index 1 is closed

2019-12-17 20:03:37 - [MESSAGE][PASSED] - Window with index 1 is closed

2019-12-17 20:03:37 - [TEST_STEP][PASSED] - closeWindowIndex(1): Window with index 1 is closed

2019-12-17 20:03:38 - [MESSAGE][PASSED] - Window with index 1 is closed

2019-12-17 20:03:38 - [TEST_STEP][PASSED] - switchToWindowIndex(0): Switched to window with index: '0'

2019-12-17 20:03:38 - [MESSAGE][PASSED] - Switched to window with index: '0'

2019-12-17 20:03:38 - [TEST_STEP][PASSED] - maximizeWindow(): Current window maximized

2019-12-17 20:03:39 - [MESSAGE][PASSED] - Current window maximized

2019-12-17 20:03:39 - [TEST_STEP][PASSED] - click(findTestObject("LoginButton")): Object: 'Object Repository/LoginButton' is clicked on

2019-12-17 20:03:40 - [MESSAGE][PASSED] - Object: 'Object Repository/LoginButton' is clicked on

2019-12-17 20:03:40 - [TEST_STEP][PASSED] - click(findTestObject("GoogleButton")): Object: 'Object Repository/GoogleButton' is clicked on

2019-12-17 20:03:41 - [MESSAGE][PASSED] - Object: 'Object Repository/GoogleButton' is clicked on

2019-12-17 20:03:41 - [TEST_STEP][PASSED] - switchToWindowIndex(1): Switched to window with index: '1'

2019-12-17 20:03:43 - [MESSAGE][PASSED] - Switched to window with index: '1'

2019-12-17 20:03:43 - [TEST_STEP][PASSED] - setText(findTestObject("UserName"), findTestData("LoginDetailsNJS").getValue(2, 2)): Text 'chanduthota371@gmail.com' is set on object 'Object Repository/UserName'

2019-12-17 20:03:45 - [MESSAGE][PASSED] - Text 'chanduthota371@gmail.com' is set on object 'Object Repository/UserName'

2019-12-17 20:03:45 - [TEST_STEP][PASSED] - click(findTestObject("NextButton")): Object: 'Object Repository/NextButton' is clicked on

2019-12-17 20:03:46 - [MESSAGE][PASSED] - Object: 'Object Repository/NextButton' is clicked on

2019-12-17 20:03:46 - [TEST_STEP][PASSED] - delay(5): Delayed 5 second(s)

2019-12-17 20:03:51 - [MESSAGE][PASSED] - Delayed 5 second(s)

2019-12-17 20:03:51 - [TEST_STEP][PASSED] - setText(findTestObject("Password"), findTestData("LoginDetailsNJS").getValue(3, 2)): Text 'achala$123' is set on object 'Object Repository/Password'

2019-12-17 20:03:52 - [MESSAGE][PASSED] - Text 'achala$123' is set on object 'Object Repository/Password'

2019-12-17 20:03:52 - [TEST_STEP][PASSED] - click(findTestObject("NextButton")): Object: 'Object Repository/NextButton' is clicked on

2019-12-17 20:03:53 - [MESSAGE][PASSED] - Object: 'Object Repository/NextButton' is clicked on

2019-12-17 20:03:53 - [TEST_STEP][PASSED] - switchToWindowIndex(0): Switched to window with index: '0'

2019-12-17 20:03:53 - [MESSAGE][PASSED] - Switched to window with index: '0'

2019-12-17 20:03:53 - [TEST_STEP][PASSED] - delay(10): Delayed 10 second(s)

2019-12-17 20:04:03 - [MESSAGE][PASSED] - Delayed 10 second(s)

2019-12-17 20:04:03 - [TEST_STEP][PASSED] - click(findTestObject("ProfileName")): Object: 'Object Repository/ProfileName' is clicked on

2019-12-17 20:04:05 - [MESSAGE][PASSED] - Object: 'Object Repository/ProfileName' is clicked on

2019-12-17 20:04:05 - [TEST_STEP][PASSED] - click(findTestObject("DeleteResumeButton")): Object: 'Object Repository/DeleteResumeButton' is clicked on

2019-12-17 20:04:06 - [MESSAGE][PASSED] - Object: 'Object Repository/DeleteResumeButton' is clicked on

2019-12-17 20:04:06 - [TEST_STEP][PASSED] - click(findTestObject("DeleteResumeConfirm")): Object: 'Object Repository/DeleteResumeConfirm' is clicked on

2019-12-17 20:04:06 - [MESSAGE][PASSED] - Object: 'Object Repository/DeleteResumeConfirm' is clicked on

2019-12-17 20:04:06 - [TEST_STEP][PASSED] - delay(15): Delayed 15 second(s)

2019-12-17 20:04:21 - [MESSAGE][PASSED] - Delayed 15 second(s)

2019-12-17 20:04:21 - [TEST_STEP][PASSED] - takeScreenshot(): Taking screenshot successfully

2019-12-17 20:04:21 - [MESSAGE][PASSED] - Taking screenshot successfully
[[ATTACHMENT|C:\\Users\\chandu.t\\Katalon Studio\\NJS_Chandu\\Reports\\20191217_200152\\NJS_Chandu\\20191217_200152\\1576593261604.png]]

2019-12-17 20:04:21 - [TEST_STEP][PASSED] - uploadFile(findTestObject("UploadResumeButton"), findTestData("LoginDetailsNJS").getValue(5, 2)): File 'D:\chanduR\Resume22.docx' sent to object: 'Object Repository/UploadResumeButton'

2019-12-17 20:04:22 - [MESSAGE][PASSED] - File 'D:\chanduR\Resume22.docx' sent to object: 'Object Repository/UploadResumeButton'

2019-12-17 20:04:22 - [TEST_STEP][PASSED] - delay(10): Delayed 10 second(s)

2019-12-17 20:04:32 - [MESSAGE][PASSED] - Delayed 10 second(s)

2019-12-17 20:04:32 - [TEST_STEP][NOT_RUN] - click(findTestObject("EditResumeHeadline")): NOT_RUN: click(findTestObject("EditResumeHeadline"))

2019-12-17 20:04:32 - [MESSAGE][NOT_RUN] - NOT_RUN: click(findTestObject("EditResumeHeadline"))

2019-12-17 20:04:32 - [TEST_STEP][NOT_RUN] - setText(findTestObject("ResumeHeadLineText"), "."): NOT_RUN: setText(findTestObject("ResumeHeadLineText"), ".")

2019-12-17 20:04:32 - [MESSAGE][NOT_RUN] - NOT_RUN: setText(findTestObject("ResumeHeadLineText"), ".")

2019-12-17 20:04:32 - [TEST_STEP][NOT_RUN] - click(findTestObject("SaveResumeHeadLineButton")): NOT_RUN: click(findTestObject("SaveResumeHeadLineButton"))

2019-12-17 20:04:32 - [MESSAGE][NOT_RUN] - NOT_RUN: click(findTestObject("SaveResumeHeadLineButton"))

2019-12-17 20:04:32 - [TEST_STEP][PASSED] - takeScreenshot(): Taking screenshot successfully

2019-12-17 20:04:33 - [MESSAGE][PASSED] - Taking screenshot successfully
[[ATTACHMENT|C:\\Users\\chandu.t\\Katalon Studio\\NJS_Chandu\\Reports\\20191217_200152\\NJS_Chandu\\20191217_200152\\1576593272509.png]]

2019-12-17 20:04:33 - [TEST_STEP][PASSED] - refresh(): Refresh successfully

2019-12-17 20:04:35 - [MESSAGE][PASSED] - Refresh successfully

2019-12-17 20:04:35 - [TEST_STEP][PASSED] - delay(10): Delayed 10 second(s)

2019-12-17 20:04:45 - [MESSAGE][PASSED] - Delayed 10 second(s)

2019-12-17 20:04:45 - [TEST_STEP][PASSED] - takeScreenshot(): Taking screenshot successfully

2019-12-17 20:04:45 - [MESSAGE][PASSED] - Taking screenshot successfully
[[ATTACHMENT|C:\\Users\\chandu.t\\Katalon Studio\\NJS_Chandu\\Reports\\20191217_200152\\NJS_Chandu\\20191217_200152\\1576593285065.png]]

2019-12-17 20:04:45 - [TEST_STEP][PASSED] - closeBrowser(): Browser is closed

2019-12-17 20:04:46 - [MESSAGE][PASSED] - Browser is closed]]></system-out>
         <system-err><![CDATA[]]></system-err>
      </testcase>
      <testcase name="Test Cases/deleteandupload1" time="79.825" classname="Test Cases/deleteandupload1" status="PASSED">
         <system-out><![CDATA[2019-12-17 20:04:46 - [TEST_CASE][PASSED] - Test Cases/deleteandupload1: Test Cases/deleteandupload1

2019-12-17 20:04:47 - [TEST_STEP][PASSED] - openBrowser(findTestData("LoginDetailsNJS").getValue(1, 1)): Browser is opened with url: 'https://www.naukri.com/'

2019-12-17 20:04:48 - [MESSAGE][INFO] - Starting 'Chrome' driver

2019-12-17 20:04:48 - [MESSAGE][INFO] - User set preference: ['args', '[--incognito]']

2019-12-17 20:04:55 - [MESSAGE][PASSED] - Browser is opened with url: 'https://www.naukri.com/'

2019-12-17 20:04:55 - [TEST_STEP][PASSED] - closeWindowIndex(1): Window with index 1 is closed

2019-12-17 20:04:57 - [MESSAGE][PASSED] - Window with index 1 is closed

2019-12-17 20:04:57 - [TEST_STEP][PASSED] - closeWindowIndex(1): Window with index 1 is closed

2019-12-17 20:04:58 - [MESSAGE][PASSED] - Window with index 1 is closed

2019-12-17 20:04:58 - [TEST_STEP][PASSED] - switchToWindowIndex(0): Switched to window with index: '0'

2019-12-17 20:04:58 - [MESSAGE][PASSED] - Switched to window with index: '0'

2019-12-17 20:04:58 - [TEST_STEP][PASSED] - maximizeWindow(): Current window maximized

2019-12-17 20:04:59 - [MESSAGE][PASSED] - Current window maximized

2019-12-17 20:04:59 - [TEST_STEP][PASSED] - click(findTestObject("LoginButton")): Object: 'Object Repository/LoginButton' is clicked on

2019-12-17 20:05:00 - [MESSAGE][PASSED] - Object: 'Object Repository/LoginButton' is clicked on

2019-12-17 20:05:00 - [TEST_STEP][PASSED] - click(findTestObject("GoogleButton")): Object: 'Object Repository/GoogleButton' is clicked on

2019-12-17 20:05:01 - [MESSAGE][PASSED] - Object: 'Object Repository/GoogleButton' is clicked on

2019-12-17 20:05:01 - [TEST_STEP][PASSED] - switchToWindowIndex(1): Switched to window with index: '1'

2019-12-17 20:05:02 - [MESSAGE][PASSED] - Switched to window with index: '1'

2019-12-17 20:05:02 - [TEST_STEP][PASSED] - setText(findTestObject("UserName"), findTestData("LoginDetailsNJS").getValue(2, 1)): Text 'thota.chandu1@gmail.com' is set on object 'Object Repository/UserName'

2019-12-17 20:05:06 - [MESSAGE][PASSED] - Text 'thota.chandu1@gmail.com' is set on object 'Object Repository/UserName'

2019-12-17 20:05:06 - [TEST_STEP][PASSED] - click(findTestObject("NextButton")): Object: 'Object Repository/NextButton' is clicked on

2019-12-17 20:05:06 - [MESSAGE][PASSED] - Object: 'Object Repository/NextButton' is clicked on

2019-12-17 20:05:06 - [TEST_STEP][PASSED] - delay(5): Delayed 5 second(s)

2019-12-17 20:05:11 - [MESSAGE][PASSED] - Delayed 5 second(s)

2019-12-17 20:05:11 - [TEST_STEP][PASSED] - setText(findTestObject("Password"), findTestData("LoginDetailsNJS").getValue(3, 1)): Text 'achala$123' is set on object 'Object Repository/Password'

2019-12-17 20:05:12 - [MESSAGE][PASSED] - Text 'achala$123' is set on object 'Object Repository/Password'

2019-12-17 20:05:12 - [TEST_STEP][PASSED] - click(findTestObject("NextButton")): Object: 'Object Repository/NextButton' is clicked on

2019-12-17 20:05:12 - [MESSAGE][PASSED] - Object: 'Object Repository/NextButton' is clicked on

2019-12-17 20:05:12 - [TEST_STEP][PASSED] - switchToWindowIndex(0): Switched to window with index: '0'

2019-12-17 20:05:13 - [MESSAGE][PASSED] - Switched to window with index: '0'

2019-12-17 20:05:13 - [TEST_STEP][PASSED] - delay(10): Delayed 10 second(s)

2019-12-17 20:05:23 - [MESSAGE][PASSED] - Delayed 10 second(s)

2019-12-17 20:05:23 - [TEST_STEP][PASSED] - click(findTestObject("ProfileName")): Object: 'Object Repository/ProfileName' is clicked on

2019-12-17 20:05:25 - [MESSAGE][PASSED] - Object: 'Object Repository/ProfileName' is clicked on

2019-12-17 20:05:25 - [TEST_STEP][PASSED] - click(findTestObject("DeleteResumeButton")): Object: 'Object Repository/DeleteResumeButton' is clicked on

2019-12-17 20:05:26 - [MESSAGE][PASSED] - Object: 'Object Repository/DeleteResumeButton' is clicked on

2019-12-17 20:05:26 - [TEST_STEP][PASSED] - click(findTestObject("DeleteResumeConfirm")): Object: 'Object Repository/DeleteResumeConfirm' is clicked on

2019-12-17 20:05:26 - [MESSAGE][PASSED] - Object: 'Object Repository/DeleteResumeConfirm' is clicked on

2019-12-17 20:05:26 - [TEST_STEP][PASSED] - delay(15): Delayed 15 second(s)

2019-12-17 20:05:41 - [MESSAGE][PASSED] - Delayed 15 second(s)

2019-12-17 20:05:41 - [TEST_STEP][PASSED] - takeScreenshot(): Taking screenshot successfully

2019-12-17 20:05:42 - [MESSAGE][PASSED] - Taking screenshot successfully
[[ATTACHMENT|C:\\Users\\chandu.t\\Katalon Studio\\NJS_Chandu\\Reports\\20191217_200152\\NJS_Chandu\\20191217_200152\\1576593341561.png]]

2019-12-17 20:05:42 - [TEST_STEP][PASSED] - uploadFile(findTestObject("UploadResumeButton"), findTestData("LoginDetailsNJS").getValue(5, 1)): File 'D:\chanduR\Resume11.docx' sent to object: 'Object Repository/UploadResumeButton'

2019-12-17 20:05:42 - [MESSAGE][PASSED] - File 'D:\chanduR\Resume11.docx' sent to object: 'Object Repository/UploadResumeButton'

2019-12-17 20:05:42 - [TEST_STEP][PASSED] - delay(10): Delayed 10 second(s)

2019-12-17 20:05:52 - [MESSAGE][PASSED] - Delayed 10 second(s)

2019-12-17 20:05:52 - [TEST_STEP][NOT_RUN] - click(findTestObject("EditResumeHeadline")): NOT_RUN: click(findTestObject("EditResumeHeadline"))

2019-12-17 20:05:52 - [MESSAGE][NOT_RUN] - NOT_RUN: click(findTestObject("EditResumeHeadline"))

2019-12-17 20:05:52 - [TEST_STEP][NOT_RUN] - setText(findTestObject("ResumeHeadLineText"), "."): NOT_RUN: setText(findTestObject("ResumeHeadLineText"), ".")

2019-12-17 20:05:52 - [MESSAGE][NOT_RUN] - NOT_RUN: setText(findTestObject("ResumeHeadLineText"), ".")

2019-12-17 20:05:52 - [TEST_STEP][NOT_RUN] - click(findTestObject("SaveResumeHeadLineButton")): NOT_RUN: click(findTestObject("SaveResumeHeadLineButton"))

2019-12-17 20:05:52 - [MESSAGE][NOT_RUN] - NOT_RUN: click(findTestObject("SaveResumeHeadLineButton"))

2019-12-17 20:05:52 - [TEST_STEP][PASSED] - takeScreenshot(): Taking screenshot successfully

2019-12-17 20:05:53 - [MESSAGE][PASSED] - Taking screenshot successfully
[[ATTACHMENT|C:\\Users\\chandu.t\\Katalon Studio\\NJS_Chandu\\Reports\\20191217_200152\\NJS_Chandu\\20191217_200152\\1576593352717.png]]

2019-12-17 20:05:53 - [TEST_STEP][PASSED] - refresh(): Refresh successfully

2019-12-17 20:05:55 - [MESSAGE][PASSED] - Refresh successfully

2019-12-17 20:05:55 - [TEST_STEP][PASSED] - delay(10): Delayed 10 second(s)

2019-12-17 20:06:05 - [MESSAGE][PASSED] - Delayed 10 second(s)

2019-12-17 20:06:05 - [TEST_STEP][PASSED] - takeScreenshot(): Taking screenshot successfully

2019-12-17 20:06:05 - [MESSAGE][PASSED] - Taking screenshot successfully
[[ATTACHMENT|C:\\Users\\chandu.t\\Katalon Studio\\NJS_Chandu\\Reports\\20191217_200152\\NJS_Chandu\\20191217_200152\\1576593365336.png]]

2019-12-17 20:06:05 - [TEST_STEP][PASSED] - closeBrowser(): Browser is closed

2019-12-17 20:06:06 - [MESSAGE][PASSED] - Browser is closed]]></system-out>
         <system-err><![CDATA[]]></system-err>
      </testcase>
      <system-out><![CDATA[2019-12-17 20:01:59 - [TEST_SUITE][PASSED] - NJS_Chandu: Test Cases/deleteandupload1]]></system-out>
      <system-err><![CDATA[]]></system-err>
   </testsuite>
</testsuites>
