<?xml version="1.0" encoding="UTF-8"?>
<testsuites name="NJS_Chandu" time="268.732" tests="3" failures="0" errors="0">
   <testsuite name="NJS_Chandu" tests="3" failures="0" errors="0" time="268.732" timestamp="2019-12-19 16:41:26" hostname="chandu.t - wlpt518.imidomain.com" id="Test Suites/NJS_Chandu">
      <properties>
         <property name="deviceName" value=""/>
         <property name="devicePlatform" value=""/>
         <property name="logFolder" value="C:\\Users\\chandu.t\\Katalon Studio\\NJS_Chandu\\Reports\\20191219_164122\\NJS_Chandu\\20191219_164122"/>
         <property name="logFiles" value="C:\\Users\\chandu.t\\Katalon Studio\\NJS_Chandu\\Reports\\20191219_164122\\NJS_Chandu\\20191219_164122\\execution0.log"/>
         <property name="attachments" value="C:\\Users\\chandu.t\\Katalon Studio\\NJS_Chandu\\Reports\\20191219_164122\\NJS_Chandu\\20191219_164122\\1576753957126.png, C:\\Users\\chandu.t\\Katalon Studio\\NJS_Chandu\\Reports\\20191219_164122\\NJS_Chandu\\20191219_164122\\1576753968245.png, C:\\Users\\chandu.t\\Katalon Studio\\NJS_Chandu\\Reports\\20191219_164122\\NJS_Chandu\\20191219_164122\\1576753978782.png, C:\\Users\\chandu.t\\Katalon Studio\\NJS_Chandu\\Reports\\20191219_164122\\NJS_Chandu\\20191219_164122\\1576754045298.png, C:\\Users\\chandu.t\\Katalon Studio\\NJS_Chandu\\Reports\\20191219_164122\\NJS_Chandu\\20191219_164122\\1576754055950.png, C:\\Users\\chandu.t\\Katalon Studio\\NJS_Chandu\\Reports\\20191219_164122\\NJS_Chandu\\20191219_164122\\1576754066419.png, C:\\Users\\chandu.t\\Katalon Studio\\NJS_Chandu\\Reports\\20191219_164122\\NJS_Chandu\\20191219_164122\\1576754132792.png, C:\\Users\\chandu.t\\Katalon Studio\\NJS_Chandu\\Reports\\20191219_164122\\NJS_Chandu\\20191219_164122\\1576754143479.png, C:\\Users\\chandu.t\\Katalon Studio\\NJS_Chandu\\Reports\\20191219_164122\\NJS_Chandu\\20191219_164122\\1576754153960.png"/>
         <property name="hostName" value="chandu.t - wlpt518.imidomain.com"/>
         <property name="os" value="Windows 10 64bit"/>
         <property name="katalonVersion" value="7.1.2.1"/>
         <property name="browser" value="Chrome 77.0.3865.75"/>
         <property name="hostAddress" value="10.0.26.179"/>
         <property name="sessionId" value="90ee97e966624cebf66f940cff5f6f09"/>
         <property name="seleniumVersion" value="3.141.59"/>
         <property name="proxyInformation" value="ProxyInformation{proxyOption=NO_PROXY, proxyServerType=HTTP, password=, proxyServerAddress=, proxyServerPort=0, executionList=}"/>
         <property name="platform" value="Windows 10"/>
      </properties>
      <testcase name="Test Cases/deleteandupload3" time="92.716" classname="Test Cases/deleteandupload3" status="PASSED">
         <system-out><![CDATA[2019-12-19 16:41:27 - [TEST_CASE][PASSED] - Test Cases/deleteandupload3: Test Cases/deleteandupload3

2019-12-19 16:41:28 - [TEST_STEP][PASSED] - openBrowser(findTestData("LoginDetailsNJS").getValue(1, 3)): Browser is opened with url: 'https://www.naukri.com/'

2019-12-19 16:41:30 - [MESSAGE][INFO] - Starting 'Chrome' driver

2019-12-19 16:41:30 - [MESSAGE][INFO] - User set preference: ['args', '[--incognito]']

2019-12-19 16:41:30 - [MESSAGE][INFO] - Action delay is set to 0 seconds

2019-12-19 16:41:55 - [MESSAGE][PASSED] - Browser is opened with url: 'https://www.naukri.com/'

2019-12-19 16:41:55 - [TEST_STEP][PASSED] - closeWindowIndex(1): Window with index 1 is closed

2019-12-19 16:41:56 - [MESSAGE][PASSED] - Window with index 1 is closed

2019-12-19 16:41:56 - [TEST_STEP][PASSED] - closeWindowIndex(1): Window with index 1 is closed

2019-12-19 16:41:57 - [MESSAGE][PASSED] - Window with index 1 is closed

2019-12-19 16:41:57 - [TEST_STEP][PASSED] - switchToWindowIndex(0): Switched to window with index: '0'

2019-12-19 16:41:58 - [MESSAGE][PASSED] - Switched to window with index: '0'

2019-12-19 16:41:58 - [TEST_STEP][PASSED] - maximizeWindow(): Current window maximized

2019-12-19 16:41:59 - [MESSAGE][PASSED] - Current window maximized

2019-12-19 16:41:59 - [TEST_STEP][PASSED] - click(findTestObject("LoginButton")): Object: 'Object Repository/LoginButton' is clicked on

2019-12-19 16:42:00 - [MESSAGE][PASSED] - Object: 'Object Repository/LoginButton' is clicked on

2019-12-19 16:42:00 - [TEST_STEP][PASSED] - click(findTestObject("GoogleButton")): Object: 'Object Repository/GoogleButton' is clicked on

2019-12-19 16:42:00 - [MESSAGE][PASSED] - Object: 'Object Repository/GoogleButton' is clicked on

2019-12-19 16:42:00 - [TEST_STEP][PASSED] - switchToWindowIndex(1): Switched to window with index: '1'

2019-12-19 16:42:03 - [MESSAGE][PASSED] - Switched to window with index: '1'

2019-12-19 16:42:03 - [TEST_STEP][PASSED] - setText(findTestObject("UserName"), findTestData("LoginDetailsNJS").getValue(2, 3)): Text 'chandut1024@gmail.com' is set on object 'Object Repository/UserName'

2019-12-19 16:42:04 - [MESSAGE][PASSED] - Text 'chandut1024@gmail.com' is set on object 'Object Repository/UserName'

2019-12-19 16:42:04 - [TEST_STEP][PASSED] - click(findTestObject("NextButton")): Object: 'Object Repository/NextButton' is clicked on

2019-12-19 16:42:04 - [MESSAGE][PASSED] - Object: 'Object Repository/NextButton' is clicked on

2019-12-19 16:42:04 - [TEST_STEP][PASSED] - delay(5): Delayed 5 second(s)

2019-12-19 16:42:09 - [MESSAGE][PASSED] - Delayed 5 second(s)

2019-12-19 16:42:09 - [TEST_STEP][PASSED] - setText(findTestObject("Password"), findTestData("LoginDetailsNJS").getValue(3, 3)): Text 'achala$123' is set on object 'Object Repository/Password'

2019-12-19 16:42:10 - [MESSAGE][PASSED] - Text 'achala$123' is set on object 'Object Repository/Password'

2019-12-19 16:42:10 - [TEST_STEP][PASSED] - click(findTestObject("NextButton")): Object: 'Object Repository/NextButton' is clicked on

2019-12-19 16:42:10 - [MESSAGE][PASSED] - Object: 'Object Repository/NextButton' is clicked on

2019-12-19 16:42:10 - [TEST_STEP][PASSED] - switchToWindowIndex(0): Switched to window with index: '0'

2019-12-19 16:42:10 - [MESSAGE][PASSED] - Switched to window with index: '0'

2019-12-19 16:42:10 - [TEST_STEP][PASSED] - delay(10): Delayed 10 second(s)

2019-12-19 16:42:20 - [MESSAGE][PASSED] - Delayed 10 second(s)

2019-12-19 16:42:20 - [TEST_STEP][PASSED] - click(findTestObject("ProfileName")): Object: 'Object Repository/ProfileName' is clicked on

2019-12-19 16:42:20 - [MESSAGE][PASSED] - Object: 'Object Repository/ProfileName' is clicked on

2019-12-19 16:42:20 - [TEST_STEP][PASSED] - click(findTestObject("DeleteResumeButton")): Object: 'Object Repository/DeleteResumeButton' is clicked on

2019-12-19 16:42:21 - [MESSAGE][PASSED] - Object: 'Object Repository/DeleteResumeButton' is clicked on

2019-12-19 16:42:21 - [TEST_STEP][PASSED] - click(findTestObject("DeleteResumeConfirm")): Object: 'Object Repository/DeleteResumeConfirm' is clicked on

2019-12-19 16:42:22 - [MESSAGE][PASSED] - Object: 'Object Repository/DeleteResumeConfirm' is clicked on

2019-12-19 16:42:22 - [TEST_STEP][PASSED] - delay(15): Delayed 15 second(s)

2019-12-19 16:42:37 - [MESSAGE][PASSED] - Delayed 15 second(s)

2019-12-19 16:42:37 - [TEST_STEP][PASSED] - takeScreenshot(): Taking screenshot successfully

2019-12-19 16:42:37 - [MESSAGE][PASSED] - Taking screenshot successfully
[[ATTACHMENT|C:\\Users\\chandu.t\\Katalon Studio\\NJS_Chandu\\Reports\\20191219_164122\\NJS_Chandu\\20191219_164122\\1576753957126.png]]

2019-12-19 16:42:37 - [TEST_STEP][PASSED] - uploadFile(findTestObject("UploadResumeButton"), findTestData("LoginDetailsNJS").getValue(5, 3)): File 'D:\chanduR\Resume33.docx' sent to object: 'Object Repository/UploadResumeButton'

2019-12-19 16:42:38 - [MESSAGE][PASSED] - File 'D:\chanduR\Resume33.docx' sent to object: 'Object Repository/UploadResumeButton'

2019-12-19 16:42:38 - [TEST_STEP][PASSED] - delay(10): Delayed 10 second(s)

2019-12-19 16:42:48 - [MESSAGE][PASSED] - Delayed 10 second(s)

2019-12-19 16:42:48 - [TEST_STEP][NOT_RUN] - click(findTestObject("EditResumeHeadline")): NOT_RUN: click(findTestObject("EditResumeHeadline"))

2019-12-19 16:42:48 - [MESSAGE][NOT_RUN] - NOT_RUN: click(findTestObject("EditResumeHeadline"))

2019-12-19 16:42:48 - [TEST_STEP][NOT_RUN] - setText(findTestObject("ResumeHeadLineText"), "."): NOT_RUN: setText(findTestObject("ResumeHeadLineText"), ".")

2019-12-19 16:42:48 - [MESSAGE][NOT_RUN] - NOT_RUN: setText(findTestObject("ResumeHeadLineText"), ".")

2019-12-19 16:42:48 - [TEST_STEP][NOT_RUN] - click(findTestObject("SaveResumeHeadLineButton")): NOT_RUN: click(findTestObject("SaveResumeHeadLineButton"))

2019-12-19 16:42:48 - [MESSAGE][NOT_RUN] - NOT_RUN: click(findTestObject("SaveResumeHeadLineButton"))

2019-12-19 16:42:48 - [TEST_STEP][PASSED] - takeScreenshot(): Taking screenshot successfully

2019-12-19 16:42:48 - [MESSAGE][PASSED] - Taking screenshot successfully
[[ATTACHMENT|C:\\Users\\chandu.t\\Katalon Studio\\NJS_Chandu\\Reports\\20191219_164122\\NJS_Chandu\\20191219_164122\\1576753968245.png]]

2019-12-19 16:42:48 - [TEST_STEP][PASSED] - refresh(): Refresh successfully

2019-12-19 16:42:48 - [MESSAGE][PASSED] - Refresh successfully

2019-12-19 16:42:48 - [TEST_STEP][PASSED] - delay(10): Delayed 10 second(s)

2019-12-19 16:42:58 - [MESSAGE][PASSED] - Delayed 10 second(s)

2019-12-19 16:42:58 - [TEST_STEP][PASSED] - takeScreenshot(): Taking screenshot successfully

2019-12-19 16:42:59 - [MESSAGE][PASSED] - Taking screenshot successfully
[[ATTACHMENT|C:\\Users\\chandu.t\\Katalon Studio\\NJS_Chandu\\Reports\\20191219_164122\\NJS_Chandu\\20191219_164122\\1576753978782.png]]

2019-12-19 16:42:59 - [TEST_STEP][PASSED] - closeBrowser(): Browser is closed

2019-12-19 16:43:00 - [MESSAGE][PASSED] - Browser is closed]]></system-out>
         <system-err><![CDATA[]]></system-err>
      </testcase>
      <testcase name="Test Cases/deleteandupload2" time="87.857" classname="Test Cases/deleteandupload2" status="PASSED">
         <system-out><![CDATA[2019-12-19 16:43:00 - [TEST_CASE][PASSED] - Test Cases/deleteandupload2: Test Cases/deleteandupload2

2019-12-19 16:43:00 - [TEST_STEP][PASSED] - openBrowser(findTestData("LoginDetailsNJS").getValue(1, 2)): Browser is opened with url: 'https://www.naukri.com/'

2019-12-19 16:43:00 - [MESSAGE][INFO] - Starting 'Chrome' driver

2019-12-19 16:43:00 - [MESSAGE][INFO] - User set preference: ['args', '[--incognito]']

2019-12-19 16:43:24 - [MESSAGE][PASSED] - Browser is opened with url: 'https://www.naukri.com/'

2019-12-19 16:43:24 - [TEST_STEP][PASSED] - closeWindowIndex(1): Window with index 1 is closed

2019-12-19 16:43:25 - [MESSAGE][PASSED] - Window with index 1 is closed

2019-12-19 16:43:25 - [TEST_STEP][PASSED] - closeWindowIndex(1): Window with index 1 is closed

2019-12-19 16:43:26 - [MESSAGE][PASSED] - Window with index 1 is closed

2019-12-19 16:43:26 - [TEST_STEP][PASSED] - switchToWindowIndex(0): Switched to window with index: '0'

2019-12-19 16:43:26 - [MESSAGE][PASSED] - Switched to window with index: '0'

2019-12-19 16:43:26 - [TEST_STEP][PASSED] - maximizeWindow(): Current window maximized

2019-12-19 16:43:28 - [MESSAGE][PASSED] - Current window maximized

2019-12-19 16:43:28 - [TEST_STEP][PASSED] - click(findTestObject("LoginButton")): Object: 'Object Repository/LoginButton' is clicked on

2019-12-19 16:43:28 - [MESSAGE][PASSED] - Object: 'Object Repository/LoginButton' is clicked on

2019-12-19 16:43:28 - [TEST_STEP][PASSED] - click(findTestObject("GoogleButton")): Object: 'Object Repository/GoogleButton' is clicked on

2019-12-19 16:43:29 - [MESSAGE][PASSED] - Object: 'Object Repository/GoogleButton' is clicked on

2019-12-19 16:43:29 - [TEST_STEP][PASSED] - switchToWindowIndex(1): Switched to window with index: '1'

2019-12-19 16:43:31 - [MESSAGE][PASSED] - Switched to window with index: '1'

2019-12-19 16:43:31 - [TEST_STEP][PASSED] - setText(findTestObject("UserName"), findTestData("LoginDetailsNJS").getValue(2, 2)): Text 'chanduthota371@gmail.com' is set on object 'Object Repository/UserName'

2019-12-19 16:43:32 - [MESSAGE][PASSED] - Text 'chanduthota371@gmail.com' is set on object 'Object Repository/UserName'

2019-12-19 16:43:32 - [TEST_STEP][PASSED] - click(findTestObject("NextButton")): Object: 'Object Repository/NextButton' is clicked on

2019-12-19 16:43:32 - [MESSAGE][PASSED] - Object: 'Object Repository/NextButton' is clicked on

2019-12-19 16:43:32 - [TEST_STEP][PASSED] - delay(5): Delayed 5 second(s)

2019-12-19 16:43:37 - [MESSAGE][PASSED] - Delayed 5 second(s)

2019-12-19 16:43:37 - [TEST_STEP][PASSED] - setText(findTestObject("Password"), findTestData("LoginDetailsNJS").getValue(3, 2)): Text 'achala$123' is set on object 'Object Repository/Password'

2019-12-19 16:43:38 - [MESSAGE][PASSED] - Text 'achala$123' is set on object 'Object Repository/Password'

2019-12-19 16:43:38 - [TEST_STEP][PASSED] - click(findTestObject("NextButton")): Object: 'Object Repository/NextButton' is clicked on

2019-12-19 16:43:38 - [MESSAGE][PASSED] - Object: 'Object Repository/NextButton' is clicked on

2019-12-19 16:43:38 - [TEST_STEP][PASSED] - switchToWindowIndex(0): Switched to window with index: '0'

2019-12-19 16:43:38 - [MESSAGE][PASSED] - Switched to window with index: '0'

2019-12-19 16:43:38 - [TEST_STEP][PASSED] - delay(10): Delayed 10 second(s)

2019-12-19 16:43:48 - [MESSAGE][PASSED] - Delayed 10 second(s)

2019-12-19 16:43:48 - [TEST_STEP][PASSED] - click(findTestObject("ProfileName")): Object: 'Object Repository/ProfileName' is clicked on

2019-12-19 16:43:49 - [MESSAGE][PASSED] - Object: 'Object Repository/ProfileName' is clicked on

2019-12-19 16:43:49 - [TEST_STEP][PASSED] - click(findTestObject("DeleteResumeButton")): Object: 'Object Repository/DeleteResumeButton' is clicked on

2019-12-19 16:43:49 - [MESSAGE][PASSED] - Object: 'Object Repository/DeleteResumeButton' is clicked on

2019-12-19 16:43:49 - [TEST_STEP][PASSED] - click(findTestObject("DeleteResumeConfirm")): Object: 'Object Repository/DeleteResumeConfirm' is clicked on

2019-12-19 16:43:50 - [MESSAGE][PASSED] - Object: 'Object Repository/DeleteResumeConfirm' is clicked on

2019-12-19 16:43:50 - [TEST_STEP][PASSED] - delay(15): Delayed 15 second(s)

2019-12-19 16:44:05 - [MESSAGE][PASSED] - Delayed 15 second(s)

2019-12-19 16:44:05 - [TEST_STEP][PASSED] - takeScreenshot(): Taking screenshot successfully

2019-12-19 16:44:05 - [MESSAGE][PASSED] - Taking screenshot successfully
[[ATTACHMENT|C:\\Users\\chandu.t\\Katalon Studio\\NJS_Chandu\\Reports\\20191219_164122\\NJS_Chandu\\20191219_164122\\1576754045298.png]]

2019-12-19 16:44:05 - [TEST_STEP][PASSED] - uploadFile(findTestObject("UploadResumeButton"), findTestData("LoginDetailsNJS").getValue(5, 2)): File 'D:\chanduR\Resume22.docx' sent to object: 'Object Repository/UploadResumeButton'

2019-12-19 16:44:05 - [MESSAGE][PASSED] - File 'D:\chanduR\Resume22.docx' sent to object: 'Object Repository/UploadResumeButton'

2019-12-19 16:44:05 - [TEST_STEP][PASSED] - delay(10): Delayed 10 second(s)

2019-12-19 16:44:15 - [MESSAGE][PASSED] - Delayed 10 second(s)

2019-12-19 16:44:15 - [TEST_STEP][NOT_RUN] - click(findTestObject("EditResumeHeadline")): NOT_RUN: click(findTestObject("EditResumeHeadline"))

2019-12-19 16:44:15 - [MESSAGE][NOT_RUN] - NOT_RUN: click(findTestObject("EditResumeHeadline"))

2019-12-19 16:44:15 - [TEST_STEP][NOT_RUN] - setText(findTestObject("ResumeHeadLineText"), "."): NOT_RUN: setText(findTestObject("ResumeHeadLineText"), ".")

2019-12-19 16:44:15 - [MESSAGE][NOT_RUN] - NOT_RUN: setText(findTestObject("ResumeHeadLineText"), ".")

2019-12-19 16:44:15 - [TEST_STEP][NOT_RUN] - click(findTestObject("SaveResumeHeadLineButton")): NOT_RUN: click(findTestObject("SaveResumeHeadLineButton"))

2019-12-19 16:44:15 - [MESSAGE][NOT_RUN] - NOT_RUN: click(findTestObject("SaveResumeHeadLineButton"))

2019-12-19 16:44:15 - [TEST_STEP][PASSED] - takeScreenshot(): Taking screenshot successfully

2019-12-19 16:44:16 - [MESSAGE][PASSED] - Taking screenshot successfully
[[ATTACHMENT|C:\\Users\\chandu.t\\Katalon Studio\\NJS_Chandu\\Reports\\20191219_164122\\NJS_Chandu\\20191219_164122\\1576754055950.png]]

2019-12-19 16:44:16 - [TEST_STEP][PASSED] - refresh(): Refresh successfully

2019-12-19 16:44:16 - [MESSAGE][PASSED] - Refresh successfully

2019-12-19 16:44:16 - [TEST_STEP][PASSED] - delay(10): Delayed 10 second(s)

2019-12-19 16:44:26 - [MESSAGE][PASSED] - Delayed 10 second(s)

2019-12-19 16:44:26 - [TEST_STEP][PASSED] - takeScreenshot(): Taking screenshot successfully

2019-12-19 16:44:26 - [MESSAGE][PASSED] - Taking screenshot successfully
[[ATTACHMENT|C:\\Users\\chandu.t\\Katalon Studio\\NJS_Chandu\\Reports\\20191219_164122\\NJS_Chandu\\20191219_164122\\1576754066419.png]]

2019-12-19 16:44:26 - [TEST_STEP][PASSED] - closeBrowser(): Browser is closed

2019-12-19 16:44:27 - [MESSAGE][PASSED] - Browser is closed]]></system-out>
         <system-err><![CDATA[]]></system-err>
      </testcase>
      <testcase name="Test Cases/deleteandupload1" time="87.255" classname="Test Cases/deleteandupload1" status="PASSED">
         <system-out><![CDATA[2019-12-19 16:44:27 - [TEST_CASE][PASSED] - Test Cases/deleteandupload1: Test Cases/deleteandupload1

2019-12-19 16:44:28 - [TEST_STEP][PASSED] - openBrowser(findTestData("LoginDetailsNJS").getValue(1, 1)): Browser is opened with url: 'https://www.naukri.com/'

2019-12-19 16:44:28 - [MESSAGE][INFO] - Starting 'Chrome' driver

2019-12-19 16:44:28 - [MESSAGE][INFO] - User set preference: ['args', '[--incognito]']

2019-12-19 16:44:52 - [MESSAGE][PASSED] - Browser is opened with url: 'https://www.naukri.com/'

2019-12-19 16:44:52 - [TEST_STEP][PASSED] - closeWindowIndex(1): Window with index 1 is closed

2019-12-19 16:44:53 - [MESSAGE][PASSED] - Window with index 1 is closed

2019-12-19 16:44:53 - [TEST_STEP][PASSED] - closeWindowIndex(1): Window with index 1 is closed

2019-12-19 16:44:54 - [MESSAGE][PASSED] - Window with index 1 is closed

2019-12-19 16:44:54 - [TEST_STEP][PASSED] - switchToWindowIndex(0): Switched to window with index: '0'

2019-12-19 16:44:54 - [MESSAGE][PASSED] - Switched to window with index: '0'

2019-12-19 16:44:54 - [TEST_STEP][PASSED] - maximizeWindow(): Current window maximized

2019-12-19 16:44:55 - [MESSAGE][PASSED] - Current window maximized

2019-12-19 16:44:55 - [TEST_STEP][PASSED] - click(findTestObject("LoginButton")): Object: 'Object Repository/LoginButton' is clicked on

2019-12-19 16:44:55 - [MESSAGE][PASSED] - Object: 'Object Repository/LoginButton' is clicked on

2019-12-19 16:44:55 - [TEST_STEP][PASSED] - click(findTestObject("GoogleButton")): Object: 'Object Repository/GoogleButton' is clicked on

2019-12-19 16:44:56 - [MESSAGE][PASSED] - Object: 'Object Repository/GoogleButton' is clicked on

2019-12-19 16:44:56 - [TEST_STEP][PASSED] - switchToWindowIndex(1): Switched to window with index: '1'

2019-12-19 16:44:58 - [MESSAGE][PASSED] - Switched to window with index: '1'

2019-12-19 16:44:58 - [TEST_STEP][PASSED] - setText(findTestObject("UserName"), findTestData("LoginDetailsNJS").getValue(2, 1)): Text 'thota.chandu1@gmail.com' is set on object 'Object Repository/UserName'

2019-12-19 16:44:59 - [MESSAGE][PASSED] - Text 'thota.chandu1@gmail.com' is set on object 'Object Repository/UserName'

2019-12-19 16:44:59 - [TEST_STEP][PASSED] - click(findTestObject("NextButton")): Object: 'Object Repository/NextButton' is clicked on

2019-12-19 16:44:59 - [MESSAGE][PASSED] - Object: 'Object Repository/NextButton' is clicked on

2019-12-19 16:44:59 - [TEST_STEP][PASSED] - delay(5): Delayed 5 second(s)

2019-12-19 16:45:04 - [MESSAGE][PASSED] - Delayed 5 second(s)

2019-12-19 16:45:04 - [TEST_STEP][PASSED] - setText(findTestObject("Password"), findTestData("LoginDetailsNJS").getValue(3, 1)): Text 'achala$123' is set on object 'Object Repository/Password'

2019-12-19 16:45:05 - [MESSAGE][PASSED] - Text 'achala$123' is set on object 'Object Repository/Password'

2019-12-19 16:45:05 - [TEST_STEP][PASSED] - click(findTestObject("NextButton")): Object: 'Object Repository/NextButton' is clicked on

2019-12-19 16:45:05 - [MESSAGE][PASSED] - Object: 'Object Repository/NextButton' is clicked on

2019-12-19 16:45:05 - [TEST_STEP][PASSED] - switchToWindowIndex(0): Switched to window with index: '0'

2019-12-19 16:45:05 - [MESSAGE][PASSED] - Switched to window with index: '0'

2019-12-19 16:45:05 - [TEST_STEP][PASSED] - delay(10): Delayed 10 second(s)

2019-12-19 16:45:15 - [MESSAGE][PASSED] - Delayed 10 second(s)

2019-12-19 16:45:15 - [TEST_STEP][PASSED] - click(findTestObject("ProfileName")): Object: 'Object Repository/ProfileName' is clicked on

2019-12-19 16:45:16 - [MESSAGE][PASSED] - Object: 'Object Repository/ProfileName' is clicked on

2019-12-19 16:45:16 - [TEST_STEP][PASSED] - click(findTestObject("DeleteResumeButton")): Object: 'Object Repository/DeleteResumeButton' is clicked on

2019-12-19 16:45:17 - [MESSAGE][PASSED] - Object: 'Object Repository/DeleteResumeButton' is clicked on

2019-12-19 16:45:17 - [TEST_STEP][PASSED] - click(findTestObject("DeleteResumeConfirm")): Object: 'Object Repository/DeleteResumeConfirm' is clicked on

2019-12-19 16:45:17 - [MESSAGE][PASSED] - Object: 'Object Repository/DeleteResumeConfirm' is clicked on

2019-12-19 16:45:17 - [TEST_STEP][PASSED] - delay(15): Delayed 15 second(s)

2019-12-19 16:45:32 - [MESSAGE][PASSED] - Delayed 15 second(s)

2019-12-19 16:45:32 - [TEST_STEP][PASSED] - takeScreenshot(): Taking screenshot successfully

2019-12-19 16:45:33 - [MESSAGE][PASSED] - Taking screenshot successfully
[[ATTACHMENT|C:\\Users\\chandu.t\\Katalon Studio\\NJS_Chandu\\Reports\\20191219_164122\\NJS_Chandu\\20191219_164122\\1576754132792.png]]

2019-12-19 16:45:33 - [TEST_STEP][PASSED] - uploadFile(findTestObject("UploadResumeButton"), findTestData("LoginDetailsNJS").getValue(5, 1)): File 'D:\chanduR\Resume11.docx' sent to object: 'Object Repository/UploadResumeButton'

2019-12-19 16:45:33 - [MESSAGE][PASSED] - File 'D:\chanduR\Resume11.docx' sent to object: 'Object Repository/UploadResumeButton'

2019-12-19 16:45:33 - [TEST_STEP][PASSED] - delay(10): Delayed 10 second(s)

2019-12-19 16:45:43 - [MESSAGE][PASSED] - Delayed 10 second(s)

2019-12-19 16:45:43 - [TEST_STEP][NOT_RUN] - click(findTestObject("EditResumeHeadline")): NOT_RUN: click(findTestObject("EditResumeHeadline"))

2019-12-19 16:45:43 - [MESSAGE][NOT_RUN] - NOT_RUN: click(findTestObject("EditResumeHeadline"))

2019-12-19 16:45:43 - [TEST_STEP][NOT_RUN] - setText(findTestObject("ResumeHeadLineText"), "."): NOT_RUN: setText(findTestObject("ResumeHeadLineText"), ".")

2019-12-19 16:45:43 - [MESSAGE][NOT_RUN] - NOT_RUN: setText(findTestObject("ResumeHeadLineText"), ".")

2019-12-19 16:45:43 - [TEST_STEP][NOT_RUN] - click(findTestObject("SaveResumeHeadLineButton")): NOT_RUN: click(findTestObject("SaveResumeHeadLineButton"))

2019-12-19 16:45:43 - [MESSAGE][NOT_RUN] - NOT_RUN: click(findTestObject("SaveResumeHeadLineButton"))

2019-12-19 16:45:43 - [TEST_STEP][PASSED] - takeScreenshot(): Taking screenshot successfully

2019-12-19 16:45:43 - [MESSAGE][PASSED] - Taking screenshot successfully
[[ATTACHMENT|C:\\Users\\chandu.t\\Katalon Studio\\NJS_Chandu\\Reports\\20191219_164122\\NJS_Chandu\\20191219_164122\\1576754143479.png]]

2019-12-19 16:45:43 - [TEST_STEP][PASSED] - refresh(): Refresh successfully

2019-12-19 16:45:43 - [MESSAGE][PASSED] - Refresh successfully

2019-12-19 16:45:43 - [TEST_STEP][PASSED] - delay(10): Delayed 10 second(s)

2019-12-19 16:45:53 - [MESSAGE][PASSED] - Delayed 10 second(s)

2019-12-19 16:45:53 - [TEST_STEP][PASSED] - takeScreenshot(): Taking screenshot successfully

2019-12-19 16:45:54 - [MESSAGE][PASSED] - Taking screenshot successfully
[[ATTACHMENT|C:\\Users\\chandu.t\\Katalon Studio\\NJS_Chandu\\Reports\\20191219_164122\\NJS_Chandu\\20191219_164122\\1576754153960.png]]

2019-12-19 16:45:54 - [TEST_STEP][PASSED] - closeBrowser(): Browser is closed

2019-12-19 16:45:55 - [MESSAGE][PASSED] - Browser is closed]]></system-out>
         <system-err><![CDATA[]]></system-err>
      </testcase>
      <system-out><![CDATA[2019-12-19 16:41:26 - [TEST_SUITE][PASSED] - NJS_Chandu: Test Cases/deleteandupload1]]></system-out>
      <system-err><![CDATA[]]></system-err>
   </testsuite>
</testsuites>
