<?xml version="1.0" encoding="UTF-8"?>
<testsuites name="NJS_Chandu" time="336.644" tests="3" failures="0" errors="0">
   <testsuite name="NJS_Chandu" tests="3" failures="0" errors="0" time="336.644" timestamp="2020-01-09 06:58:13" hostname="chandu.t - wlpt518.imidomain.com" id="Test Suites/NJS_Chandu">
      <properties>
         <property name="deviceName" value=""/>
         <property name="devicePlatform" value=""/>
         <property name="logFolder" value="C:\\Users\\chandu.t\\Katalon Studio\\NJS_Chandu\\Reports\\20200109_065808\\NJS_Chandu\\20200109_065808"/>
         <property name="logFiles" value="C:\\Users\\chandu.t\\Katalon Studio\\NJS_Chandu\\Reports\\20200109_065808\\NJS_Chandu\\20200109_065808\\execution0.log"/>
         <property name="attachments" value="C:\\Users\\chandu.t\\Katalon Studio\\NJS_Chandu\\Reports\\20200109_065808\\NJS_Chandu\\20200109_065808\\1578533405279.png, C:\\Users\\chandu.t\\Katalon Studio\\NJS_Chandu\\Reports\\20200109_065808\\NJS_Chandu\\20200109_065808\\1578533417655.png, C:\\Users\\chandu.t\\Katalon Studio\\NJS_Chandu\\Reports\\20200109_065808\\NJS_Chandu\\20200109_065808\\1578533431245.png, C:\\Users\\chandu.t\\Katalon Studio\\NJS_Chandu\\Reports\\20200109_065808\\NJS_Chandu\\20200109_065808\\1578533501449.png, C:\\Users\\chandu.t\\Katalon Studio\\NJS_Chandu\\Reports\\20200109_065808\\NJS_Chandu\\20200109_065808\\1578533512577.png, C:\\Users\\chandu.t\\Katalon Studio\\NJS_Chandu\\Reports\\20200109_065808\\NJS_Chandu\\20200109_065808\\1578533526173.png, C:\\Users\\chandu.t\\Katalon Studio\\NJS_Chandu\\Reports\\20200109_065808\\NJS_Chandu\\20200109_065808\\1578533596967.png, C:\\Users\\chandu.t\\Katalon Studio\\NJS_Chandu\\Reports\\20200109_065808\\NJS_Chandu\\20200109_065808\\1578533607995.png, C:\\Users\\chandu.t\\Katalon Studio\\NJS_Chandu\\Reports\\20200109_065808\\NJS_Chandu\\20200109_065808\\1578533620227.png"/>
         <property name="hostName" value="chandu.t - wlpt518.imidomain.com"/>
         <property name="os" value="Windows 10 64bit"/>
         <property name="katalonVersion" value="7.2.1.1"/>
         <property name="browser" value="Firefox 71.0"/>
         <property name="hostAddress" value="10.0.0.7"/>
         <property name="sessionId" value="7cb48a73-f4dc-4b3c-b0e0-55f14c9fd7e0"/>
         <property name="seleniumVersion" value="3.141.59"/>
         <property name="proxyInformation" value="ProxyInformation{proxyOption=NO_PROXY, proxyServerType=HTTP, password=, proxyServerAddress=, proxyServerPort=0, executionList=}"/>
         <property name="platform" value="Windows 10"/>
      </properties>
      <testcase name="Test Cases/deleteandupload3" time="147.772" classname="Test Cases/deleteandupload3" status="PASSED">
         <system-out><![CDATA[2020-01-09 06:58:14 - [TEST_CASE][PASSED] - Test Cases/deleteandupload3: Test Cases/deleteandupload3

2020-01-09 06:58:15 - [TEST_STEP][PASSED] - openBrowser(findTestData("LoginDetailsNJS").getValue(1, 3)): Browser is opened with url: 'https://www.naukri.com/'

2020-01-09 06:58:18 - [MESSAGE][INFO] - Starting 'Firefox' driver

2020-01-09 06:58:19 - [MESSAGE][INFO] - Action delay is set to 0 seconds

2020-01-09 06:59:04 - [MESSAGE][PASSED] - Browser is opened with url: 'https://www.naukri.com/'

2020-01-09 06:59:04 - [TEST_STEP][PASSED] - closeWindowIndex(1): Window with index 1 is closed

2020-01-09 06:59:04 - [MESSAGE][PASSED] - Window with index 1 is closed

2020-01-09 06:59:04 - [TEST_STEP][PASSED] - closeWindowIndex(1): Window with index 1 is closed

2020-01-09 06:59:05 - [MESSAGE][PASSED] - Window with index 1 is closed

2020-01-09 06:59:05 - [TEST_STEP][PASSED] - closeWindowIndex(1): Window with index 1 is closed

2020-01-09 06:59:05 - [MESSAGE][PASSED] - Window with index 1 is closed

2020-01-09 06:59:05 - [TEST_STEP][PASSED] - switchToWindowIndex(0): Switched to window with index: '0'

2020-01-09 06:59:05 - [MESSAGE][PASSED] - Switched to window with index: '0'

2020-01-09 06:59:05 - [TEST_STEP][PASSED] - maximizeWindow(): Current window maximized

2020-01-09 06:59:05 - [MESSAGE][PASSED] - Current window maximized

2020-01-09 06:59:05 - [TEST_STEP][PASSED] - click(findTestObject("LoginButton")): Object: 'Object Repository/LoginButton' is clicked on

2020-01-09 06:59:06 - [MESSAGE][PASSED] - Object: 'Object Repository/LoginButton' is clicked on

2020-01-09 06:59:06 - [TEST_STEP][PASSED] - click(findTestObject("GoogleButton")): Object: 'Object Repository/GoogleButton' is clicked on

2020-01-09 06:59:07 - [MESSAGE][PASSED] - Object: 'Object Repository/GoogleButton' is clicked on

2020-01-09 06:59:07 - [TEST_STEP][PASSED] - switchToWindowIndex(1): Switched to window with index: '1'

2020-01-09 06:59:08 - [MESSAGE][PASSED] - Switched to window with index: '1'

2020-01-09 06:59:08 - [TEST_STEP][PASSED] - setText(findTestObject("UserName"), findTestData("LoginDetailsNJS").getValue(2, 3)): Text 'chandut1024@gmail.com' is set on object 'Object Repository/UserName'

2020-01-09 06:59:21 - [MESSAGE][PASSED] - Text 'chandut1024@gmail.com' is set on object 'Object Repository/UserName'

2020-01-09 06:59:21 - [TEST_STEP][PASSED] - click(findTestObject("NextButton")): Object: 'Object Repository/NextButton' is clicked on

2020-01-09 06:59:24 - [MESSAGE][PASSED] - Object: 'Object Repository/NextButton' is clicked on

2020-01-09 06:59:24 - [TEST_STEP][PASSED] - delay(5): Delayed 5 second(s)

2020-01-09 06:59:29 - [MESSAGE][PASSED] - Delayed 5 second(s)

2020-01-09 06:59:29 - [TEST_STEP][PASSED] - setText(findTestObject("Password"), findTestData("LoginDetailsNJS").getValue(3, 3)): Text 'achala$123' is set on object 'Object Repository/Password'

2020-01-09 06:59:30 - [MESSAGE][PASSED] - Text 'achala$123' is set on object 'Object Repository/Password'

2020-01-09 06:59:30 - [TEST_STEP][PASSED] - click(findTestObject("NextButton")): Object: 'Object Repository/NextButton' is clicked on

2020-01-09 06:59:35 - [MESSAGE][PASSED] - Object: 'Object Repository/NextButton' is clicked on

2020-01-09 06:59:35 - [TEST_STEP][PASSED] - switchToWindowIndex(0): Switched to window with index: '0'

2020-01-09 06:59:35 - [MESSAGE][PASSED] - Switched to window with index: '0'

2020-01-09 06:59:35 - [TEST_STEP][PASSED] - delay(10): Delayed 10 second(s)

2020-01-09 06:59:45 - [MESSAGE][PASSED] - Delayed 10 second(s)

2020-01-09 06:59:45 - [TEST_STEP][PASSED] - click(findTestObject("ProfileName")): Object: 'Object Repository/ProfileName' is clicked on

2020-01-09 06:59:47 - [MESSAGE][PASSED] - Object: 'Object Repository/ProfileName' is clicked on

2020-01-09 06:59:47 - [TEST_STEP][PASSED] - click(findTestObject("DeleteResumeButton")): Object: 'Object Repository/DeleteResumeButton' is clicked on

2020-01-09 06:59:48 - [MESSAGE][PASSED] - Object: 'Object Repository/DeleteResumeButton' is clicked on

2020-01-09 06:59:48 - [TEST_STEP][PASSED] - click(findTestObject("DeleteResumeConfirm")): Object: 'Object Repository/DeleteResumeConfirm' is clicked on

2020-01-09 06:59:49 - [MESSAGE][PASSED] - Object: 'Object Repository/DeleteResumeConfirm' is clicked on

2020-01-09 06:59:49 - [TEST_STEP][PASSED] - delay(15): Delayed 15 second(s)

2020-01-09 07:00:04 - [MESSAGE][PASSED] - Delayed 15 second(s)

2020-01-09 07:00:04 - [TEST_STEP][PASSED] - takeScreenshot(): Taking screenshot successfully

2020-01-09 07:00:05 - [MESSAGE][PASSED] - Taking screenshot successfully
[[ATTACHMENT|C:\\Users\\chandu.t\\Katalon Studio\\NJS_Chandu\\Reports\\20200109_065808\\NJS_Chandu\\20200109_065808\\1578533405279.png]]

2020-01-09 07:00:05 - [TEST_STEP][PASSED] - uploadFile(findTestObject("UploadResumeButton"), findTestData("LoginDetailsNJS").getValue(5, 3)): File 'D:\chanduR\Resume3.docx' sent to object: 'Object Repository/UploadResumeButton'

2020-01-09 07:00:07 - [MESSAGE][PASSED] - File 'D:\chanduR\Resume3.docx' sent to object: 'Object Repository/UploadResumeButton'

2020-01-09 07:00:07 - [TEST_STEP][PASSED] - delay(10): Delayed 10 second(s)

2020-01-09 07:00:17 - [MESSAGE][PASSED] - Delayed 10 second(s)

2020-01-09 07:00:17 - [TEST_STEP][NOT_RUN] - click(findTestObject("EditResumeHeadline")): NOT_RUN: click(findTestObject("EditResumeHeadline"))

2020-01-09 07:00:17 - [MESSAGE][NOT_RUN] - NOT_RUN: click(findTestObject("EditResumeHeadline"))

2020-01-09 07:00:17 - [TEST_STEP][NOT_RUN] - setText(findTestObject("ResumeHeadLineText"), "."): NOT_RUN: setText(findTestObject("ResumeHeadLineText"), ".")

2020-01-09 07:00:17 - [MESSAGE][NOT_RUN] - NOT_RUN: setText(findTestObject("ResumeHeadLineText"), ".")

2020-01-09 07:00:17 - [TEST_STEP][NOT_RUN] - click(findTestObject("SaveResumeHeadLineButton")): NOT_RUN: click(findTestObject("SaveResumeHeadLineButton"))

2020-01-09 07:00:17 - [MESSAGE][NOT_RUN] - NOT_RUN: click(findTestObject("SaveResumeHeadLineButton"))

2020-01-09 07:00:17 - [TEST_STEP][PASSED] - takeScreenshot(): Taking screenshot successfully

2020-01-09 07:00:17 - [MESSAGE][PASSED] - Taking screenshot successfully
[[ATTACHMENT|C:\\Users\\chandu.t\\Katalon Studio\\NJS_Chandu\\Reports\\20200109_065808\\NJS_Chandu\\20200109_065808\\1578533417655.png]]

2020-01-09 07:00:17 - [TEST_STEP][PASSED] - refresh(): Refresh successfully

2020-01-09 07:00:20 - [MESSAGE][PASSED] - Refresh successfully

2020-01-09 07:00:20 - [TEST_STEP][PASSED] - delay(10): Delayed 10 second(s)

2020-01-09 07:00:30 - [MESSAGE][PASSED] - Delayed 10 second(s)

2020-01-09 07:00:30 - [TEST_STEP][PASSED] - takeScreenshot(): Taking screenshot successfully

2020-01-09 07:00:31 - [MESSAGE][PASSED] - Taking screenshot successfully
[[ATTACHMENT|C:\\Users\\chandu.t\\Katalon Studio\\NJS_Chandu\\Reports\\20200109_065808\\NJS_Chandu\\20200109_065808\\1578533431245.png]]

2020-01-09 07:00:31 - [TEST_STEP][PASSED] - closeBrowser(): Browser is closed

2020-01-09 07:00:42 - [MESSAGE][PASSED] - Browser is closed]]></system-out>
         <system-err><![CDATA[]]></system-err>
      </testcase>
      <testcase name="Test Cases/deleteandupload2" time="92.21" classname="Test Cases/deleteandupload2" status="PASSED">
         <system-out><![CDATA[2020-01-09 07:00:42 - [TEST_CASE][PASSED] - Test Cases/deleteandupload2: Test Cases/deleteandupload2

2020-01-09 07:00:42 - [TEST_STEP][PASSED] - openBrowser(findTestData("LoginDetailsNJS").getValue(1, 2)): Browser is opened with url: 'https://www.naukri.com/'

2020-01-09 07:00:42 - [MESSAGE][INFO] - Starting 'Firefox' driver

2020-01-09 07:00:56 - [MESSAGE][PASSED] - Browser is opened with url: 'https://www.naukri.com/'

2020-01-09 07:00:56 - [TEST_STEP][PASSED] - closeWindowIndex(1): Window with index 1 is closed

2020-01-09 07:00:56 - [MESSAGE][PASSED] - Window with index 1 is closed

2020-01-09 07:00:56 - [TEST_STEP][PASSED] - closeWindowIndex(1): Window with index 1 is closed

2020-01-09 07:00:56 - [MESSAGE][PASSED] - Window with index 1 is closed

2020-01-09 07:00:56 - [TEST_STEP][PASSED] - closeWindowIndex(1): Window with index 1 is closed

2020-01-09 07:00:57 - [MESSAGE][PASSED] - Window with index 1 is closed

2020-01-09 07:00:57 - [TEST_STEP][PASSED] - switchToWindowIndex(0): Switched to window with index: '0'

2020-01-09 07:00:57 - [MESSAGE][PASSED] - Switched to window with index: '0'

2020-01-09 07:00:57 - [TEST_STEP][PASSED] - maximizeWindow(): Current window maximized

2020-01-09 07:00:57 - [MESSAGE][PASSED] - Current window maximized

2020-01-09 07:00:57 - [TEST_STEP][PASSED] - click(findTestObject("LoginButton")): Object: 'Object Repository/LoginButton' is clicked on

2020-01-09 07:00:58 - [MESSAGE][PASSED] - Object: 'Object Repository/LoginButton' is clicked on

2020-01-09 07:00:58 - [TEST_STEP][PASSED] - click(findTestObject("GoogleButton")): Object: 'Object Repository/GoogleButton' is clicked on

2020-01-09 07:00:59 - [MESSAGE][PASSED] - Object: 'Object Repository/GoogleButton' is clicked on

2020-01-09 07:00:59 - [TEST_STEP][PASSED] - switchToWindowIndex(1): Switched to window with index: '1'

2020-01-09 07:00:59 - [MESSAGE][PASSED] - Switched to window with index: '1'

2020-01-09 07:00:59 - [TEST_STEP][PASSED] - setText(findTestObject("UserName"), findTestData("LoginDetailsNJS").getValue(2, 2)): Text 'chanduthota371@gmail.com' is set on object 'Object Repository/UserName'

2020-01-09 07:01:02 - [MESSAGE][PASSED] - Text 'chanduthota371@gmail.com' is set on object 'Object Repository/UserName'

2020-01-09 07:01:02 - [TEST_STEP][PASSED] - click(findTestObject("NextButton")): Object: 'Object Repository/NextButton' is clicked on

2020-01-09 07:01:03 - [MESSAGE][PASSED] - Object: 'Object Repository/NextButton' is clicked on

2020-01-09 07:01:03 - [TEST_STEP][PASSED] - delay(5): Delayed 5 second(s)

2020-01-09 07:01:08 - [MESSAGE][PASSED] - Delayed 5 second(s)

2020-01-09 07:01:08 - [TEST_STEP][PASSED] - setText(findTestObject("Password"), findTestData("LoginDetailsNJS").getValue(3, 2)): Text 'achala$123' is set on object 'Object Repository/Password'

2020-01-09 07:01:08 - [MESSAGE][PASSED] - Text 'achala$123' is set on object 'Object Repository/Password'

2020-01-09 07:01:08 - [TEST_STEP][PASSED] - click(findTestObject("NextButton")): Object: 'Object Repository/NextButton' is clicked on

2020-01-09 07:01:12 - [MESSAGE][PASSED] - Object: 'Object Repository/NextButton' is clicked on

2020-01-09 07:01:12 - [TEST_STEP][PASSED] - switchToWindowIndex(0): Switched to window with index: '0'

2020-01-09 07:01:12 - [MESSAGE][PASSED] - Switched to window with index: '0'

2020-01-09 07:01:12 - [TEST_STEP][PASSED] - delay(10): Delayed 10 second(s)

2020-01-09 07:01:22 - [MESSAGE][PASSED] - Delayed 10 second(s)

2020-01-09 07:01:22 - [TEST_STEP][PASSED] - click(findTestObject("ProfileName")): Object: 'Object Repository/ProfileName' is clicked on

2020-01-09 07:01:24 - [MESSAGE][PASSED] - Object: 'Object Repository/ProfileName' is clicked on

2020-01-09 07:01:24 - [TEST_STEP][PASSED] - click(findTestObject("DeleteResumeButton")): Object: 'Object Repository/DeleteResumeButton' is clicked on

2020-01-09 07:01:25 - [MESSAGE][PASSED] - Object: 'Object Repository/DeleteResumeButton' is clicked on

2020-01-09 07:01:25 - [TEST_STEP][PASSED] - click(findTestObject("DeleteResumeConfirm")): Object: 'Object Repository/DeleteResumeConfirm' is clicked on

2020-01-09 07:01:26 - [MESSAGE][PASSED] - Object: 'Object Repository/DeleteResumeConfirm' is clicked on

2020-01-09 07:01:26 - [TEST_STEP][PASSED] - delay(15): Delayed 15 second(s)

2020-01-09 07:01:41 - [MESSAGE][PASSED] - Delayed 15 second(s)

2020-01-09 07:01:41 - [TEST_STEP][PASSED] - takeScreenshot(): Taking screenshot successfully

2020-01-09 07:01:41 - [MESSAGE][PASSED] - Taking screenshot successfully
[[ATTACHMENT|C:\\Users\\chandu.t\\Katalon Studio\\NJS_Chandu\\Reports\\20200109_065808\\NJS_Chandu\\20200109_065808\\1578533501449.png]]

2020-01-09 07:01:41 - [TEST_STEP][PASSED] - uploadFile(findTestObject("UploadResumeButton"), findTestData("LoginDetailsNJS").getValue(5, 2)): File 'D:\chanduR\Resume2.docx' sent to object: 'Object Repository/UploadResumeButton'

2020-01-09 07:01:42 - [MESSAGE][PASSED] - File 'D:\chanduR\Resume2.docx' sent to object: 'Object Repository/UploadResumeButton'

2020-01-09 07:01:42 - [TEST_STEP][PASSED] - delay(10): Delayed 10 second(s)

2020-01-09 07:01:52 - [MESSAGE][PASSED] - Delayed 10 second(s)

2020-01-09 07:01:52 - [TEST_STEP][NOT_RUN] - click(findTestObject("EditResumeHeadline")): NOT_RUN: click(findTestObject("EditResumeHeadline"))

2020-01-09 07:01:52 - [MESSAGE][NOT_RUN] - NOT_RUN: click(findTestObject("EditResumeHeadline"))

2020-01-09 07:01:52 - [TEST_STEP][NOT_RUN] - setText(findTestObject("ResumeHeadLineText"), "."): NOT_RUN: setText(findTestObject("ResumeHeadLineText"), ".")

2020-01-09 07:01:52 - [MESSAGE][NOT_RUN] - NOT_RUN: setText(findTestObject("ResumeHeadLineText"), ".")

2020-01-09 07:01:52 - [TEST_STEP][NOT_RUN] - click(findTestObject("SaveResumeHeadLineButton")): NOT_RUN: click(findTestObject("SaveResumeHeadLineButton"))

2020-01-09 07:01:52 - [MESSAGE][NOT_RUN] - NOT_RUN: click(findTestObject("SaveResumeHeadLineButton"))

2020-01-09 07:01:52 - [TEST_STEP][PASSED] - takeScreenshot(): Taking screenshot successfully

2020-01-09 07:01:52 - [MESSAGE][PASSED] - Taking screenshot successfully
[[ATTACHMENT|C:\\Users\\chandu.t\\Katalon Studio\\NJS_Chandu\\Reports\\20200109_065808\\NJS_Chandu\\20200109_065808\\1578533512577.png]]

2020-01-09 07:01:52 - [TEST_STEP][PASSED] - refresh(): Refresh successfully

2020-01-09 07:01:55 - [MESSAGE][PASSED] - Refresh successfully

2020-01-09 07:01:55 - [TEST_STEP][PASSED] - delay(10): Delayed 10 second(s)

2020-01-09 07:02:05 - [MESSAGE][PASSED] - Delayed 10 second(s)

2020-01-09 07:02:05 - [TEST_STEP][PASSED] - takeScreenshot(): Taking screenshot successfully

2020-01-09 07:02:06 - [MESSAGE][PASSED] - Taking screenshot successfully
[[ATTACHMENT|C:\\Users\\chandu.t\\Katalon Studio\\NJS_Chandu\\Reports\\20200109_065808\\NJS_Chandu\\20200109_065808\\1578533526173.png]]

2020-01-09 07:02:06 - [TEST_STEP][PASSED] - closeBrowser(): Browser is closed

2020-01-09 07:02:14 - [MESSAGE][PASSED] - Browser is closed]]></system-out>
         <system-err><![CDATA[]]></system-err>
      </testcase>
      <testcase name="Test Cases/deleteandupload1" time="95.635" classname="Test Cases/deleteandupload1" status="PASSED">
         <system-out><![CDATA[2020-01-09 07:02:14 - [TEST_CASE][PASSED] - Test Cases/deleteandupload1: Test Cases/deleteandupload1

2020-01-09 07:02:14 - [TEST_STEP][PASSED] - openBrowser(findTestData("LoginDetailsNJS").getValue(1, 1)): Browser is opened with url: 'https://www.naukri.com/'

2020-01-09 07:02:14 - [MESSAGE][INFO] - Starting 'Firefox' driver

2020-01-09 07:02:28 - [MESSAGE][PASSED] - Browser is opened with url: 'https://www.naukri.com/'

2020-01-09 07:02:28 - [TEST_STEP][PASSED] - closeWindowIndex(1): Window with index 1 is closed

2020-01-09 07:02:30 - [MESSAGE][PASSED] - Window with index 1 is closed

2020-01-09 07:02:30 - [TEST_STEP][PASSED] - closeWindowIndex(1): Window with index 1 is closed

2020-01-09 07:02:31 - [MESSAGE][PASSED] - Window with index 1 is closed

2020-01-09 07:02:31 - [TEST_STEP][PASSED] - closeWindowIndex(1): Window with index 1 is closed

2020-01-09 07:02:31 - [MESSAGE][PASSED] - Window with index 1 is closed

2020-01-09 07:02:31 - [TEST_STEP][PASSED] - switchToWindowIndex(0): Switched to window with index: '0'

2020-01-09 07:02:31 - [MESSAGE][PASSED] - Switched to window with index: '0'

2020-01-09 07:02:31 - [TEST_STEP][PASSED] - maximizeWindow(): Current window maximized

2020-01-09 07:02:31 - [MESSAGE][PASSED] - Current window maximized

2020-01-09 07:02:31 - [TEST_STEP][PASSED] - click(findTestObject("LoginButton")): Object: 'Object Repository/LoginButton' is clicked on

2020-01-09 07:02:33 - [MESSAGE][PASSED] - Object: 'Object Repository/LoginButton' is clicked on

2020-01-09 07:02:33 - [TEST_STEP][PASSED] - click(findTestObject("GoogleButton")): Object: 'Object Repository/GoogleButton' is clicked on

2020-01-09 07:02:34 - [MESSAGE][PASSED] - Object: 'Object Repository/GoogleButton' is clicked on

2020-01-09 07:02:34 - [TEST_STEP][PASSED] - switchToWindowIndex(1): Switched to window with index: '1'

2020-01-09 07:02:34 - [MESSAGE][PASSED] - Switched to window with index: '1'

2020-01-09 07:02:34 - [TEST_STEP][PASSED] - setText(findTestObject("UserName"), findTestData("LoginDetailsNJS").getValue(2, 1)): Text 'thota.chandu1@gmail.com' is set on object 'Object Repository/UserName'

2020-01-09 07:02:37 - [MESSAGE][PASSED] - Text 'thota.chandu1@gmail.com' is set on object 'Object Repository/UserName'

2020-01-09 07:02:37 - [TEST_STEP][PASSED] - click(findTestObject("NextButton")): Object: 'Object Repository/NextButton' is clicked on

2020-01-09 07:02:38 - [MESSAGE][PASSED] - Object: 'Object Repository/NextButton' is clicked on

2020-01-09 07:02:38 - [TEST_STEP][PASSED] - delay(5): Delayed 5 second(s)

2020-01-09 07:02:43 - [MESSAGE][PASSED] - Delayed 5 second(s)

2020-01-09 07:02:43 - [TEST_STEP][PASSED] - setText(findTestObject("Password"), findTestData("LoginDetailsNJS").getValue(3, 1)): Text 'achala$123' is set on object 'Object Repository/Password'

2020-01-09 07:02:43 - [MESSAGE][PASSED] - Text 'achala$123' is set on object 'Object Repository/Password'

2020-01-09 07:02:43 - [TEST_STEP][PASSED] - click(findTestObject("NextButton")): Object: 'Object Repository/NextButton' is clicked on

2020-01-09 07:02:48 - [MESSAGE][PASSED] - Object: 'Object Repository/NextButton' is clicked on

2020-01-09 07:02:48 - [TEST_STEP][PASSED] - switchToWindowIndex(0): Switched to window with index: '0'

2020-01-09 07:02:48 - [MESSAGE][PASSED] - Switched to window with index: '0'

2020-01-09 07:02:48 - [TEST_STEP][PASSED] - delay(10): Delayed 10 second(s)

2020-01-09 07:02:58 - [MESSAGE][PASSED] - Delayed 10 second(s)

2020-01-09 07:02:58 - [TEST_STEP][PASSED] - click(findTestObject("ProfileName")): Object: 'Object Repository/ProfileName' is clicked on

2020-01-09 07:02:59 - [MESSAGE][PASSED] - Object: 'Object Repository/ProfileName' is clicked on

2020-01-09 07:02:59 - [TEST_STEP][PASSED] - click(findTestObject("DeleteResumeButton")): Object: 'Object Repository/DeleteResumeButton' is clicked on

2020-01-09 07:03:00 - [MESSAGE][PASSED] - Object: 'Object Repository/DeleteResumeButton' is clicked on

2020-01-09 07:03:00 - [TEST_STEP][PASSED] - click(findTestObject("DeleteResumeConfirm")): Object: 'Object Repository/DeleteResumeConfirm' is clicked on

2020-01-09 07:03:01 - [MESSAGE][PASSED] - Object: 'Object Repository/DeleteResumeConfirm' is clicked on

2020-01-09 07:03:01 - [TEST_STEP][PASSED] - delay(15): Delayed 15 second(s)

2020-01-09 07:03:16 - [MESSAGE][PASSED] - Delayed 15 second(s)

2020-01-09 07:03:16 - [TEST_STEP][PASSED] - takeScreenshot(): Taking screenshot successfully

2020-01-09 07:03:17 - [MESSAGE][PASSED] - Taking screenshot successfully
[[ATTACHMENT|C:\\Users\\chandu.t\\Katalon Studio\\NJS_Chandu\\Reports\\20200109_065808\\NJS_Chandu\\20200109_065808\\1578533596967.png]]

2020-01-09 07:03:17 - [TEST_STEP][PASSED] - uploadFile(findTestObject("UploadResumeButton"), findTestData("LoginDetailsNJS").getValue(5, 1)): File 'D:\chanduR\Resume1.docx' sent to object: 'Object Repository/UploadResumeButton'

2020-01-09 07:03:17 - [MESSAGE][PASSED] - File 'D:\chanduR\Resume1.docx' sent to object: 'Object Repository/UploadResumeButton'

2020-01-09 07:03:17 - [TEST_STEP][PASSED] - delay(10): Delayed 10 second(s)

2020-01-09 07:03:27 - [MESSAGE][PASSED] - Delayed 10 second(s)

2020-01-09 07:03:27 - [TEST_STEP][NOT_RUN] - click(findTestObject("EditResumeHeadline")): NOT_RUN: click(findTestObject("EditResumeHeadline"))

2020-01-09 07:03:27 - [MESSAGE][NOT_RUN] - NOT_RUN: click(findTestObject("EditResumeHeadline"))

2020-01-09 07:03:27 - [TEST_STEP][NOT_RUN] - setText(findTestObject("ResumeHeadLineText"), "."): NOT_RUN: setText(findTestObject("ResumeHeadLineText"), ".")

2020-01-09 07:03:27 - [MESSAGE][NOT_RUN] - NOT_RUN: setText(findTestObject("ResumeHeadLineText"), ".")

2020-01-09 07:03:27 - [TEST_STEP][NOT_RUN] - click(findTestObject("SaveResumeHeadLineButton")): NOT_RUN: click(findTestObject("SaveResumeHeadLineButton"))

2020-01-09 07:03:27 - [MESSAGE][NOT_RUN] - NOT_RUN: click(findTestObject("SaveResumeHeadLineButton"))

2020-01-09 07:03:27 - [TEST_STEP][PASSED] - takeScreenshot(): Taking screenshot successfully

2020-01-09 07:03:28 - [MESSAGE][PASSED] - Taking screenshot successfully
[[ATTACHMENT|C:\\Users\\chandu.t\\Katalon Studio\\NJS_Chandu\\Reports\\20200109_065808\\NJS_Chandu\\20200109_065808\\1578533607995.png]]

2020-01-09 07:03:28 - [TEST_STEP][PASSED] - refresh(): Refresh successfully

2020-01-09 07:03:29 - [MESSAGE][PASSED] - Refresh successfully

2020-01-09 07:03:29 - [TEST_STEP][PASSED] - delay(10): Delayed 10 second(s)

2020-01-09 07:03:39 - [MESSAGE][PASSED] - Delayed 10 second(s)

2020-01-09 07:03:39 - [TEST_STEP][PASSED] - takeScreenshot(): Taking screenshot successfully

2020-01-09 07:03:40 - [MESSAGE][PASSED] - Taking screenshot successfully
[[ATTACHMENT|C:\\Users\\chandu.t\\Katalon Studio\\NJS_Chandu\\Reports\\20200109_065808\\NJS_Chandu\\20200109_065808\\1578533620227.png]]

2020-01-09 07:03:40 - [TEST_STEP][PASSED] - closeBrowser(): Browser is closed

2020-01-09 07:03:49 - [MESSAGE][PASSED] - Browser is closed]]></system-out>
         <system-err><![CDATA[]]></system-err>
      </testcase>
      <system-out><![CDATA[2020-01-09 06:58:13 - [TEST_SUITE][PASSED] - NJS_Chandu: Test Cases/deleteandupload1]]></system-out>
      <system-err><![CDATA[]]></system-err>
   </testsuite>
</testsuites>
