<?xml version="1.0" encoding="UTF-8"?>
<testsuites name="NJS_Chandu" time="272.143" tests="3" failures="0" errors="0">
   <testsuite name="NJS_Chandu" tests="3" failures="0" errors="0" time="272.143" timestamp="2019-12-31 15:37:59" hostname="chandu.t - wlpt518.imidomain.com" id="Test Suites/NJS_Chandu">
      <properties>
         <property name="deviceName" value=""/>
         <property name="devicePlatform" value=""/>
         <property name="logFolder" value="C:\\Users\\chandu.t\\Katalon Studio\\NJS_Chandu\\Reports\\20191231_153751\\NJS_Chandu\\20191231_153751"/>
         <property name="logFiles" value="C:\\Users\\chandu.t\\Katalon Studio\\NJS_Chandu\\Reports\\20191231_153751\\NJS_Chandu\\20191231_153751\\execution0.log"/>
         <property name="attachments" value="C:\\Users\\chandu.t\\Katalon Studio\\NJS_Chandu\\Reports\\20191231_153751\\NJS_Chandu\\20191231_153751\\1577786956041.png, C:\\Users\\chandu.t\\Katalon Studio\\NJS_Chandu\\Reports\\20191231_153751\\NJS_Chandu\\20191231_153751\\1577786967546.png, C:\\Users\\chandu.t\\Katalon Studio\\NJS_Chandu\\Reports\\20191231_153751\\NJS_Chandu\\20191231_153751\\1577786978210.png, C:\\Users\\chandu.t\\Katalon Studio\\NJS_Chandu\\Reports\\20191231_153751\\NJS_Chandu\\20191231_153751\\1577787041290.png, C:\\Users\\chandu.t\\Katalon Studio\\NJS_Chandu\\Reports\\20191231_153751\\NJS_Chandu\\20191231_153751\\1577787052272.png, C:\\Users\\chandu.t\\Katalon Studio\\NJS_Chandu\\Reports\\20191231_153751\\NJS_Chandu\\20191231_153751\\1577787064822.png, C:\\Users\\chandu.t\\Katalon Studio\\NJS_Chandu\\Reports\\20191231_153751\\NJS_Chandu\\20191231_153751\\1577787126478.png, C:\\Users\\chandu.t\\Katalon Studio\\NJS_Chandu\\Reports\\20191231_153751\\NJS_Chandu\\20191231_153751\\1577787137300.png, C:\\Users\\chandu.t\\Katalon Studio\\NJS_Chandu\\Reports\\20191231_153751\\NJS_Chandu\\20191231_153751\\1577787149800.png"/>
         <property name="hostName" value="chandu.t - wlpt518.imidomain.com"/>
         <property name="os" value="Windows 10 64bit"/>
         <property name="katalonVersion" value="7.1.2.1"/>
         <property name="browser" value="Chrome 77.0.3865.75"/>
         <property name="hostAddress" value="10.0.26.179"/>
         <property name="sessionId" value="76460028def12169f7dbd00a265e63bd"/>
         <property name="seleniumVersion" value="3.141.59"/>
         <property name="proxyInformation" value="ProxyInformation{proxyOption=NO_PROXY, proxyServerType=HTTP, password=, proxyServerAddress=, proxyServerPort=0, executionList=}"/>
         <property name="platform" value="Windows 10"/>
      </properties>
      <testcase name="Test Cases/deleteandupload3" time="100.047" classname="Test Cases/deleteandupload3" status="PASSED">
         <system-out><![CDATA[2019-12-31 15:37:59 - [TEST_CASE][PASSED] - Test Cases/deleteandupload3: Test Cases/deleteandupload3

2019-12-31 15:38:01 - [TEST_STEP][PASSED] - openBrowser(findTestData("LoginDetailsNJS").getValue(1, 3)): Browser is opened with url: 'https://www.naukri.com/'

2019-12-31 15:38:04 - [MESSAGE][INFO] - Starting 'Chrome' driver

2019-12-31 15:38:04 - [MESSAGE][INFO] - User set preference: ['args', '[--incognito]']

2019-12-31 15:38:04 - [MESSAGE][INFO] - Action delay is set to 0 seconds

2019-12-31 15:38:19 - [MESSAGE][PASSED] - Browser is opened with url: 'https://www.naukri.com/'

2019-12-31 15:38:19 - [TEST_STEP][PASSED] - closeWindowIndex(1): Window with index 1 is closed

2019-12-31 15:38:24 - [MESSAGE][PASSED] - Window with index 1 is closed

2019-12-31 15:38:24 - [TEST_STEP][NOT_RUN] - closeWindowIndex(1): NOT_RUN: closeWindowIndex(1)

2019-12-31 15:38:24 - [MESSAGE][NOT_RUN] - NOT_RUN: closeWindowIndex(1)

2019-12-31 15:38:24 - [TEST_STEP][PASSED] - switchToWindowIndex(0): Switched to window with index: '0'

2019-12-31 15:38:24 - [MESSAGE][PASSED] - Switched to window with index: '0'

2019-12-31 15:38:24 - [TEST_STEP][PASSED] - maximizeWindow(): Current window maximized

2019-12-31 15:38:28 - [MESSAGE][PASSED] - Current window maximized

2019-12-31 15:38:28 - [TEST_STEP][PASSED] - click(findTestObject("LoginButton")): Object: 'Object Repository/LoginButton' is clicked on

2019-12-31 15:38:29 - [MESSAGE][PASSED] - Object: 'Object Repository/LoginButton' is clicked on

2019-12-31 15:38:29 - [TEST_STEP][PASSED] - click(findTestObject("GoogleButton")): Object: 'Object Repository/GoogleButton' is clicked on

2019-12-31 15:38:30 - [MESSAGE][PASSED] - Object: 'Object Repository/GoogleButton' is clicked on

2019-12-31 15:38:30 - [TEST_STEP][PASSED] - switchToWindowIndex(1): Switched to window with index: '1'

2019-12-31 15:38:34 - [MESSAGE][PASSED] - Switched to window with index: '1'

2019-12-31 15:38:34 - [TEST_STEP][PASSED] - setText(findTestObject("UserName"), findTestData("LoginDetailsNJS").getValue(2, 3)): Text 'chandut1024@gmail.com' is set on object 'Object Repository/UserName'

2019-12-31 15:38:35 - [MESSAGE][PASSED] - Text 'chandut1024@gmail.com' is set on object 'Object Repository/UserName'

2019-12-31 15:38:35 - [TEST_STEP][PASSED] - click(findTestObject("NextButton")): Object: 'Object Repository/NextButton' is clicked on

2019-12-31 15:38:35 - [MESSAGE][PASSED] - Object: 'Object Repository/NextButton' is clicked on

2019-12-31 15:38:35 - [TEST_STEP][PASSED] - delay(5): Delayed 5 second(s)

2019-12-31 15:38:40 - [MESSAGE][PASSED] - Delayed 5 second(s)

2019-12-31 15:38:40 - [TEST_STEP][PASSED] - setText(findTestObject("Password"), findTestData("LoginDetailsNJS").getValue(3, 3)): Text 'achala$123' is set on object 'Object Repository/Password'

2019-12-31 15:38:41 - [MESSAGE][PASSED] - Text 'achala$123' is set on object 'Object Repository/Password'

2019-12-31 15:38:41 - [TEST_STEP][PASSED] - click(findTestObject("NextButton")): Object: 'Object Repository/NextButton' is clicked on

2019-12-31 15:38:41 - [MESSAGE][PASSED] - Object: 'Object Repository/NextButton' is clicked on

2019-12-31 15:38:41 - [TEST_STEP][PASSED] - switchToWindowIndex(0): Switched to window with index: '0'

2019-12-31 15:38:42 - [MESSAGE][PASSED] - Switched to window with index: '0'

2019-12-31 15:38:42 - [TEST_STEP][PASSED] - delay(10): Delayed 10 second(s)

2019-12-31 15:38:52 - [MESSAGE][PASSED] - Delayed 10 second(s)

2019-12-31 15:38:52 - [TEST_STEP][PASSED] - click(findTestObject("ProfileName")): Object: 'Object Repository/ProfileName' is clicked on

2019-12-31 15:38:52 - [MESSAGE][PASSED] - Object: 'Object Repository/ProfileName' is clicked on

2019-12-31 15:38:52 - [TEST_STEP][PASSED] - click(findTestObject("DeleteResumeButton")): Object: 'Object Repository/DeleteResumeButton' is clicked on

2019-12-31 15:39:00 - [MESSAGE][PASSED] - Object: 'Object Repository/DeleteResumeButton' is clicked on

2019-12-31 15:39:00 - [TEST_STEP][PASSED] - click(findTestObject("DeleteResumeConfirm")): Object: 'Object Repository/DeleteResumeConfirm' is clicked on

2019-12-31 15:39:00 - [MESSAGE][PASSED] - Object: 'Object Repository/DeleteResumeConfirm' is clicked on

2019-12-31 15:39:00 - [TEST_STEP][PASSED] - delay(15): Delayed 15 second(s)

2019-12-31 15:39:15 - [MESSAGE][PASSED] - Delayed 15 second(s)

2019-12-31 15:39:15 - [TEST_STEP][PASSED] - takeScreenshot(): Taking screenshot successfully

2019-12-31 15:39:16 - [MESSAGE][PASSED] - Taking screenshot successfully
[[ATTACHMENT|C:\\Users\\chandu.t\\Katalon Studio\\NJS_Chandu\\Reports\\20191231_153751\\NJS_Chandu\\20191231_153751\\1577786956041.png]]

2019-12-31 15:39:16 - [TEST_STEP][PASSED] - uploadFile(findTestObject("UploadResumeButton"), findTestData("LoginDetailsNJS").getValue(5, 3)): File 'D:\chanduR\Resume33.docx' sent to object: 'Object Repository/UploadResumeButton'

2019-12-31 15:39:17 - [MESSAGE][PASSED] - File 'D:\chanduR\Resume33.docx' sent to object: 'Object Repository/UploadResumeButton'

2019-12-31 15:39:17 - [TEST_STEP][PASSED] - delay(10): Delayed 10 second(s)

2019-12-31 15:39:27 - [MESSAGE][PASSED] - Delayed 10 second(s)

2019-12-31 15:39:27 - [TEST_STEP][NOT_RUN] - click(findTestObject("EditResumeHeadline")): NOT_RUN: click(findTestObject("EditResumeHeadline"))

2019-12-31 15:39:27 - [MESSAGE][NOT_RUN] - NOT_RUN: click(findTestObject("EditResumeHeadline"))

2019-12-31 15:39:27 - [TEST_STEP][NOT_RUN] - setText(findTestObject("ResumeHeadLineText"), "."): NOT_RUN: setText(findTestObject("ResumeHeadLineText"), ".")

2019-12-31 15:39:27 - [MESSAGE][NOT_RUN] - NOT_RUN: setText(findTestObject("ResumeHeadLineText"), ".")

2019-12-31 15:39:27 - [TEST_STEP][NOT_RUN] - click(findTestObject("SaveResumeHeadLineButton")): NOT_RUN: click(findTestObject("SaveResumeHeadLineButton"))

2019-12-31 15:39:27 - [MESSAGE][NOT_RUN] - NOT_RUN: click(findTestObject("SaveResumeHeadLineButton"))

2019-12-31 15:39:27 - [TEST_STEP][PASSED] - takeScreenshot(): Taking screenshot successfully

2019-12-31 15:39:28 - [MESSAGE][PASSED] - Taking screenshot successfully
[[ATTACHMENT|C:\\Users\\chandu.t\\Katalon Studio\\NJS_Chandu\\Reports\\20191231_153751\\NJS_Chandu\\20191231_153751\\1577786967546.png]]

2019-12-31 15:39:28 - [TEST_STEP][PASSED] - refresh(): Refresh successfully

2019-12-31 15:39:28 - [MESSAGE][PASSED] - Refresh successfully

2019-12-31 15:39:28 - [TEST_STEP][PASSED] - delay(10): Delayed 10 second(s)

2019-12-31 15:39:38 - [MESSAGE][PASSED] - Delayed 10 second(s)

2019-12-31 15:39:38 - [TEST_STEP][PASSED] - takeScreenshot(): Taking screenshot successfully

2019-12-31 15:39:38 - [MESSAGE][PASSED] - Taking screenshot successfully
[[ATTACHMENT|C:\\Users\\chandu.t\\Katalon Studio\\NJS_Chandu\\Reports\\20191231_153751\\NJS_Chandu\\20191231_153751\\1577786978210.png]]

2019-12-31 15:39:38 - [TEST_STEP][PASSED] - closeBrowser(): Browser is closed

2019-12-31 15:39:39 - [MESSAGE][PASSED] - Browser is closed]]></system-out>
         <system-err><![CDATA[]]></system-err>
      </testcase>
      <testcase name="Test Cases/deleteandupload2" time="86.102" classname="Test Cases/deleteandupload2" status="PASSED">
         <system-out><![CDATA[2019-12-31 15:39:39 - [TEST_CASE][PASSED] - Test Cases/deleteandupload2: Test Cases/deleteandupload2

2019-12-31 15:39:40 - [TEST_STEP][PASSED] - openBrowser(findTestData("LoginDetailsNJS").getValue(1, 2)): Browser is opened with url: 'https://www.naukri.com/'

2019-12-31 15:39:40 - [MESSAGE][INFO] - Starting 'Chrome' driver

2019-12-31 15:39:40 - [MESSAGE][INFO] - User set preference: ['args', '[--incognito]']

2019-12-31 15:39:50 - [MESSAGE][PASSED] - Browser is opened with url: 'https://www.naukri.com/'

2019-12-31 15:39:50 - [TEST_STEP][PASSED] - closeWindowIndex(1): Window with index 1 is closed

2019-12-31 15:39:54 - [MESSAGE][PASSED] - Window with index 1 is closed

2019-12-31 15:39:54 - [TEST_STEP][NOT_RUN] - closeWindowIndex(1): NOT_RUN: closeWindowIndex(1)

2019-12-31 15:39:54 - [MESSAGE][NOT_RUN] - NOT_RUN: closeWindowIndex(1)

2019-12-31 15:39:54 - [TEST_STEP][PASSED] - switchToWindowIndex(0): Switched to window with index: '0'

2019-12-31 15:39:55 - [MESSAGE][PASSED] - Switched to window with index: '0'

2019-12-31 15:39:55 - [TEST_STEP][PASSED] - maximizeWindow(): Current window maximized

2019-12-31 15:39:59 - [MESSAGE][PASSED] - Current window maximized

2019-12-31 15:39:59 - [TEST_STEP][PASSED] - click(findTestObject("LoginButton")): Object: 'Object Repository/LoginButton' is clicked on

2019-12-31 15:39:59 - [MESSAGE][PASSED] - Object: 'Object Repository/LoginButton' is clicked on

2019-12-31 15:39:59 - [TEST_STEP][PASSED] - click(findTestObject("GoogleButton")): Object: 'Object Repository/GoogleButton' is clicked on

2019-12-31 15:40:01 - [MESSAGE][PASSED] - Object: 'Object Repository/GoogleButton' is clicked on

2019-12-31 15:40:01 - [TEST_STEP][PASSED] - switchToWindowIndex(1): Switched to window with index: '1'

2019-12-31 15:40:06 - [MESSAGE][PASSED] - Switched to window with index: '1'

2019-12-31 15:40:06 - [TEST_STEP][PASSED] - setText(findTestObject("UserName"), findTestData("LoginDetailsNJS").getValue(2, 2)): Text 'chanduthota371@gmail.com' is set on object 'Object Repository/UserName'

2019-12-31 15:40:06 - [MESSAGE][PASSED] - Text 'chanduthota371@gmail.com' is set on object 'Object Repository/UserName'

2019-12-31 15:40:06 - [TEST_STEP][PASSED] - click(findTestObject("NextButton")): Object: 'Object Repository/NextButton' is clicked on

2019-12-31 15:40:07 - [MESSAGE][PASSED] - Object: 'Object Repository/NextButton' is clicked on

2019-12-31 15:40:07 - [TEST_STEP][PASSED] - delay(5): Delayed 5 second(s)

2019-12-31 15:40:12 - [MESSAGE][PASSED] - Delayed 5 second(s)

2019-12-31 15:40:12 - [TEST_STEP][PASSED] - setText(findTestObject("Password"), findTestData("LoginDetailsNJS").getValue(3, 2)): Text 'achala$123' is set on object 'Object Repository/Password'

2019-12-31 15:40:13 - [MESSAGE][PASSED] - Text 'achala$123' is set on object 'Object Repository/Password'

2019-12-31 15:40:13 - [TEST_STEP][PASSED] - click(findTestObject("NextButton")): Object: 'Object Repository/NextButton' is clicked on

2019-12-31 15:40:13 - [MESSAGE][PASSED] - Object: 'Object Repository/NextButton' is clicked on

2019-12-31 15:40:13 - [TEST_STEP][PASSED] - switchToWindowIndex(0): Switched to window with index: '0'

2019-12-31 15:40:13 - [MESSAGE][PASSED] - Switched to window with index: '0'

2019-12-31 15:40:13 - [TEST_STEP][PASSED] - delay(10): Delayed 10 second(s)

2019-12-31 15:40:23 - [MESSAGE][PASSED] - Delayed 10 second(s)

2019-12-31 15:40:23 - [TEST_STEP][PASSED] - click(findTestObject("ProfileName")): Object: 'Object Repository/ProfileName' is clicked on

2019-12-31 15:40:24 - [MESSAGE][PASSED] - Object: 'Object Repository/ProfileName' is clicked on

2019-12-31 15:40:24 - [TEST_STEP][PASSED] - click(findTestObject("DeleteResumeButton")): Object: 'Object Repository/DeleteResumeButton' is clicked on

2019-12-31 15:40:25 - [MESSAGE][PASSED] - Object: 'Object Repository/DeleteResumeButton' is clicked on

2019-12-31 15:40:25 - [TEST_STEP][PASSED] - click(findTestObject("DeleteResumeConfirm")): Object: 'Object Repository/DeleteResumeConfirm' is clicked on

2019-12-31 15:40:26 - [MESSAGE][PASSED] - Object: 'Object Repository/DeleteResumeConfirm' is clicked on

2019-12-31 15:40:26 - [TEST_STEP][PASSED] - delay(15): Delayed 15 second(s)

2019-12-31 15:40:41 - [MESSAGE][PASSED] - Delayed 15 second(s)

2019-12-31 15:40:41 - [TEST_STEP][PASSED] - takeScreenshot(): Taking screenshot successfully

2019-12-31 15:40:41 - [MESSAGE][PASSED] - Taking screenshot successfully
[[ATTACHMENT|C:\\Users\\chandu.t\\Katalon Studio\\NJS_Chandu\\Reports\\20191231_153751\\NJS_Chandu\\20191231_153751\\1577787041290.png]]

2019-12-31 15:40:41 - [TEST_STEP][PASSED] - uploadFile(findTestObject("UploadResumeButton"), findTestData("LoginDetailsNJS").getValue(5, 2)): File 'D:\chanduR\Resume22.docx' sent to object: 'Object Repository/UploadResumeButton'

2019-12-31 15:40:42 - [MESSAGE][PASSED] - File 'D:\chanduR\Resume22.docx' sent to object: 'Object Repository/UploadResumeButton'

2019-12-31 15:40:42 - [TEST_STEP][PASSED] - delay(10): Delayed 10 second(s)

2019-12-31 15:40:52 - [MESSAGE][PASSED] - Delayed 10 second(s)

2019-12-31 15:40:52 - [TEST_STEP][NOT_RUN] - click(findTestObject("EditResumeHeadline")): NOT_RUN: click(findTestObject("EditResumeHeadline"))

2019-12-31 15:40:52 - [MESSAGE][NOT_RUN] - NOT_RUN: click(findTestObject("EditResumeHeadline"))

2019-12-31 15:40:52 - [TEST_STEP][NOT_RUN] - setText(findTestObject("ResumeHeadLineText"), "."): NOT_RUN: setText(findTestObject("ResumeHeadLineText"), ".")

2019-12-31 15:40:52 - [MESSAGE][NOT_RUN] - NOT_RUN: setText(findTestObject("ResumeHeadLineText"), ".")

2019-12-31 15:40:52 - [TEST_STEP][NOT_RUN] - click(findTestObject("SaveResumeHeadLineButton")): NOT_RUN: click(findTestObject("SaveResumeHeadLineButton"))

2019-12-31 15:40:52 - [MESSAGE][NOT_RUN] - NOT_RUN: click(findTestObject("SaveResumeHeadLineButton"))

2019-12-31 15:40:52 - [TEST_STEP][PASSED] - takeScreenshot(): Taking screenshot successfully

2019-12-31 15:40:52 - [MESSAGE][PASSED] - Taking screenshot successfully
[[ATTACHMENT|C:\\Users\\chandu.t\\Katalon Studio\\NJS_Chandu\\Reports\\20191231_153751\\NJS_Chandu\\20191231_153751\\1577787052272.png]]

2019-12-31 15:40:52 - [TEST_STEP][PASSED] - refresh(): Refresh successfully

2019-12-31 15:40:54 - [MESSAGE][PASSED] - Refresh successfully

2019-12-31 15:40:54 - [TEST_STEP][PASSED] - delay(10): Delayed 10 second(s)

2019-12-31 15:41:04 - [MESSAGE][PASSED] - Delayed 10 second(s)

2019-12-31 15:41:04 - [TEST_STEP][PASSED] - takeScreenshot(): Taking screenshot successfully

2019-12-31 15:41:05 - [MESSAGE][PASSED] - Taking screenshot successfully
[[ATTACHMENT|C:\\Users\\chandu.t\\Katalon Studio\\NJS_Chandu\\Reports\\20191231_153751\\NJS_Chandu\\20191231_153751\\1577787064822.png]]

2019-12-31 15:41:05 - [TEST_STEP][PASSED] - closeBrowser(): Browser is closed

2019-12-31 15:41:06 - [MESSAGE][PASSED] - Browser is closed]]></system-out>
         <system-err><![CDATA[]]></system-err>
      </testcase>
      <testcase name="Test Cases/deleteandupload1" time="85.021" classname="Test Cases/deleteandupload1" status="PASSED">
         <system-out><![CDATA[2019-12-31 15:41:06 - [TEST_CASE][PASSED] - Test Cases/deleteandupload1: Test Cases/deleteandupload1

2019-12-31 15:41:06 - [TEST_STEP][PASSED] - openBrowser(findTestData("LoginDetailsNJS").getValue(1, 1)): Browser is opened with url: 'https://www.naukri.com/'

2019-12-31 15:41:06 - [MESSAGE][INFO] - Starting 'Chrome' driver

2019-12-31 15:41:06 - [MESSAGE][INFO] - User set preference: ['args', '[--incognito]']

2019-12-31 15:41:18 - [MESSAGE][PASSED] - Browser is opened with url: 'https://www.naukri.com/'

2019-12-31 15:41:18 - [TEST_STEP][PASSED] - closeWindowIndex(1): Window with index 1 is closed

2019-12-31 15:41:22 - [MESSAGE][PASSED] - Window with index 1 is closed

2019-12-31 15:41:22 - [TEST_STEP][NOT_RUN] - closeWindowIndex(1): NOT_RUN: closeWindowIndex(1)

2019-12-31 15:41:22 - [MESSAGE][NOT_RUN] - NOT_RUN: closeWindowIndex(1)

2019-12-31 15:41:22 - [TEST_STEP][PASSED] - switchToWindowIndex(0): Switched to window with index: '0'

2019-12-31 15:41:22 - [MESSAGE][PASSED] - Switched to window with index: '0'

2019-12-31 15:41:22 - [TEST_STEP][PASSED] - maximizeWindow(): Current window maximized

2019-12-31 15:41:26 - [MESSAGE][PASSED] - Current window maximized

2019-12-31 15:41:26 - [TEST_STEP][PASSED] - click(findTestObject("LoginButton")): Object: 'Object Repository/LoginButton' is clicked on

2019-12-31 15:41:27 - [MESSAGE][PASSED] - Object: 'Object Repository/LoginButton' is clicked on

2019-12-31 15:41:27 - [TEST_STEP][PASSED] - click(findTestObject("GoogleButton")): Object: 'Object Repository/GoogleButton' is clicked on

2019-12-31 15:41:28 - [MESSAGE][PASSED] - Object: 'Object Repository/GoogleButton' is clicked on

2019-12-31 15:41:28 - [TEST_STEP][PASSED] - switchToWindowIndex(1): Switched to window with index: '1'

2019-12-31 15:41:32 - [MESSAGE][PASSED] - Switched to window with index: '1'

2019-12-31 15:41:32 - [TEST_STEP][PASSED] - setText(findTestObject("UserName"), findTestData("LoginDetailsNJS").getValue(2, 1)): Text 'thota.chandu1@gmail.com' is set on object 'Object Repository/UserName'

2019-12-31 15:41:32 - [MESSAGE][PASSED] - Text 'thota.chandu1@gmail.com' is set on object 'Object Repository/UserName'

2019-12-31 15:41:32 - [TEST_STEP][PASSED] - click(findTestObject("NextButton")): Object: 'Object Repository/NextButton' is clicked on

2019-12-31 15:41:33 - [MESSAGE][PASSED] - Object: 'Object Repository/NextButton' is clicked on

2019-12-31 15:41:33 - [TEST_STEP][PASSED] - delay(5): Delayed 5 second(s)

2019-12-31 15:41:38 - [MESSAGE][PASSED] - Delayed 5 second(s)

2019-12-31 15:41:38 - [TEST_STEP][PASSED] - setText(findTestObject("Password"), findTestData("LoginDetailsNJS").getValue(3, 1)): Text 'achala$123' is set on object 'Object Repository/Password'

2019-12-31 15:41:39 - [MESSAGE][PASSED] - Text 'achala$123' is set on object 'Object Repository/Password'

2019-12-31 15:41:39 - [TEST_STEP][PASSED] - click(findTestObject("NextButton")): Object: 'Object Repository/NextButton' is clicked on

2019-12-31 15:41:39 - [MESSAGE][PASSED] - Object: 'Object Repository/NextButton' is clicked on

2019-12-31 15:41:39 - [TEST_STEP][PASSED] - switchToWindowIndex(0): Switched to window with index: '0'

2019-12-31 15:41:39 - [MESSAGE][PASSED] - Switched to window with index: '0'

2019-12-31 15:41:39 - [TEST_STEP][PASSED] - delay(10): Delayed 10 second(s)

2019-12-31 15:41:49 - [MESSAGE][PASSED] - Delayed 10 second(s)

2019-12-31 15:41:49 - [TEST_STEP][PASSED] - click(findTestObject("ProfileName")): Object: 'Object Repository/ProfileName' is clicked on

2019-12-31 15:41:49 - [MESSAGE][PASSED] - Object: 'Object Repository/ProfileName' is clicked on

2019-12-31 15:41:49 - [TEST_STEP][PASSED] - click(findTestObject("DeleteResumeButton")): Object: 'Object Repository/DeleteResumeButton' is clicked on

2019-12-31 15:41:51 - [MESSAGE][PASSED] - Object: 'Object Repository/DeleteResumeButton' is clicked on

2019-12-31 15:41:51 - [TEST_STEP][PASSED] - click(findTestObject("DeleteResumeConfirm")): Object: 'Object Repository/DeleteResumeConfirm' is clicked on

2019-12-31 15:41:51 - [MESSAGE][PASSED] - Object: 'Object Repository/DeleteResumeConfirm' is clicked on

2019-12-31 15:41:51 - [TEST_STEP][PASSED] - delay(15): Delayed 15 second(s)

2019-12-31 15:42:06 - [MESSAGE][PASSED] - Delayed 15 second(s)

2019-12-31 15:42:06 - [TEST_STEP][PASSED] - takeScreenshot(): Taking screenshot successfully

2019-12-31 15:42:06 - [MESSAGE][PASSED] - Taking screenshot successfully
[[ATTACHMENT|C:\\Users\\chandu.t\\Katalon Studio\\NJS_Chandu\\Reports\\20191231_153751\\NJS_Chandu\\20191231_153751\\1577787126478.png]]

2019-12-31 15:42:06 - [TEST_STEP][PASSED] - uploadFile(findTestObject("UploadResumeButton"), findTestData("LoginDetailsNJS").getValue(5, 1)): File 'D:\chanduR\Resume11.docx' sent to object: 'Object Repository/UploadResumeButton'

2019-12-31 15:42:07 - [MESSAGE][PASSED] - File 'D:\chanduR\Resume11.docx' sent to object: 'Object Repository/UploadResumeButton'

2019-12-31 15:42:07 - [TEST_STEP][PASSED] - delay(10): Delayed 10 second(s)

2019-12-31 15:42:17 - [MESSAGE][PASSED] - Delayed 10 second(s)

2019-12-31 15:42:17 - [TEST_STEP][NOT_RUN] - click(findTestObject("EditResumeHeadline")): NOT_RUN: click(findTestObject("EditResumeHeadline"))

2019-12-31 15:42:17 - [MESSAGE][NOT_RUN] - NOT_RUN: click(findTestObject("EditResumeHeadline"))

2019-12-31 15:42:17 - [TEST_STEP][NOT_RUN] - setText(findTestObject("ResumeHeadLineText"), "."): NOT_RUN: setText(findTestObject("ResumeHeadLineText"), ".")

2019-12-31 15:42:17 - [MESSAGE][NOT_RUN] - NOT_RUN: setText(findTestObject("ResumeHeadLineText"), ".")

2019-12-31 15:42:17 - [TEST_STEP][NOT_RUN] - click(findTestObject("SaveResumeHeadLineButton")): NOT_RUN: click(findTestObject("SaveResumeHeadLineButton"))

2019-12-31 15:42:17 - [MESSAGE][NOT_RUN] - NOT_RUN: click(findTestObject("SaveResumeHeadLineButton"))

2019-12-31 15:42:17 - [TEST_STEP][PASSED] - takeScreenshot(): Taking screenshot successfully

2019-12-31 15:42:17 - [MESSAGE][PASSED] - Taking screenshot successfully
[[ATTACHMENT|C:\\Users\\chandu.t\\Katalon Studio\\NJS_Chandu\\Reports\\20191231_153751\\NJS_Chandu\\20191231_153751\\1577787137300.png]]

2019-12-31 15:42:17 - [TEST_STEP][PASSED] - refresh(): Refresh successfully

2019-12-31 15:42:19 - [MESSAGE][PASSED] - Refresh successfully

2019-12-31 15:42:19 - [TEST_STEP][PASSED] - delay(10): Delayed 10 second(s)

2019-12-31 15:42:29 - [MESSAGE][PASSED] - Delayed 10 second(s)

2019-12-31 15:42:29 - [TEST_STEP][PASSED] - takeScreenshot(): Taking screenshot successfully

2019-12-31 15:42:30 - [MESSAGE][PASSED] - Taking screenshot successfully
[[ATTACHMENT|C:\\Users\\chandu.t\\Katalon Studio\\NJS_Chandu\\Reports\\20191231_153751\\NJS_Chandu\\20191231_153751\\1577787149800.png]]

2019-12-31 15:42:30 - [TEST_STEP][PASSED] - closeBrowser(): Browser is closed

2019-12-31 15:42:31 - [MESSAGE][PASSED] - Browser is closed]]></system-out>
         <system-err><![CDATA[]]></system-err>
      </testcase>
      <system-out><![CDATA[2019-12-31 15:37:59 - [TEST_SUITE][PASSED] - NJS_Chandu: Test Cases/deleteandupload1]]></system-out>
      <system-err><![CDATA[]]></system-err>
   </testsuite>
</testsuites>
