<?xml version="1.0" encoding="UTF-8"?>
<testsuites name="NJS_Chandu" time="316.855" tests="3" failures="0" errors="0">
   <testsuite name="NJS_Chandu" tests="3" failures="0" errors="0" time="316.855" timestamp="2020-01-16 08:12:08" hostname="chandu.t - wlpt518.imidomain.com" id="Test Suites/NJS_Chandu">
      <properties>
         <property name="deviceName" value=""/>
         <property name="devicePlatform" value=""/>
         <property name="logFolder" value="C:\\Users\\chandu.t\\Katalon Studio\\NJS_Chandu\\Reports\\20200116_081200\\NJS_Chandu\\20200116_081200"/>
         <property name="logFiles" value="C:\\Users\\chandu.t\\Katalon Studio\\NJS_Chandu\\Reports\\20200116_081200\\NJS_Chandu\\20200116_081200\\execution0.log"/>
         <property name="attachments" value="C:\\Users\\chandu.t\\Katalon Studio\\NJS_Chandu\\Reports\\20200116_081200\\NJS_Chandu\\20200116_081200\\1579142612824.png, C:\\Users\\chandu.t\\Katalon Studio\\NJS_Chandu\\Reports\\20200116_081200\\NJS_Chandu\\20200116_081200\\1579142623959.png, C:\\Users\\chandu.t\\Katalon Studio\\NJS_Chandu\\Reports\\20200116_081200\\NJS_Chandu\\20200116_081200\\1579142638054.png, C:\\Users\\chandu.t\\Katalon Studio\\NJS_Chandu\\Reports\\20200116_081200\\NJS_Chandu\\20200116_081200\\1579142710096.png, C:\\Users\\chandu.t\\Katalon Studio\\NJS_Chandu\\Reports\\20200116_081200\\NJS_Chandu\\20200116_081200\\1579142721773.png, C:\\Users\\chandu.t\\Katalon Studio\\NJS_Chandu\\Reports\\20200116_081200\\NJS_Chandu\\20200116_081200\\1579142735283.png, C:\\Users\\chandu.t\\Katalon Studio\\NJS_Chandu\\Reports\\20200116_081200\\NJS_Chandu\\20200116_081200\\1579142803737.png, C:\\Users\\chandu.t\\Katalon Studio\\NJS_Chandu\\Reports\\20200116_081200\\NJS_Chandu\\20200116_081200\\1579142819789.png, C:\\Users\\chandu.t\\Katalon Studio\\NJS_Chandu\\Reports\\20200116_081200\\NJS_Chandu\\20200116_081200\\1579142833382.png"/>
         <property name="hostName" value="chandu.t - wlpt518.imidomain.com"/>
         <property name="os" value="Windows 10 64bit"/>
         <property name="katalonVersion" value="7.2.1.1"/>
         <property name="browser" value="Firefox 71.0"/>
         <property name="hostAddress" value="192.168.43.93"/>
         <property name="sessionId" value="03b39e66-7ece-4cf2-b2cc-3af11b696094"/>
         <property name="seleniumVersion" value="3.141.59"/>
         <property name="proxyInformation" value="ProxyInformation{proxyOption=NO_PROXY, proxyServerType=HTTP, password=, proxyServerAddress=, proxyServerPort=0, executionList=}"/>
         <property name="platform" value="Windows 10"/>
      </properties>
      <testcase name="Test Cases/Naukri/deleteandupload3" time="114.562" classname="Test Cases/Naukri/deleteandupload3" status="PASSED">
         <system-out><![CDATA[2020-01-16 08:12:10 - [TEST_CASE][PASSED] - Test Cases/Naukri/deleteandupload3: Test Cases/Naukri/deleteandupload3

2020-01-16 08:12:12 - [TEST_STEP][PASSED] - openBrowser(findTestData("LoginDetailsNJS").getValue(1, 3)): Browser is opened with url: 'https://www.naukri.com/'

2020-01-16 08:12:15 - [MESSAGE][INFO] - Starting 'Firefox' driver

2020-01-16 08:12:16 - [MESSAGE][INFO] - Action delay is set to 0 seconds

2020-01-16 08:12:44 - [MESSAGE][PASSED] - Browser is opened with url: 'https://www.naukri.com/'

2020-01-16 08:12:44 - [TEST_STEP][PASSED] - closeWindowIndex(1): Window with index 1 is closed

2020-01-16 08:12:44 - [MESSAGE][PASSED] - Window with index 1 is closed

2020-01-16 08:12:44 - [TEST_STEP][PASSED] - closeWindowIndex(1): Window with index 1 is closed

2020-01-16 08:12:45 - [MESSAGE][PASSED] - Window with index 1 is closed

2020-01-16 08:12:45 - [TEST_STEP][PASSED] - closeWindowIndex(1): Window with index 1 is closed

2020-01-16 08:12:45 - [MESSAGE][PASSED] - Window with index 1 is closed

2020-01-16 08:12:45 - [TEST_STEP][PASSED] - switchToWindowIndex(0): Switched to window with index: '0'

2020-01-16 08:12:45 - [MESSAGE][PASSED] - Switched to window with index: '0'

2020-01-16 08:12:45 - [TEST_STEP][PASSED] - maximizeWindow(): Current window maximized

2020-01-16 08:12:45 - [MESSAGE][PASSED] - Current window maximized

2020-01-16 08:12:45 - [TEST_STEP][PASSED] - click(findTestObject("Naukri/LoginButton")): Object: 'Object Repository/Naukri/LoginButton' is clicked on

2020-01-16 08:12:47 - [MESSAGE][PASSED] - Object: 'Object Repository/Naukri/LoginButton' is clicked on

2020-01-16 08:12:47 - [TEST_STEP][PASSED] - click(findTestObject("Naukri/GoogleButton")): Object: 'Object Repository/Naukri/GoogleButton' is clicked on

2020-01-16 08:12:48 - [MESSAGE][PASSED] - Object: 'Object Repository/Naukri/GoogleButton' is clicked on

2020-01-16 08:12:48 - [TEST_STEP][PASSED] - switchToWindowIndex(1): Switched to window with index: '1'

2020-01-16 08:12:48 - [MESSAGE][PASSED] - Switched to window with index: '1'

2020-01-16 08:12:48 - [TEST_STEP][PASSED] - setText(findTestObject("Naukri/UserName"), findTestData("LoginDetailsNJS").getValue(2, 3)): Text 'chandut1024@gmail.com' is set on object 'Object Repository/Naukri/UserName'

2020-01-16 08:12:52 - [MESSAGE][PASSED] - Text 'chandut1024@gmail.com' is set on object 'Object Repository/Naukri/UserName'

2020-01-16 08:12:52 - [TEST_STEP][PASSED] - click(findTestObject("Naukri/NextButton")): Object: 'Object Repository/Naukri/NextButton' is clicked on

2020-01-16 08:12:53 - [MESSAGE][PASSED] - Object: 'Object Repository/Naukri/NextButton' is clicked on

2020-01-16 08:12:53 - [TEST_STEP][PASSED] - delay(5): Delayed 5 second(s)

2020-01-16 08:12:58 - [MESSAGE][PASSED] - Delayed 5 second(s)

2020-01-16 08:12:58 - [TEST_STEP][PASSED] - setText(findTestObject("Naukri/Password"), findTestData("LoginDetailsNJS").getValue(3, 3)): Text 'achala$123' is set on object 'Object Repository/Naukri/Password'

2020-01-16 08:12:59 - [MESSAGE][PASSED] - Text 'achala$123' is set on object 'Object Repository/Naukri/Password'

2020-01-16 08:12:59 - [TEST_STEP][PASSED] - click(findTestObject("Naukri/NextButton")): Object: 'Object Repository/Naukri/NextButton' is clicked on

2020-01-16 08:13:03 - [MESSAGE][PASSED] - Object: 'Object Repository/Naukri/NextButton' is clicked on

2020-01-16 08:13:03 - [TEST_STEP][PASSED] - switchToWindowIndex(0): Switched to window with index: '0'

2020-01-16 08:13:03 - [MESSAGE][PASSED] - Switched to window with index: '0'

2020-01-16 08:13:03 - [TEST_STEP][PASSED] - delay(10): Delayed 10 second(s)

2020-01-16 08:13:13 - [MESSAGE][PASSED] - Delayed 10 second(s)

2020-01-16 08:13:13 - [TEST_STEP][PASSED] - click(findTestObject("Naukri/ProfileName")): Object: 'Object Repository/Naukri/ProfileName' is clicked on

2020-01-16 08:13:15 - [MESSAGE][PASSED] - Object: 'Object Repository/Naukri/ProfileName' is clicked on

2020-01-16 08:13:15 - [TEST_STEP][PASSED] - click(findTestObject("Naukri/DeleteResumeButton")): Object: 'Object Repository/Naukri/DeleteResumeButton' is clicked on

2020-01-16 08:13:16 - [MESSAGE][PASSED] - Object: 'Object Repository/Naukri/DeleteResumeButton' is clicked on

2020-01-16 08:13:16 - [TEST_STEP][PASSED] - click(findTestObject("Naukri/DeleteResumeConfirm")): Object: 'Object Repository/Naukri/DeleteResumeConfirm' is clicked on

2020-01-16 08:13:17 - [MESSAGE][PASSED] - Object: 'Object Repository/Naukri/DeleteResumeConfirm' is clicked on

2020-01-16 08:13:17 - [TEST_STEP][PASSED] - delay(15): Delayed 15 second(s)

2020-01-16 08:13:32 - [MESSAGE][PASSED] - Delayed 15 second(s)

2020-01-16 08:13:32 - [TEST_STEP][PASSED] - takeScreenshot(): Taking screenshot successfully

2020-01-16 08:13:33 - [MESSAGE][PASSED] - Taking screenshot successfully
[[ATTACHMENT|C:\\Users\\chandu.t\\Katalon Studio\\NJS_Chandu\\Reports\\20200116_081200\\NJS_Chandu\\20200116_081200\\1579142612824.png]]

2020-01-16 08:13:33 - [TEST_STEP][PASSED] - uploadFile(findTestObject("Naukri/UploadResumeButton"), findTestData("LoginDetailsNJS").getValue(5, 3)): File 'D:\chanduR\Chandu_Thota_QA_Engineer3.docx' sent to object: 'Object Repository/Naukri/UploadResumeButton'

2020-01-16 08:13:33 - [MESSAGE][PASSED] - File 'D:\chanduR\Chandu_Thota_QA_Engineer3.docx' sent to object: 'Object Repository/Naukri/UploadResumeButton'

2020-01-16 08:13:33 - [TEST_STEP][PASSED] - delay(10): Delayed 10 second(s)

2020-01-16 08:13:43 - [MESSAGE][PASSED] - Delayed 10 second(s)

2020-01-16 08:13:43 - [TEST_STEP][NOT_RUN] - click(findTestObject("Naukri/EditResumeHeadline")): NOT_RUN: click(findTestObject("Naukri/EditResumeHeadline"))

2020-01-16 08:13:43 - [MESSAGE][NOT_RUN] - NOT_RUN: click(findTestObject("Naukri/EditResumeHeadline"))

2020-01-16 08:13:43 - [TEST_STEP][NOT_RUN] - setText(findTestObject("Naukri/ResumeHeadLineText"), "."): NOT_RUN: setText(findTestObject("Naukri/ResumeHeadLineText"), ".")

2020-01-16 08:13:43 - [MESSAGE][NOT_RUN] - NOT_RUN: setText(findTestObject("Naukri/ResumeHeadLineText"), ".")

2020-01-16 08:13:43 - [TEST_STEP][NOT_RUN] - click(findTestObject("Naukri/SaveResumeHeadLineButton")): NOT_RUN: click(findTestObject("Naukri/SaveResumeHeadLineButton"))

2020-01-16 08:13:43 - [MESSAGE][NOT_RUN] - NOT_RUN: click(findTestObject("Naukri/SaveResumeHeadLineButton"))

2020-01-16 08:13:43 - [TEST_STEP][PASSED] - takeScreenshot(): Taking screenshot successfully

2020-01-16 08:13:44 - [MESSAGE][PASSED] - Taking screenshot successfully
[[ATTACHMENT|C:\\Users\\chandu.t\\Katalon Studio\\NJS_Chandu\\Reports\\20200116_081200\\NJS_Chandu\\20200116_081200\\1579142623959.png]]

2020-01-16 08:13:44 - [TEST_STEP][PASSED] - refresh(): Refresh successfully

2020-01-16 08:13:47 - [MESSAGE][PASSED] - Refresh successfully

2020-01-16 08:13:47 - [TEST_STEP][PASSED] - delay(10): Delayed 10 second(s)

2020-01-16 08:13:57 - [MESSAGE][PASSED] - Delayed 10 second(s)

2020-01-16 08:13:57 - [TEST_STEP][PASSED] - takeScreenshot(): Taking screenshot successfully

2020-01-16 08:13:58 - [MESSAGE][PASSED] - Taking screenshot successfully
[[ATTACHMENT|C:\\Users\\chandu.t\\Katalon Studio\\NJS_Chandu\\Reports\\20200116_081200\\NJS_Chandu\\20200116_081200\\1579142638054.png]]

2020-01-16 08:13:58 - [TEST_STEP][PASSED] - closeBrowser(): Browser is closed

2020-01-16 08:14:04 - [MESSAGE][PASSED] - Browser is closed]]></system-out>
         <system-err><![CDATA[]]></system-err>
      </testcase>
      <testcase name="Test Cases/Naukri/deleteandupload2" time="95.795" classname="Test Cases/Naukri/deleteandupload2" status="PASSED">
         <system-out><![CDATA[2020-01-16 08:14:04 - [TEST_CASE][PASSED] - Test Cases/Naukri/deleteandupload2: Test Cases/Naukri/deleteandupload2

2020-01-16 08:14:05 - [TEST_STEP][PASSED] - openBrowser(findTestData("LoginDetailsNJS").getValue(1, 2)): Browser is opened with url: 'https://www.naukri.com/'

2020-01-16 08:14:05 - [MESSAGE][INFO] - Starting 'Firefox' driver

2020-01-16 08:14:23 - [MESSAGE][PASSED] - Browser is opened with url: 'https://www.naukri.com/'

2020-01-16 08:14:23 - [TEST_STEP][PASSED] - closeWindowIndex(1): Window with index 1 is closed

2020-01-16 08:14:23 - [MESSAGE][PASSED] - Window with index 1 is closed

2020-01-16 08:14:23 - [TEST_STEP][PASSED] - closeWindowIndex(1): Window with index 1 is closed

2020-01-16 08:14:24 - [MESSAGE][PASSED] - Window with index 1 is closed

2020-01-16 08:14:24 - [TEST_STEP][PASSED] - closeWindowIndex(1): Window with index 1 is closed

2020-01-16 08:14:24 - [MESSAGE][PASSED] - Window with index 1 is closed

2020-01-16 08:14:24 - [TEST_STEP][PASSED] - switchToWindowIndex(0): Switched to window with index: '0'

2020-01-16 08:14:24 - [MESSAGE][PASSED] - Switched to window with index: '0'

2020-01-16 08:14:24 - [TEST_STEP][PASSED] - maximizeWindow(): Current window maximized

2020-01-16 08:14:24 - [MESSAGE][PASSED] - Current window maximized

2020-01-16 08:14:24 - [TEST_STEP][PASSED] - click(findTestObject("Naukri/LoginButton")): Object: 'Object Repository/Naukri/LoginButton' is clicked on

2020-01-16 08:14:25 - [MESSAGE][PASSED] - Object: 'Object Repository/Naukri/LoginButton' is clicked on

2020-01-16 08:14:25 - [TEST_STEP][PASSED] - click(findTestObject("Naukri/GoogleButton")): Object: 'Object Repository/Naukri/GoogleButton' is clicked on

2020-01-16 08:14:27 - [MESSAGE][PASSED] - Object: 'Object Repository/Naukri/GoogleButton' is clicked on

2020-01-16 08:14:27 - [TEST_STEP][PASSED] - switchToWindowIndex(1): Switched to window with index: '1'

2020-01-16 08:14:27 - [MESSAGE][PASSED] - Switched to window with index: '1'

2020-01-16 08:14:27 - [TEST_STEP][PASSED] - setText(findTestObject("Naukri/UserName"), findTestData("LoginDetailsNJS").getValue(2, 2)): Text 'chanduthota371@gmail.com' is set on object 'Object Repository/Naukri/UserName'

2020-01-16 08:14:31 - [MESSAGE][PASSED] - Text 'chanduthota371@gmail.com' is set on object 'Object Repository/Naukri/UserName'

2020-01-16 08:14:31 - [TEST_STEP][PASSED] - click(findTestObject("Naukri/NextButton")): Object: 'Object Repository/Naukri/NextButton' is clicked on

2020-01-16 08:14:31 - [MESSAGE][PASSED] - Object: 'Object Repository/Naukri/NextButton' is clicked on

2020-01-16 08:14:31 - [TEST_STEP][PASSED] - delay(5): Delayed 5 second(s)

2020-01-16 08:14:36 - [MESSAGE][PASSED] - Delayed 5 second(s)

2020-01-16 08:14:36 - [TEST_STEP][PASSED] - setText(findTestObject("Naukri/Password"), findTestData("LoginDetailsNJS").getValue(3, 2)): Text 'achala$123' is set on object 'Object Repository/Naukri/Password'

2020-01-16 08:14:37 - [MESSAGE][PASSED] - Text 'achala$123' is set on object 'Object Repository/Naukri/Password'

2020-01-16 08:14:37 - [TEST_STEP][PASSED] - click(findTestObject("Naukri/NextButton")): Object: 'Object Repository/Naukri/NextButton' is clicked on

2020-01-16 08:14:41 - [MESSAGE][PASSED] - Object: 'Object Repository/Naukri/NextButton' is clicked on

2020-01-16 08:14:41 - [TEST_STEP][PASSED] - switchToWindowIndex(0): Switched to window with index: '0'

2020-01-16 08:14:41 - [MESSAGE][PASSED] - Switched to window with index: '0'

2020-01-16 08:14:41 - [TEST_STEP][PASSED] - delay(10): Delayed 10 second(s)

2020-01-16 08:14:51 - [MESSAGE][PASSED] - Delayed 10 second(s)

2020-01-16 08:14:51 - [TEST_STEP][PASSED] - click(findTestObject("Naukri/ProfileName")): Object: 'Object Repository/Naukri/ProfileName' is clicked on

2020-01-16 08:14:52 - [MESSAGE][PASSED] - Object: 'Object Repository/Naukri/ProfileName' is clicked on

2020-01-16 08:14:52 - [TEST_STEP][PASSED] - click(findTestObject("Naukri/DeleteResumeButton")): Object: 'Object Repository/Naukri/DeleteResumeButton' is clicked on

2020-01-16 08:14:54 - [MESSAGE][PASSED] - Object: 'Object Repository/Naukri/DeleteResumeButton' is clicked on

2020-01-16 08:14:54 - [TEST_STEP][PASSED] - click(findTestObject("Naukri/DeleteResumeConfirm")): Object: 'Object Repository/Naukri/DeleteResumeConfirm' is clicked on

2020-01-16 08:14:54 - [MESSAGE][PASSED] - Object: 'Object Repository/Naukri/DeleteResumeConfirm' is clicked on

2020-01-16 08:14:54 - [TEST_STEP][PASSED] - delay(15): Delayed 15 second(s)

2020-01-16 08:15:09 - [MESSAGE][PASSED] - Delayed 15 second(s)

2020-01-16 08:15:09 - [TEST_STEP][PASSED] - takeScreenshot(): Taking screenshot successfully

2020-01-16 08:15:10 - [MESSAGE][PASSED] - Taking screenshot successfully
[[ATTACHMENT|C:\\Users\\chandu.t\\Katalon Studio\\NJS_Chandu\\Reports\\20200116_081200\\NJS_Chandu\\20200116_081200\\1579142710096.png]]

2020-01-16 08:15:10 - [TEST_STEP][PASSED] - uploadFile(findTestObject("Naukri/UploadResumeButton"), findTestData("LoginDetailsNJS").getValue(5, 2)): File 'D:\chanduR\Chandu_Thota_QA_Engineer2.docx' sent to object: 'Object Repository/Naukri/UploadResumeButton'

2020-01-16 08:15:11 - [MESSAGE][PASSED] - File 'D:\chanduR\Chandu_Thota_QA_Engineer2.docx' sent to object: 'Object Repository/Naukri/UploadResumeButton'

2020-01-16 08:15:11 - [TEST_STEP][PASSED] - delay(10): Delayed 10 second(s)

2020-01-16 08:15:21 - [MESSAGE][PASSED] - Delayed 10 second(s)

2020-01-16 08:15:21 - [TEST_STEP][NOT_RUN] - click(findTestObject("Naukri/EditResumeHeadline")): NOT_RUN: click(findTestObject("Naukri/EditResumeHeadline"))

2020-01-16 08:15:21 - [MESSAGE][NOT_RUN] - NOT_RUN: click(findTestObject("Naukri/EditResumeHeadline"))

2020-01-16 08:15:21 - [TEST_STEP][NOT_RUN] - setText(findTestObject("Naukri/ResumeHeadLineText"), "."): NOT_RUN: setText(findTestObject("Naukri/ResumeHeadLineText"), ".")

2020-01-16 08:15:21 - [MESSAGE][NOT_RUN] - NOT_RUN: setText(findTestObject("Naukri/ResumeHeadLineText"), ".")

2020-01-16 08:15:21 - [TEST_STEP][NOT_RUN] - click(findTestObject("Naukri/SaveResumeHeadLineButton")): NOT_RUN: click(findTestObject("Naukri/SaveResumeHeadLineButton"))

2020-01-16 08:15:21 - [MESSAGE][NOT_RUN] - NOT_RUN: click(findTestObject("Naukri/SaveResumeHeadLineButton"))

2020-01-16 08:15:21 - [TEST_STEP][PASSED] - takeScreenshot(): Taking screenshot successfully

2020-01-16 08:15:21 - [MESSAGE][PASSED] - Taking screenshot successfully
[[ATTACHMENT|C:\\Users\\chandu.t\\Katalon Studio\\NJS_Chandu\\Reports\\20200116_081200\\NJS_Chandu\\20200116_081200\\1579142721773.png]]

2020-01-16 08:15:21 - [TEST_STEP][PASSED] - refresh(): Refresh successfully

2020-01-16 08:15:25 - [MESSAGE][PASSED] - Refresh successfully

2020-01-16 08:15:25 - [TEST_STEP][PASSED] - delay(10): Delayed 10 second(s)

2020-01-16 08:15:35 - [MESSAGE][PASSED] - Delayed 10 second(s)

2020-01-16 08:15:35 - [TEST_STEP][PASSED] - takeScreenshot(): Taking screenshot successfully

2020-01-16 08:15:35 - [MESSAGE][PASSED] - Taking screenshot successfully
[[ATTACHMENT|C:\\Users\\chandu.t\\Katalon Studio\\NJS_Chandu\\Reports\\20200116_081200\\NJS_Chandu\\20200116_081200\\1579142735283.png]]

2020-01-16 08:15:35 - [TEST_STEP][PASSED] - closeBrowser(): Browser is closed

2020-01-16 08:15:40 - [MESSAGE][PASSED] - Browser is closed]]></system-out>
         <system-err><![CDATA[]]></system-err>
      </testcase>
      <testcase name="Test Cases/Naukri/deleteandupload1" time="104.394" classname="Test Cases/Naukri/deleteandupload1" status="PASSED">
         <system-out><![CDATA[2020-01-16 08:15:40 - [TEST_CASE][PASSED] - Test Cases/Naukri/deleteandupload1: Test Cases/Naukri/deleteandupload1

2020-01-16 08:15:41 - [TEST_STEP][PASSED] - openBrowser(findTestData("LoginDetailsNJS").getValue(1, 1)): Browser is opened with url: 'naukri.com'

2020-01-16 08:15:41 - [MESSAGE][INFO] - Starting 'Firefox' driver

2020-01-16 08:15:56 - [MESSAGE][PASSED] - Browser is opened with url: 'naukri.com'

2020-01-16 08:15:56 - [TEST_STEP][PASSED] - closeWindowIndex(1): Window with index 1 is closed

2020-01-16 08:15:56 - [MESSAGE][PASSED] - Window with index 1 is closed

2020-01-16 08:15:56 - [TEST_STEP][PASSED] - closeWindowIndex(1): Window with index 1 is closed

2020-01-16 08:15:57 - [MESSAGE][PASSED] - Window with index 1 is closed

2020-01-16 08:15:57 - [TEST_STEP][PASSED] - closeWindowIndex(1): Window with index 1 is closed

2020-01-16 08:15:57 - [MESSAGE][PASSED] - Window with index 1 is closed

2020-01-16 08:15:57 - [TEST_STEP][PASSED] - switchToWindowIndex(0): Switched to window with index: '0'

2020-01-16 08:15:57 - [MESSAGE][PASSED] - Switched to window with index: '0'

2020-01-16 08:15:57 - [TEST_STEP][PASSED] - maximizeWindow(): Current window maximized

2020-01-16 08:15:57 - [MESSAGE][PASSED] - Current window maximized

2020-01-16 08:15:57 - [TEST_STEP][PASSED] - click(findTestObject("Naukri/LoginButton")): Object: 'Object Repository/Naukri/LoginButton' is clicked on

2020-01-16 08:15:59 - [MESSAGE][PASSED] - Object: 'Object Repository/Naukri/LoginButton' is clicked on

2020-01-16 08:15:59 - [TEST_STEP][PASSED] - click(findTestObject("Naukri/GoogleButton")): Object: 'Object Repository/Naukri/GoogleButton' is clicked on

2020-01-16 08:16:00 - [MESSAGE][PASSED] - Object: 'Object Repository/Naukri/GoogleButton' is clicked on

2020-01-16 08:16:00 - [TEST_STEP][PASSED] - switchToWindowIndex(1): Switched to window with index: '1'

2020-01-16 08:16:00 - [MESSAGE][PASSED] - Switched to window with index: '1'

2020-01-16 08:16:00 - [TEST_STEP][PASSED] - setText(findTestObject("Naukri/UserName"), findTestData("LoginDetailsNJS").getValue(2, 1)): Text 'thota.chandu1@gmail.com' is set on object 'Object Repository/Naukri/UserName'

2020-01-16 08:16:04 - [MESSAGE][PASSED] - Text 'thota.chandu1@gmail.com' is set on object 'Object Repository/Naukri/UserName'

2020-01-16 08:16:04 - [TEST_STEP][PASSED] - click(findTestObject("Naukri/NextButton")): Object: 'Object Repository/Naukri/NextButton' is clicked on

2020-01-16 08:16:04 - [MESSAGE][PASSED] - Object: 'Object Repository/Naukri/NextButton' is clicked on

2020-01-16 08:16:04 - [TEST_STEP][PASSED] - delay(5): Delayed 5 second(s)

2020-01-16 08:16:09 - [MESSAGE][PASSED] - Delayed 5 second(s)

2020-01-16 08:16:09 - [TEST_STEP][PASSED] - setText(findTestObject("Naukri/Password"), findTestData("LoginDetailsNJS").getValue(3, 1)): Text 'achala$123' is set on object 'Object Repository/Naukri/Password'

2020-01-16 08:16:10 - [MESSAGE][PASSED] - Text 'achala$123' is set on object 'Object Repository/Naukri/Password'

2020-01-16 08:16:10 - [TEST_STEP][PASSED] - click(findTestObject("Naukri/NextButton")): Object: 'Object Repository/Naukri/NextButton' is clicked on

2020-01-16 08:16:15 - [MESSAGE][PASSED] - Object: 'Object Repository/Naukri/NextButton' is clicked on

2020-01-16 08:16:15 - [TEST_STEP][PASSED] - switchToWindowIndex(0): Switched to window with index: '0'

2020-01-16 08:16:15 - [MESSAGE][PASSED] - Switched to window with index: '0'

2020-01-16 08:16:15 - [TEST_STEP][PASSED] - delay(10): Delayed 10 second(s)

2020-01-16 08:16:25 - [MESSAGE][PASSED] - Delayed 10 second(s)

2020-01-16 08:16:25 - [TEST_STEP][PASSED] - click(findTestObject("Naukri/ProfileName")): Object: 'Object Repository/Naukri/ProfileName' is clicked on

2020-01-16 08:16:26 - [MESSAGE][PASSED] - Object: 'Object Repository/Naukri/ProfileName' is clicked on

2020-01-16 08:16:26 - [TEST_STEP][PASSED] - click(findTestObject("Naukri/DeleteResumeButton")): Object: 'Object Repository/Naukri/DeleteResumeButton' is clicked on

2020-01-16 08:16:27 - [MESSAGE][PASSED] - Object: 'Object Repository/Naukri/DeleteResumeButton' is clicked on

2020-01-16 08:16:27 - [TEST_STEP][PASSED] - click(findTestObject("Naukri/DeleteResumeConfirm")): Object: 'Object Repository/Naukri/DeleteResumeConfirm' is clicked on

2020-01-16 08:16:28 - [MESSAGE][PASSED] - Object: 'Object Repository/Naukri/DeleteResumeConfirm' is clicked on

2020-01-16 08:16:28 - [TEST_STEP][PASSED] - delay(15): Delayed 15 second(s)

2020-01-16 08:16:43 - [MESSAGE][PASSED] - Delayed 15 second(s)

2020-01-16 08:16:43 - [TEST_STEP][PASSED] - takeScreenshot(): Taking screenshot successfully

2020-01-16 08:16:48 - [MESSAGE][PASSED] - Taking screenshot successfully
[[ATTACHMENT|C:\\Users\\chandu.t\\Katalon Studio\\NJS_Chandu\\Reports\\20200116_081200\\NJS_Chandu\\20200116_081200\\1579142803737.png]]

2020-01-16 08:16:48 - [TEST_STEP][PASSED] - uploadFile(findTestObject("Naukri/UploadResumeButton"), findTestData("LoginDetailsNJS").getValue(5, 1)): File 'D:\chanduR\Chandu_Thota_QA_Engineer1.docx' sent to object: 'Object Repository/Naukri/UploadResumeButton'

2020-01-16 08:16:49 - [MESSAGE][PASSED] - File 'D:\chanduR\Chandu_Thota_QA_Engineer1.docx' sent to object: 'Object Repository/Naukri/UploadResumeButton'

2020-01-16 08:16:49 - [TEST_STEP][PASSED] - delay(10): Delayed 10 second(s)

2020-01-16 08:16:59 - [MESSAGE][PASSED] - Delayed 10 second(s)

2020-01-16 08:16:59 - [TEST_STEP][NOT_RUN] - click(findTestObject("Naukri/EditResumeHeadline")): NOT_RUN: click(findTestObject("Naukri/EditResumeHeadline"))

2020-01-16 08:16:59 - [MESSAGE][NOT_RUN] - NOT_RUN: click(findTestObject("Naukri/EditResumeHeadline"))

2020-01-16 08:16:59 - [TEST_STEP][NOT_RUN] - setText(findTestObject("Naukri/ResumeHeadLineText"), "."): NOT_RUN: setText(findTestObject("Naukri/ResumeHeadLineText"), ".")

2020-01-16 08:16:59 - [MESSAGE][NOT_RUN] - NOT_RUN: setText(findTestObject("Naukri/ResumeHeadLineText"), ".")

2020-01-16 08:16:59 - [TEST_STEP][NOT_RUN] - click(findTestObject("Naukri/SaveResumeHeadLineButton")): NOT_RUN: click(findTestObject("Naukri/SaveResumeHeadLineButton"))

2020-01-16 08:16:59 - [MESSAGE][NOT_RUN] - NOT_RUN: click(findTestObject("Naukri/SaveResumeHeadLineButton"))

2020-01-16 08:16:59 - [TEST_STEP][PASSED] - takeScreenshot(): Taking screenshot successfully

2020-01-16 08:16:59 - [MESSAGE][PASSED] - Taking screenshot successfully
[[ATTACHMENT|C:\\Users\\chandu.t\\Katalon Studio\\NJS_Chandu\\Reports\\20200116_081200\\NJS_Chandu\\20200116_081200\\1579142819789.png]]

2020-01-16 08:16:59 - [TEST_STEP][PASSED] - refresh(): Refresh successfully

2020-01-16 08:17:03 - [MESSAGE][PASSED] - Refresh successfully

2020-01-16 08:17:03 - [TEST_STEP][PASSED] - delay(10): Delayed 10 second(s)

2020-01-16 08:17:13 - [MESSAGE][PASSED] - Delayed 10 second(s)

2020-01-16 08:17:13 - [TEST_STEP][PASSED] - takeScreenshot(): Taking screenshot successfully

2020-01-16 08:17:13 - [MESSAGE][PASSED] - Taking screenshot successfully
[[ATTACHMENT|C:\\Users\\chandu.t\\Katalon Studio\\NJS_Chandu\\Reports\\20200116_081200\\NJS_Chandu\\20200116_081200\\1579142833382.png]]

2020-01-16 08:17:13 - [TEST_STEP][PASSED] - closeBrowser(): Browser is closed

2020-01-16 08:17:25 - [MESSAGE][PASSED] - Browser is closed]]></system-out>
         <system-err><![CDATA[]]></system-err>
      </testcase>
      <system-out><![CDATA[2020-01-16 08:12:08 - [TEST_SUITE][PASSED] - NJS_Chandu: Test Cases/Naukri/deleteandupload1]]></system-out>
      <system-err><![CDATA[]]></system-err>
   </testsuite>
</testsuites>
