<?xml version="1.0" encoding="UTF-8"?>
<testsuites name="NJS_Chandu" time="278.043" tests="3" failures="0" errors="0">
   <testsuite name="NJS_Chandu" tests="3" failures="0" errors="0" time="278.043" timestamp="2020-01-01 07:39:31" hostname="chandu.t - wlpt518.imidomain.com" id="Test Suites/NJS_Chandu">
      <properties>
         <property name="deviceName" value=""/>
         <property name="devicePlatform" value=""/>
         <property name="logFolder" value="C:\\Users\\chandu.t\\Katalon Studio\\NJS_Chandu\\Reports\\20200101_073925\\NJS_Chandu\\20200101_073925"/>
         <property name="logFiles" value="C:\\Users\\chandu.t\\Katalon Studio\\NJS_Chandu\\Reports\\20200101_073925\\NJS_Chandu\\20200101_073925\\execution0.log"/>
         <property name="attachments" value="C:\\Users\\chandu.t\\Katalon Studio\\NJS_Chandu\\Reports\\20200101_073925\\NJS_Chandu\\20200101_073925\\1577844648339.png, C:\\Users\\chandu.t\\Katalon Studio\\NJS_Chandu\\Reports\\20200101_073925\\NJS_Chandu\\20200101_073925\\1577844660250.png, C:\\Users\\chandu.t\\Katalon Studio\\NJS_Chandu\\Reports\\20200101_073925\\NJS_Chandu\\20200101_073925\\1577844673418.png, C:\\Users\\chandu.t\\Katalon Studio\\NJS_Chandu\\Reports\\20200101_073925\\NJS_Chandu\\20200101_073925\\1577844736262.png, C:\\Users\\chandu.t\\Katalon Studio\\NJS_Chandu\\Reports\\20200101_073925\\NJS_Chandu\\20200101_073925\\1577844747235.png, C:\\Users\\chandu.t\\Katalon Studio\\NJS_Chandu\\Reports\\20200101_073925\\NJS_Chandu\\20200101_073925\\1577844759742.png, C:\\Users\\chandu.t\\Katalon Studio\\NJS_Chandu\\Reports\\20200101_073925\\NJS_Chandu\\20200101_073925\\1577844824555.png, C:\\Users\\chandu.t\\Katalon Studio\\NJS_Chandu\\Reports\\20200101_073925\\NJS_Chandu\\20200101_073925\\1577844835312.png, C:\\Users\\chandu.t\\Katalon Studio\\NJS_Chandu\\Reports\\20200101_073925\\NJS_Chandu\\20200101_073925\\1577844848260.png"/>
         <property name="hostName" value="chandu.t - wlpt518.imidomain.com"/>
         <property name="os" value="Windows 10 64bit"/>
         <property name="katalonVersion" value="7.1.2.1"/>
         <property name="browser" value="Chrome 77.0.3865.75"/>
         <property name="hostAddress" value="172.16.41.19"/>
         <property name="sessionId" value="3903ccf0df2bd2385627e9e99d0487db"/>
         <property name="seleniumVersion" value="3.141.59"/>
         <property name="proxyInformation" value="ProxyInformation{proxyOption=NO_PROXY, proxyServerType=HTTP, password=, proxyServerAddress=, proxyServerPort=0, executionList=}"/>
         <property name="platform" value="Windows 10"/>
      </properties>
      <testcase name="Test Cases/deleteandupload3" time="102.476" classname="Test Cases/deleteandupload3" status="PASSED">
         <system-out><![CDATA[2020-01-01 07:39:32 - [TEST_CASE][PASSED] - Test Cases/deleteandupload3: Test Cases/deleteandupload3

2020-01-01 07:39:34 - [TEST_STEP][PASSED] - openBrowser(findTestData("LoginDetailsNJS").getValue(1, 3)): Browser is opened with url: 'https://www.naukri.com/'

2020-01-01 07:39:37 - [MESSAGE][INFO] - Starting 'Chrome' driver

2020-01-01 07:39:38 - [MESSAGE][INFO] - User set preference: ['args', '[--incognito]']

2020-01-01 07:39:38 - [MESSAGE][INFO] - Action delay is set to 0 seconds

2020-01-01 07:39:53 - [MESSAGE][PASSED] - Browser is opened with url: 'https://www.naukri.com/'

2020-01-01 07:39:53 - [TEST_STEP][PASSED] - closeWindowIndex(1): Window with index 1 is closed

2020-01-01 07:39:58 - [MESSAGE][PASSED] - Window with index 1 is closed

2020-01-01 07:39:58 - [TEST_STEP][NOT_RUN] - closeWindowIndex(1): NOT_RUN: closeWindowIndex(1)

2020-01-01 07:39:58 - [MESSAGE][NOT_RUN] - NOT_RUN: closeWindowIndex(1)

2020-01-01 07:39:58 - [TEST_STEP][PASSED] - switchToWindowIndex(0): Switched to window with index: '0'

2020-01-01 07:39:58 - [MESSAGE][PASSED] - Switched to window with index: '0'

2020-01-01 07:39:58 - [TEST_STEP][PASSED] - maximizeWindow(): Current window maximized

2020-01-01 07:40:02 - [MESSAGE][PASSED] - Current window maximized

2020-01-01 07:40:02 - [TEST_STEP][PASSED] - click(findTestObject("LoginButton")): Object: 'Object Repository/LoginButton' is clicked on

2020-01-01 07:40:03 - [MESSAGE][PASSED] - Object: 'Object Repository/LoginButton' is clicked on

2020-01-01 07:40:03 - [TEST_STEP][PASSED] - click(findTestObject("GoogleButton")): Object: 'Object Repository/GoogleButton' is clicked on

2020-01-01 07:40:04 - [MESSAGE][PASSED] - Object: 'Object Repository/GoogleButton' is clicked on

2020-01-01 07:40:04 - [TEST_STEP][PASSED] - switchToWindowIndex(1): Switched to window with index: '1'

2020-01-01 07:40:09 - [MESSAGE][PASSED] - Switched to window with index: '1'

2020-01-01 07:40:09 - [TEST_STEP][PASSED] - setText(findTestObject("UserName"), findTestData("LoginDetailsNJS").getValue(2, 3)): Text 'chandut1024@gmail.com' is set on object 'Object Repository/UserName'

2020-01-01 07:40:10 - [MESSAGE][PASSED] - Text 'chandut1024@gmail.com' is set on object 'Object Repository/UserName'

2020-01-01 07:40:10 - [TEST_STEP][PASSED] - click(findTestObject("NextButton")): Object: 'Object Repository/NextButton' is clicked on

2020-01-01 07:40:12 - [MESSAGE][PASSED] - Object: 'Object Repository/NextButton' is clicked on

2020-01-01 07:40:12 - [TEST_STEP][PASSED] - delay(5): Delayed 5 second(s)

2020-01-01 07:40:17 - [MESSAGE][PASSED] - Delayed 5 second(s)

2020-01-01 07:40:17 - [TEST_STEP][PASSED] - setText(findTestObject("Password"), findTestData("LoginDetailsNJS").getValue(3, 3)): Text 'achala$123' is set on object 'Object Repository/Password'

2020-01-01 07:40:18 - [MESSAGE][PASSED] - Text 'achala$123' is set on object 'Object Repository/Password'

2020-01-01 07:40:18 - [TEST_STEP][PASSED] - click(findTestObject("NextButton")): Object: 'Object Repository/NextButton' is clicked on

2020-01-01 07:40:19 - [MESSAGE][PASSED] - Object: 'Object Repository/NextButton' is clicked on

2020-01-01 07:40:19 - [TEST_STEP][PASSED] - switchToWindowIndex(0): Switched to window with index: '0'

2020-01-01 07:40:19 - [MESSAGE][PASSED] - Switched to window with index: '0'

2020-01-01 07:40:19 - [TEST_STEP][PASSED] - delay(10): Delayed 10 second(s)

2020-01-01 07:40:29 - [MESSAGE][PASSED] - Delayed 10 second(s)

2020-01-01 07:40:29 - [TEST_STEP][PASSED] - click(findTestObject("ProfileName")): Object: 'Object Repository/ProfileName' is clicked on

2020-01-01 07:40:30 - [MESSAGE][PASSED] - Object: 'Object Repository/ProfileName' is clicked on

2020-01-01 07:40:30 - [TEST_STEP][PASSED] - click(findTestObject("DeleteResumeButton")): Object: 'Object Repository/DeleteResumeButton' is clicked on

2020-01-01 07:40:32 - [MESSAGE][PASSED] - Object: 'Object Repository/DeleteResumeButton' is clicked on

2020-01-01 07:40:32 - [TEST_STEP][PASSED] - click(findTestObject("DeleteResumeConfirm")): Object: 'Object Repository/DeleteResumeConfirm' is clicked on

2020-01-01 07:40:33 - [MESSAGE][PASSED] - Object: 'Object Repository/DeleteResumeConfirm' is clicked on

2020-01-01 07:40:33 - [TEST_STEP][PASSED] - delay(15): Delayed 15 second(s)

2020-01-01 07:40:48 - [MESSAGE][PASSED] - Delayed 15 second(s)

2020-01-01 07:40:48 - [TEST_STEP][PASSED] - takeScreenshot(): Taking screenshot successfully

2020-01-01 07:40:48 - [MESSAGE][PASSED] - Taking screenshot successfully
[[ATTACHMENT|C:\\Users\\chandu.t\\Katalon Studio\\NJS_Chandu\\Reports\\20200101_073925\\NJS_Chandu\\20200101_073925\\1577844648339.png]]

2020-01-01 07:40:49 - [TEST_STEP][PASSED] - uploadFile(findTestObject("UploadResumeButton"), findTestData("LoginDetailsNJS").getValue(5, 3)): File 'D:\chanduR\Resume3.docx' sent to object: 'Object Repository/UploadResumeButton'

2020-01-01 07:40:50 - [MESSAGE][PASSED] - File 'D:\chanduR\Resume3.docx' sent to object: 'Object Repository/UploadResumeButton'

2020-01-01 07:40:50 - [TEST_STEP][PASSED] - delay(10): Delayed 10 second(s)

2020-01-01 07:41:00 - [MESSAGE][PASSED] - Delayed 10 second(s)

2020-01-01 07:41:00 - [TEST_STEP][NOT_RUN] - click(findTestObject("EditResumeHeadline")): NOT_RUN: click(findTestObject("EditResumeHeadline"))

2020-01-01 07:41:00 - [MESSAGE][NOT_RUN] - NOT_RUN: click(findTestObject("EditResumeHeadline"))

2020-01-01 07:41:00 - [TEST_STEP][NOT_RUN] - setText(findTestObject("ResumeHeadLineText"), "."): NOT_RUN: setText(findTestObject("ResumeHeadLineText"), ".")

2020-01-01 07:41:00 - [MESSAGE][NOT_RUN] - NOT_RUN: setText(findTestObject("ResumeHeadLineText"), ".")

2020-01-01 07:41:00 - [TEST_STEP][NOT_RUN] - click(findTestObject("SaveResumeHeadLineButton")): NOT_RUN: click(findTestObject("SaveResumeHeadLineButton"))

2020-01-01 07:41:00 - [MESSAGE][NOT_RUN] - NOT_RUN: click(findTestObject("SaveResumeHeadLineButton"))

2020-01-01 07:41:00 - [TEST_STEP][PASSED] - takeScreenshot(): Taking screenshot successfully

2020-01-01 07:41:00 - [MESSAGE][PASSED] - Taking screenshot successfully
[[ATTACHMENT|C:\\Users\\chandu.t\\Katalon Studio\\NJS_Chandu\\Reports\\20200101_073925\\NJS_Chandu\\20200101_073925\\1577844660250.png]]

2020-01-01 07:41:00 - [TEST_STEP][PASSED] - refresh(): Refresh successfully

2020-01-01 07:41:03 - [MESSAGE][PASSED] - Refresh successfully

2020-01-01 07:41:03 - [TEST_STEP][PASSED] - delay(10): Delayed 10 second(s)

2020-01-01 07:41:13 - [MESSAGE][PASSED] - Delayed 10 second(s)

2020-01-01 07:41:13 - [TEST_STEP][PASSED] - takeScreenshot(): Taking screenshot successfully

2020-01-01 07:41:13 - [MESSAGE][PASSED] - Taking screenshot successfully
[[ATTACHMENT|C:\\Users\\chandu.t\\Katalon Studio\\NJS_Chandu\\Reports\\20200101_073925\\NJS_Chandu\\20200101_073925\\1577844673418.png]]

2020-01-01 07:41:13 - [TEST_STEP][PASSED] - closeBrowser(): Browser is closed

2020-01-01 07:41:15 - [MESSAGE][PASSED] - Browser is closed]]></system-out>
         <system-err><![CDATA[]]></system-err>
      </testcase>
      <testcase name="Test Cases/deleteandupload2" time="87.003" classname="Test Cases/deleteandupload2" status="PASSED">
         <system-out><![CDATA[2020-01-01 07:41:15 - [TEST_CASE][PASSED] - Test Cases/deleteandupload2: Test Cases/deleteandupload2

2020-01-01 07:41:15 - [TEST_STEP][PASSED] - openBrowser(findTestData("LoginDetailsNJS").getValue(1, 2)): Browser is opened with url: 'https://www.naukri.com/'

2020-01-01 07:41:16 - [MESSAGE][INFO] - Starting 'Chrome' driver

2020-01-01 07:41:16 - [MESSAGE][INFO] - User set preference: ['args', '[--incognito]']

2020-01-01 07:41:26 - [MESSAGE][PASSED] - Browser is opened with url: 'https://www.naukri.com/'

2020-01-01 07:41:26 - [TEST_STEP][PASSED] - closeWindowIndex(1): Window with index 1 is closed

2020-01-01 07:41:30 - [MESSAGE][PASSED] - Window with index 1 is closed

2020-01-01 07:41:30 - [TEST_STEP][NOT_RUN] - closeWindowIndex(1): NOT_RUN: closeWindowIndex(1)

2020-01-01 07:41:30 - [MESSAGE][NOT_RUN] - NOT_RUN: closeWindowIndex(1)

2020-01-01 07:41:30 - [TEST_STEP][PASSED] - switchToWindowIndex(0): Switched to window with index: '0'

2020-01-01 07:41:30 - [MESSAGE][PASSED] - Switched to window with index: '0'

2020-01-01 07:41:30 - [TEST_STEP][PASSED] - maximizeWindow(): Current window maximized

2020-01-01 07:41:34 - [MESSAGE][PASSED] - Current window maximized

2020-01-01 07:41:34 - [TEST_STEP][PASSED] - click(findTestObject("LoginButton")): Object: 'Object Repository/LoginButton' is clicked on

2020-01-01 07:41:35 - [MESSAGE][PASSED] - Object: 'Object Repository/LoginButton' is clicked on

2020-01-01 07:41:35 - [TEST_STEP][PASSED] - click(findTestObject("GoogleButton")): Object: 'Object Repository/GoogleButton' is clicked on

2020-01-01 07:41:36 - [MESSAGE][PASSED] - Object: 'Object Repository/GoogleButton' is clicked on

2020-01-01 07:41:36 - [TEST_STEP][PASSED] - switchToWindowIndex(1): Switched to window with index: '1'

2020-01-01 07:41:40 - [MESSAGE][PASSED] - Switched to window with index: '1'

2020-01-01 07:41:40 - [TEST_STEP][PASSED] - setText(findTestObject("UserName"), findTestData("LoginDetailsNJS").getValue(2, 2)): Text 'chanduthota371@gmail.com' is set on object 'Object Repository/UserName'

2020-01-01 07:41:41 - [MESSAGE][PASSED] - Text 'chanduthota371@gmail.com' is set on object 'Object Repository/UserName'

2020-01-01 07:41:41 - [TEST_STEP][PASSED] - click(findTestObject("NextButton")): Object: 'Object Repository/NextButton' is clicked on

2020-01-01 07:41:42 - [MESSAGE][PASSED] - Object: 'Object Repository/NextButton' is clicked on

2020-01-01 07:41:42 - [TEST_STEP][PASSED] - delay(5): Delayed 5 second(s)

2020-01-01 07:41:47 - [MESSAGE][PASSED] - Delayed 5 second(s)

2020-01-01 07:41:47 - [TEST_STEP][PASSED] - setText(findTestObject("Password"), findTestData("LoginDetailsNJS").getValue(3, 2)): Text 'achala$123' is set on object 'Object Repository/Password'

2020-01-01 07:41:48 - [MESSAGE][PASSED] - Text 'achala$123' is set on object 'Object Repository/Password'

2020-01-01 07:41:48 - [TEST_STEP][PASSED] - click(findTestObject("NextButton")): Object: 'Object Repository/NextButton' is clicked on

2020-01-01 07:41:48 - [MESSAGE][PASSED] - Object: 'Object Repository/NextButton' is clicked on

2020-01-01 07:41:48 - [TEST_STEP][PASSED] - switchToWindowIndex(0): Switched to window with index: '0'

2020-01-01 07:41:48 - [MESSAGE][PASSED] - Switched to window with index: '0'

2020-01-01 07:41:48 - [TEST_STEP][PASSED] - delay(10): Delayed 10 second(s)

2020-01-01 07:41:58 - [MESSAGE][PASSED] - Delayed 10 second(s)

2020-01-01 07:41:58 - [TEST_STEP][PASSED] - click(findTestObject("ProfileName")): Object: 'Object Repository/ProfileName' is clicked on

2020-01-01 07:41:59 - [MESSAGE][PASSED] - Object: 'Object Repository/ProfileName' is clicked on

2020-01-01 07:41:59 - [TEST_STEP][PASSED] - click(findTestObject("DeleteResumeButton")): Object: 'Object Repository/DeleteResumeButton' is clicked on

2020-01-01 07:42:00 - [MESSAGE][PASSED] - Object: 'Object Repository/DeleteResumeButton' is clicked on

2020-01-01 07:42:00 - [TEST_STEP][PASSED] - click(findTestObject("DeleteResumeConfirm")): Object: 'Object Repository/DeleteResumeConfirm' is clicked on

2020-01-01 07:42:01 - [MESSAGE][PASSED] - Object: 'Object Repository/DeleteResumeConfirm' is clicked on

2020-01-01 07:42:01 - [TEST_STEP][PASSED] - delay(15): Delayed 15 second(s)

2020-01-01 07:42:16 - [MESSAGE][PASSED] - Delayed 15 second(s)

2020-01-01 07:42:16 - [TEST_STEP][PASSED] - takeScreenshot(): Taking screenshot successfully

2020-01-01 07:42:16 - [MESSAGE][PASSED] - Taking screenshot successfully
[[ATTACHMENT|C:\\Users\\chandu.t\\Katalon Studio\\NJS_Chandu\\Reports\\20200101_073925\\NJS_Chandu\\20200101_073925\\1577844736262.png]]

2020-01-01 07:42:16 - [TEST_STEP][PASSED] - uploadFile(findTestObject("UploadResumeButton"), findTestData("LoginDetailsNJS").getValue(5, 2)): File 'D:\chanduR\Resume2.docx' sent to object: 'Object Repository/UploadResumeButton'

2020-01-01 07:42:17 - [MESSAGE][PASSED] - File 'D:\chanduR\Resume2.docx' sent to object: 'Object Repository/UploadResumeButton'

2020-01-01 07:42:17 - [TEST_STEP][PASSED] - delay(10): Delayed 10 second(s)

2020-01-01 07:42:27 - [MESSAGE][PASSED] - Delayed 10 second(s)

2020-01-01 07:42:27 - [TEST_STEP][NOT_RUN] - click(findTestObject("EditResumeHeadline")): NOT_RUN: click(findTestObject("EditResumeHeadline"))

2020-01-01 07:42:27 - [MESSAGE][NOT_RUN] - NOT_RUN: click(findTestObject("EditResumeHeadline"))

2020-01-01 07:42:27 - [TEST_STEP][NOT_RUN] - setText(findTestObject("ResumeHeadLineText"), "."): NOT_RUN: setText(findTestObject("ResumeHeadLineText"), ".")

2020-01-01 07:42:27 - [MESSAGE][NOT_RUN] - NOT_RUN: setText(findTestObject("ResumeHeadLineText"), ".")

2020-01-01 07:42:27 - [TEST_STEP][NOT_RUN] - click(findTestObject("SaveResumeHeadLineButton")): NOT_RUN: click(findTestObject("SaveResumeHeadLineButton"))

2020-01-01 07:42:27 - [MESSAGE][NOT_RUN] - NOT_RUN: click(findTestObject("SaveResumeHeadLineButton"))

2020-01-01 07:42:27 - [TEST_STEP][PASSED] - takeScreenshot(): Taking screenshot successfully

2020-01-01 07:42:27 - [MESSAGE][PASSED] - Taking screenshot successfully
[[ATTACHMENT|C:\\Users\\chandu.t\\Katalon Studio\\NJS_Chandu\\Reports\\20200101_073925\\NJS_Chandu\\20200101_073925\\1577844747235.png]]

2020-01-01 07:42:27 - [TEST_STEP][PASSED] - refresh(): Refresh successfully

2020-01-01 07:42:29 - [MESSAGE][PASSED] - Refresh successfully

2020-01-01 07:42:29 - [TEST_STEP][PASSED] - delay(10): Delayed 10 second(s)

2020-01-01 07:42:39 - [MESSAGE][PASSED] - Delayed 10 second(s)

2020-01-01 07:42:39 - [TEST_STEP][PASSED] - takeScreenshot(): Taking screenshot successfully

2020-01-01 07:42:40 - [MESSAGE][PASSED] - Taking screenshot successfully
[[ATTACHMENT|C:\\Users\\chandu.t\\Katalon Studio\\NJS_Chandu\\Reports\\20200101_073925\\NJS_Chandu\\20200101_073925\\1577844759742.png]]

2020-01-01 07:42:40 - [TEST_STEP][PASSED] - closeBrowser(): Browser is closed

2020-01-01 07:42:42 - [MESSAGE][PASSED] - Browser is closed]]></system-out>
         <system-err><![CDATA[]]></system-err>
      </testcase>
      <testcase name="Test Cases/deleteandupload1" time="87.602" classname="Test Cases/deleteandupload1" status="PASSED">
         <system-out><![CDATA[2020-01-01 07:42:42 - [TEST_CASE][PASSED] - Test Cases/deleteandupload1: Test Cases/deleteandupload1

2020-01-01 07:42:42 - [TEST_STEP][PASSED] - openBrowser(findTestData("LoginDetailsNJS").getValue(1, 1)): Browser is opened with url: 'https://www.naukri.com/'

2020-01-01 07:42:43 - [MESSAGE][INFO] - Starting 'Chrome' driver

2020-01-01 07:42:43 - [MESSAGE][INFO] - User set preference: ['args', '[--incognito]']

2020-01-01 07:42:55 - [MESSAGE][PASSED] - Browser is opened with url: 'https://www.naukri.com/'

2020-01-01 07:42:55 - [TEST_STEP][PASSED] - closeWindowIndex(1): Window with index 1 is closed

2020-01-01 07:42:59 - [MESSAGE][PASSED] - Window with index 1 is closed

2020-01-01 07:42:59 - [TEST_STEP][NOT_RUN] - closeWindowIndex(1): NOT_RUN: closeWindowIndex(1)

2020-01-01 07:42:59 - [MESSAGE][NOT_RUN] - NOT_RUN: closeWindowIndex(1)

2020-01-01 07:42:59 - [TEST_STEP][PASSED] - switchToWindowIndex(0): Switched to window with index: '0'

2020-01-01 07:42:59 - [MESSAGE][PASSED] - Switched to window with index: '0'

2020-01-01 07:42:59 - [TEST_STEP][PASSED] - maximizeWindow(): Current window maximized

2020-01-01 07:43:03 - [MESSAGE][PASSED] - Current window maximized

2020-01-01 07:43:03 - [TEST_STEP][PASSED] - click(findTestObject("LoginButton")): Object: 'Object Repository/LoginButton' is clicked on

2020-01-01 07:43:04 - [MESSAGE][PASSED] - Object: 'Object Repository/LoginButton' is clicked on

2020-01-01 07:43:04 - [TEST_STEP][PASSED] - click(findTestObject("GoogleButton")): Object: 'Object Repository/GoogleButton' is clicked on

2020-01-01 07:43:05 - [MESSAGE][PASSED] - Object: 'Object Repository/GoogleButton' is clicked on

2020-01-01 07:43:05 - [TEST_STEP][PASSED] - switchToWindowIndex(1): Switched to window with index: '1'

2020-01-01 07:43:09 - [MESSAGE][PASSED] - Switched to window with index: '1'

2020-01-01 07:43:09 - [TEST_STEP][PASSED] - setText(findTestObject("UserName"), findTestData("LoginDetailsNJS").getValue(2, 1)): Text 'thota.chandu1@gmail.com' is set on object 'Object Repository/UserName'

2020-01-01 07:43:10 - [MESSAGE][PASSED] - Text 'thota.chandu1@gmail.com' is set on object 'Object Repository/UserName'

2020-01-01 07:43:10 - [TEST_STEP][PASSED] - click(findTestObject("NextButton")): Object: 'Object Repository/NextButton' is clicked on

2020-01-01 07:43:10 - [MESSAGE][PASSED] - Object: 'Object Repository/NextButton' is clicked on

2020-01-01 07:43:10 - [TEST_STEP][PASSED] - delay(5): Delayed 5 second(s)

2020-01-01 07:43:15 - [MESSAGE][PASSED] - Delayed 5 second(s)

2020-01-01 07:43:15 - [TEST_STEP][PASSED] - setText(findTestObject("Password"), findTestData("LoginDetailsNJS").getValue(3, 1)): Text 'achala$123' is set on object 'Object Repository/Password'

2020-01-01 07:43:16 - [MESSAGE][PASSED] - Text 'achala$123' is set on object 'Object Repository/Password'

2020-01-01 07:43:16 - [TEST_STEP][PASSED] - click(findTestObject("NextButton")): Object: 'Object Repository/NextButton' is clicked on

2020-01-01 07:43:16 - [MESSAGE][PASSED] - Object: 'Object Repository/NextButton' is clicked on

2020-01-01 07:43:16 - [TEST_STEP][PASSED] - switchToWindowIndex(0): Switched to window with index: '0'

2020-01-01 07:43:16 - [MESSAGE][PASSED] - Switched to window with index: '0'

2020-01-01 07:43:16 - [TEST_STEP][PASSED] - delay(10): Delayed 10 second(s)

2020-01-01 07:43:26 - [MESSAGE][PASSED] - Delayed 10 second(s)

2020-01-01 07:43:26 - [TEST_STEP][PASSED] - click(findTestObject("ProfileName")): Object: 'Object Repository/ProfileName' is clicked on

2020-01-01 07:43:27 - [MESSAGE][PASSED] - Object: 'Object Repository/ProfileName' is clicked on

2020-01-01 07:43:27 - [TEST_STEP][PASSED] - click(findTestObject("DeleteResumeButton")): Object: 'Object Repository/DeleteResumeButton' is clicked on

2020-01-01 07:43:28 - [MESSAGE][PASSED] - Object: 'Object Repository/DeleteResumeButton' is clicked on

2020-01-01 07:43:28 - [TEST_STEP][PASSED] - click(findTestObject("DeleteResumeConfirm")): Object: 'Object Repository/DeleteResumeConfirm' is clicked on

2020-01-01 07:43:29 - [MESSAGE][PASSED] - Object: 'Object Repository/DeleteResumeConfirm' is clicked on

2020-01-01 07:43:29 - [TEST_STEP][PASSED] - delay(15): Delayed 15 second(s)

2020-01-01 07:43:44 - [MESSAGE][PASSED] - Delayed 15 second(s)

2020-01-01 07:43:44 - [TEST_STEP][PASSED] - takeScreenshot(): Taking screenshot successfully

2020-01-01 07:43:44 - [MESSAGE][PASSED] - Taking screenshot successfully
[[ATTACHMENT|C:\\Users\\chandu.t\\Katalon Studio\\NJS_Chandu\\Reports\\20200101_073925\\NJS_Chandu\\20200101_073925\\1577844824555.png]]

2020-01-01 07:43:44 - [TEST_STEP][PASSED] - uploadFile(findTestObject("UploadResumeButton"), findTestData("LoginDetailsNJS").getValue(5, 1)): File 'D:\chanduR\Resume1.docx' sent to object: 'Object Repository/UploadResumeButton'

2020-01-01 07:43:45 - [MESSAGE][PASSED] - File 'D:\chanduR\Resume1.docx' sent to object: 'Object Repository/UploadResumeButton'

2020-01-01 07:43:45 - [TEST_STEP][PASSED] - delay(10): Delayed 10 second(s)

2020-01-01 07:43:55 - [MESSAGE][PASSED] - Delayed 10 second(s)

2020-01-01 07:43:55 - [TEST_STEP][NOT_RUN] - click(findTestObject("EditResumeHeadline")): NOT_RUN: click(findTestObject("EditResumeHeadline"))

2020-01-01 07:43:55 - [MESSAGE][NOT_RUN] - NOT_RUN: click(findTestObject("EditResumeHeadline"))

2020-01-01 07:43:55 - [TEST_STEP][NOT_RUN] - setText(findTestObject("ResumeHeadLineText"), "."): NOT_RUN: setText(findTestObject("ResumeHeadLineText"), ".")

2020-01-01 07:43:55 - [MESSAGE][NOT_RUN] - NOT_RUN: setText(findTestObject("ResumeHeadLineText"), ".")

2020-01-01 07:43:55 - [TEST_STEP][NOT_RUN] - click(findTestObject("SaveResumeHeadLineButton")): NOT_RUN: click(findTestObject("SaveResumeHeadLineButton"))

2020-01-01 07:43:55 - [MESSAGE][NOT_RUN] - NOT_RUN: click(findTestObject("SaveResumeHeadLineButton"))

2020-01-01 07:43:55 - [TEST_STEP][PASSED] - takeScreenshot(): Taking screenshot successfully

2020-01-01 07:43:55 - [MESSAGE][PASSED] - Taking screenshot successfully
[[ATTACHMENT|C:\\Users\\chandu.t\\Katalon Studio\\NJS_Chandu\\Reports\\20200101_073925\\NJS_Chandu\\20200101_073925\\1577844835312.png]]

2020-01-01 07:43:55 - [TEST_STEP][PASSED] - refresh(): Refresh successfully

2020-01-01 07:43:58 - [MESSAGE][PASSED] - Refresh successfully

2020-01-01 07:43:58 - [TEST_STEP][PASSED] - delay(10): Delayed 10 second(s)

2020-01-01 07:44:08 - [MESSAGE][PASSED] - Delayed 10 second(s)

2020-01-01 07:44:08 - [TEST_STEP][PASSED] - takeScreenshot(): Taking screenshot successfully

2020-01-01 07:44:08 - [MESSAGE][PASSED] - Taking screenshot successfully
[[ATTACHMENT|C:\\Users\\chandu.t\\Katalon Studio\\NJS_Chandu\\Reports\\20200101_073925\\NJS_Chandu\\20200101_073925\\1577844848260.png]]

2020-01-01 07:44:08 - [TEST_STEP][PASSED] - closeBrowser(): Browser is closed

2020-01-01 07:44:09 - [MESSAGE][PASSED] - Browser is closed]]></system-out>
         <system-err><![CDATA[]]></system-err>
      </testcase>
      <system-out><![CDATA[2020-01-01 07:39:31 - [TEST_SUITE][PASSED] - NJS_Chandu: Test Cases/deleteandupload1]]></system-out>
      <system-err><![CDATA[]]></system-err>
   </testsuite>
</testsuites>
