<?xml version="1.0" encoding="UTF-8"?>
<testsuites name="NJS_Chandu" time="319.327" tests="3" failures="0" errors="0">
   <testsuite name="NJS_Chandu" tests="3" failures="0" errors="0" time="319.327" timestamp="2019-12-18 16:41:56" hostname="chandu.t - wlpt518.imidomain.com" id="Test Suites/NJS_Chandu">
      <properties>
         <property name="deviceName" value=""/>
         <property name="devicePlatform" value=""/>
         <property name="logFolder" value="C:\\Users\\chandu.t\\Katalon Studio\\NJS_Chandu\\Reports\\20191218_164148\\NJS_Chandu\\20191218_164148"/>
         <property name="logFiles" value="C:\\Users\\chandu.t\\Katalon Studio\\NJS_Chandu\\Reports\\20191218_164148\\NJS_Chandu\\20191218_164148\\execution0.log"/>
         <property name="attachments" value="C:\\Users\\chandu.t\\Katalon Studio\\NJS_Chandu\\Reports\\20191218_164148\\NJS_Chandu\\20191218_164148\\1576667611077.png, C:\\Users\\chandu.t\\Katalon Studio\\NJS_Chandu\\Reports\\20191218_164148\\NJS_Chandu\\20191218_164148\\1576667622608.png, C:\\Users\\chandu.t\\Katalon Studio\\NJS_Chandu\\Reports\\20191218_164148\\NJS_Chandu\\20191218_164148\\1576667635896.png, C:\\Users\\chandu.t\\Katalon Studio\\NJS_Chandu\\Reports\\20191218_164148\\NJS_Chandu\\20191218_164148\\1576667715707.png, C:\\Users\\chandu.t\\Katalon Studio\\NJS_Chandu\\Reports\\20191218_164148\\NJS_Chandu\\20191218_164148\\1576667726597.png, C:\\Users\\chandu.t\\Katalon Studio\\NJS_Chandu\\Reports\\20191218_164148\\NJS_Chandu\\20191218_164148\\1576667739283.png, C:\\Users\\chandu.t\\Katalon Studio\\NJS_Chandu\\Reports\\20191218_164148\\NJS_Chandu\\20191218_164148\\1576667810825.png, C:\\Users\\chandu.t\\Katalon Studio\\NJS_Chandu\\Reports\\20191218_164148\\NJS_Chandu\\20191218_164148\\1576667821663.png, C:\\Users\\chandu.t\\Katalon Studio\\NJS_Chandu\\Reports\\20191218_164148\\NJS_Chandu\\20191218_164148\\1576667834289.png"/>
         <property name="hostName" value="chandu.t - wlpt518.imidomain.com"/>
         <property name="os" value="Windows 10 64bit"/>
         <property name="katalonVersion" value="7.1.2.1"/>
         <property name="browser" value="Chrome 77.0.3865.75"/>
         <property name="hostAddress" value="10.0.26.179"/>
         <property name="sessionId" value="7e2ae33f033482a7075ed155011a09c4"/>
         <property name="seleniumVersion" value="3.141.59"/>
         <property name="proxyInformation" value="ProxyInformation{proxyOption=NO_PROXY, proxyServerType=HTTP, password=, proxyServerAddress=, proxyServerPort=0, executionList=}"/>
         <property name="platform" value="Windows 10"/>
      </properties>
      <testcase name="Test Cases/deleteandupload3" time="120.051" classname="Test Cases/deleteandupload3" status="PASSED">
         <system-out><![CDATA[2019-12-18 16:41:57 - [TEST_CASE][PASSED] - Test Cases/deleteandupload3: Test Cases/deleteandupload3

2019-12-18 16:41:58 - [TEST_STEP][PASSED] - openBrowser(findTestData("LoginDetailsNJS").getValue(1, 3)): Browser is opened with url: 'https://www.naukri.com/'

2019-12-18 16:42:01 - [MESSAGE][INFO] - Starting 'Chrome' driver

2019-12-18 16:42:01 - [MESSAGE][INFO] - User set preference: ['args', '[--incognito]']

2019-12-18 16:42:01 - [MESSAGE][INFO] - Action delay is set to 0 seconds

2019-12-18 16:42:44 - [MESSAGE][PASSED] - Browser is opened with url: 'https://www.naukri.com/'

2019-12-18 16:42:44 - [TEST_STEP][PASSED] - closeWindowIndex(1): Window with index 1 is closed

2019-12-18 16:42:45 - [MESSAGE][PASSED] - Window with index 1 is closed

2019-12-18 16:42:45 - [TEST_STEP][PASSED] - closeWindowIndex(1): Window with index 1 is closed

2019-12-18 16:42:47 - [MESSAGE][PASSED] - Window with index 1 is closed

2019-12-18 16:42:47 - [TEST_STEP][PASSED] - switchToWindowIndex(0): Switched to window with index: '0'

2019-12-18 16:42:47 - [MESSAGE][PASSED] - Switched to window with index: '0'

2019-12-18 16:42:47 - [TEST_STEP][PASSED] - maximizeWindow(): Current window maximized

2019-12-18 16:42:48 - [MESSAGE][PASSED] - Current window maximized

2019-12-18 16:42:48 - [TEST_STEP][PASSED] - click(findTestObject("LoginButton")): Object: 'Object Repository/LoginButton' is clicked on

2019-12-18 16:42:49 - [MESSAGE][PASSED] - Object: 'Object Repository/LoginButton' is clicked on

2019-12-18 16:42:49 - [TEST_STEP][PASSED] - click(findTestObject("GoogleButton")): Object: 'Object Repository/GoogleButton' is clicked on

2019-12-18 16:42:50 - [MESSAGE][PASSED] - Object: 'Object Repository/GoogleButton' is clicked on

2019-12-18 16:42:50 - [TEST_STEP][PASSED] - switchToWindowIndex(1): Switched to window with index: '1'

2019-12-18 16:42:51 - [MESSAGE][PASSED] - Switched to window with index: '1'

2019-12-18 16:42:51 - [TEST_STEP][PASSED] - setText(findTestObject("UserName"), findTestData("LoginDetailsNJS").getValue(2, 3)): Text 'chandut1024@gmail.com' is set on object 'Object Repository/UserName'

2019-12-18 16:42:56 - [MESSAGE][PASSED] - Text 'chandut1024@gmail.com' is set on object 'Object Repository/UserName'

2019-12-18 16:42:56 - [TEST_STEP][PASSED] - click(findTestObject("NextButton")): Object: 'Object Repository/NextButton' is clicked on

2019-12-18 16:42:57 - [MESSAGE][PASSED] - Object: 'Object Repository/NextButton' is clicked on

2019-12-18 16:42:57 - [TEST_STEP][PASSED] - delay(5): Delayed 5 second(s)

2019-12-18 16:43:02 - [MESSAGE][PASSED] - Delayed 5 second(s)

2019-12-18 16:43:02 - [TEST_STEP][PASSED] - setText(findTestObject("Password"), findTestData("LoginDetailsNJS").getValue(3, 3)): Text 'achala$123' is set on object 'Object Repository/Password'

2019-12-18 16:43:03 - [MESSAGE][PASSED] - Text 'achala$123' is set on object 'Object Repository/Password'

2019-12-18 16:43:03 - [TEST_STEP][PASSED] - click(findTestObject("NextButton")): Object: 'Object Repository/NextButton' is clicked on

2019-12-18 16:43:03 - [MESSAGE][PASSED] - Object: 'Object Repository/NextButton' is clicked on

2019-12-18 16:43:03 - [TEST_STEP][PASSED] - switchToWindowIndex(0): Switched to window with index: '0'

2019-12-18 16:43:03 - [MESSAGE][PASSED] - Switched to window with index: '0'

2019-12-18 16:43:03 - [TEST_STEP][PASSED] - delay(10): Delayed 10 second(s)

2019-12-18 16:43:13 - [MESSAGE][PASSED] - Delayed 10 second(s)

2019-12-18 16:43:13 - [TEST_STEP][PASSED] - click(findTestObject("ProfileName")): Object: 'Object Repository/ProfileName' is clicked on

2019-12-18 16:43:14 - [MESSAGE][PASSED] - Object: 'Object Repository/ProfileName' is clicked on

2019-12-18 16:43:14 - [TEST_STEP][PASSED] - click(findTestObject("DeleteResumeButton")): Object: 'Object Repository/DeleteResumeButton' is clicked on

2019-12-18 16:43:15 - [MESSAGE][PASSED] - Object: 'Object Repository/DeleteResumeButton' is clicked on

2019-12-18 16:43:15 - [TEST_STEP][PASSED] - click(findTestObject("DeleteResumeConfirm")): Object: 'Object Repository/DeleteResumeConfirm' is clicked on

2019-12-18 16:43:15 - [MESSAGE][PASSED] - Object: 'Object Repository/DeleteResumeConfirm' is clicked on

2019-12-18 16:43:15 - [TEST_STEP][PASSED] - delay(15): Delayed 15 second(s)

2019-12-18 16:43:30 - [MESSAGE][PASSED] - Delayed 15 second(s)

2019-12-18 16:43:30 - [TEST_STEP][PASSED] - takeScreenshot(): Taking screenshot successfully

2019-12-18 16:43:31 - [MESSAGE][PASSED] - Taking screenshot successfully
[[ATTACHMENT|C:\\Users\\chandu.t\\Katalon Studio\\NJS_Chandu\\Reports\\20191218_164148\\NJS_Chandu\\20191218_164148\\1576667611077.png]]

2019-12-18 16:43:31 - [TEST_STEP][PASSED] - uploadFile(findTestObject("UploadResumeButton"), findTestData("LoginDetailsNJS").getValue(5, 3)): File 'D:\chanduR\Resume33.docx' sent to object: 'Object Repository/UploadResumeButton'

2019-12-18 16:43:32 - [MESSAGE][PASSED] - File 'D:\chanduR\Resume33.docx' sent to object: 'Object Repository/UploadResumeButton'

2019-12-18 16:43:32 - [TEST_STEP][PASSED] - delay(10): Delayed 10 second(s)

2019-12-18 16:43:42 - [MESSAGE][PASSED] - Delayed 10 second(s)

2019-12-18 16:43:42 - [TEST_STEP][NOT_RUN] - click(findTestObject("EditResumeHeadline")): NOT_RUN: click(findTestObject("EditResumeHeadline"))

2019-12-18 16:43:42 - [MESSAGE][NOT_RUN] - NOT_RUN: click(findTestObject("EditResumeHeadline"))

2019-12-18 16:43:42 - [TEST_STEP][NOT_RUN] - setText(findTestObject("ResumeHeadLineText"), "."): NOT_RUN: setText(findTestObject("ResumeHeadLineText"), ".")

2019-12-18 16:43:42 - [MESSAGE][NOT_RUN] - NOT_RUN: setText(findTestObject("ResumeHeadLineText"), ".")

2019-12-18 16:43:42 - [TEST_STEP][NOT_RUN] - click(findTestObject("SaveResumeHeadLineButton")): NOT_RUN: click(findTestObject("SaveResumeHeadLineButton"))

2019-12-18 16:43:42 - [MESSAGE][NOT_RUN] - NOT_RUN: click(findTestObject("SaveResumeHeadLineButton"))

2019-12-18 16:43:42 - [TEST_STEP][PASSED] - takeScreenshot(): Taking screenshot successfully

2019-12-18 16:43:43 - [MESSAGE][PASSED] - Taking screenshot successfully
[[ATTACHMENT|C:\\Users\\chandu.t\\Katalon Studio\\NJS_Chandu\\Reports\\20191218_164148\\NJS_Chandu\\20191218_164148\\1576667622608.png]]

2019-12-18 16:43:43 - [TEST_STEP][PASSED] - refresh(): Refresh successfully

2019-12-18 16:43:45 - [MESSAGE][PASSED] - Refresh successfully

2019-12-18 16:43:45 - [TEST_STEP][PASSED] - delay(10): Delayed 10 second(s)

2019-12-18 16:43:55 - [MESSAGE][PASSED] - Delayed 10 second(s)

2019-12-18 16:43:55 - [TEST_STEP][PASSED] - takeScreenshot(): Taking screenshot successfully

2019-12-18 16:43:56 - [MESSAGE][PASSED] - Taking screenshot successfully
[[ATTACHMENT|C:\\Users\\chandu.t\\Katalon Studio\\NJS_Chandu\\Reports\\20191218_164148\\NJS_Chandu\\20191218_164148\\1576667635896.png]]

2019-12-18 16:43:56 - [TEST_STEP][PASSED] - closeBrowser(): Browser is closed

2019-12-18 16:43:57 - [MESSAGE][PASSED] - Browser is closed]]></system-out>
         <system-err><![CDATA[]]></system-err>
      </testcase>
      <testcase name="Test Cases/deleteandupload2" time="103.257" classname="Test Cases/deleteandupload2" status="PASSED">
         <system-out><![CDATA[2019-12-18 16:43:57 - [TEST_CASE][PASSED] - Test Cases/deleteandupload2: Test Cases/deleteandupload2

2019-12-18 16:43:57 - [TEST_STEP][PASSED] - openBrowser(findTestData("LoginDetailsNJS").getValue(1, 2)): Browser is opened with url: 'https://www.naukri.com/'

2019-12-18 16:43:58 - [MESSAGE][INFO] - Starting 'Chrome' driver

2019-12-18 16:43:58 - [MESSAGE][INFO] - User set preference: ['args', '[--incognito]']

2019-12-18 16:44:32 - [MESSAGE][PASSED] - Browser is opened with url: 'https://www.naukri.com/'

2019-12-18 16:44:32 - [TEST_STEP][PASSED] - closeWindowIndex(1): Window with index 1 is closed

2019-12-18 16:44:33 - [MESSAGE][PASSED] - Window with index 1 is closed

2019-12-18 16:44:33 - [TEST_STEP][PASSED] - closeWindowIndex(1): Window with index 1 is closed

2019-12-18 16:44:34 - [MESSAGE][PASSED] - Window with index 1 is closed

2019-12-18 16:44:34 - [TEST_STEP][PASSED] - switchToWindowIndex(0): Switched to window with index: '0'

2019-12-18 16:44:34 - [MESSAGE][PASSED] - Switched to window with index: '0'

2019-12-18 16:44:34 - [TEST_STEP][PASSED] - maximizeWindow(): Current window maximized

2019-12-18 16:44:35 - [MESSAGE][PASSED] - Current window maximized

2019-12-18 16:44:35 - [TEST_STEP][PASSED] - click(findTestObject("LoginButton")): Object: 'Object Repository/LoginButton' is clicked on

2019-12-18 16:44:36 - [MESSAGE][PASSED] - Object: 'Object Repository/LoginButton' is clicked on

2019-12-18 16:44:36 - [TEST_STEP][PASSED] - click(findTestObject("GoogleButton")): Object: 'Object Repository/GoogleButton' is clicked on

2019-12-18 16:44:37 - [MESSAGE][PASSED] - Object: 'Object Repository/GoogleButton' is clicked on

2019-12-18 16:44:37 - [TEST_STEP][PASSED] - switchToWindowIndex(1): Switched to window with index: '1'

2019-12-18 16:44:39 - [MESSAGE][PASSED] - Switched to window with index: '1'

2019-12-18 16:44:39 - [TEST_STEP][PASSED] - setText(findTestObject("UserName"), findTestData("LoginDetailsNJS").getValue(2, 2)): Text 'chanduthota371@gmail.com' is set on object 'Object Repository/UserName'

2019-12-18 16:44:41 - [MESSAGE][PASSED] - Text 'chanduthota371@gmail.com' is set on object 'Object Repository/UserName'

2019-12-18 16:44:41 - [TEST_STEP][PASSED] - click(findTestObject("NextButton")): Object: 'Object Repository/NextButton' is clicked on

2019-12-18 16:44:41 - [MESSAGE][PASSED] - Object: 'Object Repository/NextButton' is clicked on

2019-12-18 16:44:41 - [TEST_STEP][PASSED] - delay(5): Delayed 5 second(s)

2019-12-18 16:44:46 - [MESSAGE][PASSED] - Delayed 5 second(s)

2019-12-18 16:44:46 - [TEST_STEP][PASSED] - setText(findTestObject("Password"), findTestData("LoginDetailsNJS").getValue(3, 2)): Text 'achala$123' is set on object 'Object Repository/Password'

2019-12-18 16:44:47 - [MESSAGE][PASSED] - Text 'achala$123' is set on object 'Object Repository/Password'

2019-12-18 16:44:47 - [TEST_STEP][PASSED] - click(findTestObject("NextButton")): Object: 'Object Repository/NextButton' is clicked on

2019-12-18 16:44:48 - [MESSAGE][PASSED] - Object: 'Object Repository/NextButton' is clicked on

2019-12-18 16:44:48 - [TEST_STEP][PASSED] - switchToWindowIndex(0): Switched to window with index: '0'

2019-12-18 16:44:48 - [MESSAGE][PASSED] - Switched to window with index: '0'

2019-12-18 16:44:48 - [TEST_STEP][PASSED] - delay(10): Delayed 10 second(s)

2019-12-18 16:44:58 - [MESSAGE][PASSED] - Delayed 10 second(s)

2019-12-18 16:44:58 - [TEST_STEP][PASSED] - click(findTestObject("ProfileName")): Object: 'Object Repository/ProfileName' is clicked on

2019-12-18 16:44:58 - [MESSAGE][PASSED] - Object: 'Object Repository/ProfileName' is clicked on

2019-12-18 16:44:58 - [TEST_STEP][PASSED] - click(findTestObject("DeleteResumeButton")): Object: 'Object Repository/DeleteResumeButton' is clicked on

2019-12-18 16:45:00 - [MESSAGE][PASSED] - Object: 'Object Repository/DeleteResumeButton' is clicked on

2019-12-18 16:45:00 - [TEST_STEP][PASSED] - click(findTestObject("DeleteResumeConfirm")): Object: 'Object Repository/DeleteResumeConfirm' is clicked on

2019-12-18 16:45:00 - [MESSAGE][PASSED] - Object: 'Object Repository/DeleteResumeConfirm' is clicked on

2019-12-18 16:45:00 - [TEST_STEP][PASSED] - delay(15): Delayed 15 second(s)

2019-12-18 16:45:15 - [MESSAGE][PASSED] - Delayed 15 second(s)

2019-12-18 16:45:15 - [TEST_STEP][PASSED] - takeScreenshot(): Taking screenshot successfully

2019-12-18 16:45:16 - [MESSAGE][PASSED] - Taking screenshot successfully
[[ATTACHMENT|C:\\Users\\chandu.t\\Katalon Studio\\NJS_Chandu\\Reports\\20191218_164148\\NJS_Chandu\\20191218_164148\\1576667715707.png]]

2019-12-18 16:45:16 - [TEST_STEP][PASSED] - uploadFile(findTestObject("UploadResumeButton"), findTestData("LoginDetailsNJS").getValue(5, 2)): File 'D:\chanduR\Resume22.docx' sent to object: 'Object Repository/UploadResumeButton'

2019-12-18 16:45:16 - [MESSAGE][PASSED] - File 'D:\chanduR\Resume22.docx' sent to object: 'Object Repository/UploadResumeButton'

2019-12-18 16:45:16 - [TEST_STEP][PASSED] - delay(10): Delayed 10 second(s)

2019-12-18 16:45:26 - [MESSAGE][PASSED] - Delayed 10 second(s)

2019-12-18 16:45:26 - [TEST_STEP][NOT_RUN] - click(findTestObject("EditResumeHeadline")): NOT_RUN: click(findTestObject("EditResumeHeadline"))

2019-12-18 16:45:26 - [MESSAGE][NOT_RUN] - NOT_RUN: click(findTestObject("EditResumeHeadline"))

2019-12-18 16:45:26 - [TEST_STEP][NOT_RUN] - setText(findTestObject("ResumeHeadLineText"), "."): NOT_RUN: setText(findTestObject("ResumeHeadLineText"), ".")

2019-12-18 16:45:26 - [MESSAGE][NOT_RUN] - NOT_RUN: setText(findTestObject("ResumeHeadLineText"), ".")

2019-12-18 16:45:26 - [TEST_STEP][NOT_RUN] - click(findTestObject("SaveResumeHeadLineButton")): NOT_RUN: click(findTestObject("SaveResumeHeadLineButton"))

2019-12-18 16:45:26 - [MESSAGE][NOT_RUN] - NOT_RUN: click(findTestObject("SaveResumeHeadLineButton"))

2019-12-18 16:45:26 - [TEST_STEP][PASSED] - takeScreenshot(): Taking screenshot successfully

2019-12-18 16:45:27 - [MESSAGE][PASSED] - Taking screenshot successfully
[[ATTACHMENT|C:\\Users\\chandu.t\\Katalon Studio\\NJS_Chandu\\Reports\\20191218_164148\\NJS_Chandu\\20191218_164148\\1576667726597.png]]

2019-12-18 16:45:27 - [TEST_STEP][PASSED] - refresh(): Refresh successfully

2019-12-18 16:45:29 - [MESSAGE][PASSED] - Refresh successfully

2019-12-18 16:45:29 - [TEST_STEP][PASSED] - delay(10): Delayed 10 second(s)

2019-12-18 16:45:39 - [MESSAGE][PASSED] - Delayed 10 second(s)

2019-12-18 16:45:39 - [TEST_STEP][PASSED] - takeScreenshot(): Taking screenshot successfully

2019-12-18 16:45:39 - [MESSAGE][PASSED] - Taking screenshot successfully
[[ATTACHMENT|C:\\Users\\chandu.t\\Katalon Studio\\NJS_Chandu\\Reports\\20191218_164148\\NJS_Chandu\\20191218_164148\\1576667739283.png]]

2019-12-18 16:45:39 - [TEST_STEP][PASSED] - closeBrowser(): Browser is closed

2019-12-18 16:45:40 - [MESSAGE][PASSED] - Browser is closed]]></system-out>
         <system-err><![CDATA[]]></system-err>
      </testcase>
      <testcase name="Test Cases/deleteandupload1" time="95.023" classname="Test Cases/deleteandupload1" status="PASSED">
         <system-out><![CDATA[2019-12-18 16:45:40 - [TEST_CASE][PASSED] - Test Cases/deleteandupload1: Test Cases/deleteandupload1

2019-12-18 16:45:41 - [TEST_STEP][PASSED] - openBrowser(findTestData("LoginDetailsNJS").getValue(1, 1)): Browser is opened with url: 'https://www.naukri.com/'

2019-12-18 16:45:41 - [MESSAGE][INFO] - Starting 'Chrome' driver

2019-12-18 16:45:41 - [MESSAGE][INFO] - User set preference: ['args', '[--incognito]']

2019-12-18 16:46:07 - [MESSAGE][PASSED] - Browser is opened with url: 'https://www.naukri.com/'

2019-12-18 16:46:07 - [TEST_STEP][PASSED] - closeWindowIndex(1): Window with index 1 is closed

2019-12-18 16:46:08 - [MESSAGE][PASSED] - Window with index 1 is closed

2019-12-18 16:46:08 - [TEST_STEP][PASSED] - closeWindowIndex(1): Window with index 1 is closed

2019-12-18 16:46:09 - [MESSAGE][PASSED] - Window with index 1 is closed

2019-12-18 16:46:09 - [TEST_STEP][PASSED] - switchToWindowIndex(0): Switched to window with index: '0'

2019-12-18 16:46:09 - [MESSAGE][PASSED] - Switched to window with index: '0'

2019-12-18 16:46:09 - [TEST_STEP][PASSED] - maximizeWindow(): Current window maximized

2019-12-18 16:46:10 - [MESSAGE][PASSED] - Current window maximized

2019-12-18 16:46:10 - [TEST_STEP][PASSED] - click(findTestObject("LoginButton")): Object: 'Object Repository/LoginButton' is clicked on

2019-12-18 16:46:11 - [MESSAGE][PASSED] - Object: 'Object Repository/LoginButton' is clicked on

2019-12-18 16:46:11 - [TEST_STEP][PASSED] - click(findTestObject("GoogleButton")): Object: 'Object Repository/GoogleButton' is clicked on

2019-12-18 16:46:12 - [MESSAGE][PASSED] - Object: 'Object Repository/GoogleButton' is clicked on

2019-12-18 16:46:12 - [TEST_STEP][PASSED] - switchToWindowIndex(1): Switched to window with index: '1'

2019-12-18 16:46:13 - [MESSAGE][PASSED] - Switched to window with index: '1'

2019-12-18 16:46:13 - [TEST_STEP][PASSED] - setText(findTestObject("UserName"), findTestData("LoginDetailsNJS").getValue(2, 1)): Text 'thota.chandu1@gmail.com' is set on object 'Object Repository/UserName'

2019-12-18 16:46:17 - [MESSAGE][PASSED] - Text 'thota.chandu1@gmail.com' is set on object 'Object Repository/UserName'

2019-12-18 16:46:17 - [TEST_STEP][PASSED] - click(findTestObject("NextButton")): Object: 'Object Repository/NextButton' is clicked on

2019-12-18 16:46:17 - [MESSAGE][PASSED] - Object: 'Object Repository/NextButton' is clicked on

2019-12-18 16:46:17 - [TEST_STEP][PASSED] - delay(5): Delayed 5 second(s)

2019-12-18 16:46:22 - [MESSAGE][PASSED] - Delayed 5 second(s)

2019-12-18 16:46:22 - [TEST_STEP][PASSED] - setText(findTestObject("Password"), findTestData("LoginDetailsNJS").getValue(3, 1)): Text 'achala$123' is set on object 'Object Repository/Password'

2019-12-18 16:46:23 - [MESSAGE][PASSED] - Text 'achala$123' is set on object 'Object Repository/Password'

2019-12-18 16:46:23 - [TEST_STEP][PASSED] - click(findTestObject("NextButton")): Object: 'Object Repository/NextButton' is clicked on

2019-12-18 16:46:23 - [MESSAGE][PASSED] - Object: 'Object Repository/NextButton' is clicked on

2019-12-18 16:46:23 - [TEST_STEP][PASSED] - switchToWindowIndex(0): Switched to window with index: '0'

2019-12-18 16:46:23 - [MESSAGE][PASSED] - Switched to window with index: '0'

2019-12-18 16:46:23 - [TEST_STEP][PASSED] - delay(10): Delayed 10 second(s)

2019-12-18 16:46:33 - [MESSAGE][PASSED] - Delayed 10 second(s)

2019-12-18 16:46:33 - [TEST_STEP][PASSED] - click(findTestObject("ProfileName")): Object: 'Object Repository/ProfileName' is clicked on

2019-12-18 16:46:34 - [MESSAGE][PASSED] - Object: 'Object Repository/ProfileName' is clicked on

2019-12-18 16:46:34 - [TEST_STEP][PASSED] - click(findTestObject("DeleteResumeButton")): Object: 'Object Repository/DeleteResumeButton' is clicked on

2019-12-18 16:46:35 - [MESSAGE][PASSED] - Object: 'Object Repository/DeleteResumeButton' is clicked on

2019-12-18 16:46:35 - [TEST_STEP][PASSED] - click(findTestObject("DeleteResumeConfirm")): Object: 'Object Repository/DeleteResumeConfirm' is clicked on

2019-12-18 16:46:35 - [MESSAGE][PASSED] - Object: 'Object Repository/DeleteResumeConfirm' is clicked on

2019-12-18 16:46:35 - [TEST_STEP][PASSED] - delay(15): Delayed 15 second(s)

2019-12-18 16:46:50 - [MESSAGE][PASSED] - Delayed 15 second(s)

2019-12-18 16:46:50 - [TEST_STEP][PASSED] - takeScreenshot(): Taking screenshot successfully

2019-12-18 16:46:51 - [MESSAGE][PASSED] - Taking screenshot successfully
[[ATTACHMENT|C:\\Users\\chandu.t\\Katalon Studio\\NJS_Chandu\\Reports\\20191218_164148\\NJS_Chandu\\20191218_164148\\1576667810825.png]]

2019-12-18 16:46:51 - [TEST_STEP][PASSED] - uploadFile(findTestObject("UploadResumeButton"), findTestData("LoginDetailsNJS").getValue(5, 1)): File 'D:\chanduR\Resume11.docx' sent to object: 'Object Repository/UploadResumeButton'

2019-12-18 16:46:51 - [MESSAGE][PASSED] - File 'D:\chanduR\Resume11.docx' sent to object: 'Object Repository/UploadResumeButton'

2019-12-18 16:46:51 - [TEST_STEP][PASSED] - delay(10): Delayed 10 second(s)

2019-12-18 16:47:01 - [MESSAGE][PASSED] - Delayed 10 second(s)

2019-12-18 16:47:01 - [TEST_STEP][NOT_RUN] - click(findTestObject("EditResumeHeadline")): NOT_RUN: click(findTestObject("EditResumeHeadline"))

2019-12-18 16:47:01 - [MESSAGE][NOT_RUN] - NOT_RUN: click(findTestObject("EditResumeHeadline"))

2019-12-18 16:47:01 - [TEST_STEP][NOT_RUN] - setText(findTestObject("ResumeHeadLineText"), "."): NOT_RUN: setText(findTestObject("ResumeHeadLineText"), ".")

2019-12-18 16:47:01 - [MESSAGE][NOT_RUN] - NOT_RUN: setText(findTestObject("ResumeHeadLineText"), ".")

2019-12-18 16:47:01 - [TEST_STEP][NOT_RUN] - click(findTestObject("SaveResumeHeadLineButton")): NOT_RUN: click(findTestObject("SaveResumeHeadLineButton"))

2019-12-18 16:47:01 - [MESSAGE][NOT_RUN] - NOT_RUN: click(findTestObject("SaveResumeHeadLineButton"))

2019-12-18 16:47:01 - [TEST_STEP][PASSED] - takeScreenshot(): Taking screenshot successfully

2019-12-18 16:47:02 - [MESSAGE][PASSED] - Taking screenshot successfully
[[ATTACHMENT|C:\\Users\\chandu.t\\Katalon Studio\\NJS_Chandu\\Reports\\20191218_164148\\NJS_Chandu\\20191218_164148\\1576667821663.png]]

2019-12-18 16:47:02 - [TEST_STEP][PASSED] - refresh(): Refresh successfully

2019-12-18 16:47:04 - [MESSAGE][PASSED] - Refresh successfully

2019-12-18 16:47:04 - [TEST_STEP][PASSED] - delay(10): Delayed 10 second(s)

2019-12-18 16:47:14 - [MESSAGE][PASSED] - Delayed 10 second(s)

2019-12-18 16:47:14 - [TEST_STEP][PASSED] - takeScreenshot(): Taking screenshot successfully

2019-12-18 16:47:14 - [MESSAGE][PASSED] - Taking screenshot successfully
[[ATTACHMENT|C:\\Users\\chandu.t\\Katalon Studio\\NJS_Chandu\\Reports\\20191218_164148\\NJS_Chandu\\20191218_164148\\1576667834289.png]]

2019-12-18 16:47:14 - [TEST_STEP][PASSED] - closeBrowser(): Browser is closed

2019-12-18 16:47:15 - [MESSAGE][PASSED] - Browser is closed]]></system-out>
         <system-err><![CDATA[]]></system-err>
      </testcase>
      <system-out><![CDATA[2019-12-18 16:41:56 - [TEST_SUITE][PASSED] - NJS_Chandu: Test Cases/deleteandupload1]]></system-out>
      <system-err><![CDATA[]]></system-err>
   </testsuite>
</testsuites>
