<?xml version="1.0" encoding="UTF-8"?>
<testsuites name="NJS_Chandu" time="327.848" tests="4" failures="0" errors="0">
   <testsuite name="NJS_Chandu" tests="4" failures="0" errors="0" time="327.848" timestamp="2019-12-16 08:49:12" hostname="chandu.t - wlpt518.imidomain.com" id="Test Suites/NJS_Chandu">
      <properties>
         <property name="deviceName" value=""/>
         <property name="devicePlatform" value=""/>
         <property name="logFolder" value="C:\\Users\\chandu.t\\Katalon Studio\\NJS_Chandu\\Reports\\20191216_084906\\NJS_Chandu\\20191216_084906"/>
         <property name="logFiles" value="C:\\Users\\chandu.t\\Katalon Studio\\NJS_Chandu\\Reports\\20191216_084906\\NJS_Chandu\\20191216_084906\\execution0.log"/>
         <property name="attachments" value="C:\\Users\\chandu.t\\Katalon Studio\\NJS_Chandu\\Reports\\20191216_084906\\NJS_Chandu\\20191216_084906\\1576466435031.png, C:\\Users\\chandu.t\\Katalon Studio\\NJS_Chandu\\Reports\\20191216_084906\\NJS_Chandu\\20191216_084906\\1576466446953.png, C:\\Users\\chandu.t\\Katalon Studio\\NJS_Chandu\\Reports\\20191216_084906\\NJS_Chandu\\20191216_084906\\1576466457535.png, C:\\Users\\chandu.t\\Katalon Studio\\NJS_Chandu\\Reports\\20191216_084906\\NJS_Chandu\\20191216_084906\\1576466526530.png, C:\\Users\\chandu.t\\Katalon Studio\\NJS_Chandu\\Reports\\20191216_084906\\NJS_Chandu\\20191216_084906\\1576466537471.png, C:\\Users\\chandu.t\\Katalon Studio\\NJS_Chandu\\Reports\\20191216_084906\\NJS_Chandu\\20191216_084906\\1576466547964.png, C:\\Users\\chandu.t\\Katalon Studio\\NJS_Chandu\\Reports\\20191216_084906\\NJS_Chandu\\20191216_084906\\1576466628999.png, C:\\Users\\chandu.t\\Katalon Studio\\NJS_Chandu\\Reports\\20191216_084906\\NJS_Chandu\\20191216_084906\\1576466639795.png, C:\\Users\\chandu.t\\Katalon Studio\\NJS_Chandu\\Reports\\20191216_084906\\NJS_Chandu\\20191216_084906\\1576466652329.png, C:\\Users\\chandu.t\\Katalon Studio\\NJS_Chandu\\Reports\\20191216_084906\\NJS_Chandu\\20191216_084906\\1576466678283.png"/>
         <property name="hostName" value="chandu.t - wlpt518.imidomain.com"/>
         <property name="os" value="Windows 10 64bit"/>
         <property name="katalonVersion" value="7.1.2.1"/>
         <property name="browser" value="Chrome 77.0.3865.75"/>
         <property name="hostAddress" value="10.0.0.9"/>
         <property name="sessionId" value="10583a0b0cb29c4ecbf7be4863dd24bc"/>
         <property name="seleniumVersion" value="3.141.59"/>
         <property name="proxyInformation" value="ProxyInformation{proxyOption=NO_PROXY, proxyServerType=HTTP, password=, proxyServerAddress=, proxyServerPort=0, executionList=}"/>
         <property name="platform" value="Windows 10"/>
      </properties>
      <testcase name="Test Cases/deleteandupload3" time="110.776" classname="Test Cases/deleteandupload3" status="PASSED">
         <system-out><![CDATA[2019-12-16 08:49:12 - [TEST_CASE][PASSED] - Test Cases/deleteandupload3: Test Cases/deleteandupload3

2019-12-16 08:49:13 - [TEST_STEP][PASSED] - openBrowser(findTestData("LoginDetailsNJS").getValue(1, 3)): Browser is opened with url: 'https://www.naukri.com/'

2019-12-16 08:49:16 - [MESSAGE][INFO] - Starting 'Chrome' driver

2019-12-16 08:49:17 - [MESSAGE][INFO] - User set preference: ['args', '[--incognito]']

2019-12-16 08:49:17 - [MESSAGE][INFO] - Action delay is set to 0 seconds

2019-12-16 08:49:42 - [MESSAGE][PASSED] - Browser is opened with url: 'https://www.naukri.com/'

2019-12-16 08:49:42 - [TEST_STEP][PASSED] - closeWindowIndex(1): Window with index 1 is closed

2019-12-16 08:49:43 - [MESSAGE][PASSED] - Window with index 1 is closed

2019-12-16 08:49:43 - [TEST_STEP][PASSED] - closeWindowIndex(1): Window with index 1 is closed

2019-12-16 08:49:45 - [MESSAGE][PASSED] - Window with index 1 is closed

2019-12-16 08:49:45 - [TEST_STEP][PASSED] - switchToWindowIndex(0): Switched to window with index: '0'

2019-12-16 08:49:45 - [MESSAGE][PASSED] - Switched to window with index: '0'

2019-12-16 08:49:45 - [TEST_STEP][PASSED] - maximizeWindow(): Current window maximized

2019-12-16 08:49:46 - [MESSAGE][PASSED] - Current window maximized

2019-12-16 08:49:46 - [TEST_STEP][PASSED] - click(findTestObject("LoginButton")): Object: 'Object Repository/LoginButton' is clicked on

2019-12-16 08:49:48 - [MESSAGE][PASSED] - Object: 'Object Repository/LoginButton' is clicked on

2019-12-16 08:49:48 - [TEST_STEP][PASSED] - click(findTestObject("GoogleButton")): Object: 'Object Repository/GoogleButton' is clicked on

2019-12-16 08:49:49 - [MESSAGE][PASSED] - Object: 'Object Repository/GoogleButton' is clicked on

2019-12-16 08:49:49 - [TEST_STEP][PASSED] - switchToWindowIndex(1): Switched to window with index: '1'

2019-12-16 08:49:57 - [MESSAGE][PASSED] - Switched to window with index: '1'

2019-12-16 08:49:57 - [TEST_STEP][PASSED] - setText(findTestObject("UserName"), findTestData("LoginDetailsNJS").getValue(2, 3)): Text 'chandut1024@gmail.com' is set on object 'Object Repository/UserName'

2019-12-16 08:49:59 - [MESSAGE][PASSED] - Text 'chandut1024@gmail.com' is set on object 'Object Repository/UserName'

2019-12-16 08:49:59 - [TEST_STEP][PASSED] - click(findTestObject("NextButton")): Object: 'Object Repository/NextButton' is clicked on

2019-12-16 08:49:59 - [MESSAGE][PASSED] - Object: 'Object Repository/NextButton' is clicked on

2019-12-16 08:49:59 - [TEST_STEP][PASSED] - delay(5): Delayed 5 second(s)

2019-12-16 08:50:05 - [MESSAGE][PASSED] - Delayed 5 second(s)

2019-12-16 08:50:05 - [TEST_STEP][PASSED] - setText(findTestObject("Password"), findTestData("LoginDetailsNJS").getValue(3, 3)): Text 'achala$123' is set on object 'Object Repository/Password'

2019-12-16 08:50:05 - [MESSAGE][PASSED] - Text 'achala$123' is set on object 'Object Repository/Password'

2019-12-16 08:50:05 - [TEST_STEP][PASSED] - click(findTestObject("NextButton")): Object: 'Object Repository/NextButton' is clicked on

2019-12-16 08:50:05 - [MESSAGE][PASSED] - Object: 'Object Repository/NextButton' is clicked on

2019-12-16 08:50:05 - [TEST_STEP][PASSED] - switchToWindowIndex(0): Switched to window with index: '0'

2019-12-16 08:50:05 - [MESSAGE][PASSED] - Switched to window with index: '0'

2019-12-16 08:50:05 - [TEST_STEP][PASSED] - delay(10): Delayed 10 second(s)

2019-12-16 08:50:15 - [MESSAGE][PASSED] - Delayed 10 second(s)

2019-12-16 08:50:15 - [TEST_STEP][PASSED] - click(findTestObject("ProfileName")): Object: 'Object Repository/ProfileName' is clicked on

2019-12-16 08:50:18 - [MESSAGE][PASSED] - Object: 'Object Repository/ProfileName' is clicked on

2019-12-16 08:50:18 - [TEST_STEP][PASSED] - click(findTestObject("DeleteResumeButton")): Object: 'Object Repository/DeleteResumeButton' is clicked on

2019-12-16 08:50:19 - [MESSAGE][PASSED] - Object: 'Object Repository/DeleteResumeButton' is clicked on

2019-12-16 08:50:19 - [TEST_STEP][PASSED] - click(findTestObject("DeleteResumeConfirm")): Object: 'Object Repository/DeleteResumeConfirm' is clicked on

2019-12-16 08:50:19 - [MESSAGE][PASSED] - Object: 'Object Repository/DeleteResumeConfirm' is clicked on

2019-12-16 08:50:19 - [TEST_STEP][PASSED] - delay(15): Delayed 15 second(s)

2019-12-16 08:50:34 - [MESSAGE][PASSED] - Delayed 15 second(s)

2019-12-16 08:50:34 - [TEST_STEP][PASSED] - takeScreenshot(): Taking screenshot successfully

2019-12-16 08:50:35 - [MESSAGE][PASSED] - Taking screenshot successfully
[[ATTACHMENT|C:\\Users\\chandu.t\\Katalon Studio\\NJS_Chandu\\Reports\\20191216_084906\\NJS_Chandu\\20191216_084906\\1576466435031.png]]

2019-12-16 08:50:35 - [TEST_STEP][PASSED] - uploadFile(findTestObject("UploadResumeButton"), findTestData("LoginDetailsNJS").getValue(5, 3)): File 'D:\chanduR\Resume3.docx' sent to object: 'Object Repository/UploadResumeButton'

2019-12-16 08:50:36 - [MESSAGE][PASSED] - File 'D:\chanduR\Resume3.docx' sent to object: 'Object Repository/UploadResumeButton'

2019-12-16 08:50:36 - [TEST_STEP][PASSED] - delay(10): Delayed 10 second(s)

2019-12-16 08:50:46 - [MESSAGE][PASSED] - Delayed 10 second(s)

2019-12-16 08:50:46 - [TEST_STEP][NOT_RUN] - click(findTestObject("EditResumeHeadline")): NOT_RUN: click(findTestObject("EditResumeHeadline"))

2019-12-16 08:50:46 - [MESSAGE][NOT_RUN] - NOT_RUN: click(findTestObject("EditResumeHeadline"))

2019-12-16 08:50:46 - [TEST_STEP][NOT_RUN] - setText(findTestObject("ResumeHeadLineText"), "."): NOT_RUN: setText(findTestObject("ResumeHeadLineText"), ".")

2019-12-16 08:50:46 - [MESSAGE][NOT_RUN] - NOT_RUN: setText(findTestObject("ResumeHeadLineText"), ".")

2019-12-16 08:50:46 - [TEST_STEP][NOT_RUN] - click(findTestObject("SaveResumeHeadLineButton")): NOT_RUN: click(findTestObject("SaveResumeHeadLineButton"))

2019-12-16 08:50:46 - [MESSAGE][NOT_RUN] - NOT_RUN: click(findTestObject("SaveResumeHeadLineButton"))

2019-12-16 08:50:46 - [TEST_STEP][PASSED] - takeScreenshot(): Taking screenshot successfully

2019-12-16 08:50:47 - [MESSAGE][PASSED] - Taking screenshot successfully
[[ATTACHMENT|C:\\Users\\chandu.t\\Katalon Studio\\NJS_Chandu\\Reports\\20191216_084906\\NJS_Chandu\\20191216_084906\\1576466446953.png]]

2019-12-16 08:50:47 - [TEST_STEP][PASSED] - refresh(): Refresh successfully

2019-12-16 08:50:47 - [MESSAGE][PASSED] - Refresh successfully

2019-12-16 08:50:47 - [TEST_STEP][PASSED] - delay(10): Delayed 10 second(s)

2019-12-16 08:50:57 - [MESSAGE][PASSED] - Delayed 10 second(s)

2019-12-16 08:50:57 - [TEST_STEP][PASSED] - takeScreenshot(): Taking screenshot successfully

2019-12-16 08:50:58 - [MESSAGE][PASSED] - Taking screenshot successfully
[[ATTACHMENT|C:\\Users\\chandu.t\\Katalon Studio\\NJS_Chandu\\Reports\\20191216_084906\\NJS_Chandu\\20191216_084906\\1576466457535.png]]

2019-12-16 08:50:58 - [TEST_STEP][PASSED] - closeBrowser(): Browser is closed

2019-12-16 08:51:03 - [MESSAGE][PASSED] - Browser is closed]]></system-out>
         <system-err><![CDATA[]]></system-err>
      </testcase>
      <testcase name="Test Cases/deleteandupload2" time="89.452" classname="Test Cases/deleteandupload2" status="PASSED">
         <system-out><![CDATA[2019-12-16 08:51:03 - [TEST_CASE][PASSED] - Test Cases/deleteandupload2: Test Cases/deleteandupload2

2019-12-16 08:51:04 - [TEST_STEP][PASSED] - openBrowser(findTestData("LoginDetailsNJS").getValue(1, 2)): Browser is opened with url: 'https://www.naukri.com/'

2019-12-16 08:51:04 - [MESSAGE][INFO] - Starting 'Chrome' driver

2019-12-16 08:51:04 - [MESSAGE][INFO] - User set preference: ['args', '[--incognito]']

2019-12-16 08:51:20 - [MESSAGE][PASSED] - Browser is opened with url: 'https://www.naukri.com/'

2019-12-16 08:51:20 - [TEST_STEP][PASSED] - closeWindowIndex(1): Window with index 1 is closed

2019-12-16 08:51:21 - [MESSAGE][PASSED] - Window with index 1 is closed

2019-12-16 08:51:21 - [TEST_STEP][PASSED] - closeWindowIndex(1): Window with index 1 is closed

2019-12-16 08:51:22 - [MESSAGE][PASSED] - Window with index 1 is closed

2019-12-16 08:51:22 - [TEST_STEP][PASSED] - switchToWindowIndex(0): Switched to window with index: '0'

2019-12-16 08:51:22 - [MESSAGE][PASSED] - Switched to window with index: '0'

2019-12-16 08:51:22 - [TEST_STEP][PASSED] - maximizeWindow(): Current window maximized

2019-12-16 08:51:24 - [MESSAGE][PASSED] - Current window maximized

2019-12-16 08:51:24 - [TEST_STEP][PASSED] - click(findTestObject("LoginButton")): Object: 'Object Repository/LoginButton' is clicked on

2019-12-16 08:51:24 - [MESSAGE][PASSED] - Object: 'Object Repository/LoginButton' is clicked on

2019-12-16 08:51:24 - [TEST_STEP][PASSED] - click(findTestObject("GoogleButton")): Object: 'Object Repository/GoogleButton' is clicked on

2019-12-16 08:51:25 - [MESSAGE][PASSED] - Object: 'Object Repository/GoogleButton' is clicked on

2019-12-16 08:51:25 - [TEST_STEP][PASSED] - switchToWindowIndex(1): Switched to window with index: '1'

2019-12-16 08:51:30 - [MESSAGE][PASSED] - Switched to window with index: '1'

2019-12-16 08:51:30 - [TEST_STEP][PASSED] - setText(findTestObject("UserName"), findTestData("LoginDetailsNJS").getValue(2, 2)): Text 'chanduthota371@gmail.com' is set on object 'Object Repository/UserName'

2019-12-16 08:51:32 - [MESSAGE][PASSED] - Text 'chanduthota371@gmail.com' is set on object 'Object Repository/UserName'

2019-12-16 08:51:32 - [TEST_STEP][PASSED] - click(findTestObject("NextButton")): Object: 'Object Repository/NextButton' is clicked on

2019-12-16 08:51:32 - [MESSAGE][PASSED] - Object: 'Object Repository/NextButton' is clicked on

2019-12-16 08:51:32 - [TEST_STEP][PASSED] - delay(5): Delayed 5 second(s)

2019-12-16 08:51:37 - [MESSAGE][PASSED] - Delayed 5 second(s)

2019-12-16 08:51:37 - [TEST_STEP][PASSED] - setText(findTestObject("Password"), findTestData("LoginDetailsNJS").getValue(3, 2)): Text 'achala$123' is set on object 'Object Repository/Password'

2019-12-16 08:51:38 - [MESSAGE][PASSED] - Text 'achala$123' is set on object 'Object Repository/Password'

2019-12-16 08:51:38 - [TEST_STEP][PASSED] - click(findTestObject("NextButton")): Object: 'Object Repository/NextButton' is clicked on

2019-12-16 08:51:38 - [MESSAGE][PASSED] - Object: 'Object Repository/NextButton' is clicked on

2019-12-16 08:51:38 - [TEST_STEP][PASSED] - switchToWindowIndex(0): Switched to window with index: '0'

2019-12-16 08:51:38 - [MESSAGE][PASSED] - Switched to window with index: '0'

2019-12-16 08:51:38 - [TEST_STEP][PASSED] - delay(10): Delayed 10 second(s)

2019-12-16 08:51:48 - [MESSAGE][PASSED] - Delayed 10 second(s)

2019-12-16 08:51:48 - [TEST_STEP][PASSED] - click(findTestObject("ProfileName")): Object: 'Object Repository/ProfileName' is clicked on

2019-12-16 08:51:50 - [MESSAGE][PASSED] - Object: 'Object Repository/ProfileName' is clicked on

2019-12-16 08:51:50 - [TEST_STEP][PASSED] - click(findTestObject("DeleteResumeButton")): Object: 'Object Repository/DeleteResumeButton' is clicked on

2019-12-16 08:51:51 - [MESSAGE][PASSED] - Object: 'Object Repository/DeleteResumeButton' is clicked on

2019-12-16 08:51:51 - [TEST_STEP][PASSED] - click(findTestObject("DeleteResumeConfirm")): Object: 'Object Repository/DeleteResumeConfirm' is clicked on

2019-12-16 08:51:51 - [MESSAGE][PASSED] - Object: 'Object Repository/DeleteResumeConfirm' is clicked on

2019-12-16 08:51:51 - [TEST_STEP][PASSED] - delay(15): Delayed 15 second(s)

2019-12-16 08:52:06 - [MESSAGE][PASSED] - Delayed 15 second(s)

2019-12-16 08:52:06 - [TEST_STEP][PASSED] - takeScreenshot(): Taking screenshot successfully

2019-12-16 08:52:06 - [MESSAGE][PASSED] - Taking screenshot successfully
[[ATTACHMENT|C:\\Users\\chandu.t\\Katalon Studio\\NJS_Chandu\\Reports\\20191216_084906\\NJS_Chandu\\20191216_084906\\1576466526530.png]]

2019-12-16 08:52:06 - [TEST_STEP][PASSED] - uploadFile(findTestObject("UploadResumeButton"), findTestData("LoginDetailsNJS").getValue(5, 2)): File 'D:\chanduR\Resume2.docx' sent to object: 'Object Repository/UploadResumeButton'

2019-12-16 08:52:07 - [MESSAGE][PASSED] - File 'D:\chanduR\Resume2.docx' sent to object: 'Object Repository/UploadResumeButton'

2019-12-16 08:52:07 - [TEST_STEP][PASSED] - delay(10): Delayed 10 second(s)

2019-12-16 08:52:17 - [MESSAGE][PASSED] - Delayed 10 second(s)

2019-12-16 08:52:17 - [TEST_STEP][NOT_RUN] - click(findTestObject("EditResumeHeadline")): NOT_RUN: click(findTestObject("EditResumeHeadline"))

2019-12-16 08:52:17 - [MESSAGE][NOT_RUN] - NOT_RUN: click(findTestObject("EditResumeHeadline"))

2019-12-16 08:52:17 - [TEST_STEP][NOT_RUN] - setText(findTestObject("ResumeHeadLineText"), "."): NOT_RUN: setText(findTestObject("ResumeHeadLineText"), ".")

2019-12-16 08:52:17 - [MESSAGE][NOT_RUN] - NOT_RUN: setText(findTestObject("ResumeHeadLineText"), ".")

2019-12-16 08:52:17 - [TEST_STEP][NOT_RUN] - click(findTestObject("SaveResumeHeadLineButton")): NOT_RUN: click(findTestObject("SaveResumeHeadLineButton"))

2019-12-16 08:52:17 - [MESSAGE][NOT_RUN] - NOT_RUN: click(findTestObject("SaveResumeHeadLineButton"))

2019-12-16 08:52:17 - [TEST_STEP][PASSED] - takeScreenshot(): Taking screenshot successfully

2019-12-16 08:52:17 - [MESSAGE][PASSED] - Taking screenshot successfully
[[ATTACHMENT|C:\\Users\\chandu.t\\Katalon Studio\\NJS_Chandu\\Reports\\20191216_084906\\NJS_Chandu\\20191216_084906\\1576466537471.png]]

2019-12-16 08:52:17 - [TEST_STEP][PASSED] - refresh(): Refresh successfully

2019-12-16 08:52:17 - [MESSAGE][PASSED] - Refresh successfully

2019-12-16 08:52:17 - [TEST_STEP][PASSED] - delay(10): Delayed 10 second(s)

2019-12-16 08:52:27 - [MESSAGE][PASSED] - Delayed 10 second(s)

2019-12-16 08:52:27 - [TEST_STEP][PASSED] - takeScreenshot(): Taking screenshot successfully

2019-12-16 08:52:28 - [MESSAGE][PASSED] - Taking screenshot successfully
[[ATTACHMENT|C:\\Users\\chandu.t\\Katalon Studio\\NJS_Chandu\\Reports\\20191216_084906\\NJS_Chandu\\20191216_084906\\1576466547964.png]]

2019-12-16 08:52:28 - [TEST_STEP][PASSED] - closeBrowser(): Browser is closed

2019-12-16 08:52:33 - [MESSAGE][PASSED] - Browser is closed]]></system-out>
         <system-err><![CDATA[]]></system-err>
      </testcase>
      <testcase name="Test Cases/deleteandupload1" time="100.372" classname="Test Cases/deleteandupload1" status="PASSED">
         <system-out><![CDATA[2019-12-16 08:52:33 - [TEST_CASE][PASSED] - Test Cases/deleteandupload1: Test Cases/deleteandupload1

2019-12-16 08:52:34 - [TEST_STEP][PASSED] - openBrowser(findTestData("LoginDetailsNJS").getValue(1, 1)): Browser is opened with url: 'https://www.naukri.com/'

2019-12-16 08:52:34 - [MESSAGE][INFO] - Starting 'Chrome' driver

2019-12-16 08:52:34 - [MESSAGE][INFO] - User set preference: ['args', '[--incognito]']

2019-12-16 08:52:59 - [MESSAGE][PASSED] - Browser is opened with url: 'https://www.naukri.com/'

2019-12-16 08:52:59 - [TEST_STEP][PASSED] - closeWindowIndex(1): Window with index 1 is closed

2019-12-16 08:53:00 - [MESSAGE][PASSED] - Window with index 1 is closed

2019-12-16 08:53:00 - [TEST_STEP][PASSED] - closeWindowIndex(1): Window with index 1 is closed

2019-12-16 08:53:01 - [MESSAGE][PASSED] - Window with index 1 is closed

2019-12-16 08:53:01 - [TEST_STEP][PASSED] - switchToWindowIndex(0): Switched to window with index: '0'

2019-12-16 08:53:01 - [MESSAGE][PASSED] - Switched to window with index: '0'

2019-12-16 08:53:01 - [TEST_STEP][PASSED] - maximizeWindow(): Current window maximized

2019-12-16 08:53:02 - [MESSAGE][PASSED] - Current window maximized

2019-12-16 08:53:02 - [TEST_STEP][PASSED] - click(findTestObject("LoginButton")): Object: 'Object Repository/LoginButton' is clicked on

2019-12-16 08:53:03 - [MESSAGE][PASSED] - Object: 'Object Repository/LoginButton' is clicked on

2019-12-16 08:53:03 - [TEST_STEP][PASSED] - click(findTestObject("GoogleButton")): Object: 'Object Repository/GoogleButton' is clicked on

2019-12-16 08:53:04 - [MESSAGE][PASSED] - Object: 'Object Repository/GoogleButton' is clicked on

2019-12-16 08:53:04 - [TEST_STEP][PASSED] - switchToWindowIndex(1): Switched to window with index: '1'

2019-12-16 08:53:05 - [MESSAGE][PASSED] - Switched to window with index: '1'

2019-12-16 08:53:05 - [TEST_STEP][PASSED] - setText(findTestObject("UserName"), findTestData("LoginDetailsNJS").getValue(2, 1)): Text 'thota.chandu1@gmail.com' is set on object 'Object Repository/UserName'

2019-12-16 08:53:13 - [MESSAGE][PASSED] - Text 'thota.chandu1@gmail.com' is set on object 'Object Repository/UserName'

2019-12-16 08:53:13 - [TEST_STEP][PASSED] - click(findTestObject("NextButton")): Object: 'Object Repository/NextButton' is clicked on

2019-12-16 08:53:14 - [MESSAGE][PASSED] - Object: 'Object Repository/NextButton' is clicked on

2019-12-16 08:53:14 - [TEST_STEP][PASSED] - delay(5): Delayed 5 second(s)

2019-12-16 08:53:19 - [MESSAGE][PASSED] - Delayed 5 second(s)

2019-12-16 08:53:19 - [TEST_STEP][PASSED] - setText(findTestObject("Password"), findTestData("LoginDetailsNJS").getValue(3, 1)): Text 'achala$123' is set on object 'Object Repository/Password'

2019-12-16 08:53:19 - [MESSAGE][PASSED] - Text 'achala$123' is set on object 'Object Repository/Password'

2019-12-16 08:53:19 - [TEST_STEP][PASSED] - click(findTestObject("NextButton")): Object: 'Object Repository/NextButton' is clicked on

2019-12-16 08:53:20 - [MESSAGE][PASSED] - Object: 'Object Repository/NextButton' is clicked on

2019-12-16 08:53:20 - [TEST_STEP][PASSED] - switchToWindowIndex(0): Switched to window with index: '0'

2019-12-16 08:53:20 - [MESSAGE][PASSED] - Switched to window with index: '0'

2019-12-16 08:53:20 - [TEST_STEP][PASSED] - delay(10): Delayed 10 second(s)

2019-12-16 08:53:30 - [MESSAGE][PASSED] - Delayed 10 second(s)

2019-12-16 08:53:30 - [TEST_STEP][PASSED] - click(findTestObject("ProfileName")): Object: 'Object Repository/ProfileName' is clicked on

2019-12-16 08:53:30 - [MESSAGE][PASSED] - Object: 'Object Repository/ProfileName' is clicked on

2019-12-16 08:53:30 - [TEST_STEP][PASSED] - click(findTestObject("DeleteResumeButton")): Object: 'Object Repository/DeleteResumeButton' is clicked on

2019-12-16 08:53:33 - [MESSAGE][PASSED] - Object: 'Object Repository/DeleteResumeButton' is clicked on

2019-12-16 08:53:33 - [TEST_STEP][PASSED] - click(findTestObject("DeleteResumeConfirm")): Object: 'Object Repository/DeleteResumeConfirm' is clicked on

2019-12-16 08:53:33 - [MESSAGE][PASSED] - Object: 'Object Repository/DeleteResumeConfirm' is clicked on

2019-12-16 08:53:33 - [TEST_STEP][PASSED] - delay(15): Delayed 15 second(s)

2019-12-16 08:53:48 - [MESSAGE][PASSED] - Delayed 15 second(s)

2019-12-16 08:53:48 - [TEST_STEP][PASSED] - takeScreenshot(): Taking screenshot successfully

2019-12-16 08:53:49 - [MESSAGE][PASSED] - Taking screenshot successfully
[[ATTACHMENT|C:\\Users\\chandu.t\\Katalon Studio\\NJS_Chandu\\Reports\\20191216_084906\\NJS_Chandu\\20191216_084906\\1576466628999.png]]

2019-12-16 08:53:49 - [TEST_STEP][PASSED] - uploadFile(findTestObject("UploadResumeButton"), findTestData("LoginDetailsNJS").getValue(5, 1)): File 'D:\chanduR\Resume1.docx' sent to object: 'Object Repository/UploadResumeButton'

2019-12-16 08:53:49 - [MESSAGE][PASSED] - File 'D:\chanduR\Resume1.docx' sent to object: 'Object Repository/UploadResumeButton'

2019-12-16 08:53:49 - [TEST_STEP][PASSED] - delay(10): Delayed 10 second(s)

2019-12-16 08:53:59 - [MESSAGE][PASSED] - Delayed 10 second(s)

2019-12-16 08:53:59 - [TEST_STEP][NOT_RUN] - click(findTestObject("EditResumeHeadline")): NOT_RUN: click(findTestObject("EditResumeHeadline"))

2019-12-16 08:53:59 - [MESSAGE][NOT_RUN] - NOT_RUN: click(findTestObject("EditResumeHeadline"))

2019-12-16 08:53:59 - [TEST_STEP][NOT_RUN] - setText(findTestObject("ResumeHeadLineText"), "."): NOT_RUN: setText(findTestObject("ResumeHeadLineText"), ".")

2019-12-16 08:53:59 - [MESSAGE][NOT_RUN] - NOT_RUN: setText(findTestObject("ResumeHeadLineText"), ".")

2019-12-16 08:53:59 - [TEST_STEP][NOT_RUN] - click(findTestObject("SaveResumeHeadLineButton")): NOT_RUN: click(findTestObject("SaveResumeHeadLineButton"))

2019-12-16 08:53:59 - [MESSAGE][NOT_RUN] - NOT_RUN: click(findTestObject("SaveResumeHeadLineButton"))

2019-12-16 08:53:59 - [TEST_STEP][PASSED] - takeScreenshot(): Taking screenshot successfully

2019-12-16 08:54:00 - [MESSAGE][PASSED] - Taking screenshot successfully
[[ATTACHMENT|C:\\Users\\chandu.t\\Katalon Studio\\NJS_Chandu\\Reports\\20191216_084906\\NJS_Chandu\\20191216_084906\\1576466639795.png]]

2019-12-16 08:54:00 - [TEST_STEP][PASSED] - refresh(): Refresh successfully

2019-12-16 08:54:02 - [MESSAGE][PASSED] - Refresh successfully

2019-12-16 08:54:02 - [TEST_STEP][PASSED] - delay(10): Delayed 10 second(s)

2019-12-16 08:54:12 - [MESSAGE][PASSED] - Delayed 10 second(s)

2019-12-16 08:54:12 - [TEST_STEP][PASSED] - takeScreenshot(): Taking screenshot successfully

2019-12-16 08:54:12 - [MESSAGE][PASSED] - Taking screenshot successfully
[[ATTACHMENT|C:\\Users\\chandu.t\\Katalon Studio\\NJS_Chandu\\Reports\\20191216_084906\\NJS_Chandu\\20191216_084906\\1576466652329.png]]

2019-12-16 08:54:12 - [TEST_STEP][PASSED] - closeBrowser(): Browser is closed

2019-12-16 08:54:13 - [MESSAGE][PASSED] - Browser is closed]]></system-out>
         <system-err><![CDATA[]]></system-err>
      </testcase>
      <testcase name="Test Cases/SCRCheck" time="25.894" classname="Test Cases/SCRCheck" status="PASSED">
         <system-out><![CDATA[2019-12-16 08:54:13 - [TEST_CASE][PASSED] - Test Cases/SCRCheck: Test Cases/SCRCheck

2019-12-16 08:54:14 - [TEST_STEP][PASSED] - openBrowser("https://scr.indianrailways.gov.in/"): Browser is opened with url: 'https://scr.indianrailways.gov.in/'

2019-12-16 08:54:14 - [MESSAGE][INFO] - Starting 'Chrome' driver

2019-12-16 08:54:14 - [MESSAGE][INFO] - User set preference: ['args', '[--incognito]']

2019-12-16 08:54:22 - [MESSAGE][PASSED] - Browser is opened with url: 'https://scr.indianrailways.gov.in/'

2019-12-16 08:54:22 - [TEST_STEP][PASSED] - maximizeWindow(): Current window maximized

2019-12-16 08:54:23 - [MESSAGE][PASSED] - Current window maximized

2019-12-16 08:54:23 - [TEST_STEP][PASSED] - mouseOver(findTestObject("SCRPage/PublicInformation")): Object: 'Object Repository/SCRPage/PublicInformation' is hovered

2019-12-16 08:54:25 - [MESSAGE][PASSED] - Object: 'Object Repository/SCRPage/PublicInformation' is hovered

2019-12-16 08:54:25 - [TEST_STEP][PASSED] - click(findTestObject("SCRPage/PressRelease")): Object: 'Object Repository/SCRPage/PressRelease' is clicked on

2019-12-16 08:54:28 - [MESSAGE][PASSED] - Object: 'Object Repository/SCRPage/PressRelease' is clicked on

2019-12-16 08:54:28 - [TEST_STEP][PASSED] - delay(10): Delayed 10 second(s)

2019-12-16 08:54:38 - [MESSAGE][PASSED] - Delayed 10 second(s)

2019-12-16 08:54:38 - [TEST_STEP][PASSED] - takeScreenshot(): Taking screenshot successfully

2019-12-16 08:54:38 - [MESSAGE][PASSED] - Taking screenshot successfully
[[ATTACHMENT|C:\\Users\\chandu.t\\Katalon Studio\\NJS_Chandu\\Reports\\20191216_084906\\NJS_Chandu\\20191216_084906\\1576466678283.png]]

2019-12-16 08:54:38 - [TEST_STEP][PASSED] - closeBrowser(): Browser is closed

2019-12-16 08:54:39 - [MESSAGE][PASSED] - Browser is closed]]></system-out>
         <system-err><![CDATA[]]></system-err>
      </testcase>
      <system-out><![CDATA[2019-12-16 08:49:12 - [TEST_SUITE][PASSED] - NJS_Chandu: Test Cases/SCRCheck]]></system-out>
      <system-err><![CDATA[]]></system-err>
   </testsuite>
</testsuites>
