<?xml version="1.0" encoding="UTF-8"?>
<testsuites name="NJS_Chandu" time="314.174" tests="3" failures="0" errors="0">
   <testsuite name="NJS_Chandu" tests="3" failures="0" errors="0" time="314.174" timestamp="2020-01-17 12:41:51" hostname="chandu.t - wlpt518.imidomain.com" id="Test Suites/NJS_Chandu">
      <properties>
         <property name="deviceName" value=""/>
         <property name="devicePlatform" value=""/>
         <property name="logFolder" value="C:\\Users\\chandu.t\\Katalon Studio\\NJS_Chandu\\Reports\\20200117_124147\\NJS_Chandu\\20200117_124147"/>
         <property name="logFiles" value="C:\\Users\\chandu.t\\Katalon Studio\\NJS_Chandu\\Reports\\20200117_124147\\NJS_Chandu\\20200117_124147\\execution0.log"/>
         <property name="attachments" value="C:\\Users\\chandu.t\\Katalon Studio\\NJS_Chandu\\Reports\\20200117_124147\\NJS_Chandu\\20200117_124147\\1579245196660.png, C:\\Users\\chandu.t\\Katalon Studio\\NJS_Chandu\\Reports\\20200117_124147\\NJS_Chandu\\20200117_124147\\1579245208008.png, C:\\Users\\chandu.t\\Katalon Studio\\NJS_Chandu\\Reports\\20200117_124147\\NJS_Chandu\\20200117_124147\\1579245226080.png, C:\\Users\\chandu.t\\Katalon Studio\\NJS_Chandu\\Reports\\20200117_124147\\NJS_Chandu\\20200117_124147\\1579245294601.png, C:\\Users\\chandu.t\\Katalon Studio\\NJS_Chandu\\Reports\\20200117_124147\\NJS_Chandu\\20200117_124147\\1579245306614.png, C:\\Users\\chandu.t\\Katalon Studio\\NJS_Chandu\\Reports\\20200117_124147\\NJS_Chandu\\20200117_124147\\1579245323239.png, C:\\Users\\chandu.t\\Katalon Studio\\NJS_Chandu\\Reports\\20200117_124147\\NJS_Chandu\\20200117_124147\\1579245395333.png, C:\\Users\\chandu.t\\Katalon Studio\\NJS_Chandu\\Reports\\20200117_124147\\NJS_Chandu\\20200117_124147\\1579245406664.png, C:\\Users\\chandu.t\\Katalon Studio\\NJS_Chandu\\Reports\\20200117_124147\\NJS_Chandu\\20200117_124147\\1579245422175.png"/>
         <property name="hostName" value="chandu.t - wlpt518.imidomain.com"/>
         <property name="os" value="Windows 10 64bit"/>
         <property name="katalonVersion" value="7.2.1.1"/>
         <property name="browser" value="Firefox 71.0"/>
         <property name="hostAddress" value="192.168.43.93"/>
         <property name="sessionId" value="0745d390-12ea-433f-943a-6f4e60f42718"/>
         <property name="seleniumVersion" value="3.141.59"/>
         <property name="proxyInformation" value="ProxyInformation{proxyOption=NO_PROXY, proxyServerType=HTTP, password=, proxyServerAddress=, proxyServerPort=0, executionList=}"/>
         <property name="platform" value="Windows 10"/>
      </properties>
      <testcase name="Test Cases/Naukri/deleteandupload3" time="119.297" classname="Test Cases/Naukri/deleteandupload3" status="PASSED">
         <system-out><![CDATA[2020-01-17 12:41:52 - [TEST_CASE][PASSED] - Test Cases/Naukri/deleteandupload3: Test Cases/Naukri/deleteandupload3

2020-01-17 12:41:53 - [TEST_STEP][PASSED] - openBrowser(findTestData("LoginDetailsNJS").getValue(1, 3)): Browser is opened with url: 'https://www.naukri.com/'

2020-01-17 12:41:55 - [MESSAGE][INFO] - Starting 'Firefox' driver

2020-01-17 12:41:55 - [MESSAGE][INFO] - Action delay is set to 0 seconds

2020-01-17 12:42:26 - [MESSAGE][PASSED] - Browser is opened with url: 'https://www.naukri.com/'

2020-01-17 12:42:26 - [TEST_STEP][PASSED] - closeWindowIndex(1): Window with index 1 is closed

2020-01-17 12:42:27 - [MESSAGE][PASSED] - Window with index 1 is closed

2020-01-17 12:42:27 - [TEST_STEP][PASSED] - closeWindowIndex(1): Window with index 1 is closed

2020-01-17 12:42:27 - [MESSAGE][PASSED] - Window with index 1 is closed

2020-01-17 12:42:27 - [TEST_STEP][PASSED] - closeWindowIndex(1): Window with index 1 is closed

2020-01-17 12:42:27 - [MESSAGE][PASSED] - Window with index 1 is closed

2020-01-17 12:42:27 - [TEST_STEP][PASSED] - switchToWindowIndex(0): Switched to window with index: '0'

2020-01-17 12:42:27 - [MESSAGE][PASSED] - Switched to window with index: '0'

2020-01-17 12:42:27 - [TEST_STEP][PASSED] - maximizeWindow(): Current window maximized

2020-01-17 12:42:27 - [MESSAGE][PASSED] - Current window maximized

2020-01-17 12:42:27 - [TEST_STEP][PASSED] - click(findTestObject("Naukri/LoginButton")): Object: 'Object Repository/Naukri/LoginButton' is clicked on

2020-01-17 12:42:29 - [MESSAGE][PASSED] - Object: 'Object Repository/Naukri/LoginButton' is clicked on

2020-01-17 12:42:29 - [TEST_STEP][PASSED] - click(findTestObject("Naukri/GoogleButton")): Object: 'Object Repository/Naukri/GoogleButton' is clicked on

2020-01-17 12:42:30 - [MESSAGE][PASSED] - Object: 'Object Repository/Naukri/GoogleButton' is clicked on

2020-01-17 12:42:30 - [TEST_STEP][PASSED] - switchToWindowIndex(1): Switched to window with index: '1'

2020-01-17 12:42:30 - [MESSAGE][PASSED] - Switched to window with index: '1'

2020-01-17 12:42:30 - [TEST_STEP][PASSED] - setText(findTestObject("Naukri/UserName"), findTestData("LoginDetailsNJS").getValue(2, 3)): Text 'chandut1024@gmail.com' is set on object 'Object Repository/Naukri/UserName'

2020-01-17 12:42:35 - [MESSAGE][PASSED] - Text 'chandut1024@gmail.com' is set on object 'Object Repository/Naukri/UserName'

2020-01-17 12:42:35 - [TEST_STEP][PASSED] - click(findTestObject("Naukri/NextButton")): Object: 'Object Repository/Naukri/NextButton' is clicked on

2020-01-17 12:42:36 - [MESSAGE][PASSED] - Object: 'Object Repository/Naukri/NextButton' is clicked on

2020-01-17 12:42:36 - [TEST_STEP][PASSED] - delay(5): Delayed 5 second(s)

2020-01-17 12:42:41 - [MESSAGE][PASSED] - Delayed 5 second(s)

2020-01-17 12:42:41 - [TEST_STEP][PASSED] - setText(findTestObject("Naukri/Password"), findTestData("LoginDetailsNJS").getValue(3, 3)): Text 'achala$123' is set on object 'Object Repository/Naukri/Password'

2020-01-17 12:42:42 - [MESSAGE][PASSED] - Text 'achala$123' is set on object 'Object Repository/Naukri/Password'

2020-01-17 12:42:42 - [TEST_STEP][PASSED] - click(findTestObject("Naukri/NextButton")): Object: 'Object Repository/Naukri/NextButton' is clicked on

2020-01-17 12:42:46 - [MESSAGE][PASSED] - Object: 'Object Repository/Naukri/NextButton' is clicked on

2020-01-17 12:42:46 - [TEST_STEP][PASSED] - switchToWindowIndex(0): Switched to window with index: '0'

2020-01-17 12:42:46 - [MESSAGE][PASSED] - Switched to window with index: '0'

2020-01-17 12:42:46 - [TEST_STEP][PASSED] - delay(10): Delayed 10 second(s)

2020-01-17 12:42:57 - [MESSAGE][PASSED] - Delayed 10 second(s)

2020-01-17 12:42:57 - [TEST_STEP][PASSED] - click(findTestObject("Naukri/ProfileName")): Object: 'Object Repository/Naukri/ProfileName' is clicked on

2020-01-17 12:42:58 - [MESSAGE][PASSED] - Object: 'Object Repository/Naukri/ProfileName' is clicked on

2020-01-17 12:42:58 - [TEST_STEP][PASSED] - click(findTestObject("Naukri/DeleteResumeButton")): Object: 'Object Repository/Naukri/DeleteResumeButton' is clicked on

2020-01-17 12:43:00 - [MESSAGE][PASSED] - Object: 'Object Repository/Naukri/DeleteResumeButton' is clicked on

2020-01-17 12:43:00 - [TEST_STEP][PASSED] - click(findTestObject("Naukri/DeleteResumeConfirm")): Object: 'Object Repository/Naukri/DeleteResumeConfirm' is clicked on

2020-01-17 12:43:01 - [MESSAGE][PASSED] - Object: 'Object Repository/Naukri/DeleteResumeConfirm' is clicked on

2020-01-17 12:43:01 - [TEST_STEP][PASSED] - delay(15): Delayed 15 second(s)

2020-01-17 12:43:16 - [MESSAGE][PASSED] - Delayed 15 second(s)

2020-01-17 12:43:16 - [TEST_STEP][PASSED] - takeScreenshot(): Taking screenshot successfully

2020-01-17 12:43:16 - [MESSAGE][PASSED] - Taking screenshot successfully
[[ATTACHMENT|C:\\Users\\chandu.t\\Katalon Studio\\NJS_Chandu\\Reports\\20200117_124147\\NJS_Chandu\\20200117_124147\\1579245196660.png]]

2020-01-17 12:43:16 - [TEST_STEP][PASSED] - uploadFile(findTestObject("Naukri/UploadResumeButton"), findTestData("LoginDetailsNJS").getValue(5, 3)): File 'D:\chanduR\Chandu_Thota_QA_Engineer3.docx' sent to object: 'Object Repository/Naukri/UploadResumeButton'

2020-01-17 12:43:17 - [MESSAGE][PASSED] - File 'D:\chanduR\Chandu_Thota_QA_Engineer3.docx' sent to object: 'Object Repository/Naukri/UploadResumeButton'

2020-01-17 12:43:17 - [TEST_STEP][PASSED] - delay(10): Delayed 10 second(s)

2020-01-17 12:43:27 - [MESSAGE][PASSED] - Delayed 10 second(s)

2020-01-17 12:43:27 - [TEST_STEP][NOT_RUN] - click(findTestObject("Naukri/EditResumeHeadline")): NOT_RUN: click(findTestObject("Naukri/EditResumeHeadline"))

2020-01-17 12:43:27 - [MESSAGE][NOT_RUN] - NOT_RUN: click(findTestObject("Naukri/EditResumeHeadline"))

2020-01-17 12:43:27 - [TEST_STEP][NOT_RUN] - setText(findTestObject("Naukri/ResumeHeadLineText"), "."): NOT_RUN: setText(findTestObject("Naukri/ResumeHeadLineText"), ".")

2020-01-17 12:43:27 - [MESSAGE][NOT_RUN] - NOT_RUN: setText(findTestObject("Naukri/ResumeHeadLineText"), ".")

2020-01-17 12:43:27 - [TEST_STEP][NOT_RUN] - click(findTestObject("Naukri/SaveResumeHeadLineButton")): NOT_RUN: click(findTestObject("Naukri/SaveResumeHeadLineButton"))

2020-01-17 12:43:27 - [MESSAGE][NOT_RUN] - NOT_RUN: click(findTestObject("Naukri/SaveResumeHeadLineButton"))

2020-01-17 12:43:27 - [TEST_STEP][PASSED] - takeScreenshot(): Taking screenshot successfully

2020-01-17 12:43:28 - [MESSAGE][PASSED] - Taking screenshot successfully
[[ATTACHMENT|C:\\Users\\chandu.t\\Katalon Studio\\NJS_Chandu\\Reports\\20200117_124147\\NJS_Chandu\\20200117_124147\\1579245208008.png]]

2020-01-17 12:43:28 - [TEST_STEP][PASSED] - refresh(): Refresh successfully

2020-01-17 12:43:35 - [MESSAGE][PASSED] - Refresh successfully

2020-01-17 12:43:35 - [TEST_STEP][PASSED] - delay(10): Delayed 10 second(s)

2020-01-17 12:43:45 - [MESSAGE][PASSED] - Delayed 10 second(s)

2020-01-17 12:43:45 - [TEST_STEP][PASSED] - takeScreenshot(): Taking screenshot successfully

2020-01-17 12:43:46 - [MESSAGE][PASSED] - Taking screenshot successfully
[[ATTACHMENT|C:\\Users\\chandu.t\\Katalon Studio\\NJS_Chandu\\Reports\\20200117_124147\\NJS_Chandu\\20200117_124147\\1579245226080.png]]

2020-01-17 12:43:46 - [TEST_STEP][PASSED] - closeBrowser(): Browser is closed

2020-01-17 12:43:51 - [MESSAGE][PASSED] - Browser is closed]]></system-out>
         <system-err><![CDATA[]]></system-err>
      </testcase>
      <testcase name="Test Cases/Naukri/deleteandupload2" time="99.054" classname="Test Cases/Naukri/deleteandupload2" status="PASSED">
         <system-out><![CDATA[2020-01-17 12:43:51 - [TEST_CASE][PASSED] - Test Cases/Naukri/deleteandupload2: Test Cases/Naukri/deleteandupload2

2020-01-17 12:43:52 - [TEST_STEP][PASSED] - openBrowser(findTestData("LoginDetailsNJS").getValue(1, 2)): Browser is opened with url: 'https://www.naukri.com/'

2020-01-17 12:43:52 - [MESSAGE][INFO] - Starting 'Firefox' driver

2020-01-17 12:44:06 - [MESSAGE][PASSED] - Browser is opened with url: 'https://www.naukri.com/'

2020-01-17 12:44:06 - [TEST_STEP][PASSED] - closeWindowIndex(1): Window with index 1 is closed

2020-01-17 12:44:06 - [MESSAGE][PASSED] - Window with index 1 is closed

2020-01-17 12:44:06 - [TEST_STEP][PASSED] - closeWindowIndex(1): Window with index 1 is closed

2020-01-17 12:44:06 - [MESSAGE][PASSED] - Window with index 1 is closed

2020-01-17 12:44:06 - [TEST_STEP][PASSED] - closeWindowIndex(1): Window with index 1 is closed

2020-01-17 12:44:07 - [MESSAGE][PASSED] - Window with index 1 is closed

2020-01-17 12:44:07 - [TEST_STEP][PASSED] - switchToWindowIndex(0): Switched to window with index: '0'

2020-01-17 12:44:07 - [MESSAGE][PASSED] - Switched to window with index: '0'

2020-01-17 12:44:07 - [TEST_STEP][PASSED] - maximizeWindow(): Current window maximized

2020-01-17 12:44:07 - [MESSAGE][PASSED] - Current window maximized

2020-01-17 12:44:07 - [TEST_STEP][PASSED] - click(findTestObject("Naukri/LoginButton")): Object: 'Object Repository/Naukri/LoginButton' is clicked on

2020-01-17 12:44:09 - [MESSAGE][PASSED] - Object: 'Object Repository/Naukri/LoginButton' is clicked on

2020-01-17 12:44:09 - [TEST_STEP][PASSED] - click(findTestObject("Naukri/GoogleButton")): Object: 'Object Repository/Naukri/GoogleButton' is clicked on

2020-01-17 12:44:10 - [MESSAGE][PASSED] - Object: 'Object Repository/Naukri/GoogleButton' is clicked on

2020-01-17 12:44:10 - [TEST_STEP][PASSED] - switchToWindowIndex(1): Switched to window with index: '1'

2020-01-17 12:44:10 - [MESSAGE][PASSED] - Switched to window with index: '1'

2020-01-17 12:44:10 - [TEST_STEP][PASSED] - setText(findTestObject("Naukri/UserName"), findTestData("LoginDetailsNJS").getValue(2, 2)): Text 'chanduthota371@gmail.com' is set on object 'Object Repository/Naukri/UserName'

2020-01-17 12:44:14 - [MESSAGE][PASSED] - Text 'chanduthota371@gmail.com' is set on object 'Object Repository/Naukri/UserName'

2020-01-17 12:44:14 - [TEST_STEP][PASSED] - click(findTestObject("Naukri/NextButton")): Object: 'Object Repository/Naukri/NextButton' is clicked on

2020-01-17 12:44:15 - [MESSAGE][PASSED] - Object: 'Object Repository/Naukri/NextButton' is clicked on

2020-01-17 12:44:15 - [TEST_STEP][PASSED] - delay(5): Delayed 5 second(s)

2020-01-17 12:44:20 - [MESSAGE][PASSED] - Delayed 5 second(s)

2020-01-17 12:44:20 - [TEST_STEP][PASSED] - setText(findTestObject("Naukri/Password"), findTestData("LoginDetailsNJS").getValue(3, 2)): Text 'achala$123' is set on object 'Object Repository/Naukri/Password'

2020-01-17 12:44:20 - [MESSAGE][PASSED] - Text 'achala$123' is set on object 'Object Repository/Naukri/Password'

2020-01-17 12:44:20 - [TEST_STEP][PASSED] - click(findTestObject("Naukri/NextButton")): Object: 'Object Repository/Naukri/NextButton' is clicked on

2020-01-17 12:44:25 - [MESSAGE][PASSED] - Object: 'Object Repository/Naukri/NextButton' is clicked on

2020-01-17 12:44:25 - [TEST_STEP][PASSED] - switchToWindowIndex(0): Switched to window with index: '0'

2020-01-17 12:44:25 - [MESSAGE][PASSED] - Switched to window with index: '0'

2020-01-17 12:44:25 - [TEST_STEP][PASSED] - delay(10): Delayed 10 second(s)

2020-01-17 12:44:35 - [MESSAGE][PASSED] - Delayed 10 second(s)

2020-01-17 12:44:35 - [TEST_STEP][PASSED] - click(findTestObject("Naukri/ProfileName")): Object: 'Object Repository/Naukri/ProfileName' is clicked on

2020-01-17 12:44:36 - [MESSAGE][PASSED] - Object: 'Object Repository/Naukri/ProfileName' is clicked on

2020-01-17 12:44:36 - [TEST_STEP][PASSED] - click(findTestObject("Naukri/DeleteResumeButton")): Object: 'Object Repository/Naukri/DeleteResumeButton' is clicked on

2020-01-17 12:44:38 - [MESSAGE][PASSED] - Object: 'Object Repository/Naukri/DeleteResumeButton' is clicked on

2020-01-17 12:44:38 - [TEST_STEP][PASSED] - click(findTestObject("Naukri/DeleteResumeConfirm")): Object: 'Object Repository/Naukri/DeleteResumeConfirm' is clicked on

2020-01-17 12:44:39 - [MESSAGE][PASSED] - Object: 'Object Repository/Naukri/DeleteResumeConfirm' is clicked on

2020-01-17 12:44:39 - [TEST_STEP][PASSED] - delay(15): Delayed 15 second(s)

2020-01-17 12:44:54 - [MESSAGE][PASSED] - Delayed 15 second(s)

2020-01-17 12:44:54 - [TEST_STEP][PASSED] - takeScreenshot(): Taking screenshot successfully

2020-01-17 12:44:54 - [MESSAGE][PASSED] - Taking screenshot successfully
[[ATTACHMENT|C:\\Users\\chandu.t\\Katalon Studio\\NJS_Chandu\\Reports\\20200117_124147\\NJS_Chandu\\20200117_124147\\1579245294601.png]]

2020-01-17 12:44:54 - [TEST_STEP][PASSED] - uploadFile(findTestObject("Naukri/UploadResumeButton"), findTestData("LoginDetailsNJS").getValue(5, 2)): File 'D:\chanduR\Chandu_Thota_QA_Engineer2.docx' sent to object: 'Object Repository/Naukri/UploadResumeButton'

2020-01-17 12:44:55 - [MESSAGE][PASSED] - File 'D:\chanduR\Chandu_Thota_QA_Engineer2.docx' sent to object: 'Object Repository/Naukri/UploadResumeButton'

2020-01-17 12:44:55 - [TEST_STEP][PASSED] - delay(10): Delayed 10 second(s)

2020-01-17 12:45:05 - [MESSAGE][PASSED] - Delayed 10 second(s)

2020-01-17 12:45:05 - [TEST_STEP][NOT_RUN] - click(findTestObject("Naukri/EditResumeHeadline")): NOT_RUN: click(findTestObject("Naukri/EditResumeHeadline"))

2020-01-17 12:45:05 - [MESSAGE][NOT_RUN] - NOT_RUN: click(findTestObject("Naukri/EditResumeHeadline"))

2020-01-17 12:45:05 - [TEST_STEP][NOT_RUN] - setText(findTestObject("Naukri/ResumeHeadLineText"), "."): NOT_RUN: setText(findTestObject("Naukri/ResumeHeadLineText"), ".")

2020-01-17 12:45:05 - [MESSAGE][NOT_RUN] - NOT_RUN: setText(findTestObject("Naukri/ResumeHeadLineText"), ".")

2020-01-17 12:45:05 - [TEST_STEP][NOT_RUN] - click(findTestObject("Naukri/SaveResumeHeadLineButton")): NOT_RUN: click(findTestObject("Naukri/SaveResumeHeadLineButton"))

2020-01-17 12:45:05 - [MESSAGE][NOT_RUN] - NOT_RUN: click(findTestObject("Naukri/SaveResumeHeadLineButton"))

2020-01-17 12:45:05 - [TEST_STEP][PASSED] - takeScreenshot(): Taking screenshot successfully

2020-01-17 12:45:06 - [MESSAGE][PASSED] - Taking screenshot successfully
[[ATTACHMENT|C:\\Users\\chandu.t\\Katalon Studio\\NJS_Chandu\\Reports\\20200117_124147\\NJS_Chandu\\20200117_124147\\1579245306614.png]]

2020-01-17 12:45:06 - [TEST_STEP][PASSED] - refresh(): Refresh successfully

2020-01-17 12:45:12 - [MESSAGE][PASSED] - Refresh successfully

2020-01-17 12:45:12 - [TEST_STEP][PASSED] - delay(10): Delayed 10 second(s)

2020-01-17 12:45:22 - [MESSAGE][PASSED] - Delayed 10 second(s)

2020-01-17 12:45:22 - [TEST_STEP][PASSED] - takeScreenshot(): Taking screenshot successfully

2020-01-17 12:45:23 - [MESSAGE][PASSED] - Taking screenshot successfully
[[ATTACHMENT|C:\\Users\\chandu.t\\Katalon Studio\\NJS_Chandu\\Reports\\20200117_124147\\NJS_Chandu\\20200117_124147\\1579245323239.png]]

2020-01-17 12:45:23 - [TEST_STEP][PASSED] - closeBrowser(): Browser is closed

2020-01-17 12:45:30 - [MESSAGE][PASSED] - Browser is closed]]></system-out>
         <system-err><![CDATA[]]></system-err>
      </testcase>
      <testcase name="Test Cases/Naukri/deleteandupload1" time="95.155" classname="Test Cases/Naukri/deleteandupload1" status="PASSED">
         <system-out><![CDATA[2020-01-17 12:45:30 - [TEST_CASE][PASSED] - Test Cases/Naukri/deleteandupload1: Test Cases/Naukri/deleteandupload1

2020-01-17 12:45:31 - [TEST_STEP][PASSED] - openBrowser(findTestData("LoginDetailsNJS").getValue(1, 1)): Browser is opened with url: 'naukri.com'

2020-01-17 12:45:31 - [MESSAGE][INFO] - Starting 'Firefox' driver

2020-01-17 12:45:47 - [MESSAGE][PASSED] - Browser is opened with url: 'naukri.com'

2020-01-17 12:45:47 - [TEST_STEP][PASSED] - closeWindowIndex(1): Window with index 1 is closed

2020-01-17 12:45:47 - [MESSAGE][PASSED] - Window with index 1 is closed

2020-01-17 12:45:47 - [TEST_STEP][PASSED] - closeWindowIndex(1): Window with index 1 is closed

2020-01-17 12:45:48 - [MESSAGE][PASSED] - Window with index 1 is closed

2020-01-17 12:45:48 - [TEST_STEP][PASSED] - closeWindowIndex(1): Window with index 1 is closed

2020-01-17 12:45:48 - [MESSAGE][PASSED] - Window with index 1 is closed

2020-01-17 12:45:48 - [TEST_STEP][PASSED] - switchToWindowIndex(0): Switched to window with index: '0'

2020-01-17 12:45:48 - [MESSAGE][PASSED] - Switched to window with index: '0'

2020-01-17 12:45:48 - [TEST_STEP][PASSED] - maximizeWindow(): Current window maximized

2020-01-17 12:45:48 - [MESSAGE][PASSED] - Current window maximized

2020-01-17 12:45:48 - [TEST_STEP][PASSED] - click(findTestObject("Naukri/LoginButton")): Object: 'Object Repository/Naukri/LoginButton' is clicked on

2020-01-17 12:45:49 - [MESSAGE][PASSED] - Object: 'Object Repository/Naukri/LoginButton' is clicked on

2020-01-17 12:45:49 - [TEST_STEP][PASSED] - click(findTestObject("Naukri/GoogleButton")): Object: 'Object Repository/Naukri/GoogleButton' is clicked on

2020-01-17 12:45:50 - [MESSAGE][PASSED] - Object: 'Object Repository/Naukri/GoogleButton' is clicked on

2020-01-17 12:45:50 - [TEST_STEP][PASSED] - switchToWindowIndex(1): Switched to window with index: '1'

2020-01-17 12:45:50 - [MESSAGE][PASSED] - Switched to window with index: '1'

2020-01-17 12:45:50 - [TEST_STEP][PASSED] - setText(findTestObject("Naukri/UserName"), findTestData("LoginDetailsNJS").getValue(2, 1)): Text 'thota.chandu1@gmail.com' is set on object 'Object Repository/Naukri/UserName'

2020-01-17 12:45:54 - [MESSAGE][PASSED] - Text 'thota.chandu1@gmail.com' is set on object 'Object Repository/Naukri/UserName'

2020-01-17 12:45:54 - [TEST_STEP][PASSED] - click(findTestObject("Naukri/NextButton")): Object: 'Object Repository/Naukri/NextButton' is clicked on

2020-01-17 12:45:55 - [MESSAGE][PASSED] - Object: 'Object Repository/Naukri/NextButton' is clicked on

2020-01-17 12:45:55 - [TEST_STEP][PASSED] - delay(5): Delayed 5 second(s)

2020-01-17 12:46:00 - [MESSAGE][PASSED] - Delayed 5 second(s)

2020-01-17 12:46:00 - [TEST_STEP][PASSED] - setText(findTestObject("Naukri/Password"), findTestData("LoginDetailsNJS").getValue(3, 1)): Text 'achala$123' is set on object 'Object Repository/Naukri/Password'

2020-01-17 12:46:00 - [MESSAGE][PASSED] - Text 'achala$123' is set on object 'Object Repository/Naukri/Password'

2020-01-17 12:46:00 - [TEST_STEP][PASSED] - click(findTestObject("Naukri/NextButton")): Object: 'Object Repository/Naukri/NextButton' is clicked on

2020-01-17 12:46:05 - [MESSAGE][PASSED] - Object: 'Object Repository/Naukri/NextButton' is clicked on

2020-01-17 12:46:05 - [TEST_STEP][PASSED] - switchToWindowIndex(0): Switched to window with index: '0'

2020-01-17 12:46:05 - [MESSAGE][PASSED] - Switched to window with index: '0'

2020-01-17 12:46:05 - [TEST_STEP][PASSED] - delay(10): Delayed 10 second(s)

2020-01-17 12:46:15 - [MESSAGE][PASSED] - Delayed 10 second(s)

2020-01-17 12:46:15 - [TEST_STEP][PASSED] - click(findTestObject("Naukri/ProfileName")): Object: 'Object Repository/Naukri/ProfileName' is clicked on

2020-01-17 12:46:17 - [MESSAGE][PASSED] - Object: 'Object Repository/Naukri/ProfileName' is clicked on

2020-01-17 12:46:17 - [TEST_STEP][PASSED] - click(findTestObject("Naukri/DeleteResumeButton")): Object: 'Object Repository/Naukri/DeleteResumeButton' is clicked on

2020-01-17 12:46:19 - [MESSAGE][PASSED] - Object: 'Object Repository/Naukri/DeleteResumeButton' is clicked on

2020-01-17 12:46:19 - [TEST_STEP][PASSED] - click(findTestObject("Naukri/DeleteResumeConfirm")): Object: 'Object Repository/Naukri/DeleteResumeConfirm' is clicked on

2020-01-17 12:46:20 - [MESSAGE][PASSED] - Object: 'Object Repository/Naukri/DeleteResumeConfirm' is clicked on

2020-01-17 12:46:20 - [TEST_STEP][PASSED] - delay(15): Delayed 15 second(s)

2020-01-17 12:46:35 - [MESSAGE][PASSED] - Delayed 15 second(s)

2020-01-17 12:46:35 - [TEST_STEP][PASSED] - takeScreenshot(): Taking screenshot successfully

2020-01-17 12:46:35 - [MESSAGE][PASSED] - Taking screenshot successfully
[[ATTACHMENT|C:\\Users\\chandu.t\\Katalon Studio\\NJS_Chandu\\Reports\\20200117_124147\\NJS_Chandu\\20200117_124147\\1579245395333.png]]

2020-01-17 12:46:35 - [TEST_STEP][PASSED] - uploadFile(findTestObject("Naukri/UploadResumeButton"), findTestData("LoginDetailsNJS").getValue(5, 1)): File 'D:\chanduR\Chandu_Thota_QA_Engineer1.docx' sent to object: 'Object Repository/Naukri/UploadResumeButton'

2020-01-17 12:46:36 - [MESSAGE][PASSED] - File 'D:\chanduR\Chandu_Thota_QA_Engineer1.docx' sent to object: 'Object Repository/Naukri/UploadResumeButton'

2020-01-17 12:46:36 - [TEST_STEP][PASSED] - delay(10): Delayed 10 second(s)

2020-01-17 12:46:46 - [MESSAGE][PASSED] - Delayed 10 second(s)

2020-01-17 12:46:46 - [TEST_STEP][NOT_RUN] - click(findTestObject("Naukri/EditResumeHeadline")): NOT_RUN: click(findTestObject("Naukri/EditResumeHeadline"))

2020-01-17 12:46:46 - [MESSAGE][NOT_RUN] - NOT_RUN: click(findTestObject("Naukri/EditResumeHeadline"))

2020-01-17 12:46:46 - [TEST_STEP][NOT_RUN] - setText(findTestObject("Naukri/ResumeHeadLineText"), "."): NOT_RUN: setText(findTestObject("Naukri/ResumeHeadLineText"), ".")

2020-01-17 12:46:46 - [MESSAGE][NOT_RUN] - NOT_RUN: setText(findTestObject("Naukri/ResumeHeadLineText"), ".")

2020-01-17 12:46:46 - [TEST_STEP][NOT_RUN] - click(findTestObject("Naukri/SaveResumeHeadLineButton")): NOT_RUN: click(findTestObject("Naukri/SaveResumeHeadLineButton"))

2020-01-17 12:46:46 - [MESSAGE][NOT_RUN] - NOT_RUN: click(findTestObject("Naukri/SaveResumeHeadLineButton"))

2020-01-17 12:46:46 - [TEST_STEP][PASSED] - takeScreenshot(): Taking screenshot successfully

2020-01-17 12:46:46 - [MESSAGE][PASSED] - Taking screenshot successfully
[[ATTACHMENT|C:\\Users\\chandu.t\\Katalon Studio\\NJS_Chandu\\Reports\\20200117_124147\\NJS_Chandu\\20200117_124147\\1579245406664.png]]

2020-01-17 12:46:46 - [TEST_STEP][PASSED] - refresh(): Refresh successfully

2020-01-17 12:46:51 - [MESSAGE][PASSED] - Refresh successfully

2020-01-17 12:46:51 - [TEST_STEP][PASSED] - delay(10): Delayed 10 second(s)

2020-01-17 12:47:01 - [MESSAGE][PASSED] - Delayed 10 second(s)

2020-01-17 12:47:01 - [TEST_STEP][PASSED] - takeScreenshot(): Taking screenshot successfully

2020-01-17 12:47:02 - [MESSAGE][PASSED] - Taking screenshot successfully
[[ATTACHMENT|C:\\Users\\chandu.t\\Katalon Studio\\NJS_Chandu\\Reports\\20200117_124147\\NJS_Chandu\\20200117_124147\\1579245422175.png]]

2020-01-17 12:47:02 - [TEST_STEP][PASSED] - closeBrowser(): Browser is closed

2020-01-17 12:47:06 - [MESSAGE][PASSED] - Browser is closed]]></system-out>
         <system-err><![CDATA[]]></system-err>
      </testcase>
      <system-out><![CDATA[2020-01-17 12:41:51 - [TEST_SUITE][PASSED] - NJS_Chandu: Test Cases/Naukri/deleteandupload1]]></system-out>
      <system-err><![CDATA[]]></system-err>
   </testsuite>
</testsuites>
