<?xml version="1.0" encoding="UTF-8"?>
<testsuites name="NJS_Chandu" time="259.216" tests="3" failures="0" errors="0">
   <testsuite name="NJS_Chandu" tests="3" failures="0" errors="0" time="259.216" timestamp="2019-12-20 10:42:49" hostname="chandu.t - wlpt518.imidomain.com" id="Test Suites/NJS_Chandu">
      <properties>
         <property name="deviceName" value=""/>
         <property name="devicePlatform" value=""/>
         <property name="logFolder" value="C:\\Users\\chandu.t\\Katalon Studio\\NJS_Chandu\\Reports\\20191220_104241\\NJS_Chandu\\20191220_104241"/>
         <property name="logFiles" value="C:\\Users\\chandu.t\\Katalon Studio\\NJS_Chandu\\Reports\\20191220_104241\\NJS_Chandu\\20191220_104241\\execution0.log"/>
         <property name="attachments" value="C:\\Users\\chandu.t\\Katalon Studio\\NJS_Chandu\\Reports\\20191220_104241\\NJS_Chandu\\20191220_104241\\1576818837381.png, C:\\Users\\chandu.t\\Katalon Studio\\NJS_Chandu\\Reports\\20191220_104241\\NJS_Chandu\\20191220_104241\\1576818849074.png, C:\\Users\\chandu.t\\Katalon Studio\\NJS_Chandu\\Reports\\20191220_104241\\NJS_Chandu\\20191220_104241\\1576818862497.png, C:\\Users\\chandu.t\\Katalon Studio\\NJS_Chandu\\Reports\\20191220_104241\\NJS_Chandu\\20191220_104241\\1576818918496.png, C:\\Users\\chandu.t\\Katalon Studio\\NJS_Chandu\\Reports\\20191220_104241\\NJS_Chandu\\20191220_104241\\1576818930176.png, C:\\Users\\chandu.t\\Katalon Studio\\NJS_Chandu\\Reports\\20191220_104241\\NJS_Chandu\\20191220_104241\\1576818944398.png, C:\\Users\\chandu.t\\Katalon Studio\\NJS_Chandu\\Reports\\20191220_104241\\NJS_Chandu\\20191220_104241\\1576819000352.png, C:\\Users\\chandu.t\\Katalon Studio\\NJS_Chandu\\Reports\\20191220_104241\\NJS_Chandu\\20191220_104241\\1576819012347.png, C:\\Users\\chandu.t\\Katalon Studio\\NJS_Chandu\\Reports\\20191220_104241\\NJS_Chandu\\20191220_104241\\1576819026344.png"/>
         <property name="hostName" value="chandu.t - wlpt518.imidomain.com"/>
         <property name="os" value="Windows 10 64bit"/>
         <property name="katalonVersion" value="7.1.2.1"/>
         <property name="browser" value="Chrome 77.0.3865.75"/>
         <property name="hostAddress" value="10.0.26.179"/>
         <property name="sessionId" value="094dcd9642896485b984687d0b0ab4a7"/>
         <property name="seleniumVersion" value="3.141.59"/>
         <property name="proxyInformation" value="ProxyInformation{proxyOption=NO_PROXY, proxyServerType=HTTP, password=, proxyServerAddress=, proxyServerPort=0, executionList=}"/>
         <property name="platform" value="Windows 10"/>
      </properties>
      <testcase name="Test Cases/deleteandupload3" time="94.879" classname="Test Cases/deleteandupload3" status="PASSED">
         <system-out><![CDATA[2019-12-20 10:42:49 - [TEST_CASE][PASSED] - Test Cases/deleteandupload3: Test Cases/deleteandupload3

2019-12-20 10:42:51 - [TEST_STEP][PASSED] - openBrowser(findTestData("LoginDetailsNJS").getValue(1, 3)): Browser is opened with url: 'https://www.naukri.com/'

2019-12-20 10:42:54 - [MESSAGE][INFO] - Starting 'Chrome' driver

2019-12-20 10:42:54 - [MESSAGE][INFO] - User set preference: ['args', '[--incognito]']

2019-12-20 10:42:55 - [MESSAGE][INFO] - Action delay is set to 0 seconds

2019-12-20 10:43:11 - [MESSAGE][PASSED] - Browser is opened with url: 'https://www.naukri.com/'

2019-12-20 10:43:11 - [TEST_STEP][PASSED] - closeWindowIndex(1): Window with index 1 is closed

2019-12-20 10:43:12 - [MESSAGE][PASSED] - Window with index 1 is closed

2019-12-20 10:43:12 - [TEST_STEP][PASSED] - closeWindowIndex(1): Window with index 1 is closed

2019-12-20 10:43:13 - [MESSAGE][PASSED] - Window with index 1 is closed

2019-12-20 10:43:13 - [TEST_STEP][PASSED] - switchToWindowIndex(0): Switched to window with index: '0'

2019-12-20 10:43:13 - [MESSAGE][PASSED] - Switched to window with index: '0'

2019-12-20 10:43:13 - [TEST_STEP][PASSED] - maximizeWindow(): Current window maximized

2019-12-20 10:43:14 - [MESSAGE][PASSED] - Current window maximized

2019-12-20 10:43:14 - [TEST_STEP][PASSED] - click(findTestObject("LoginButton")): Object: 'Object Repository/LoginButton' is clicked on

2019-12-20 10:43:15 - [MESSAGE][PASSED] - Object: 'Object Repository/LoginButton' is clicked on

2019-12-20 10:43:15 - [TEST_STEP][PASSED] - click(findTestObject("GoogleButton")): Object: 'Object Repository/GoogleButton' is clicked on

2019-12-20 10:43:16 - [MESSAGE][PASSED] - Object: 'Object Repository/GoogleButton' is clicked on

2019-12-20 10:43:16 - [TEST_STEP][PASSED] - switchToWindowIndex(1): Switched to window with index: '1'

2019-12-20 10:43:20 - [MESSAGE][PASSED] - Switched to window with index: '1'

2019-12-20 10:43:20 - [TEST_STEP][PASSED] - setText(findTestObject("UserName"), findTestData("LoginDetailsNJS").getValue(2, 3)): Text 'chandut1024@gmail.com' is set on object 'Object Repository/UserName'

2019-12-20 10:43:22 - [MESSAGE][PASSED] - Text 'chandut1024@gmail.com' is set on object 'Object Repository/UserName'

2019-12-20 10:43:22 - [TEST_STEP][PASSED] - click(findTestObject("NextButton")): Object: 'Object Repository/NextButton' is clicked on

2019-12-20 10:43:23 - [MESSAGE][PASSED] - Object: 'Object Repository/NextButton' is clicked on

2019-12-20 10:43:23 - [TEST_STEP][PASSED] - delay(5): Delayed 5 second(s)

2019-12-20 10:43:28 - [MESSAGE][PASSED] - Delayed 5 second(s)

2019-12-20 10:43:28 - [TEST_STEP][PASSED] - setText(findTestObject("Password"), findTestData("LoginDetailsNJS").getValue(3, 3)): Text 'achala$123' is set on object 'Object Repository/Password'

2019-12-20 10:43:29 - [MESSAGE][PASSED] - Text 'achala$123' is set on object 'Object Repository/Password'

2019-12-20 10:43:29 - [TEST_STEP][PASSED] - click(findTestObject("NextButton")): Object: 'Object Repository/NextButton' is clicked on

2019-12-20 10:43:29 - [MESSAGE][PASSED] - Object: 'Object Repository/NextButton' is clicked on

2019-12-20 10:43:29 - [TEST_STEP][PASSED] - switchToWindowIndex(0): Switched to window with index: '0'

2019-12-20 10:43:29 - [MESSAGE][PASSED] - Switched to window with index: '0'

2019-12-20 10:43:29 - [TEST_STEP][PASSED] - delay(10): Delayed 10 second(s)

2019-12-20 10:43:39 - [MESSAGE][PASSED] - Delayed 10 second(s)

2019-12-20 10:43:39 - [TEST_STEP][PASSED] - click(findTestObject("ProfileName")): Object: 'Object Repository/ProfileName' is clicked on

2019-12-20 10:43:40 - [MESSAGE][PASSED] - Object: 'Object Repository/ProfileName' is clicked on

2019-12-20 10:43:40 - [TEST_STEP][PASSED] - click(findTestObject("DeleteResumeButton")): Object: 'Object Repository/DeleteResumeButton' is clicked on

2019-12-20 10:43:41 - [MESSAGE][PASSED] - Object: 'Object Repository/DeleteResumeButton' is clicked on

2019-12-20 10:43:41 - [TEST_STEP][PASSED] - click(findTestObject("DeleteResumeConfirm")): Object: 'Object Repository/DeleteResumeConfirm' is clicked on

2019-12-20 10:43:42 - [MESSAGE][PASSED] - Object: 'Object Repository/DeleteResumeConfirm' is clicked on

2019-12-20 10:43:42 - [TEST_STEP][PASSED] - delay(15): Delayed 15 second(s)

2019-12-20 10:43:57 - [MESSAGE][PASSED] - Delayed 15 second(s)

2019-12-20 10:43:57 - [TEST_STEP][PASSED] - takeScreenshot(): Taking screenshot successfully

2019-12-20 10:43:57 - [MESSAGE][PASSED] - Taking screenshot successfully
[[ATTACHMENT|C:\\Users\\chandu.t\\Katalon Studio\\NJS_Chandu\\Reports\\20191220_104241\\NJS_Chandu\\20191220_104241\\1576818837381.png]]

2019-12-20 10:43:57 - [TEST_STEP][PASSED] - uploadFile(findTestObject("UploadResumeButton"), findTestData("LoginDetailsNJS").getValue(5, 3)): File 'D:\chanduR\Resume3.docx' sent to object: 'Object Repository/UploadResumeButton'

2019-12-20 10:43:58 - [MESSAGE][PASSED] - File 'D:\chanduR\Resume3.docx' sent to object: 'Object Repository/UploadResumeButton'

2019-12-20 10:43:58 - [TEST_STEP][PASSED] - delay(10): Delayed 10 second(s)

2019-12-20 10:44:08 - [MESSAGE][PASSED] - Delayed 10 second(s)

2019-12-20 10:44:08 - [TEST_STEP][NOT_RUN] - click(findTestObject("EditResumeHeadline")): NOT_RUN: click(findTestObject("EditResumeHeadline"))

2019-12-20 10:44:08 - [MESSAGE][NOT_RUN] - NOT_RUN: click(findTestObject("EditResumeHeadline"))

2019-12-20 10:44:08 - [TEST_STEP][NOT_RUN] - setText(findTestObject("ResumeHeadLineText"), "."): NOT_RUN: setText(findTestObject("ResumeHeadLineText"), ".")

2019-12-20 10:44:08 - [MESSAGE][NOT_RUN] - NOT_RUN: setText(findTestObject("ResumeHeadLineText"), ".")

2019-12-20 10:44:08 - [TEST_STEP][NOT_RUN] - click(findTestObject("SaveResumeHeadLineButton")): NOT_RUN: click(findTestObject("SaveResumeHeadLineButton"))

2019-12-20 10:44:08 - [MESSAGE][NOT_RUN] - NOT_RUN: click(findTestObject("SaveResumeHeadLineButton"))

2019-12-20 10:44:08 - [TEST_STEP][PASSED] - takeScreenshot(): Taking screenshot successfully

2019-12-20 10:44:09 - [MESSAGE][PASSED] - Taking screenshot successfully
[[ATTACHMENT|C:\\Users\\chandu.t\\Katalon Studio\\NJS_Chandu\\Reports\\20191220_104241\\NJS_Chandu\\20191220_104241\\1576818849074.png]]

2019-12-20 10:44:09 - [TEST_STEP][PASSED] - refresh(): Refresh successfully

2019-12-20 10:44:12 - [MESSAGE][PASSED] - Refresh successfully

2019-12-20 10:44:12 - [TEST_STEP][PASSED] - delay(10): Delayed 10 second(s)

2019-12-20 10:44:22 - [MESSAGE][PASSED] - Delayed 10 second(s)

2019-12-20 10:44:22 - [TEST_STEP][PASSED] - takeScreenshot(): Taking screenshot successfully

2019-12-20 10:44:23 - [MESSAGE][PASSED] - Taking screenshot successfully
[[ATTACHMENT|C:\\Users\\chandu.t\\Katalon Studio\\NJS_Chandu\\Reports\\20191220_104241\\NJS_Chandu\\20191220_104241\\1576818862497.png]]

2019-12-20 10:44:23 - [TEST_STEP][PASSED] - closeBrowser(): Browser is closed

2019-12-20 10:44:24 - [MESSAGE][PASSED] - Browser is closed]]></system-out>
         <system-err><![CDATA[]]></system-err>
      </testcase>
      <testcase name="Test Cases/deleteandupload2" time="81.082" classname="Test Cases/deleteandupload2" status="PASSED">
         <system-out><![CDATA[2019-12-20 10:44:24 - [TEST_CASE][PASSED] - Test Cases/deleteandupload2: Test Cases/deleteandupload2

2019-12-20 10:44:25 - [TEST_STEP][PASSED] - openBrowser(findTestData("LoginDetailsNJS").getValue(1, 2)): Browser is opened with url: 'https://www.naukri.com/'

2019-12-20 10:44:25 - [MESSAGE][INFO] - Starting 'Chrome' driver

2019-12-20 10:44:25 - [MESSAGE][INFO] - User set preference: ['args', '[--incognito]']

2019-12-20 10:44:33 - [MESSAGE][PASSED] - Browser is opened with url: 'https://www.naukri.com/'

2019-12-20 10:44:33 - [TEST_STEP][PASSED] - closeWindowIndex(1): Window with index 1 is closed

2019-12-20 10:44:34 - [MESSAGE][PASSED] - Window with index 1 is closed

2019-12-20 10:44:34 - [TEST_STEP][PASSED] - closeWindowIndex(1): Window with index 1 is closed

2019-12-20 10:44:36 - [MESSAGE][PASSED] - Window with index 1 is closed

2019-12-20 10:44:36 - [TEST_STEP][PASSED] - switchToWindowIndex(0): Switched to window with index: '0'

2019-12-20 10:44:36 - [MESSAGE][PASSED] - Switched to window with index: '0'

2019-12-20 10:44:36 - [TEST_STEP][PASSED] - maximizeWindow(): Current window maximized

2019-12-20 10:44:37 - [MESSAGE][PASSED] - Current window maximized

2019-12-20 10:44:37 - [TEST_STEP][PASSED] - click(findTestObject("LoginButton")): Object: 'Object Repository/LoginButton' is clicked on

2019-12-20 10:44:37 - [MESSAGE][PASSED] - Object: 'Object Repository/LoginButton' is clicked on

2019-12-20 10:44:37 - [TEST_STEP][PASSED] - click(findTestObject("GoogleButton")): Object: 'Object Repository/GoogleButton' is clicked on

2019-12-20 10:44:39 - [MESSAGE][PASSED] - Object: 'Object Repository/GoogleButton' is clicked on

2019-12-20 10:44:39 - [TEST_STEP][PASSED] - switchToWindowIndex(1): Switched to window with index: '1'

2019-12-20 10:44:41 - [MESSAGE][PASSED] - Switched to window with index: '1'

2019-12-20 10:44:41 - [TEST_STEP][PASSED] - setText(findTestObject("UserName"), findTestData("LoginDetailsNJS").getValue(2, 2)): Text 'chanduthota371@gmail.com' is set on object 'Object Repository/UserName'

2019-12-20 10:44:43 - [MESSAGE][PASSED] - Text 'chanduthota371@gmail.com' is set on object 'Object Repository/UserName'

2019-12-20 10:44:43 - [TEST_STEP][PASSED] - click(findTestObject("NextButton")): Object: 'Object Repository/NextButton' is clicked on

2019-12-20 10:44:44 - [MESSAGE][PASSED] - Object: 'Object Repository/NextButton' is clicked on

2019-12-20 10:44:44 - [TEST_STEP][PASSED] - delay(5): Delayed 5 second(s)

2019-12-20 10:44:49 - [MESSAGE][PASSED] - Delayed 5 second(s)

2019-12-20 10:44:49 - [TEST_STEP][PASSED] - setText(findTestObject("Password"), findTestData("LoginDetailsNJS").getValue(3, 2)): Text 'achala$123' is set on object 'Object Repository/Password'

2019-12-20 10:44:50 - [MESSAGE][PASSED] - Text 'achala$123' is set on object 'Object Repository/Password'

2019-12-20 10:44:50 - [TEST_STEP][PASSED] - click(findTestObject("NextButton")): Object: 'Object Repository/NextButton' is clicked on

2019-12-20 10:44:50 - [MESSAGE][PASSED] - Object: 'Object Repository/NextButton' is clicked on

2019-12-20 10:44:50 - [TEST_STEP][PASSED] - switchToWindowIndex(0): Switched to window with index: '0'

2019-12-20 10:44:51 - [MESSAGE][PASSED] - Switched to window with index: '0'

2019-12-20 10:44:51 - [TEST_STEP][PASSED] - delay(10): Delayed 10 second(s)

2019-12-20 10:45:01 - [MESSAGE][PASSED] - Delayed 10 second(s)

2019-12-20 10:45:01 - [TEST_STEP][PASSED] - click(findTestObject("ProfileName")): Object: 'Object Repository/ProfileName' is clicked on

2019-12-20 10:45:01 - [MESSAGE][PASSED] - Object: 'Object Repository/ProfileName' is clicked on

2019-12-20 10:45:01 - [TEST_STEP][PASSED] - click(findTestObject("DeleteResumeButton")): Object: 'Object Repository/DeleteResumeButton' is clicked on

2019-12-20 10:45:03 - [MESSAGE][PASSED] - Object: 'Object Repository/DeleteResumeButton' is clicked on

2019-12-20 10:45:03 - [TEST_STEP][PASSED] - click(findTestObject("DeleteResumeConfirm")): Object: 'Object Repository/DeleteResumeConfirm' is clicked on

2019-12-20 10:45:03 - [MESSAGE][PASSED] - Object: 'Object Repository/DeleteResumeConfirm' is clicked on

2019-12-20 10:45:03 - [TEST_STEP][PASSED] - delay(15): Delayed 15 second(s)

2019-12-20 10:45:18 - [MESSAGE][PASSED] - Delayed 15 second(s)

2019-12-20 10:45:18 - [TEST_STEP][PASSED] - takeScreenshot(): Taking screenshot successfully

2019-12-20 10:45:18 - [MESSAGE][PASSED] - Taking screenshot successfully
[[ATTACHMENT|C:\\Users\\chandu.t\\Katalon Studio\\NJS_Chandu\\Reports\\20191220_104241\\NJS_Chandu\\20191220_104241\\1576818918496.png]]

2019-12-20 10:45:18 - [TEST_STEP][PASSED] - uploadFile(findTestObject("UploadResumeButton"), findTestData("LoginDetailsNJS").getValue(5, 2)): File 'D:\chanduR\Resume2.docx' sent to object: 'Object Repository/UploadResumeButton'

2019-12-20 10:45:20 - [MESSAGE][PASSED] - File 'D:\chanduR\Resume2.docx' sent to object: 'Object Repository/UploadResumeButton'

2019-12-20 10:45:20 - [TEST_STEP][PASSED] - delay(10): Delayed 10 second(s)

2019-12-20 10:45:30 - [MESSAGE][PASSED] - Delayed 10 second(s)

2019-12-20 10:45:30 - [TEST_STEP][NOT_RUN] - click(findTestObject("EditResumeHeadline")): NOT_RUN: click(findTestObject("EditResumeHeadline"))

2019-12-20 10:45:30 - [MESSAGE][NOT_RUN] - NOT_RUN: click(findTestObject("EditResumeHeadline"))

2019-12-20 10:45:30 - [TEST_STEP][NOT_RUN] - setText(findTestObject("ResumeHeadLineText"), "."): NOT_RUN: setText(findTestObject("ResumeHeadLineText"), ".")

2019-12-20 10:45:30 - [MESSAGE][NOT_RUN] - NOT_RUN: setText(findTestObject("ResumeHeadLineText"), ".")

2019-12-20 10:45:30 - [TEST_STEP][NOT_RUN] - click(findTestObject("SaveResumeHeadLineButton")): NOT_RUN: click(findTestObject("SaveResumeHeadLineButton"))

2019-12-20 10:45:30 - [MESSAGE][NOT_RUN] - NOT_RUN: click(findTestObject("SaveResumeHeadLineButton"))

2019-12-20 10:45:30 - [TEST_STEP][PASSED] - takeScreenshot(): Taking screenshot successfully

2019-12-20 10:45:30 - [MESSAGE][PASSED] - Taking screenshot successfully
[[ATTACHMENT|C:\\Users\\chandu.t\\Katalon Studio\\NJS_Chandu\\Reports\\20191220_104241\\NJS_Chandu\\20191220_104241\\1576818930176.png]]

2019-12-20 10:45:30 - [TEST_STEP][PASSED] - refresh(): Refresh successfully

2019-12-20 10:45:33 - [MESSAGE][PASSED] - Refresh successfully

2019-12-20 10:45:33 - [TEST_STEP][PASSED] - delay(10): Delayed 10 second(s)

2019-12-20 10:45:44 - [MESSAGE][PASSED] - Delayed 10 second(s)

2019-12-20 10:45:44 - [TEST_STEP][PASSED] - takeScreenshot(): Taking screenshot successfully

2019-12-20 10:45:44 - [MESSAGE][PASSED] - Taking screenshot successfully
[[ATTACHMENT|C:\\Users\\chandu.t\\Katalon Studio\\NJS_Chandu\\Reports\\20191220_104241\\NJS_Chandu\\20191220_104241\\1576818944398.png]]

2019-12-20 10:45:44 - [TEST_STEP][PASSED] - closeBrowser(): Browser is closed

2019-12-20 10:45:45 - [MESSAGE][PASSED] - Browser is closed]]></system-out>
         <system-err><![CDATA[]]></system-err>
      </testcase>
      <testcase name="Test Cases/deleteandupload1" time="81.961" classname="Test Cases/deleteandupload1" status="PASSED">
         <system-out><![CDATA[2019-12-20 10:45:45 - [TEST_CASE][PASSED] - Test Cases/deleteandupload1: Test Cases/deleteandupload1

2019-12-20 10:45:46 - [TEST_STEP][PASSED] - openBrowser(findTestData("LoginDetailsNJS").getValue(1, 1)): Browser is opened with url: 'https://www.naukri.com/'

2019-12-20 10:45:46 - [MESSAGE][INFO] - Starting 'Chrome' driver

2019-12-20 10:45:46 - [MESSAGE][INFO] - User set preference: ['args', '[--incognito]']

2019-12-20 10:45:53 - [MESSAGE][PASSED] - Browser is opened with url: 'https://www.naukri.com/'

2019-12-20 10:45:53 - [TEST_STEP][PASSED] - closeWindowIndex(1): Window with index 1 is closed

2019-12-20 10:45:54 - [MESSAGE][PASSED] - Window with index 1 is closed

2019-12-20 10:45:54 - [TEST_STEP][PASSED] - closeWindowIndex(1): Window with index 1 is closed

2019-12-20 10:45:56 - [MESSAGE][PASSED] - Window with index 1 is closed

2019-12-20 10:45:56 - [TEST_STEP][PASSED] - switchToWindowIndex(0): Switched to window with index: '0'

2019-12-20 10:45:56 - [MESSAGE][PASSED] - Switched to window with index: '0'

2019-12-20 10:45:56 - [TEST_STEP][PASSED] - maximizeWindow(): Current window maximized

2019-12-20 10:45:57 - [MESSAGE][PASSED] - Current window maximized

2019-12-20 10:45:57 - [TEST_STEP][PASSED] - click(findTestObject("LoginButton")): Object: 'Object Repository/LoginButton' is clicked on

2019-12-20 10:45:57 - [MESSAGE][PASSED] - Object: 'Object Repository/LoginButton' is clicked on

2019-12-20 10:45:57 - [TEST_STEP][PASSED] - click(findTestObject("GoogleButton")): Object: 'Object Repository/GoogleButton' is clicked on

2019-12-20 10:45:58 - [MESSAGE][PASSED] - Object: 'Object Repository/GoogleButton' is clicked on

2019-12-20 10:45:58 - [TEST_STEP][PASSED] - switchToWindowIndex(1): Switched to window with index: '1'

2019-12-20 10:46:01 - [MESSAGE][PASSED] - Switched to window with index: '1'

2019-12-20 10:46:01 - [TEST_STEP][PASSED] - setText(findTestObject("UserName"), findTestData("LoginDetailsNJS").getValue(2, 1)): Text 'thota.chandu1@gmail.com' is set on object 'Object Repository/UserName'

2019-12-20 10:46:04 - [MESSAGE][PASSED] - Text 'thota.chandu1@gmail.com' is set on object 'Object Repository/UserName'

2019-12-20 10:46:04 - [TEST_STEP][PASSED] - click(findTestObject("NextButton")): Object: 'Object Repository/NextButton' is clicked on

2019-12-20 10:46:05 - [MESSAGE][PASSED] - Object: 'Object Repository/NextButton' is clicked on

2019-12-20 10:46:05 - [TEST_STEP][PASSED] - delay(5): Delayed 5 second(s)

2019-12-20 10:46:10 - [MESSAGE][PASSED] - Delayed 5 second(s)

2019-12-20 10:46:10 - [TEST_STEP][PASSED] - setText(findTestObject("Password"), findTestData("LoginDetailsNJS").getValue(3, 1)): Text 'achala$123' is set on object 'Object Repository/Password'

2019-12-20 10:46:11 - [MESSAGE][PASSED] - Text 'achala$123' is set on object 'Object Repository/Password'

2019-12-20 10:46:11 - [TEST_STEP][PASSED] - click(findTestObject("NextButton")): Object: 'Object Repository/NextButton' is clicked on

2019-12-20 10:46:12 - [MESSAGE][PASSED] - Object: 'Object Repository/NextButton' is clicked on

2019-12-20 10:46:12 - [TEST_STEP][PASSED] - switchToWindowIndex(0): Switched to window with index: '0'

2019-12-20 10:46:12 - [MESSAGE][PASSED] - Switched to window with index: '0'

2019-12-20 10:46:12 - [TEST_STEP][PASSED] - delay(10): Delayed 10 second(s)

2019-12-20 10:46:22 - [MESSAGE][PASSED] - Delayed 10 second(s)

2019-12-20 10:46:22 - [TEST_STEP][PASSED] - click(findTestObject("ProfileName")): Object: 'Object Repository/ProfileName' is clicked on

2019-12-20 10:46:23 - [MESSAGE][PASSED] - Object: 'Object Repository/ProfileName' is clicked on

2019-12-20 10:46:23 - [TEST_STEP][PASSED] - click(findTestObject("DeleteResumeButton")): Object: 'Object Repository/DeleteResumeButton' is clicked on

2019-12-20 10:46:24 - [MESSAGE][PASSED] - Object: 'Object Repository/DeleteResumeButton' is clicked on

2019-12-20 10:46:24 - [TEST_STEP][PASSED] - click(findTestObject("DeleteResumeConfirm")): Object: 'Object Repository/DeleteResumeConfirm' is clicked on

2019-12-20 10:46:25 - [MESSAGE][PASSED] - Object: 'Object Repository/DeleteResumeConfirm' is clicked on

2019-12-20 10:46:25 - [TEST_STEP][PASSED] - delay(15): Delayed 15 second(s)

2019-12-20 10:46:40 - [MESSAGE][PASSED] - Delayed 15 second(s)

2019-12-20 10:46:40 - [TEST_STEP][PASSED] - takeScreenshot(): Taking screenshot successfully

2019-12-20 10:46:40 - [MESSAGE][PASSED] - Taking screenshot successfully
[[ATTACHMENT|C:\\Users\\chandu.t\\Katalon Studio\\NJS_Chandu\\Reports\\20191220_104241\\NJS_Chandu\\20191220_104241\\1576819000352.png]]

2019-12-20 10:46:40 - [TEST_STEP][PASSED] - uploadFile(findTestObject("UploadResumeButton"), findTestData("LoginDetailsNJS").getValue(5, 1)): File 'D:\chanduR\Resume1.docx' sent to object: 'Object Repository/UploadResumeButton'

2019-12-20 10:46:42 - [MESSAGE][PASSED] - File 'D:\chanduR\Resume1.docx' sent to object: 'Object Repository/UploadResumeButton'

2019-12-20 10:46:42 - [TEST_STEP][PASSED] - delay(10): Delayed 10 second(s)

2019-12-20 10:46:52 - [MESSAGE][PASSED] - Delayed 10 second(s)

2019-12-20 10:46:52 - [TEST_STEP][NOT_RUN] - click(findTestObject("EditResumeHeadline")): NOT_RUN: click(findTestObject("EditResumeHeadline"))

2019-12-20 10:46:52 - [MESSAGE][NOT_RUN] - NOT_RUN: click(findTestObject("EditResumeHeadline"))

2019-12-20 10:46:52 - [TEST_STEP][NOT_RUN] - setText(findTestObject("ResumeHeadLineText"), "."): NOT_RUN: setText(findTestObject("ResumeHeadLineText"), ".")

2019-12-20 10:46:52 - [MESSAGE][NOT_RUN] - NOT_RUN: setText(findTestObject("ResumeHeadLineText"), ".")

2019-12-20 10:46:52 - [TEST_STEP][NOT_RUN] - click(findTestObject("SaveResumeHeadLineButton")): NOT_RUN: click(findTestObject("SaveResumeHeadLineButton"))

2019-12-20 10:46:52 - [MESSAGE][NOT_RUN] - NOT_RUN: click(findTestObject("SaveResumeHeadLineButton"))

2019-12-20 10:46:52 - [TEST_STEP][PASSED] - takeScreenshot(): Taking screenshot successfully

2019-12-20 10:46:52 - [MESSAGE][PASSED] - Taking screenshot successfully
[[ATTACHMENT|C:\\Users\\chandu.t\\Katalon Studio\\NJS_Chandu\\Reports\\20191220_104241\\NJS_Chandu\\20191220_104241\\1576819012347.png]]

2019-12-20 10:46:52 - [TEST_STEP][PASSED] - refresh(): Refresh successfully

2019-12-20 10:46:56 - [MESSAGE][PASSED] - Refresh successfully

2019-12-20 10:46:56 - [TEST_STEP][PASSED] - delay(10): Delayed 10 second(s)

2019-12-20 10:47:06 - [MESSAGE][PASSED] - Delayed 10 second(s)

2019-12-20 10:47:06 - [TEST_STEP][PASSED] - takeScreenshot(): Taking screenshot successfully

2019-12-20 10:47:06 - [MESSAGE][PASSED] - Taking screenshot successfully
[[ATTACHMENT|C:\\Users\\chandu.t\\Katalon Studio\\NJS_Chandu\\Reports\\20191220_104241\\NJS_Chandu\\20191220_104241\\1576819026344.png]]

2019-12-20 10:47:06 - [TEST_STEP][PASSED] - closeBrowser(): Browser is closed

2019-12-20 10:47:07 - [MESSAGE][PASSED] - Browser is closed]]></system-out>
         <system-err><![CDATA[]]></system-err>
      </testcase>
      <system-out><![CDATA[2019-12-20 10:42:49 - [TEST_SUITE][PASSED] - NJS_Chandu: Test Cases/deleteandupload1]]></system-out>
      <system-err><![CDATA[]]></system-err>
   </testsuite>
</testsuites>
