<?xml version="1.0" encoding="UTF-8"?>
<testsuites name="NJS_Chandu" time="328.462" tests="3" failures="0" errors="0">
   <testsuite name="NJS_Chandu" tests="3" failures="0" errors="0" time="328.462" timestamp="2020-01-03 11:32:24" hostname="chandu.t - wlpt518.imidomain.com" id="Test Suites/NJS_Chandu">
      <properties>
         <property name="deviceName" value=""/>
         <property name="devicePlatform" value=""/>
         <property name="logFolder" value="C:\\Users\\chandu.t\\Katalon Studio\\NJS_Chandu\\Reports\\20200103_113217\\NJS_Chandu\\20200103_113217"/>
         <property name="logFiles" value="C:\\Users\\chandu.t\\Katalon Studio\\NJS_Chandu\\Reports\\20200103_113217\\NJS_Chandu\\20200103_113217\\execution0.log"/>
         <property name="attachments" value="C:\\Users\\chandu.t\\Katalon Studio\\NJS_Chandu\\Reports\\20200103_113217\\NJS_Chandu\\20200103_113217\\1578031430555.png, C:\\Users\\chandu.t\\Katalon Studio\\NJS_Chandu\\Reports\\20200103_113217\\NJS_Chandu\\20200103_113217\\1578031442606.png, C:\\Users\\chandu.t\\Katalon Studio\\NJS_Chandu\\Reports\\20200103_113217\\NJS_Chandu\\20200103_113217\\1578031455775.png, C:\\Users\\chandu.t\\Katalon Studio\\NJS_Chandu\\Reports\\20200103_113217\\NJS_Chandu\\20200103_113217\\1578031538005.png, C:\\Users\\chandu.t\\Katalon Studio\\NJS_Chandu\\Reports\\20200103_113217\\NJS_Chandu\\20200103_113217\\1578031549393.png, C:\\Users\\chandu.t\\Katalon Studio\\NJS_Chandu\\Reports\\20200103_113217\\NJS_Chandu\\20200103_113217\\1578031566137.png, C:\\Users\\chandu.t\\Katalon Studio\\NJS_Chandu\\Reports\\20200103_113217\\NJS_Chandu\\20200103_113217\\1578031645686.png, C:\\Users\\chandu.t\\Katalon Studio\\NJS_Chandu\\Reports\\20200103_113217\\NJS_Chandu\\20200103_113217\\1578031656833.png, C:\\Users\\chandu.t\\Katalon Studio\\NJS_Chandu\\Reports\\20200103_113217\\NJS_Chandu\\20200103_113217\\1578031671297.png"/>
         <property name="hostName" value="chandu.t - wlpt518.imidomain.com"/>
         <property name="os" value="Windows 10 64bit"/>
         <property name="katalonVersion" value="7.1.2.1"/>
         <property name="browser" value="Chrome 77.0.3865.75"/>
         <property name="hostAddress" value="10.0.26.179"/>
         <property name="sessionId" value="9a19eeecb2fdf3d4ce04ba973ced8712"/>
         <property name="seleniumVersion" value="3.141.59"/>
         <property name="proxyInformation" value="ProxyInformation{proxyOption=NO_PROXY, proxyServerType=HTTP, password=, proxyServerAddress=, proxyServerPort=0, executionList=}"/>
         <property name="platform" value="Windows 10"/>
      </properties>
      <testcase name="Test Cases/deleteandupload3" time="114.035" classname="Test Cases/deleteandupload3" status="PASSED">
         <system-out><![CDATA[2020-01-03 11:32:26 - [TEST_CASE][PASSED] - Test Cases/deleteandupload3: Test Cases/deleteandupload3

2020-01-03 11:32:27 - [TEST_STEP][PASSED] - openBrowser(findTestData("LoginDetailsNJS").getValue(1, 3)): Browser is opened with url: 'https://www.naukri.com/'

2020-01-03 11:32:31 - [MESSAGE][INFO] - Starting 'Chrome' driver

2020-01-03 11:32:32 - [MESSAGE][INFO] - User set preference: ['args', '[--incognito]']

2020-01-03 11:32:32 - [MESSAGE][INFO] - Action delay is set to 0 seconds

2020-01-03 11:32:49 - [MESSAGE][PASSED] - Browser is opened with url: 'https://www.naukri.com/'

2020-01-03 11:32:49 - [TEST_STEP][PASSED] - closeWindowIndex(1): Window with index 1 is closed

2020-01-03 11:32:54 - [MESSAGE][PASSED] - Window with index 1 is closed

2020-01-03 11:32:54 - [TEST_STEP][PASSED] - closeWindowIndex(1): Window with index 1 is closed

2020-01-03 11:32:58 - [MESSAGE][PASSED] - Window with index 1 is closed

2020-01-03 11:32:58 - [TEST_STEP][PASSED] - switchToWindowIndex(0): Switched to window with index: '0'

2020-01-03 11:32:58 - [MESSAGE][PASSED] - Switched to window with index: '0'

2020-01-03 11:32:58 - [TEST_STEP][PASSED] - maximizeWindow(): Current window maximized

2020-01-03 11:33:03 - [MESSAGE][PASSED] - Current window maximized

2020-01-03 11:33:03 - [TEST_STEP][PASSED] - click(findTestObject("LoginButton")): Object: 'Object Repository/LoginButton' is clicked on

2020-01-03 11:33:04 - [MESSAGE][PASSED] - Object: 'Object Repository/LoginButton' is clicked on

2020-01-03 11:33:04 - [TEST_STEP][PASSED] - click(findTestObject("GoogleButton")): Object: 'Object Repository/GoogleButton' is clicked on

2020-01-03 11:33:05 - [MESSAGE][PASSED] - Object: 'Object Repository/GoogleButton' is clicked on

2020-01-03 11:33:05 - [TEST_STEP][PASSED] - switchToWindowIndex(1): Switched to window with index: '1'

2020-01-03 11:33:11 - [MESSAGE][PASSED] - Switched to window with index: '1'

2020-01-03 11:33:11 - [TEST_STEP][PASSED] - setText(findTestObject("UserName"), findTestData("LoginDetailsNJS").getValue(2, 3)): Text 'chandut1024@gmail.com' is set on object 'Object Repository/UserName'

2020-01-03 11:33:13 - [MESSAGE][PASSED] - Text 'chandut1024@gmail.com' is set on object 'Object Repository/UserName'

2020-01-03 11:33:13 - [TEST_STEP][PASSED] - click(findTestObject("NextButton")): Object: 'Object Repository/NextButton' is clicked on

2020-01-03 11:33:14 - [MESSAGE][PASSED] - Object: 'Object Repository/NextButton' is clicked on

2020-01-03 11:33:14 - [TEST_STEP][PASSED] - delay(5): Delayed 5 second(s)

2020-01-03 11:33:19 - [MESSAGE][PASSED] - Delayed 5 second(s)

2020-01-03 11:33:19 - [TEST_STEP][PASSED] - setText(findTestObject("Password"), findTestData("LoginDetailsNJS").getValue(3, 3)): Text 'achala$123' is set on object 'Object Repository/Password'

2020-01-03 11:33:20 - [MESSAGE][PASSED] - Text 'achala$123' is set on object 'Object Repository/Password'

2020-01-03 11:33:20 - [TEST_STEP][PASSED] - click(findTestObject("NextButton")): Object: 'Object Repository/NextButton' is clicked on

2020-01-03 11:33:21 - [MESSAGE][PASSED] - Object: 'Object Repository/NextButton' is clicked on

2020-01-03 11:33:21 - [TEST_STEP][PASSED] - switchToWindowIndex(0): Switched to window with index: '0'

2020-01-03 11:33:21 - [MESSAGE][PASSED] - Switched to window with index: '0'

2020-01-03 11:33:21 - [TEST_STEP][PASSED] - delay(10): Delayed 10 second(s)

2020-01-03 11:33:31 - [MESSAGE][PASSED] - Delayed 10 second(s)

2020-01-03 11:33:31 - [TEST_STEP][PASSED] - click(findTestObject("ProfileName")): Object: 'Object Repository/ProfileName' is clicked on

2020-01-03 11:33:33 - [MESSAGE][PASSED] - Object: 'Object Repository/ProfileName' is clicked on

2020-01-03 11:33:33 - [TEST_STEP][PASSED] - click(findTestObject("DeleteResumeButton")): Object: 'Object Repository/DeleteResumeButton' is clicked on

2020-01-03 11:33:34 - [MESSAGE][PASSED] - Object: 'Object Repository/DeleteResumeButton' is clicked on

2020-01-03 11:33:34 - [TEST_STEP][PASSED] - click(findTestObject("DeleteResumeConfirm")): Object: 'Object Repository/DeleteResumeConfirm' is clicked on

2020-01-03 11:33:35 - [MESSAGE][PASSED] - Object: 'Object Repository/DeleteResumeConfirm' is clicked on

2020-01-03 11:33:35 - [TEST_STEP][PASSED] - delay(15): Delayed 15 second(s)

2020-01-03 11:33:50 - [MESSAGE][PASSED] - Delayed 15 second(s)

2020-01-03 11:33:50 - [TEST_STEP][PASSED] - takeScreenshot(): Taking screenshot successfully

2020-01-03 11:33:51 - [MESSAGE][PASSED] - Taking screenshot successfully
[[ATTACHMENT|C:\\Users\\chandu.t\\Katalon Studio\\NJS_Chandu\\Reports\\20200103_113217\\NJS_Chandu\\20200103_113217\\1578031430555.png]]

2020-01-03 11:33:51 - [TEST_STEP][PASSED] - uploadFile(findTestObject("UploadResumeButton"), findTestData("LoginDetailsNJS").getValue(5, 3)): File 'D:\chanduR\Resume3.docx' sent to object: 'Object Repository/UploadResumeButton'

2020-01-03 11:33:52 - [MESSAGE][PASSED] - File 'D:\chanduR\Resume3.docx' sent to object: 'Object Repository/UploadResumeButton'

2020-01-03 11:33:52 - [TEST_STEP][PASSED] - delay(10): Delayed 10 second(s)

2020-01-03 11:34:02 - [MESSAGE][PASSED] - Delayed 10 second(s)

2020-01-03 11:34:02 - [TEST_STEP][NOT_RUN] - click(findTestObject("EditResumeHeadline")): NOT_RUN: click(findTestObject("EditResumeHeadline"))

2020-01-03 11:34:02 - [MESSAGE][NOT_RUN] - NOT_RUN: click(findTestObject("EditResumeHeadline"))

2020-01-03 11:34:02 - [TEST_STEP][NOT_RUN] - setText(findTestObject("ResumeHeadLineText"), "."): NOT_RUN: setText(findTestObject("ResumeHeadLineText"), ".")

2020-01-03 11:34:02 - [MESSAGE][NOT_RUN] - NOT_RUN: setText(findTestObject("ResumeHeadLineText"), ".")

2020-01-03 11:34:02 - [TEST_STEP][NOT_RUN] - click(findTestObject("SaveResumeHeadLineButton")): NOT_RUN: click(findTestObject("SaveResumeHeadLineButton"))

2020-01-03 11:34:02 - [MESSAGE][NOT_RUN] - NOT_RUN: click(findTestObject("SaveResumeHeadLineButton"))

2020-01-03 11:34:02 - [TEST_STEP][PASSED] - takeScreenshot(): Taking screenshot successfully

2020-01-03 11:34:03 - [MESSAGE][PASSED] - Taking screenshot successfully
[[ATTACHMENT|C:\\Users\\chandu.t\\Katalon Studio\\NJS_Chandu\\Reports\\20200103_113217\\NJS_Chandu\\20200103_113217\\1578031442606.png]]

2020-01-03 11:34:03 - [TEST_STEP][PASSED] - refresh(): Refresh successfully

2020-01-03 11:34:05 - [MESSAGE][PASSED] - Refresh successfully

2020-01-03 11:34:05 - [TEST_STEP][PASSED] - delay(10): Delayed 10 second(s)

2020-01-03 11:34:15 - [MESSAGE][PASSED] - Delayed 10 second(s)

2020-01-03 11:34:15 - [TEST_STEP][PASSED] - takeScreenshot(): Taking screenshot successfully

2020-01-03 11:34:16 - [MESSAGE][PASSED] - Taking screenshot successfully
[[ATTACHMENT|C:\\Users\\chandu.t\\Katalon Studio\\NJS_Chandu\\Reports\\20200103_113217\\NJS_Chandu\\20200103_113217\\1578031455775.png]]

2020-01-03 11:34:16 - [TEST_STEP][PASSED] - closeBrowser(): Browser is closed

2020-01-03 11:34:20 - [MESSAGE][PASSED] - Browser is closed]]></system-out>
         <system-err><![CDATA[]]></system-err>
      </testcase>
      <testcase name="Test Cases/deleteandupload2" time="109.946" classname="Test Cases/deleteandupload2" status="PASSED">
         <system-out><![CDATA[2020-01-03 11:34:20 - [TEST_CASE][PASSED] - Test Cases/deleteandupload2: Test Cases/deleteandupload2

2020-01-03 11:34:21 - [TEST_STEP][PASSED] - openBrowser(findTestData("LoginDetailsNJS").getValue(1, 2)): Browser is opened with url: 'https://www.naukri.com/'

2020-01-03 11:34:21 - [MESSAGE][INFO] - Starting 'Chrome' driver

2020-01-03 11:34:21 - [MESSAGE][INFO] - User set preference: ['args', '[--incognito]']

2020-01-03 11:34:34 - [MESSAGE][PASSED] - Browser is opened with url: 'https://www.naukri.com/'

2020-01-03 11:34:34 - [TEST_STEP][PASSED] - closeWindowIndex(1): Window with index 1 is closed

2020-01-03 11:34:38 - [MESSAGE][PASSED] - Window with index 1 is closed

2020-01-03 11:34:38 - [TEST_STEP][PASSED] - closeWindowIndex(1): Window with index 1 is closed

2020-01-03 11:34:43 - [MESSAGE][PASSED] - Window with index 1 is closed

2020-01-03 11:34:43 - [TEST_STEP][PASSED] - switchToWindowIndex(0): Switched to window with index: '0'

2020-01-03 11:34:43 - [MESSAGE][PASSED] - Switched to window with index: '0'

2020-01-03 11:34:43 - [TEST_STEP][PASSED] - maximizeWindow(): Current window maximized

2020-01-03 11:34:48 - [MESSAGE][PASSED] - Current window maximized

2020-01-03 11:34:48 - [TEST_STEP][PASSED] - click(findTestObject("LoginButton")): Object: 'Object Repository/LoginButton' is clicked on

2020-01-03 11:34:48 - [MESSAGE][PASSED] - Object: 'Object Repository/LoginButton' is clicked on

2020-01-03 11:34:48 - [TEST_STEP][PASSED] - click(findTestObject("GoogleButton")): Object: 'Object Repository/GoogleButton' is clicked on

2020-01-03 11:34:50 - [MESSAGE][PASSED] - Object: 'Object Repository/GoogleButton' is clicked on

2020-01-03 11:34:50 - [TEST_STEP][PASSED] - switchToWindowIndex(1): Switched to window with index: '1'

2020-01-03 11:34:55 - [MESSAGE][PASSED] - Switched to window with index: '1'

2020-01-03 11:34:55 - [TEST_STEP][PASSED] - setText(findTestObject("UserName"), findTestData("LoginDetailsNJS").getValue(2, 2)): Text 'chanduthota371@gmail.com' is set on object 'Object Repository/UserName'

2020-01-03 11:34:58 - [MESSAGE][PASSED] - Text 'chanduthota371@gmail.com' is set on object 'Object Repository/UserName'

2020-01-03 11:34:58 - [TEST_STEP][PASSED] - click(findTestObject("NextButton")): Object: 'Object Repository/NextButton' is clicked on

2020-01-03 11:34:59 - [MESSAGE][PASSED] - Object: 'Object Repository/NextButton' is clicked on

2020-01-03 11:34:59 - [TEST_STEP][PASSED] - delay(5): Delayed 5 second(s)

2020-01-03 11:35:04 - [MESSAGE][PASSED] - Delayed 5 second(s)

2020-01-03 11:35:04 - [TEST_STEP][PASSED] - setText(findTestObject("Password"), findTestData("LoginDetailsNJS").getValue(3, 2)): Text 'achala$123' is set on object 'Object Repository/Password'

2020-01-03 11:35:06 - [MESSAGE][PASSED] - Text 'achala$123' is set on object 'Object Repository/Password'

2020-01-03 11:35:06 - [TEST_STEP][PASSED] - click(findTestObject("NextButton")): Object: 'Object Repository/NextButton' is clicked on

2020-01-03 11:35:07 - [MESSAGE][PASSED] - Object: 'Object Repository/NextButton' is clicked on

2020-01-03 11:35:07 - [TEST_STEP][PASSED] - switchToWindowIndex(0): Switched to window with index: '0'

2020-01-03 11:35:07 - [MESSAGE][PASSED] - Switched to window with index: '0'

2020-01-03 11:35:07 - [TEST_STEP][PASSED] - delay(10): Delayed 10 second(s)

2020-01-03 11:35:17 - [MESSAGE][PASSED] - Delayed 10 second(s)

2020-01-03 11:35:17 - [TEST_STEP][PASSED] - click(findTestObject("ProfileName")): Object: 'Object Repository/ProfileName' is clicked on

2020-01-03 11:35:20 - [MESSAGE][PASSED] - Object: 'Object Repository/ProfileName' is clicked on

2020-01-03 11:35:20 - [TEST_STEP][PASSED] - click(findTestObject("DeleteResumeButton")): Object: 'Object Repository/DeleteResumeButton' is clicked on

2020-01-03 11:35:22 - [MESSAGE][PASSED] - Object: 'Object Repository/DeleteResumeButton' is clicked on

2020-01-03 11:35:22 - [TEST_STEP][PASSED] - click(findTestObject("DeleteResumeConfirm")): Object: 'Object Repository/DeleteResumeConfirm' is clicked on

2020-01-03 11:35:22 - [MESSAGE][PASSED] - Object: 'Object Repository/DeleteResumeConfirm' is clicked on

2020-01-03 11:35:22 - [TEST_STEP][PASSED] - delay(15): Delayed 15 second(s)

2020-01-03 11:35:37 - [MESSAGE][PASSED] - Delayed 15 second(s)

2020-01-03 11:35:37 - [TEST_STEP][PASSED] - takeScreenshot(): Taking screenshot successfully

2020-01-03 11:35:38 - [MESSAGE][PASSED] - Taking screenshot successfully
[[ATTACHMENT|C:\\Users\\chandu.t\\Katalon Studio\\NJS_Chandu\\Reports\\20200103_113217\\NJS_Chandu\\20200103_113217\\1578031538005.png]]

2020-01-03 11:35:38 - [TEST_STEP][PASSED] - uploadFile(findTestObject("UploadResumeButton"), findTestData("LoginDetailsNJS").getValue(5, 2)): File 'D:\chanduR\Resume2.docx' sent to object: 'Object Repository/UploadResumeButton'

2020-01-03 11:35:39 - [MESSAGE][PASSED] - File 'D:\chanduR\Resume2.docx' sent to object: 'Object Repository/UploadResumeButton'

2020-01-03 11:35:39 - [TEST_STEP][PASSED] - delay(10): Delayed 10 second(s)

2020-01-03 11:35:49 - [MESSAGE][PASSED] - Delayed 10 second(s)

2020-01-03 11:35:49 - [TEST_STEP][NOT_RUN] - click(findTestObject("EditResumeHeadline")): NOT_RUN: click(findTestObject("EditResumeHeadline"))

2020-01-03 11:35:49 - [MESSAGE][NOT_RUN] - NOT_RUN: click(findTestObject("EditResumeHeadline"))

2020-01-03 11:35:49 - [TEST_STEP][NOT_RUN] - setText(findTestObject("ResumeHeadLineText"), "."): NOT_RUN: setText(findTestObject("ResumeHeadLineText"), ".")

2020-01-03 11:35:49 - [MESSAGE][NOT_RUN] - NOT_RUN: setText(findTestObject("ResumeHeadLineText"), ".")

2020-01-03 11:35:49 - [TEST_STEP][NOT_RUN] - click(findTestObject("SaveResumeHeadLineButton")): NOT_RUN: click(findTestObject("SaveResumeHeadLineButton"))

2020-01-03 11:35:49 - [MESSAGE][NOT_RUN] - NOT_RUN: click(findTestObject("SaveResumeHeadLineButton"))

2020-01-03 11:35:49 - [TEST_STEP][PASSED] - takeScreenshot(): Taking screenshot successfully

2020-01-03 11:35:49 - [MESSAGE][PASSED] - Taking screenshot successfully
[[ATTACHMENT|C:\\Users\\chandu.t\\Katalon Studio\\NJS_Chandu\\Reports\\20200103_113217\\NJS_Chandu\\20200103_113217\\1578031549393.png]]

2020-01-03 11:35:49 - [TEST_STEP][PASSED] - refresh(): Refresh successfully

2020-01-03 11:35:55 - [MESSAGE][PASSED] - Refresh successfully

2020-01-03 11:35:55 - [TEST_STEP][PASSED] - delay(10): Delayed 10 second(s)

2020-01-03 11:36:06 - [MESSAGE][PASSED] - Delayed 10 second(s)

2020-01-03 11:36:06 - [TEST_STEP][PASSED] - takeScreenshot(): Taking screenshot successfully

2020-01-03 11:36:06 - [MESSAGE][PASSED] - Taking screenshot successfully
[[ATTACHMENT|C:\\Users\\chandu.t\\Katalon Studio\\NJS_Chandu\\Reports\\20200103_113217\\NJS_Chandu\\20200103_113217\\1578031566137.png]]

2020-01-03 11:36:06 - [TEST_STEP][PASSED] - closeBrowser(): Browser is closed

2020-01-03 11:36:10 - [MESSAGE][PASSED] - Browser is closed]]></system-out>
         <system-err><![CDATA[]]></system-err>
      </testcase>
      <testcase name="Test Cases/deleteandupload1" time="102.925" classname="Test Cases/deleteandupload1" status="PASSED">
         <system-out><![CDATA[2020-01-03 11:36:10 - [TEST_CASE][PASSED] - Test Cases/deleteandupload1: Test Cases/deleteandupload1

2020-01-03 11:36:11 - [TEST_STEP][PASSED] - openBrowser(findTestData("LoginDetailsNJS").getValue(1, 1)): Browser is opened with url: 'https://www.naukri.com/'

2020-01-03 11:36:11 - [MESSAGE][INFO] - Starting 'Chrome' driver

2020-01-03 11:36:11 - [MESSAGE][INFO] - User set preference: ['args', '[--incognito]']

2020-01-03 11:36:23 - [MESSAGE][PASSED] - Browser is opened with url: 'https://www.naukri.com/'

2020-01-03 11:36:23 - [TEST_STEP][PASSED] - closeWindowIndex(1): Window with index 1 is closed

2020-01-03 11:36:28 - [MESSAGE][PASSED] - Window with index 1 is closed

2020-01-03 11:36:28 - [TEST_STEP][PASSED] - closeWindowIndex(1): Window with index 1 is closed

2020-01-03 11:36:32 - [MESSAGE][PASSED] - Window with index 1 is closed

2020-01-03 11:36:32 - [TEST_STEP][PASSED] - switchToWindowIndex(0): Switched to window with index: '0'

2020-01-03 11:36:33 - [MESSAGE][PASSED] - Switched to window with index: '0'

2020-01-03 11:36:33 - [TEST_STEP][PASSED] - maximizeWindow(): Current window maximized

2020-01-03 11:36:40 - [MESSAGE][PASSED] - Current window maximized

2020-01-03 11:36:40 - [TEST_STEP][PASSED] - click(findTestObject("LoginButton")): Object: 'Object Repository/LoginButton' is clicked on

2020-01-03 11:36:40 - [MESSAGE][PASSED] - Object: 'Object Repository/LoginButton' is clicked on

2020-01-03 11:36:40 - [TEST_STEP][PASSED] - click(findTestObject("GoogleButton")): Object: 'Object Repository/GoogleButton' is clicked on

2020-01-03 11:36:41 - [MESSAGE][PASSED] - Object: 'Object Repository/GoogleButton' is clicked on

2020-01-03 11:36:41 - [TEST_STEP][PASSED] - switchToWindowIndex(1): Switched to window with index: '1'

2020-01-03 11:36:46 - [MESSAGE][PASSED] - Switched to window with index: '1'

2020-01-03 11:36:46 - [TEST_STEP][PASSED] - setText(findTestObject("UserName"), findTestData("LoginDetailsNJS").getValue(2, 1)): Text 'thota.chandu1@gmail.com' is set on object 'Object Repository/UserName'

2020-01-03 11:36:47 - [MESSAGE][PASSED] - Text 'thota.chandu1@gmail.com' is set on object 'Object Repository/UserName'

2020-01-03 11:36:47 - [TEST_STEP][PASSED] - click(findTestObject("NextButton")): Object: 'Object Repository/NextButton' is clicked on

2020-01-03 11:36:48 - [MESSAGE][PASSED] - Object: 'Object Repository/NextButton' is clicked on

2020-01-03 11:36:48 - [TEST_STEP][PASSED] - delay(5): Delayed 5 second(s)

2020-01-03 11:36:53 - [MESSAGE][PASSED] - Delayed 5 second(s)

2020-01-03 11:36:53 - [TEST_STEP][PASSED] - setText(findTestObject("Password"), findTestData("LoginDetailsNJS").getValue(3, 1)): Text 'achala$123' is set on object 'Object Repository/Password'

2020-01-03 11:36:55 - [MESSAGE][PASSED] - Text 'achala$123' is set on object 'Object Repository/Password'

2020-01-03 11:36:55 - [TEST_STEP][PASSED] - click(findTestObject("NextButton")): Object: 'Object Repository/NextButton' is clicked on

2020-01-03 11:36:56 - [MESSAGE][PASSED] - Object: 'Object Repository/NextButton' is clicked on

2020-01-03 11:36:56 - [TEST_STEP][PASSED] - switchToWindowIndex(0): Switched to window with index: '0'

2020-01-03 11:36:57 - [MESSAGE][PASSED] - Switched to window with index: '0'

2020-01-03 11:36:57 - [TEST_STEP][PASSED] - delay(10): Delayed 10 second(s)

2020-01-03 11:37:07 - [MESSAGE][PASSED] - Delayed 10 second(s)

2020-01-03 11:37:07 - [TEST_STEP][PASSED] - click(findTestObject("ProfileName")): Object: 'Object Repository/ProfileName' is clicked on

2020-01-03 11:37:08 - [MESSAGE][PASSED] - Object: 'Object Repository/ProfileName' is clicked on

2020-01-03 11:37:08 - [TEST_STEP][PASSED] - click(findTestObject("DeleteResumeButton")): Object: 'Object Repository/DeleteResumeButton' is clicked on

2020-01-03 11:37:09 - [MESSAGE][PASSED] - Object: 'Object Repository/DeleteResumeButton' is clicked on

2020-01-03 11:37:09 - [TEST_STEP][PASSED] - click(findTestObject("DeleteResumeConfirm")): Object: 'Object Repository/DeleteResumeConfirm' is clicked on

2020-01-03 11:37:10 - [MESSAGE][PASSED] - Object: 'Object Repository/DeleteResumeConfirm' is clicked on

2020-01-03 11:37:10 - [TEST_STEP][PASSED] - delay(15): Delayed 15 second(s)

2020-01-03 11:37:25 - [MESSAGE][PASSED] - Delayed 15 second(s)

2020-01-03 11:37:25 - [TEST_STEP][PASSED] - takeScreenshot(): Taking screenshot successfully

2020-01-03 11:37:26 - [MESSAGE][PASSED] - Taking screenshot successfully
[[ATTACHMENT|C:\\Users\\chandu.t\\Katalon Studio\\NJS_Chandu\\Reports\\20200103_113217\\NJS_Chandu\\20200103_113217\\1578031645686.png]]

2020-01-03 11:37:26 - [TEST_STEP][PASSED] - uploadFile(findTestObject("UploadResumeButton"), findTestData("LoginDetailsNJS").getValue(5, 1)): File 'D:\chanduR\Resume1.docx' sent to object: 'Object Repository/UploadResumeButton'

2020-01-03 11:37:26 - [MESSAGE][PASSED] - File 'D:\chanduR\Resume1.docx' sent to object: 'Object Repository/UploadResumeButton'

2020-01-03 11:37:26 - [TEST_STEP][PASSED] - delay(10): Delayed 10 second(s)

2020-01-03 11:37:36 - [MESSAGE][PASSED] - Delayed 10 second(s)

2020-01-03 11:37:36 - [TEST_STEP][NOT_RUN] - click(findTestObject("EditResumeHeadline")): NOT_RUN: click(findTestObject("EditResumeHeadline"))

2020-01-03 11:37:36 - [MESSAGE][NOT_RUN] - NOT_RUN: click(findTestObject("EditResumeHeadline"))

2020-01-03 11:37:36 - [TEST_STEP][NOT_RUN] - setText(findTestObject("ResumeHeadLineText"), "."): NOT_RUN: setText(findTestObject("ResumeHeadLineText"), ".")

2020-01-03 11:37:36 - [MESSAGE][NOT_RUN] - NOT_RUN: setText(findTestObject("ResumeHeadLineText"), ".")

2020-01-03 11:37:36 - [TEST_STEP][NOT_RUN] - click(findTestObject("SaveResumeHeadLineButton")): NOT_RUN: click(findTestObject("SaveResumeHeadLineButton"))

2020-01-03 11:37:36 - [MESSAGE][NOT_RUN] - NOT_RUN: click(findTestObject("SaveResumeHeadLineButton"))

2020-01-03 11:37:36 - [TEST_STEP][PASSED] - takeScreenshot(): Taking screenshot successfully

2020-01-03 11:37:37 - [MESSAGE][PASSED] - Taking screenshot successfully
[[ATTACHMENT|C:\\Users\\chandu.t\\Katalon Studio\\NJS_Chandu\\Reports\\20200103_113217\\NJS_Chandu\\20200103_113217\\1578031656833.png]]

2020-01-03 11:37:37 - [TEST_STEP][PASSED] - refresh(): Refresh successfully

2020-01-03 11:37:41 - [MESSAGE][PASSED] - Refresh successfully

2020-01-03 11:37:41 - [TEST_STEP][PASSED] - delay(10): Delayed 10 second(s)

2020-01-03 11:37:51 - [MESSAGE][PASSED] - Delayed 10 second(s)

2020-01-03 11:37:51 - [TEST_STEP][PASSED] - takeScreenshot(): Taking screenshot successfully

2020-01-03 11:37:51 - [MESSAGE][PASSED] - Taking screenshot successfully
[[ATTACHMENT|C:\\Users\\chandu.t\\Katalon Studio\\NJS_Chandu\\Reports\\20200103_113217\\NJS_Chandu\\20200103_113217\\1578031671297.png]]

2020-01-03 11:37:51 - [TEST_STEP][PASSED] - closeBrowser(): Browser is closed

2020-01-03 11:37:53 - [MESSAGE][PASSED] - Browser is closed]]></system-out>
         <system-err><![CDATA[]]></system-err>
      </testcase>
      <system-out><![CDATA[2020-01-03 11:32:24 - [TEST_SUITE][PASSED] - NJS_Chandu: Test Cases/deleteandupload1]]></system-out>
      <system-err><![CDATA[]]></system-err>
   </testsuite>
</testsuites>
