<?xml version="1.0" encoding="UTF-8"?>
<testsuites name="NJS_Chandu" time="277.147" tests="3" failures="0" errors="0">
   <testsuite name="NJS_Chandu" tests="3" failures="0" errors="0" time="277.147" timestamp="2020-01-16 16:35:26" hostname="chandu.t - wlpt518.imidomain.com" id="Test Suites/NJS_Chandu">
      <properties>
         <property name="deviceName" value=""/>
         <property name="devicePlatform" value=""/>
         <property name="logFolder" value="C:\\Users\\chandu.t\\Katalon Studio\\NJS_Chandu\\Reports\\20200116_163518\\NJS_Chandu\\20200116_163518"/>
         <property name="logFiles" value="C:\\Users\\chandu.t\\Katalon Studio\\NJS_Chandu\\Reports\\20200116_163518\\NJS_Chandu\\20200116_163518\\execution0.log"/>
         <property name="attachments" value="C:\\Users\\chandu.t\\Katalon Studio\\NJS_Chandu\\Reports\\20200116_163518\\NJS_Chandu\\20200116_163518\\1579172789232.png, C:\\Users\\chandu.t\\Katalon Studio\\NJS_Chandu\\Reports\\20200116_163518\\NJS_Chandu\\20200116_163518\\1579172800426.png, C:\\Users\\chandu.t\\Katalon Studio\\NJS_Chandu\\Reports\\20200116_163518\\NJS_Chandu\\20200116_163518\\1579172815718.png, C:\\Users\\chandu.t\\Katalon Studio\\NJS_Chandu\\Reports\\20200116_163518\\NJS_Chandu\\20200116_163518\\1579172880931.png, C:\\Users\\chandu.t\\Katalon Studio\\NJS_Chandu\\Reports\\20200116_163518\\NJS_Chandu\\20200116_163518\\1579172893153.png, C:\\Users\\chandu.t\\Katalon Studio\\NJS_Chandu\\Reports\\20200116_163518\\NJS_Chandu\\20200116_163518\\1579172907569.png, C:\\Users\\chandu.t\\Katalon Studio\\NJS_Chandu\\Reports\\20200116_163518\\NJS_Chandu\\20200116_163518\\1579172973778.png, C:\\Users\\chandu.t\\Katalon Studio\\NJS_Chandu\\Reports\\20200116_163518\\NJS_Chandu\\20200116_163518\\1579172985112.png, C:\\Users\\chandu.t\\Katalon Studio\\NJS_Chandu\\Reports\\20200116_163518\\NJS_Chandu\\20200116_163518\\1579172999716.png"/>
         <property name="hostName" value="chandu.t - wlpt518.imidomain.com"/>
         <property name="os" value="Windows 10 64bit"/>
         <property name="katalonVersion" value="7.2.1.1"/>
         <property name="browser" value="Firefox 71.0"/>
         <property name="hostAddress" value="192.168.43.93"/>
         <property name="sessionId" value="7f1d4a57-fa5b-47fd-b737-c1bb62a14a66"/>
         <property name="seleniumVersion" value="3.141.59"/>
         <property name="proxyInformation" value="ProxyInformation{proxyOption=NO_PROXY, proxyServerType=HTTP, password=, proxyServerAddress=, proxyServerPort=0, executionList=}"/>
         <property name="platform" value="Windows 10"/>
      </properties>
      <testcase name="Test Cases/Naukri/deleteandupload3" time="94.653" classname="Test Cases/Naukri/deleteandupload3" status="PASSED">
         <system-out><![CDATA[2020-01-16 16:35:27 - [TEST_CASE][PASSED] - Test Cases/Naukri/deleteandupload3: Test Cases/Naukri/deleteandupload3

2020-01-16 16:35:28 - [TEST_STEP][PASSED] - openBrowser(findTestData("LoginDetailsNJS").getValue(1, 3)): Browser is opened with url: 'https://www.naukri.com/'

2020-01-16 16:35:30 - [MESSAGE][INFO] - Starting 'Firefox' driver

2020-01-16 16:35:30 - [MESSAGE][INFO] - Action delay is set to 0 seconds

2020-01-16 16:35:44 - [MESSAGE][PASSED] - Browser is opened with url: 'https://www.naukri.com/'

2020-01-16 16:35:44 - [TEST_STEP][PASSED] - closeWindowIndex(1): Window with index 1 is closed

2020-01-16 16:35:44 - [MESSAGE][PASSED] - Window with index 1 is closed

2020-01-16 16:35:44 - [TEST_STEP][PASSED] - closeWindowIndex(1): Window with index 1 is closed

2020-01-16 16:35:45 - [MESSAGE][PASSED] - Window with index 1 is closed

2020-01-16 16:35:45 - [TEST_STEP][PASSED] - closeWindowIndex(1): Window with index 1 is closed

2020-01-16 16:35:45 - [MESSAGE][PASSED] - Window with index 1 is closed

2020-01-16 16:35:45 - [TEST_STEP][PASSED] - switchToWindowIndex(0): Switched to window with index: '0'

2020-01-16 16:35:46 - [MESSAGE][PASSED] - Switched to window with index: '0'

2020-01-16 16:35:46 - [TEST_STEP][PASSED] - maximizeWindow(): Current window maximized

2020-01-16 16:35:46 - [MESSAGE][PASSED] - Current window maximized

2020-01-16 16:35:46 - [TEST_STEP][PASSED] - click(findTestObject("Naukri/LoginButton")): Object: 'Object Repository/Naukri/LoginButton' is clicked on

2020-01-16 16:35:47 - [MESSAGE][PASSED] - Object: 'Object Repository/Naukri/LoginButton' is clicked on

2020-01-16 16:35:47 - [TEST_STEP][PASSED] - click(findTestObject("Naukri/GoogleButton")): Object: 'Object Repository/Naukri/GoogleButton' is clicked on

2020-01-16 16:35:48 - [MESSAGE][PASSED] - Object: 'Object Repository/Naukri/GoogleButton' is clicked on

2020-01-16 16:35:48 - [TEST_STEP][PASSED] - switchToWindowIndex(1): Switched to window with index: '1'

2020-01-16 16:35:48 - [MESSAGE][PASSED] - Switched to window with index: '1'

2020-01-16 16:35:48 - [TEST_STEP][PASSED] - setText(findTestObject("Naukri/UserName"), findTestData("LoginDetailsNJS").getValue(2, 3)): Text 'chandut1024@gmail.com' is set on object 'Object Repository/Naukri/UserName'

2020-01-16 16:35:51 - [MESSAGE][PASSED] - Text 'chandut1024@gmail.com' is set on object 'Object Repository/Naukri/UserName'

2020-01-16 16:35:51 - [TEST_STEP][PASSED] - click(findTestObject("Naukri/NextButton")): Object: 'Object Repository/Naukri/NextButton' is clicked on

2020-01-16 16:35:52 - [MESSAGE][PASSED] - Object: 'Object Repository/Naukri/NextButton' is clicked on

2020-01-16 16:35:52 - [TEST_STEP][PASSED] - delay(5): Delayed 5 second(s)

2020-01-16 16:35:57 - [MESSAGE][PASSED] - Delayed 5 second(s)

2020-01-16 16:35:57 - [TEST_STEP][PASSED] - setText(findTestObject("Naukri/Password"), findTestData("LoginDetailsNJS").getValue(3, 3)): Text 'achala$123' is set on object 'Object Repository/Naukri/Password'

2020-01-16 16:35:58 - [MESSAGE][PASSED] - Text 'achala$123' is set on object 'Object Repository/Naukri/Password'

2020-01-16 16:35:58 - [TEST_STEP][PASSED] - click(findTestObject("Naukri/NextButton")): Object: 'Object Repository/Naukri/NextButton' is clicked on

2020-01-16 16:36:02 - [MESSAGE][PASSED] - Object: 'Object Repository/Naukri/NextButton' is clicked on

2020-01-16 16:36:02 - [TEST_STEP][PASSED] - switchToWindowIndex(0): Switched to window with index: '0'

2020-01-16 16:36:02 - [MESSAGE][PASSED] - Switched to window with index: '0'

2020-01-16 16:36:02 - [TEST_STEP][PASSED] - delay(10): Delayed 10 second(s)

2020-01-16 16:36:12 - [MESSAGE][PASSED] - Delayed 10 second(s)

2020-01-16 16:36:12 - [TEST_STEP][PASSED] - click(findTestObject("Naukri/ProfileName")): Object: 'Object Repository/Naukri/ProfileName' is clicked on

2020-01-16 16:36:13 - [MESSAGE][PASSED] - Object: 'Object Repository/Naukri/ProfileName' is clicked on

2020-01-16 16:36:13 - [TEST_STEP][NOT_RUN] - click(findTestObject("Naukri/DeleteResumeButton")): NOT_RUN: click(findTestObject("Naukri/DeleteResumeButton"))

2020-01-16 16:36:13 - [MESSAGE][NOT_RUN] - NOT_RUN: click(findTestObject("Naukri/DeleteResumeButton"))

2020-01-16 16:36:13 - [TEST_STEP][NOT_RUN] - click(findTestObject("Naukri/DeleteResumeConfirm")): NOT_RUN: click(findTestObject("Naukri/DeleteResumeConfirm"))

2020-01-16 16:36:13 - [MESSAGE][NOT_RUN] - NOT_RUN: click(findTestObject("Naukri/DeleteResumeConfirm"))

2020-01-16 16:36:13 - [TEST_STEP][PASSED] - delay(15): Delayed 15 second(s)

2020-01-16 16:36:28 - [MESSAGE][PASSED] - Delayed 15 second(s)

2020-01-16 16:36:28 - [TEST_STEP][PASSED] - takeScreenshot(): Taking screenshot successfully

2020-01-16 16:36:29 - [MESSAGE][PASSED] - Taking screenshot successfully
[[ATTACHMENT|C:\\Users\\chandu.t\\Katalon Studio\\NJS_Chandu\\Reports\\20200116_163518\\NJS_Chandu\\20200116_163518\\1579172789232.png]]

2020-01-16 16:36:29 - [TEST_STEP][PASSED] - uploadFile(findTestObject("Naukri/UploadResumeButton"), findTestData("LoginDetailsNJS").getValue(5, 3)): File 'D:\chanduR\Chandu_Thota_QA_Engineer3.docx' sent to object: 'Object Repository/Naukri/UploadResumeButton'

2020-01-16 16:36:29 - [MESSAGE][PASSED] - File 'D:\chanduR\Chandu_Thota_QA_Engineer3.docx' sent to object: 'Object Repository/Naukri/UploadResumeButton'

2020-01-16 16:36:29 - [TEST_STEP][PASSED] - delay(10): Delayed 10 second(s)

2020-01-16 16:36:39 - [MESSAGE][PASSED] - Delayed 10 second(s)

2020-01-16 16:36:39 - [TEST_STEP][NOT_RUN] - click(findTestObject("Naukri/EditResumeHeadline")): NOT_RUN: click(findTestObject("Naukri/EditResumeHeadline"))

2020-01-16 16:36:39 - [MESSAGE][NOT_RUN] - NOT_RUN: click(findTestObject("Naukri/EditResumeHeadline"))

2020-01-16 16:36:39 - [TEST_STEP][NOT_RUN] - setText(findTestObject("Naukri/ResumeHeadLineText"), "."): NOT_RUN: setText(findTestObject("Naukri/ResumeHeadLineText"), ".")

2020-01-16 16:36:39 - [MESSAGE][NOT_RUN] - NOT_RUN: setText(findTestObject("Naukri/ResumeHeadLineText"), ".")

2020-01-16 16:36:39 - [TEST_STEP][NOT_RUN] - click(findTestObject("Naukri/SaveResumeHeadLineButton")): NOT_RUN: click(findTestObject("Naukri/SaveResumeHeadLineButton"))

2020-01-16 16:36:39 - [MESSAGE][NOT_RUN] - NOT_RUN: click(findTestObject("Naukri/SaveResumeHeadLineButton"))

2020-01-16 16:36:39 - [TEST_STEP][PASSED] - takeScreenshot(): Taking screenshot successfully

2020-01-16 16:36:40 - [MESSAGE][PASSED] - Taking screenshot successfully
[[ATTACHMENT|C:\\Users\\chandu.t\\Katalon Studio\\NJS_Chandu\\Reports\\20200116_163518\\NJS_Chandu\\20200116_163518\\1579172800426.png]]

2020-01-16 16:36:40 - [TEST_STEP][PASSED] - refresh(): Refresh successfully

2020-01-16 16:36:45 - [MESSAGE][PASSED] - Refresh successfully

2020-01-16 16:36:45 - [TEST_STEP][PASSED] - delay(10): Delayed 10 second(s)

2020-01-16 16:36:55 - [MESSAGE][PASSED] - Delayed 10 second(s)

2020-01-16 16:36:55 - [TEST_STEP][PASSED] - takeScreenshot(): Taking screenshot successfully

2020-01-16 16:36:56 - [MESSAGE][PASSED] - Taking screenshot successfully
[[ATTACHMENT|C:\\Users\\chandu.t\\Katalon Studio\\NJS_Chandu\\Reports\\20200116_163518\\NJS_Chandu\\20200116_163518\\1579172815718.png]]

2020-01-16 16:36:56 - [TEST_STEP][PASSED] - closeBrowser(): Browser is closed

2020-01-16 16:37:02 - [MESSAGE][PASSED] - Browser is closed]]></system-out>
         <system-err><![CDATA[]]></system-err>
      </testcase>
      <testcase name="Test Cases/Naukri/deleteandupload2" time="91.574" classname="Test Cases/Naukri/deleteandupload2" status="PASSED">
         <system-out><![CDATA[2020-01-16 16:37:02 - [TEST_CASE][PASSED] - Test Cases/Naukri/deleteandupload2: Test Cases/Naukri/deleteandupload2

2020-01-16 16:37:02 - [TEST_STEP][PASSED] - openBrowser(findTestData("LoginDetailsNJS").getValue(1, 2)): Browser is opened with url: 'https://www.naukri.com/'

2020-01-16 16:37:02 - [MESSAGE][INFO] - Starting 'Firefox' driver

2020-01-16 16:37:14 - [MESSAGE][PASSED] - Browser is opened with url: 'https://www.naukri.com/'

2020-01-16 16:37:14 - [TEST_STEP][PASSED] - closeWindowIndex(1): Window with index 1 is closed

2020-01-16 16:37:14 - [MESSAGE][PASSED] - Window with index 1 is closed

2020-01-16 16:37:14 - [TEST_STEP][PASSED] - closeWindowIndex(1): Window with index 1 is closed

2020-01-16 16:37:15 - [MESSAGE][PASSED] - Window with index 1 is closed

2020-01-16 16:37:15 - [TEST_STEP][PASSED] - closeWindowIndex(1): Window with index 1 is closed

2020-01-16 16:37:15 - [MESSAGE][PASSED] - Window with index 1 is closed

2020-01-16 16:37:15 - [TEST_STEP][PASSED] - switchToWindowIndex(0): Switched to window with index: '0'

2020-01-16 16:37:15 - [MESSAGE][PASSED] - Switched to window with index: '0'

2020-01-16 16:37:15 - [TEST_STEP][PASSED] - maximizeWindow(): Current window maximized

2020-01-16 16:37:15 - [MESSAGE][PASSED] - Current window maximized

2020-01-16 16:37:15 - [TEST_STEP][PASSED] - click(findTestObject("Naukri/LoginButton")): Object: 'Object Repository/Naukri/LoginButton' is clicked on

2020-01-16 16:37:16 - [MESSAGE][PASSED] - Object: 'Object Repository/Naukri/LoginButton' is clicked on

2020-01-16 16:37:16 - [TEST_STEP][PASSED] - click(findTestObject("Naukri/GoogleButton")): Object: 'Object Repository/Naukri/GoogleButton' is clicked on

2020-01-16 16:37:18 - [MESSAGE][PASSED] - Object: 'Object Repository/Naukri/GoogleButton' is clicked on

2020-01-16 16:37:18 - [TEST_STEP][PASSED] - switchToWindowIndex(1): Switched to window with index: '1'

2020-01-16 16:37:18 - [MESSAGE][PASSED] - Switched to window with index: '1'

2020-01-16 16:37:18 - [TEST_STEP][PASSED] - setText(findTestObject("Naukri/UserName"), findTestData("LoginDetailsNJS").getValue(2, 2)): Text 'chanduthota371@gmail.com' is set on object 'Object Repository/Naukri/UserName'

2020-01-16 16:37:22 - [MESSAGE][PASSED] - Text 'chanduthota371@gmail.com' is set on object 'Object Repository/Naukri/UserName'

2020-01-16 16:37:22 - [TEST_STEP][PASSED] - click(findTestObject("Naukri/NextButton")): Object: 'Object Repository/Naukri/NextButton' is clicked on

2020-01-16 16:37:22 - [MESSAGE][PASSED] - Object: 'Object Repository/Naukri/NextButton' is clicked on

2020-01-16 16:37:22 - [TEST_STEP][PASSED] - delay(5): Delayed 5 second(s)

2020-01-16 16:37:27 - [MESSAGE][PASSED] - Delayed 5 second(s)

2020-01-16 16:37:27 - [TEST_STEP][PASSED] - setText(findTestObject("Naukri/Password"), findTestData("LoginDetailsNJS").getValue(3, 2)): Text 'achala$123' is set on object 'Object Repository/Naukri/Password'

2020-01-16 16:37:28 - [MESSAGE][PASSED] - Text 'achala$123' is set on object 'Object Repository/Naukri/Password'

2020-01-16 16:37:28 - [TEST_STEP][PASSED] - click(findTestObject("Naukri/NextButton")): Object: 'Object Repository/Naukri/NextButton' is clicked on

2020-01-16 16:37:34 - [MESSAGE][PASSED] - Object: 'Object Repository/Naukri/NextButton' is clicked on

2020-01-16 16:37:34 - [TEST_STEP][PASSED] - switchToWindowIndex(0): Switched to window with index: '0'

2020-01-16 16:37:34 - [MESSAGE][PASSED] - Switched to window with index: '0'

2020-01-16 16:37:34 - [TEST_STEP][PASSED] - delay(10): Delayed 10 second(s)

2020-01-16 16:37:44 - [MESSAGE][PASSED] - Delayed 10 second(s)

2020-01-16 16:37:44 - [TEST_STEP][PASSED] - click(findTestObject("Naukri/ProfileName")): Object: 'Object Repository/Naukri/ProfileName' is clicked on

2020-01-16 16:37:45 - [MESSAGE][PASSED] - Object: 'Object Repository/Naukri/ProfileName' is clicked on

2020-01-16 16:37:45 - [TEST_STEP][NOT_RUN] - click(findTestObject("Naukri/DeleteResumeButton")): NOT_RUN: click(findTestObject("Naukri/DeleteResumeButton"))

2020-01-16 16:37:45 - [MESSAGE][NOT_RUN] - NOT_RUN: click(findTestObject("Naukri/DeleteResumeButton"))

2020-01-16 16:37:45 - [TEST_STEP][NOT_RUN] - click(findTestObject("Naukri/DeleteResumeConfirm")): NOT_RUN: click(findTestObject("Naukri/DeleteResumeConfirm"))

2020-01-16 16:37:45 - [MESSAGE][NOT_RUN] - NOT_RUN: click(findTestObject("Naukri/DeleteResumeConfirm"))

2020-01-16 16:37:45 - [TEST_STEP][PASSED] - delay(15): Delayed 15 second(s)

2020-01-16 16:38:00 - [MESSAGE][PASSED] - Delayed 15 second(s)

2020-01-16 16:38:00 - [TEST_STEP][PASSED] - takeScreenshot(): Taking screenshot successfully

2020-01-16 16:38:01 - [MESSAGE][PASSED] - Taking screenshot successfully
[[ATTACHMENT|C:\\Users\\chandu.t\\Katalon Studio\\NJS_Chandu\\Reports\\20200116_163518\\NJS_Chandu\\20200116_163518\\1579172880931.png]]

2020-01-16 16:38:01 - [TEST_STEP][PASSED] - uploadFile(findTestObject("Naukri/UploadResumeButton"), findTestData("LoginDetailsNJS").getValue(5, 2)): File 'D:\chanduR\Chandu_Thota_QA_Engineer2.docx' sent to object: 'Object Repository/Naukri/UploadResumeButton'

2020-01-16 16:38:01 - [MESSAGE][PASSED] - File 'D:\chanduR\Chandu_Thota_QA_Engineer2.docx' sent to object: 'Object Repository/Naukri/UploadResumeButton'

2020-01-16 16:38:01 - [TEST_STEP][PASSED] - delay(10): Delayed 10 second(s)

2020-01-16 16:38:11 - [MESSAGE][PASSED] - Delayed 10 second(s)

2020-01-16 16:38:11 - [TEST_STEP][NOT_RUN] - click(findTestObject("Naukri/EditResumeHeadline")): NOT_RUN: click(findTestObject("Naukri/EditResumeHeadline"))

2020-01-16 16:38:11 - [MESSAGE][NOT_RUN] - NOT_RUN: click(findTestObject("Naukri/EditResumeHeadline"))

2020-01-16 16:38:11 - [TEST_STEP][NOT_RUN] - setText(findTestObject("Naukri/ResumeHeadLineText"), "."): NOT_RUN: setText(findTestObject("Naukri/ResumeHeadLineText"), ".")

2020-01-16 16:38:11 - [MESSAGE][NOT_RUN] - NOT_RUN: setText(findTestObject("Naukri/ResumeHeadLineText"), ".")

2020-01-16 16:38:11 - [TEST_STEP][NOT_RUN] - click(findTestObject("Naukri/SaveResumeHeadLineButton")): NOT_RUN: click(findTestObject("Naukri/SaveResumeHeadLineButton"))

2020-01-16 16:38:11 - [MESSAGE][NOT_RUN] - NOT_RUN: click(findTestObject("Naukri/SaveResumeHeadLineButton"))

2020-01-16 16:38:11 - [TEST_STEP][PASSED] - takeScreenshot(): Taking screenshot successfully

2020-01-16 16:38:13 - [MESSAGE][PASSED] - Taking screenshot successfully
[[ATTACHMENT|C:\\Users\\chandu.t\\Katalon Studio\\NJS_Chandu\\Reports\\20200116_163518\\NJS_Chandu\\20200116_163518\\1579172893153.png]]

2020-01-16 16:38:13 - [TEST_STEP][PASSED] - refresh(): Refresh successfully

2020-01-16 16:38:17 - [MESSAGE][PASSED] - Refresh successfully

2020-01-16 16:38:17 - [TEST_STEP][PASSED] - delay(10): Delayed 10 second(s)

2020-01-16 16:38:27 - [MESSAGE][PASSED] - Delayed 10 second(s)

2020-01-16 16:38:27 - [TEST_STEP][PASSED] - takeScreenshot(): Taking screenshot successfully

2020-01-16 16:38:27 - [MESSAGE][PASSED] - Taking screenshot successfully
[[ATTACHMENT|C:\\Users\\chandu.t\\Katalon Studio\\NJS_Chandu\\Reports\\20200116_163518\\NJS_Chandu\\20200116_163518\\1579172907569.png]]

2020-01-16 16:38:27 - [TEST_STEP][PASSED] - closeBrowser(): Browser is closed

2020-01-16 16:38:33 - [MESSAGE][PASSED] - Browser is closed]]></system-out>
         <system-err><![CDATA[]]></system-err>
      </testcase>
      <testcase name="Test Cases/Naukri/deleteandupload1" time="89.899" classname="Test Cases/Naukri/deleteandupload1" status="PASSED">
         <system-out><![CDATA[2020-01-16 16:38:33 - [TEST_CASE][PASSED] - Test Cases/Naukri/deleteandupload1: Test Cases/Naukri/deleteandupload1

2020-01-16 16:38:34 - [TEST_STEP][PASSED] - openBrowser(findTestData("LoginDetailsNJS").getValue(1, 1)): Browser is opened with url: 'naukri.com'

2020-01-16 16:38:34 - [MESSAGE][INFO] - Starting 'Firefox' driver

2020-01-16 16:38:47 - [MESSAGE][PASSED] - Browser is opened with url: 'naukri.com'

2020-01-16 16:38:47 - [TEST_STEP][PASSED] - closeWindowIndex(1): Window with index 1 is closed

2020-01-16 16:38:47 - [MESSAGE][PASSED] - Window with index 1 is closed

2020-01-16 16:38:47 - [TEST_STEP][PASSED] - closeWindowIndex(1): Window with index 1 is closed

2020-01-16 16:38:47 - [MESSAGE][PASSED] - Window with index 1 is closed

2020-01-16 16:38:47 - [TEST_STEP][PASSED] - closeWindowIndex(1): Window with index 1 is closed

2020-01-16 16:38:47 - [MESSAGE][PASSED] - Window with index 1 is closed

2020-01-16 16:38:47 - [TEST_STEP][PASSED] - switchToWindowIndex(0): Switched to window with index: '0'

2020-01-16 16:38:48 - [MESSAGE][PASSED] - Switched to window with index: '0'

2020-01-16 16:38:48 - [TEST_STEP][PASSED] - maximizeWindow(): Current window maximized

2020-01-16 16:38:48 - [MESSAGE][PASSED] - Current window maximized

2020-01-16 16:38:48 - [TEST_STEP][PASSED] - click(findTestObject("Naukri/LoginButton")): Object: 'Object Repository/Naukri/LoginButton' is clicked on

2020-01-16 16:38:49 - [MESSAGE][PASSED] - Object: 'Object Repository/Naukri/LoginButton' is clicked on

2020-01-16 16:38:49 - [TEST_STEP][PASSED] - click(findTestObject("Naukri/GoogleButton")): Object: 'Object Repository/Naukri/GoogleButton' is clicked on

2020-01-16 16:38:50 - [MESSAGE][PASSED] - Object: 'Object Repository/Naukri/GoogleButton' is clicked on

2020-01-16 16:38:50 - [TEST_STEP][PASSED] - switchToWindowIndex(1): Switched to window with index: '1'

2020-01-16 16:38:50 - [MESSAGE][PASSED] - Switched to window with index: '1'

2020-01-16 16:38:50 - [TEST_STEP][PASSED] - setText(findTestObject("Naukri/UserName"), findTestData("LoginDetailsNJS").getValue(2, 1)): Text 'thota.chandu1@gmail.com' is set on object 'Object Repository/Naukri/UserName'

2020-01-16 16:38:55 - [MESSAGE][PASSED] - Text 'thota.chandu1@gmail.com' is set on object 'Object Repository/Naukri/UserName'

2020-01-16 16:38:55 - [TEST_STEP][PASSED] - click(findTestObject("Naukri/NextButton")): Object: 'Object Repository/Naukri/NextButton' is clicked on

2020-01-16 16:38:56 - [MESSAGE][PASSED] - Object: 'Object Repository/Naukri/NextButton' is clicked on

2020-01-16 16:38:56 - [TEST_STEP][PASSED] - delay(5): Delayed 5 second(s)

2020-01-16 16:39:01 - [MESSAGE][PASSED] - Delayed 5 second(s)

2020-01-16 16:39:01 - [TEST_STEP][PASSED] - setText(findTestObject("Naukri/Password"), findTestData("LoginDetailsNJS").getValue(3, 1)): Text 'achala$123' is set on object 'Object Repository/Naukri/Password'

2020-01-16 16:39:01 - [MESSAGE][PASSED] - Text 'achala$123' is set on object 'Object Repository/Naukri/Password'

2020-01-16 16:39:01 - [TEST_STEP][PASSED] - click(findTestObject("Naukri/NextButton")): Object: 'Object Repository/Naukri/NextButton' is clicked on

2020-01-16 16:39:07 - [MESSAGE][PASSED] - Object: 'Object Repository/Naukri/NextButton' is clicked on

2020-01-16 16:39:07 - [TEST_STEP][PASSED] - switchToWindowIndex(0): Switched to window with index: '0'

2020-01-16 16:39:07 - [MESSAGE][PASSED] - Switched to window with index: '0'

2020-01-16 16:39:07 - [TEST_STEP][PASSED] - delay(10): Delayed 10 second(s)

2020-01-16 16:39:17 - [MESSAGE][PASSED] - Delayed 10 second(s)

2020-01-16 16:39:17 - [TEST_STEP][PASSED] - click(findTestObject("Naukri/ProfileName")): Object: 'Object Repository/Naukri/ProfileName' is clicked on

2020-01-16 16:39:18 - [MESSAGE][PASSED] - Object: 'Object Repository/Naukri/ProfileName' is clicked on

2020-01-16 16:39:18 - [TEST_STEP][NOT_RUN] - click(findTestObject("Naukri/DeleteResumeButton")): NOT_RUN: click(findTestObject("Naukri/DeleteResumeButton"))

2020-01-16 16:39:18 - [MESSAGE][NOT_RUN] - NOT_RUN: click(findTestObject("Naukri/DeleteResumeButton"))

2020-01-16 16:39:18 - [TEST_STEP][NOT_RUN] - click(findTestObject("Naukri/DeleteResumeConfirm")): NOT_RUN: click(findTestObject("Naukri/DeleteResumeConfirm"))

2020-01-16 16:39:18 - [MESSAGE][NOT_RUN] - NOT_RUN: click(findTestObject("Naukri/DeleteResumeConfirm"))

2020-01-16 16:39:18 - [TEST_STEP][PASSED] - delay(15): Delayed 15 second(s)

2020-01-16 16:39:33 - [MESSAGE][PASSED] - Delayed 15 second(s)

2020-01-16 16:39:33 - [TEST_STEP][PASSED] - takeScreenshot(): Taking screenshot successfully

2020-01-16 16:39:34 - [MESSAGE][PASSED] - Taking screenshot successfully
[[ATTACHMENT|C:\\Users\\chandu.t\\Katalon Studio\\NJS_Chandu\\Reports\\20200116_163518\\NJS_Chandu\\20200116_163518\\1579172973778.png]]

2020-01-16 16:39:34 - [TEST_STEP][PASSED] - uploadFile(findTestObject("Naukri/UploadResumeButton"), findTestData("LoginDetailsNJS").getValue(5, 1)): File 'D:\chanduR\Chandu_Thota_QA_Engineer1.docx' sent to object: 'Object Repository/Naukri/UploadResumeButton'

2020-01-16 16:39:34 - [MESSAGE][PASSED] - File 'D:\chanduR\Chandu_Thota_QA_Engineer1.docx' sent to object: 'Object Repository/Naukri/UploadResumeButton'

2020-01-16 16:39:34 - [TEST_STEP][PASSED] - delay(10): Delayed 10 second(s)

2020-01-16 16:39:44 - [MESSAGE][PASSED] - Delayed 10 second(s)

2020-01-16 16:39:44 - [TEST_STEP][NOT_RUN] - click(findTestObject("Naukri/EditResumeHeadline")): NOT_RUN: click(findTestObject("Naukri/EditResumeHeadline"))

2020-01-16 16:39:44 - [MESSAGE][NOT_RUN] - NOT_RUN: click(findTestObject("Naukri/EditResumeHeadline"))

2020-01-16 16:39:44 - [TEST_STEP][NOT_RUN] - setText(findTestObject("Naukri/ResumeHeadLineText"), "."): NOT_RUN: setText(findTestObject("Naukri/ResumeHeadLineText"), ".")

2020-01-16 16:39:44 - [MESSAGE][NOT_RUN] - NOT_RUN: setText(findTestObject("Naukri/ResumeHeadLineText"), ".")

2020-01-16 16:39:44 - [TEST_STEP][NOT_RUN] - click(findTestObject("Naukri/SaveResumeHeadLineButton")): NOT_RUN: click(findTestObject("Naukri/SaveResumeHeadLineButton"))

2020-01-16 16:39:44 - [MESSAGE][NOT_RUN] - NOT_RUN: click(findTestObject("Naukri/SaveResumeHeadLineButton"))

2020-01-16 16:39:44 - [TEST_STEP][PASSED] - takeScreenshot(): Taking screenshot successfully

2020-01-16 16:39:45 - [MESSAGE][PASSED] - Taking screenshot successfully
[[ATTACHMENT|C:\\Users\\chandu.t\\Katalon Studio\\NJS_Chandu\\Reports\\20200116_163518\\NJS_Chandu\\20200116_163518\\1579172985112.png]]

2020-01-16 16:39:45 - [TEST_STEP][PASSED] - refresh(): Refresh successfully

2020-01-16 16:39:49 - [MESSAGE][PASSED] - Refresh successfully

2020-01-16 16:39:49 - [TEST_STEP][PASSED] - delay(10): Delayed 10 second(s)

2020-01-16 16:39:59 - [MESSAGE][PASSED] - Delayed 10 second(s)

2020-01-16 16:39:59 - [TEST_STEP][PASSED] - takeScreenshot(): Taking screenshot successfully

2020-01-16 16:39:59 - [MESSAGE][PASSED] - Taking screenshot successfully
[[ATTACHMENT|C:\\Users\\chandu.t\\Katalon Studio\\NJS_Chandu\\Reports\\20200116_163518\\NJS_Chandu\\20200116_163518\\1579172999716.png]]

2020-01-16 16:39:59 - [TEST_STEP][PASSED] - closeBrowser(): Browser is closed

2020-01-16 16:40:03 - [MESSAGE][PASSED] - Browser is closed]]></system-out>
         <system-err><![CDATA[]]></system-err>
      </testcase>
      <system-out><![CDATA[2020-01-16 16:35:26 - [TEST_SUITE][PASSED] - NJS_Chandu: Test Cases/Naukri/deleteandupload1]]></system-out>
      <system-err><![CDATA[]]></system-err>
   </testsuite>
</testsuites>
