<?xml version="1.0" encoding="UTF-8"?>
<testsuites name="NJS_Chandu" time="209" tests="3" failures="0" errors="0">
   <testsuite name="NJS_Chandu" tests="3" failures="0" errors="0" time="209" timestamp="2019-12-11 07:45:21" hostname="chandu.t - wlpt518.imidomain.com" id="Test Suites/NJS_Chandu">
      <properties>
         <property name="deviceName" value=""/>
         <property name="devicePlatform" value=""/>
         <property name="logFolder" value="C:\\Users\\chandu.t\\Katalon Studio\\NJS_Chandu\\Reports\\NJS_Chandu\\20191211_074518"/>
         <property name="logFiles" value="C:\\Users\\chandu.t\\Katalon Studio\\NJS_Chandu\\Reports\\NJS_Chandu\\20191211_074518\\execution0.log"/>
         <property name="attachments" value="C:\\Users\\chandu.t\\Katalon Studio\\NJS_Chandu\\Reports\\NJS_Chandu\\20191211_074518\\1576030581441.png, C:\\Users\\chandu.t\\Katalon Studio\\NJS_Chandu\\Reports\\NJS_Chandu\\20191211_074518\\1576030591906.png, C:\\Users\\chandu.t\\Katalon Studio\\NJS_Chandu\\Reports\\NJS_Chandu\\20191211_074518\\1576030649500.png, C:\\Users\\chandu.t\\Katalon Studio\\NJS_Chandu\\Reports\\NJS_Chandu\\20191211_074518\\1576030661470.png, C:\\Users\\chandu.t\\Katalon Studio\\NJS_Chandu\\Reports\\NJS_Chandu\\20191211_074518\\1576030719599.png, C:\\Users\\chandu.t\\Katalon Studio\\NJS_Chandu\\Reports\\NJS_Chandu\\20191211_074518\\1576030730050.png"/>
         <property name="hostName" value="chandu.t - wlpt518.imidomain.com"/>
         <property name="os" value="Windows 10 64bit"/>
         <property name="katalonVersion" value="5.8.2.1"/>
         <property name="browser" value="Chrome 78.0.3904.108"/>
         <property name="hostAddress" value="10.0.0.9"/>
         <property name="sessionId" value="13fa5fe6372d5fc6440ff708b3f212c0"/>
         <property name="seleniumVersion" value="3.7.1"/>
         <property name="proxyInformation" value="ProxyInformation{proxyOption=NO_PROXY, proxyServerType=HTTP, password=, proxyServerAddress=, proxyServerPort=0}"/>
         <property name="platform" value="Windows 10"/>
      </properties>
      <testcase name="Test Cases/profile1" classname="Test Cases/profile1" status="PASSED">
         <system-out><![CDATA[2019-12-11 07:45:22 - [TEST_CASE][PASSED] - Test Cases/profile1: Test Cases/profile1

2019-12-11 07:45:22 - [TEST_STEP][PASSED] - openBrowser: Browser is opened with url: 'https://www.naukri.com/'

2019-12-11 07:45:32 - [MESSAGE][PASSED] - Browser is opened with url: 'https://www.naukri.com/'

2019-12-11 07:45:32 - [TEST_STEP][PASSED] - closeWindowIndex: Window with index 1 is closed

2019-12-11 07:45:32 - [MESSAGE][PASSED] - Window with index 1 is closed

2019-12-11 07:45:32 - [TEST_STEP][PASSED] - closeWindowIndex: Window with index 1 is closed

2019-12-11 07:45:32 - [MESSAGE][PASSED] - Window with index 1 is closed

2019-12-11 07:45:32 - [TEST_STEP][PASSED] - switchToWindowIndex: Switched to window with index: '0'

2019-12-11 07:45:32 - [MESSAGE][PASSED] - Switched to window with index: '0'

2019-12-11 07:45:32 - [TEST_STEP][PASSED] - maximizeWindow: Current window maximized

2019-12-11 07:45:33 - [MESSAGE][PASSED] - Current window maximized

2019-12-11 07:45:33 - [TEST_STEP][PASSED] - click: Object: 'Object Repository/LoginButton' is clicked on

2019-12-11 07:45:34 - [MESSAGE][PASSED] - Object: 'Object Repository/LoginButton' is clicked on

2019-12-11 07:45:34 - [TEST_STEP][PASSED] - click: Object: 'Object Repository/GoogleButton' is clicked on

2019-12-11 07:45:34 - [MESSAGE][PASSED] - Object: 'Object Repository/GoogleButton' is clicked on

2019-12-11 07:45:34 - [TEST_STEP][PASSED] - switchToWindowIndex: Switched to window with index: '1'

2019-12-11 07:45:34 - [MESSAGE][PASSED] - Switched to window with index: '1'

2019-12-11 07:45:34 - [TEST_STEP][PASSED] - setText: Text 'thota.chandu1@gmail.com' is set on object 'Object Repository/UserName'

2019-12-11 07:45:37 - [MESSAGE][PASSED] - Text 'thota.chandu1@gmail.com' is set on object 'Object Repository/UserName'

2019-12-11 07:45:37 - [TEST_STEP][PASSED] - click: Object: 'Object Repository/NextButton' is clicked on

2019-12-11 07:45:38 - [MESSAGE][PASSED] - Object: 'Object Repository/NextButton' is clicked on

2019-12-11 07:45:38 - [TEST_STEP][PASSED] - delay: Delayed 5 second(s)

2019-12-11 07:45:43 - [MESSAGE][PASSED] - Delayed 5 second(s)

2019-12-11 07:45:43 - [TEST_STEP][PASSED] - setText: Text 'achala$123' is set on object 'Object Repository/Password'

2019-12-11 07:45:43 - [MESSAGE][PASSED] - Text 'achala$123' is set on object 'Object Repository/Password'

2019-12-11 07:45:43 - [TEST_STEP][PASSED] - click: Object: 'Object Repository/NextButton' is clicked on

2019-12-11 07:45:44 - [MESSAGE][PASSED] - Object: 'Object Repository/NextButton' is clicked on

2019-12-11 07:45:44 - [TEST_STEP][PASSED] - switchToWindowIndex: Switched to window with index: '0'

2019-12-11 07:45:44 - [MESSAGE][PASSED] - Switched to window with index: '0'

2019-12-11 07:45:44 - [TEST_STEP][PASSED] - delay: Delayed 10 second(s)

2019-12-11 07:45:54 - [MESSAGE][PASSED] - Delayed 10 second(s)

2019-12-11 07:45:54 - [TEST_STEP][PASSED] - click: Object: 'Object Repository/ProfileName' is clicked on

2019-12-11 07:45:55 - [MESSAGE][PASSED] - Object: 'Object Repository/ProfileName' is clicked on

2019-12-11 07:45:55 - [TEST_STEP][PASSED] - delay: Delayed 15 second(s)

2019-12-11 07:46:10 - [MESSAGE][PASSED] - Delayed 15 second(s)

2019-12-11 07:46:10 - [TEST_STEP][PASSED] - uploadFile: File 'D:\chanduR\Resume1.docx' sent to object: 'Object Repository/UploadResumeButton'

2019-12-11 07:46:11 - [MESSAGE][PASSED] - File 'D:\chanduR\Resume1.docx' sent to object: 'Object Repository/UploadResumeButton'

2019-12-11 07:46:11 - [TEST_STEP][PASSED] - delay: Delayed 10 second(s)

2019-12-11 07:46:21 - [MESSAGE][PASSED] - Delayed 10 second(s)

2019-12-11 07:46:21 - [TEST_STEP][NOT_RUN] - click: NOT_RUN: click

2019-12-11 07:46:21 - [MESSAGE][NOT_RUN] - NOT_RUN: click

2019-12-11 07:46:21 - [TEST_STEP][NOT_RUN] - setText: NOT_RUN: setText

2019-12-11 07:46:21 - [MESSAGE][NOT_RUN] - NOT_RUN: setText

2019-12-11 07:46:21 - [TEST_STEP][NOT_RUN] - click: NOT_RUN: click

2019-12-11 07:46:21 - [MESSAGE][NOT_RUN] - NOT_RUN: click

2019-12-11 07:46:21 - [TEST_STEP][PASSED] - takeScreenshot: Taking screenshot successfully

2019-12-11 07:46:21 - [MESSAGE][PASSED] - Taking screenshot successfully
[[ATTACHMENT|C:\\Users\\chandu.t\\Katalon Studio\\NJS_Chandu\\Reports\\NJS_Chandu\\20191211_074518\\1576030581441.png]]

2019-12-11 07:46:21 - [TEST_STEP][PASSED] - refresh: Refresh successfully

2019-12-11 07:46:21 - [MESSAGE][PASSED] - Refresh successfully

2019-12-11 07:46:21 - [TEST_STEP][PASSED] - delay: Delayed 10 second(s)

2019-12-11 07:46:31 - [MESSAGE][PASSED] - Delayed 10 second(s)

2019-12-11 07:46:31 - [TEST_STEP][PASSED] - takeScreenshot: Taking screenshot successfully

2019-12-11 07:46:32 - [MESSAGE][PASSED] - Taking screenshot successfully
[[ATTACHMENT|C:\\Users\\chandu.t\\Katalon Studio\\NJS_Chandu\\Reports\\NJS_Chandu\\20191211_074518\\1576030591906.png]]

2019-12-11 07:46:32 - [TEST_STEP][PASSED] - closeBrowser: Browser is closed

2019-12-11 07:46:33 - [MESSAGE][PASSED] - Browser is closed]]></system-out>
         <system-err><![CDATA[]]></system-err>
      </testcase>
      <testcase name="Test Cases/profile2" classname="Test Cases/profile2" status="PASSED">
         <system-out><![CDATA[2019-12-11 07:46:33 - [TEST_CASE][PASSED] - Test Cases/profile2: Test Cases/profile2

2019-12-11 07:46:33 - [TEST_STEP][PASSED] - openBrowser: Browser is opened with url: 'https://www.naukri.com/'

2019-12-11 07:46:39 - [MESSAGE][PASSED] - Browser is opened with url: 'https://www.naukri.com/'

2019-12-11 07:46:39 - [TEST_STEP][PASSED] - closeWindowIndex: Window with index 1 is closed

2019-12-11 07:46:39 - [MESSAGE][PASSED] - Window with index 1 is closed

2019-12-11 07:46:39 - [TEST_STEP][PASSED] - closeWindowIndex: Window with index 1 is closed

2019-12-11 07:46:39 - [MESSAGE][PASSED] - Window with index 1 is closed

2019-12-11 07:46:39 - [TEST_STEP][PASSED] - switchToWindowIndex: Switched to window with index: '0'

2019-12-11 07:46:39 - [MESSAGE][PASSED] - Switched to window with index: '0'

2019-12-11 07:46:39 - [TEST_STEP][PASSED] - maximizeWindow: Current window maximized

2019-12-11 07:46:41 - [MESSAGE][PASSED] - Current window maximized

2019-12-11 07:46:41 - [TEST_STEP][PASSED] - click: Object: 'Object Repository/LoginButton' is clicked on

2019-12-11 07:46:41 - [MESSAGE][PASSED] - Object: 'Object Repository/LoginButton' is clicked on

2019-12-11 07:46:41 - [TEST_STEP][PASSED] - click: Object: 'Object Repository/GoogleButton' is clicked on

2019-12-11 07:46:42 - [MESSAGE][PASSED] - Object: 'Object Repository/GoogleButton' is clicked on

2019-12-11 07:46:42 - [TEST_STEP][PASSED] - switchToWindowIndex: Switched to window with index: '1'

2019-12-11 07:46:42 - [MESSAGE][PASSED] - Switched to window with index: '1'

2019-12-11 07:46:42 - [TEST_STEP][PASSED] - setText: Text 'chanduthota371@gmail.com' is set on object 'Object Repository/UserName'

2019-12-11 07:46:45 - [MESSAGE][PASSED] - Text 'chanduthota371@gmail.com' is set on object 'Object Repository/UserName'

2019-12-11 07:46:45 - [TEST_STEP][PASSED] - click: Object: 'Object Repository/NextButton' is clicked on

2019-12-11 07:46:46 - [MESSAGE][PASSED] - Object: 'Object Repository/NextButton' is clicked on

2019-12-11 07:46:46 - [TEST_STEP][PASSED] - delay: Delayed 5 second(s)

2019-12-11 07:46:51 - [MESSAGE][PASSED] - Delayed 5 second(s)

2019-12-11 07:46:51 - [TEST_STEP][PASSED] - setText: Text 'achala$123' is set on object 'Object Repository/Password'

2019-12-11 07:46:51 - [MESSAGE][PASSED] - Text 'achala$123' is set on object 'Object Repository/Password'

2019-12-11 07:46:51 - [TEST_STEP][PASSED] - click: Object: 'Object Repository/NextButton' is clicked on

2019-12-11 07:46:52 - [MESSAGE][PASSED] - Object: 'Object Repository/NextButton' is clicked on

2019-12-11 07:46:52 - [TEST_STEP][PASSED] - switchToWindowIndex: Switched to window with index: '0'

2019-12-11 07:46:52 - [MESSAGE][PASSED] - Switched to window with index: '0'

2019-12-11 07:46:52 - [TEST_STEP][PASSED] - delay: Delayed 10 second(s)

2019-12-11 07:47:02 - [MESSAGE][PASSED] - Delayed 10 second(s)

2019-12-11 07:47:02 - [TEST_STEP][PASSED] - click: Object: 'Object Repository/ProfileName' is clicked on

2019-12-11 07:47:04 - [MESSAGE][PASSED] - Object: 'Object Repository/ProfileName' is clicked on

2019-12-11 07:47:04 - [TEST_STEP][PASSED] - delay: Delayed 15 second(s)

2019-12-11 07:47:19 - [MESSAGE][PASSED] - Delayed 15 second(s)

2019-12-11 07:47:19 - [TEST_STEP][PASSED] - uploadFile: File 'D:\chanduR\Resume2.docx' sent to object: 'Object Repository/UploadResumeButton'

2019-12-11 07:47:19 - [MESSAGE][PASSED] - File 'D:\chanduR\Resume2.docx' sent to object: 'Object Repository/UploadResumeButton'

2019-12-11 07:47:19 - [TEST_STEP][PASSED] - delay: Delayed 10 second(s)

2019-12-11 07:47:29 - [MESSAGE][PASSED] - Delayed 10 second(s)

2019-12-11 07:47:29 - [TEST_STEP][NOT_RUN] - click: NOT_RUN: click

2019-12-11 07:47:29 - [MESSAGE][NOT_RUN] - NOT_RUN: click

2019-12-11 07:47:29 - [TEST_STEP][NOT_RUN] - setText: NOT_RUN: setText

2019-12-11 07:47:29 - [MESSAGE][NOT_RUN] - NOT_RUN: setText

2019-12-11 07:47:29 - [TEST_STEP][NOT_RUN] - click: NOT_RUN: click

2019-12-11 07:47:29 - [MESSAGE][NOT_RUN] - NOT_RUN: click

2019-12-11 07:47:29 - [TEST_STEP][PASSED] - takeScreenshot: Taking screenshot successfully

2019-12-11 07:47:29 - [MESSAGE][PASSED] - Taking screenshot successfully
[[ATTACHMENT|C:\\Users\\chandu.t\\Katalon Studio\\NJS_Chandu\\Reports\\NJS_Chandu\\20191211_074518\\1576030649500.png]]

2019-12-11 07:47:29 - [TEST_STEP][PASSED] - refresh: Refresh successfully

2019-12-11 07:47:31 - [MESSAGE][PASSED] - Refresh successfully

2019-12-11 07:47:31 - [TEST_STEP][PASSED] - delay: Delayed 10 second(s)

2019-12-11 07:47:41 - [MESSAGE][PASSED] - Delayed 10 second(s)

2019-12-11 07:47:41 - [TEST_STEP][PASSED] - takeScreenshot: Taking screenshot successfully

2019-12-11 07:47:41 - [MESSAGE][PASSED] - Taking screenshot successfully
[[ATTACHMENT|C:\\Users\\chandu.t\\Katalon Studio\\NJS_Chandu\\Reports\\NJS_Chandu\\20191211_074518\\1576030661470.png]]

2019-12-11 07:47:41 - [TEST_STEP][PASSED] - closeBrowser: Browser is closed

2019-12-11 07:47:42 - [MESSAGE][PASSED] - Browser is closed]]></system-out>
         <system-err><![CDATA[]]></system-err>
      </testcase>
      <testcase name="Test Cases/profile3" classname="Test Cases/profile3" status="PASSED">
         <system-out><![CDATA[2019-12-11 07:47:42 - [TEST_CASE][PASSED] - Test Cases/profile3: Test Cases/profile3

2019-12-11 07:47:43 - [TEST_STEP][PASSED] - openBrowser: Browser is opened with url: 'https://www.naukri.com/'

2019-12-11 07:47:49 - [MESSAGE][PASSED] - Browser is opened with url: 'https://www.naukri.com/'

2019-12-11 07:47:49 - [TEST_STEP][PASSED] - closeWindowIndex: Window with index 1 is closed

2019-12-11 07:47:50 - [MESSAGE][PASSED] - Window with index 1 is closed

2019-12-11 07:47:50 - [TEST_STEP][PASSED] - closeWindowIndex: Window with index 1 is closed

2019-12-11 07:47:50 - [MESSAGE][PASSED] - Window with index 1 is closed

2019-12-11 07:47:50 - [TEST_STEP][PASSED] - switchToWindowIndex: Switched to window with index: '0'

2019-12-11 07:47:50 - [MESSAGE][PASSED] - Switched to window with index: '0'

2019-12-11 07:47:50 - [TEST_STEP][PASSED] - maximizeWindow: Current window maximized

2019-12-11 07:47:51 - [MESSAGE][PASSED] - Current window maximized

2019-12-11 07:47:51 - [TEST_STEP][PASSED] - click: Object: 'Object Repository/LoginButton' is clicked on

2019-12-11 07:47:52 - [MESSAGE][PASSED] - Object: 'Object Repository/LoginButton' is clicked on

2019-12-11 07:47:52 - [TEST_STEP][PASSED] - click: Object: 'Object Repository/GoogleButton' is clicked on

2019-12-11 07:47:53 - [MESSAGE][PASSED] - Object: 'Object Repository/GoogleButton' is clicked on

2019-12-11 07:47:53 - [TEST_STEP][PASSED] - switchToWindowIndex: Switched to window with index: '1'

2019-12-11 07:47:53 - [MESSAGE][PASSED] - Switched to window with index: '1'

2019-12-11 07:47:53 - [TEST_STEP][PASSED] - setText: Text 'chandut1024@gmail.com' is set on object 'Object Repository/UserName'

2019-12-11 07:47:56 - [MESSAGE][PASSED] - Text 'chandut1024@gmail.com' is set on object 'Object Repository/UserName'

2019-12-11 07:47:56 - [TEST_STEP][PASSED] - click: Object: 'Object Repository/NextButton' is clicked on

2019-12-11 07:47:56 - [MESSAGE][PASSED] - Object: 'Object Repository/NextButton' is clicked on

2019-12-11 07:47:56 - [TEST_STEP][PASSED] - delay: Delayed 5 second(s)

2019-12-11 07:48:01 - [MESSAGE][PASSED] - Delayed 5 second(s)

2019-12-11 07:48:01 - [TEST_STEP][PASSED] - setText: Text 'achala$123' is set on object 'Object Repository/Password'

2019-12-11 07:48:02 - [MESSAGE][PASSED] - Text 'achala$123' is set on object 'Object Repository/Password'

2019-12-11 07:48:02 - [TEST_STEP][PASSED] - click: Object: 'Object Repository/NextButton' is clicked on

2019-12-11 07:48:02 - [MESSAGE][PASSED] - Object: 'Object Repository/NextButton' is clicked on

2019-12-11 07:48:02 - [TEST_STEP][PASSED] - switchToWindowIndex: Switched to window with index: '0'

2019-12-11 07:48:02 - [MESSAGE][PASSED] - Switched to window with index: '0'

2019-12-11 07:48:02 - [TEST_STEP][PASSED] - delay: Delayed 10 second(s)

2019-12-11 07:48:12 - [MESSAGE][PASSED] - Delayed 10 second(s)

2019-12-11 07:48:12 - [TEST_STEP][PASSED] - click: Object: 'Object Repository/ProfileName' is clicked on

2019-12-11 07:48:14 - [MESSAGE][PASSED] - Object: 'Object Repository/ProfileName' is clicked on

2019-12-11 07:48:14 - [TEST_STEP][PASSED] - delay: Delayed 15 second(s)

2019-12-11 07:48:29 - [MESSAGE][PASSED] - Delayed 15 second(s)

2019-12-11 07:48:29 - [TEST_STEP][PASSED] - uploadFile: File 'D:\chanduR\Resume3.docx' sent to object: 'Object Repository/UploadResumeButton'

2019-12-11 07:48:29 - [MESSAGE][PASSED] - File 'D:\chanduR\Resume3.docx' sent to object: 'Object Repository/UploadResumeButton'

2019-12-11 07:48:29 - [TEST_STEP][PASSED] - delay: Delayed 10 second(s)

2019-12-11 07:48:39 - [MESSAGE][PASSED] - Delayed 10 second(s)

2019-12-11 07:48:39 - [TEST_STEP][NOT_RUN] - click: NOT_RUN: click

2019-12-11 07:48:39 - [MESSAGE][NOT_RUN] - NOT_RUN: click

2019-12-11 07:48:39 - [TEST_STEP][NOT_RUN] - setText: NOT_RUN: setText

2019-12-11 07:48:39 - [MESSAGE][NOT_RUN] - NOT_RUN: setText

2019-12-11 07:48:39 - [TEST_STEP][NOT_RUN] - click: NOT_RUN: click

2019-12-11 07:48:39 - [MESSAGE][NOT_RUN] - NOT_RUN: click

2019-12-11 07:48:39 - [TEST_STEP][PASSED] - takeScreenshot: Taking screenshot successfully

2019-12-11 07:48:39 - [MESSAGE][PASSED] - Taking screenshot successfully
[[ATTACHMENT|C:\\Users\\chandu.t\\Katalon Studio\\NJS_Chandu\\Reports\\NJS_Chandu\\20191211_074518\\1576030719599.png]]

2019-12-11 07:48:39 - [TEST_STEP][PASSED] - refresh: Refresh successfully

2019-12-11 07:48:40 - [MESSAGE][PASSED] - Refresh successfully

2019-12-11 07:48:40 - [TEST_STEP][PASSED] - delay: Delayed 10 second(s)

2019-12-11 07:48:50 - [MESSAGE][PASSED] - Delayed 10 second(s)

2019-12-11 07:48:50 - [TEST_STEP][PASSED] - takeScreenshot: Taking screenshot successfully

2019-12-11 07:48:50 - [MESSAGE][PASSED] - Taking screenshot successfully
[[ATTACHMENT|C:\\Users\\chandu.t\\Katalon Studio\\NJS_Chandu\\Reports\\NJS_Chandu\\20191211_074518\\1576030730050.png]]

2019-12-11 07:48:50 - [TEST_STEP][PASSED] - closeBrowser: Browser is closed

2019-12-11 07:48:51 - [MESSAGE][PASSED] - Browser is closed]]></system-out>
         <system-err><![CDATA[]]></system-err>
      </testcase>
      <system-out><![CDATA[2019-12-11 07:45:21 - [TEST_SUITE][PASSED] - NJS_Chandu: Test Cases/profile3]]></system-out>
      <system-err><![CDATA[]]></system-err>
   </testsuite>
</testsuites>
