<?xml version="1.0" encoding="UTF-8"?>
<testsuites name="NJS_Chandu" time="329.593" tests="3" failures="0" errors="0">
   <testsuite name="NJS_Chandu" tests="3" failures="0" errors="0" time="329.593" timestamp="2020-01-03 17:05:59" hostname="chandu.t - wlpt518.imidomain.com" id="Test Suites/NJS_Chandu">
      <properties>
         <property name="deviceName" value=""/>
         <property name="devicePlatform" value=""/>
         <property name="logFolder" value="C:\\Users\\chandu.t\\Katalon Studio\\NJS_Chandu\\Reports\\20200103_170552\\NJS_Chandu\\20200103_170552"/>
         <property name="logFiles" value="C:\\Users\\chandu.t\\Katalon Studio\\NJS_Chandu\\Reports\\20200103_170552\\NJS_Chandu\\20200103_170552\\execution0.log"/>
         <property name="attachments" value="C:\\Users\\chandu.t\\Katalon Studio\\NJS_Chandu\\Reports\\20200103_170552\\NJS_Chandu\\20200103_170552\\1578051464054.png, C:\\Users\\chandu.t\\Katalon Studio\\NJS_Chandu\\Reports\\20200103_170552\\NJS_Chandu\\20200103_170552\\1578051475629.png, C:\\Users\\chandu.t\\Katalon Studio\\NJS_Chandu\\Reports\\20200103_170552\\NJS_Chandu\\20200103_170552\\1578051489890.png, C:\\Users\\chandu.t\\Katalon Studio\\NJS_Chandu\\Reports\\20200103_170552\\NJS_Chandu\\20200103_170552\\1578051565930.png, C:\\Users\\chandu.t\\Katalon Studio\\NJS_Chandu\\Reports\\20200103_170552\\NJS_Chandu\\20200103_170552\\1578051577410.png, C:\\Users\\chandu.t\\Katalon Studio\\NJS_Chandu\\Reports\\20200103_170552\\NJS_Chandu\\20200103_170552\\1578051590998.png, C:\\Users\\chandu.t\\Katalon Studio\\NJS_Chandu\\Reports\\20200103_170552\\NJS_Chandu\\20200103_170552\\1578051662866.png, C:\\Users\\chandu.t\\Katalon Studio\\NJS_Chandu\\Reports\\20200103_170552\\NJS_Chandu\\20200103_170552\\1578051674089.png, C:\\Users\\chandu.t\\Katalon Studio\\NJS_Chandu\\Reports\\20200103_170552\\NJS_Chandu\\20200103_170552\\1578051686992.png"/>
         <property name="hostName" value="chandu.t - wlpt518.imidomain.com"/>
         <property name="os" value="Windows 10 64bit"/>
         <property name="katalonVersion" value="7.1.2.1"/>
         <property name="browser" value="Chrome 77.0.3865.75"/>
         <property name="hostAddress" value="10.0.26.179"/>
         <property name="sessionId" value="246ab2abc4fdd76dd6f806a9c166748e"/>
         <property name="seleniumVersion" value="3.141.59"/>
         <property name="proxyInformation" value="ProxyInformation{proxyOption=NO_PROXY, proxyServerType=HTTP, password=, proxyServerAddress=, proxyServerPort=0, executionList=}"/>
         <property name="platform" value="Windows 10"/>
      </properties>
      <testcase name="Test Cases/deleteandupload3" time="131.006" classname="Test Cases/deleteandupload3" status="PASSED">
         <system-out><![CDATA[2020-01-03 17:06:00 - [TEST_CASE][PASSED] - Test Cases/deleteandupload3: Test Cases/deleteandupload3

2020-01-03 17:06:01 - [TEST_STEP][PASSED] - openBrowser(findTestData("LoginDetailsNJS").getValue(1, 3)): Browser is opened with url: 'https://www.naukri.com/'

2020-01-03 17:06:04 - [MESSAGE][INFO] - Starting 'Chrome' driver

2020-01-03 17:06:05 - [MESSAGE][INFO] - User set preference: ['args', '[--incognito]']

2020-01-03 17:06:05 - [MESSAGE][INFO] - Action delay is set to 0 seconds

2020-01-03 17:06:18 - [MESSAGE][PASSED] - Browser is opened with url: 'https://www.naukri.com/'

2020-01-03 17:06:18 - [TEST_STEP][PASSED] - closeWindowIndex(1): Window with index 1 is closed

2020-01-03 17:06:23 - [MESSAGE][PASSED] - Window with index 1 is closed

2020-01-03 17:06:23 - [TEST_STEP][PASSED] - closeWindowIndex(1): Window with index 1 is closed

2020-01-03 17:06:27 - [MESSAGE][PASSED] - Window with index 1 is closed

2020-01-03 17:06:27 - [TEST_STEP][PASSED] - switchToWindowIndex(0): Switched to window with index: '0'

2020-01-03 17:06:27 - [MESSAGE][PASSED] - Switched to window with index: '0'

2020-01-03 17:06:27 - [TEST_STEP][PASSED] - maximizeWindow(): Current window maximized

2020-01-03 17:06:31 - [MESSAGE][PASSED] - Current window maximized

2020-01-03 17:06:31 - [TEST_STEP][PASSED] - click(findTestObject("LoginButton")): Object: 'Object Repository/LoginButton' is clicked on

2020-01-03 17:06:32 - [MESSAGE][PASSED] - Object: 'Object Repository/LoginButton' is clicked on

2020-01-03 17:06:32 - [TEST_STEP][PASSED] - click(findTestObject("GoogleButton")): Object: 'Object Repository/GoogleButton' is clicked on

2020-01-03 17:06:33 - [MESSAGE][PASSED] - Object: 'Object Repository/GoogleButton' is clicked on

2020-01-03 17:06:33 - [TEST_STEP][PASSED] - switchToWindowIndex(1): Switched to window with index: '1'

2020-01-03 17:06:37 - [MESSAGE][PASSED] - Switched to window with index: '1'

2020-01-03 17:06:37 - [TEST_STEP][PASSED] - setText(findTestObject("UserName"), findTestData("LoginDetailsNJS").getValue(2, 3)): Text 'chandut1024@gmail.com' is set on object 'Object Repository/UserName'

2020-01-03 17:06:39 - [MESSAGE][PASSED] - Text 'chandut1024@gmail.com' is set on object 'Object Repository/UserName'

2020-01-03 17:06:39 - [TEST_STEP][PASSED] - click(findTestObject("NextButton")): Object: 'Object Repository/NextButton' is clicked on

2020-01-03 17:06:40 - [MESSAGE][PASSED] - Object: 'Object Repository/NextButton' is clicked on

2020-01-03 17:06:40 - [TEST_STEP][PASSED] - delay(5): Delayed 5 second(s)

2020-01-03 17:06:45 - [MESSAGE][PASSED] - Delayed 5 second(s)

2020-01-03 17:06:45 - [TEST_STEP][PASSED] - setText(findTestObject("Password"), findTestData("LoginDetailsNJS").getValue(3, 3)): Text 'achala$123' is set on object 'Object Repository/Password'

2020-01-03 17:06:46 - [MESSAGE][PASSED] - Text 'achala$123' is set on object 'Object Repository/Password'

2020-01-03 17:06:46 - [TEST_STEP][PASSED] - click(findTestObject("NextButton")): Object: 'Object Repository/NextButton' is clicked on

2020-01-03 17:06:46 - [MESSAGE][PASSED] - Object: 'Object Repository/NextButton' is clicked on

2020-01-03 17:06:46 - [TEST_STEP][PASSED] - switchToWindowIndex(0): Switched to window with index: '0'

2020-01-03 17:06:46 - [MESSAGE][PASSED] - Switched to window with index: '0'

2020-01-03 17:06:46 - [TEST_STEP][PASSED] - delay(10): Delayed 10 second(s)

2020-01-03 17:06:56 - [MESSAGE][PASSED] - Delayed 10 second(s)

2020-01-03 17:06:56 - [TEST_STEP][PASSED] - click(findTestObject("ProfileName")): Object: 'Object Repository/ProfileName' is clicked on

2020-01-03 17:07:27 - [MESSAGE][PASSED] - Object: 'Object Repository/ProfileName' is clicked on

2020-01-03 17:07:27 - [TEST_STEP][PASSED] - click(findTestObject("DeleteResumeButton")): Object: 'Object Repository/DeleteResumeButton' is clicked on

2020-01-03 17:07:28 - [MESSAGE][PASSED] - Object: 'Object Repository/DeleteResumeButton' is clicked on

2020-01-03 17:07:28 - [TEST_STEP][PASSED] - click(findTestObject("DeleteResumeConfirm")): Object: 'Object Repository/DeleteResumeConfirm' is clicked on

2020-01-03 17:07:28 - [MESSAGE][PASSED] - Object: 'Object Repository/DeleteResumeConfirm' is clicked on

2020-01-03 17:07:28 - [TEST_STEP][PASSED] - delay(15): Delayed 15 second(s)

2020-01-03 17:07:43 - [MESSAGE][PASSED] - Delayed 15 second(s)

2020-01-03 17:07:43 - [TEST_STEP][PASSED] - takeScreenshot(): Taking screenshot successfully

2020-01-03 17:07:44 - [MESSAGE][PASSED] - Taking screenshot successfully
[[ATTACHMENT|C:\\Users\\chandu.t\\Katalon Studio\\NJS_Chandu\\Reports\\20200103_170552\\NJS_Chandu\\20200103_170552\\1578051464054.png]]

2020-01-03 17:07:44 - [TEST_STEP][PASSED] - uploadFile(findTestObject("UploadResumeButton"), findTestData("LoginDetailsNJS").getValue(5, 3)): File 'D:\chanduR\Resume33.docx' sent to object: 'Object Repository/UploadResumeButton'

2020-01-03 17:07:45 - [MESSAGE][PASSED] - File 'D:\chanduR\Resume33.docx' sent to object: 'Object Repository/UploadResumeButton'

2020-01-03 17:07:45 - [TEST_STEP][PASSED] - delay(10): Delayed 10 second(s)

2020-01-03 17:07:55 - [MESSAGE][PASSED] - Delayed 10 second(s)

2020-01-03 17:07:55 - [TEST_STEP][NOT_RUN] - click(findTestObject("EditResumeHeadline")): NOT_RUN: click(findTestObject("EditResumeHeadline"))

2020-01-03 17:07:55 - [MESSAGE][NOT_RUN] - NOT_RUN: click(findTestObject("EditResumeHeadline"))

2020-01-03 17:07:55 - [TEST_STEP][NOT_RUN] - setText(findTestObject("ResumeHeadLineText"), "."): NOT_RUN: setText(findTestObject("ResumeHeadLineText"), ".")

2020-01-03 17:07:55 - [MESSAGE][NOT_RUN] - NOT_RUN: setText(findTestObject("ResumeHeadLineText"), ".")

2020-01-03 17:07:55 - [TEST_STEP][NOT_RUN] - click(findTestObject("SaveResumeHeadLineButton")): NOT_RUN: click(findTestObject("SaveResumeHeadLineButton"))

2020-01-03 17:07:55 - [MESSAGE][NOT_RUN] - NOT_RUN: click(findTestObject("SaveResumeHeadLineButton"))

2020-01-03 17:07:55 - [TEST_STEP][PASSED] - takeScreenshot(): Taking screenshot successfully

2020-01-03 17:07:56 - [MESSAGE][PASSED] - Taking screenshot successfully
[[ATTACHMENT|C:\\Users\\chandu.t\\Katalon Studio\\NJS_Chandu\\Reports\\20200103_170552\\NJS_Chandu\\20200103_170552\\1578051475629.png]]

2020-01-03 17:07:56 - [TEST_STEP][PASSED] - refresh(): Refresh successfully

2020-01-03 17:07:59 - [MESSAGE][PASSED] - Refresh successfully

2020-01-03 17:07:59 - [TEST_STEP][PASSED] - delay(10): Delayed 10 second(s)

2020-01-03 17:08:09 - [MESSAGE][PASSED] - Delayed 10 second(s)

2020-01-03 17:08:09 - [TEST_STEP][PASSED] - takeScreenshot(): Taking screenshot successfully

2020-01-03 17:08:10 - [MESSAGE][PASSED] - Taking screenshot successfully
[[ATTACHMENT|C:\\Users\\chandu.t\\Katalon Studio\\NJS_Chandu\\Reports\\20200103_170552\\NJS_Chandu\\20200103_170552\\1578051489890.png]]

2020-01-03 17:08:10 - [TEST_STEP][PASSED] - closeBrowser(): Browser is closed

2020-01-03 17:08:11 - [MESSAGE][PASSED] - Browser is closed]]></system-out>
         <system-err><![CDATA[]]></system-err>
      </testcase>
      <testcase name="Test Cases/deleteandupload2" time="101.453" classname="Test Cases/deleteandupload2" status="PASSED">
         <system-out><![CDATA[2020-01-03 17:08:11 - [TEST_CASE][PASSED] - Test Cases/deleteandupload2: Test Cases/deleteandupload2

2020-01-03 17:08:12 - [TEST_STEP][PASSED] - openBrowser(findTestData("LoginDetailsNJS").getValue(1, 2)): Browser is opened with url: 'https://www.naukri.com/'

2020-01-03 17:08:12 - [MESSAGE][INFO] - Starting 'Chrome' driver

2020-01-03 17:08:12 - [MESSAGE][INFO] - User set preference: ['args', '[--incognito]']

2020-01-03 17:08:26 - [MESSAGE][PASSED] - Browser is opened with url: 'https://www.naukri.com/'

2020-01-03 17:08:26 - [TEST_STEP][PASSED] - closeWindowIndex(1): Window with index 1 is closed

2020-01-03 17:08:30 - [MESSAGE][PASSED] - Window with index 1 is closed

2020-01-03 17:08:30 - [TEST_STEP][PASSED] - closeWindowIndex(1): Window with index 1 is closed

2020-01-03 17:08:35 - [MESSAGE][PASSED] - Window with index 1 is closed

2020-01-03 17:08:35 - [TEST_STEP][PASSED] - switchToWindowIndex(0): Switched to window with index: '0'

2020-01-03 17:08:35 - [MESSAGE][PASSED] - Switched to window with index: '0'

2020-01-03 17:08:35 - [TEST_STEP][PASSED] - maximizeWindow(): Current window maximized

2020-01-03 17:08:39 - [MESSAGE][PASSED] - Current window maximized

2020-01-03 17:08:39 - [TEST_STEP][PASSED] - click(findTestObject("LoginButton")): Object: 'Object Repository/LoginButton' is clicked on

2020-01-03 17:08:39 - [MESSAGE][PASSED] - Object: 'Object Repository/LoginButton' is clicked on

2020-01-03 17:08:39 - [TEST_STEP][PASSED] - click(findTestObject("GoogleButton")): Object: 'Object Repository/GoogleButton' is clicked on

2020-01-03 17:08:40 - [MESSAGE][PASSED] - Object: 'Object Repository/GoogleButton' is clicked on

2020-01-03 17:08:40 - [TEST_STEP][PASSED] - switchToWindowIndex(1): Switched to window with index: '1'

2020-01-03 17:08:45 - [MESSAGE][PASSED] - Switched to window with index: '1'

2020-01-03 17:08:45 - [TEST_STEP][PASSED] - setText(findTestObject("UserName"), findTestData("LoginDetailsNJS").getValue(2, 2)): Text 'chanduthota371@gmail.com' is set on object 'Object Repository/UserName'

2020-01-03 17:08:47 - [MESSAGE][PASSED] - Text 'chanduthota371@gmail.com' is set on object 'Object Repository/UserName'

2020-01-03 17:08:47 - [TEST_STEP][PASSED] - click(findTestObject("NextButton")): Object: 'Object Repository/NextButton' is clicked on

2020-01-03 17:08:48 - [MESSAGE][PASSED] - Object: 'Object Repository/NextButton' is clicked on

2020-01-03 17:08:48 - [TEST_STEP][PASSED] - delay(5): Delayed 5 second(s)

2020-01-03 17:08:53 - [MESSAGE][PASSED] - Delayed 5 second(s)

2020-01-03 17:08:53 - [TEST_STEP][PASSED] - setText(findTestObject("Password"), findTestData("LoginDetailsNJS").getValue(3, 2)): Text 'achala$123' is set on object 'Object Repository/Password'

2020-01-03 17:08:54 - [MESSAGE][PASSED] - Text 'achala$123' is set on object 'Object Repository/Password'

2020-01-03 17:08:54 - [TEST_STEP][PASSED] - click(findTestObject("NextButton")): Object: 'Object Repository/NextButton' is clicked on

2020-01-03 17:08:54 - [MESSAGE][PASSED] - Object: 'Object Repository/NextButton' is clicked on

2020-01-03 17:08:54 - [TEST_STEP][PASSED] - switchToWindowIndex(0): Switched to window with index: '0'

2020-01-03 17:08:55 - [MESSAGE][PASSED] - Switched to window with index: '0'

2020-01-03 17:08:55 - [TEST_STEP][PASSED] - delay(10): Delayed 10 second(s)

2020-01-03 17:09:05 - [MESSAGE][PASSED] - Delayed 10 second(s)

2020-01-03 17:09:05 - [TEST_STEP][PASSED] - click(findTestObject("ProfileName")): Object: 'Object Repository/ProfileName' is clicked on

2020-01-03 17:09:09 - [MESSAGE][PASSED] - Object: 'Object Repository/ProfileName' is clicked on

2020-01-03 17:09:09 - [TEST_STEP][PASSED] - click(findTestObject("DeleteResumeButton")): Object: 'Object Repository/DeleteResumeButton' is clicked on

2020-01-03 17:09:10 - [MESSAGE][PASSED] - Object: 'Object Repository/DeleteResumeButton' is clicked on

2020-01-03 17:09:10 - [TEST_STEP][PASSED] - click(findTestObject("DeleteResumeConfirm")): Object: 'Object Repository/DeleteResumeConfirm' is clicked on

2020-01-03 17:09:10 - [MESSAGE][PASSED] - Object: 'Object Repository/DeleteResumeConfirm' is clicked on

2020-01-03 17:09:10 - [TEST_STEP][PASSED] - delay(15): Delayed 15 second(s)

2020-01-03 17:09:25 - [MESSAGE][PASSED] - Delayed 15 second(s)

2020-01-03 17:09:25 - [TEST_STEP][PASSED] - takeScreenshot(): Taking screenshot successfully

2020-01-03 17:09:26 - [MESSAGE][PASSED] - Taking screenshot successfully
[[ATTACHMENT|C:\\Users\\chandu.t\\Katalon Studio\\NJS_Chandu\\Reports\\20200103_170552\\NJS_Chandu\\20200103_170552\\1578051565930.png]]

2020-01-03 17:09:26 - [TEST_STEP][PASSED] - uploadFile(findTestObject("UploadResumeButton"), findTestData("LoginDetailsNJS").getValue(5, 2)): File 'D:\chanduR\Resume22.docx' sent to object: 'Object Repository/UploadResumeButton'

2020-01-03 17:09:27 - [MESSAGE][PASSED] - File 'D:\chanduR\Resume22.docx' sent to object: 'Object Repository/UploadResumeButton'

2020-01-03 17:09:27 - [TEST_STEP][PASSED] - delay(10): Delayed 10 second(s)

2020-01-03 17:09:37 - [MESSAGE][PASSED] - Delayed 10 second(s)

2020-01-03 17:09:37 - [TEST_STEP][NOT_RUN] - click(findTestObject("EditResumeHeadline")): NOT_RUN: click(findTestObject("EditResumeHeadline"))

2020-01-03 17:09:37 - [MESSAGE][NOT_RUN] - NOT_RUN: click(findTestObject("EditResumeHeadline"))

2020-01-03 17:09:37 - [TEST_STEP][NOT_RUN] - setText(findTestObject("ResumeHeadLineText"), "."): NOT_RUN: setText(findTestObject("ResumeHeadLineText"), ".")

2020-01-03 17:09:37 - [MESSAGE][NOT_RUN] - NOT_RUN: setText(findTestObject("ResumeHeadLineText"), ".")

2020-01-03 17:09:37 - [TEST_STEP][NOT_RUN] - click(findTestObject("SaveResumeHeadLineButton")): NOT_RUN: click(findTestObject("SaveResumeHeadLineButton"))

2020-01-03 17:09:37 - [MESSAGE][NOT_RUN] - NOT_RUN: click(findTestObject("SaveResumeHeadLineButton"))

2020-01-03 17:09:37 - [TEST_STEP][PASSED] - takeScreenshot(): Taking screenshot successfully

2020-01-03 17:09:38 - [MESSAGE][PASSED] - Taking screenshot successfully
[[ATTACHMENT|C:\\Users\\chandu.t\\Katalon Studio\\NJS_Chandu\\Reports\\20200103_170552\\NJS_Chandu\\20200103_170552\\1578051577410.png]]

2020-01-03 17:09:38 - [TEST_STEP][PASSED] - refresh(): Refresh successfully

2020-01-03 17:09:40 - [MESSAGE][PASSED] - Refresh successfully

2020-01-03 17:09:40 - [TEST_STEP][PASSED] - delay(10): Delayed 10 second(s)

2020-01-03 17:09:50 - [MESSAGE][PASSED] - Delayed 10 second(s)

2020-01-03 17:09:50 - [TEST_STEP][PASSED] - takeScreenshot(): Taking screenshot successfully

2020-01-03 17:09:51 - [MESSAGE][PASSED] - Taking screenshot successfully
[[ATTACHMENT|C:\\Users\\chandu.t\\Katalon Studio\\NJS_Chandu\\Reports\\20200103_170552\\NJS_Chandu\\20200103_170552\\1578051590998.png]]

2020-01-03 17:09:51 - [TEST_STEP][PASSED] - closeBrowser(): Browser is closed

2020-01-03 17:09:52 - [MESSAGE][PASSED] - Browser is closed]]></system-out>
         <system-err><![CDATA[]]></system-err>
      </testcase>
      <testcase name="Test Cases/deleteandupload1" time="95.893" classname="Test Cases/deleteandupload1" status="PASSED">
         <system-out><![CDATA[2020-01-03 17:09:52 - [TEST_CASE][PASSED] - Test Cases/deleteandupload1: Test Cases/deleteandupload1

2020-01-03 17:09:53 - [TEST_STEP][PASSED] - openBrowser(findTestData("LoginDetailsNJS").getValue(1, 1)): Browser is opened with url: 'https://www.naukri.com/'

2020-01-03 17:09:53 - [MESSAGE][INFO] - Starting 'Chrome' driver

2020-01-03 17:09:53 - [MESSAGE][INFO] - User set preference: ['args', '[--incognito]']

2020-01-03 17:10:07 - [MESSAGE][PASSED] - Browser is opened with url: 'https://www.naukri.com/'

2020-01-03 17:10:07 - [TEST_STEP][PASSED] - closeWindowIndex(1): Window with index 1 is closed

2020-01-03 17:10:11 - [MESSAGE][PASSED] - Window with index 1 is closed

2020-01-03 17:10:11 - [TEST_STEP][PASSED] - closeWindowIndex(1): Window with index 1 is closed

2020-01-03 17:10:15 - [MESSAGE][PASSED] - Window with index 1 is closed

2020-01-03 17:10:15 - [TEST_STEP][PASSED] - switchToWindowIndex(0): Switched to window with index: '0'

2020-01-03 17:10:15 - [MESSAGE][PASSED] - Switched to window with index: '0'

2020-01-03 17:10:15 - [TEST_STEP][PASSED] - maximizeWindow(): Current window maximized

2020-01-03 17:10:19 - [MESSAGE][PASSED] - Current window maximized

2020-01-03 17:10:19 - [TEST_STEP][PASSED] - click(findTestObject("LoginButton")): Object: 'Object Repository/LoginButton' is clicked on

2020-01-03 17:10:20 - [MESSAGE][PASSED] - Object: 'Object Repository/LoginButton' is clicked on

2020-01-03 17:10:20 - [TEST_STEP][PASSED] - click(findTestObject("GoogleButton")): Object: 'Object Repository/GoogleButton' is clicked on

2020-01-03 17:10:22 - [MESSAGE][PASSED] - Object: 'Object Repository/GoogleButton' is clicked on

2020-01-03 17:10:22 - [TEST_STEP][PASSED] - switchToWindowIndex(1): Switched to window with index: '1'

2020-01-03 17:10:26 - [MESSAGE][PASSED] - Switched to window with index: '1'

2020-01-03 17:10:26 - [TEST_STEP][PASSED] - setText(findTestObject("UserName"), findTestData("LoginDetailsNJS").getValue(2, 1)): Text 'thota.chandu1@gmail.com' is set on object 'Object Repository/UserName'

2020-01-03 17:10:28 - [MESSAGE][PASSED] - Text 'thota.chandu1@gmail.com' is set on object 'Object Repository/UserName'

2020-01-03 17:10:28 - [TEST_STEP][PASSED] - click(findTestObject("NextButton")): Object: 'Object Repository/NextButton' is clicked on

2020-01-03 17:10:28 - [MESSAGE][PASSED] - Object: 'Object Repository/NextButton' is clicked on

2020-01-03 17:10:28 - [TEST_STEP][PASSED] - delay(5): Delayed 5 second(s)

2020-01-03 17:10:33 - [MESSAGE][PASSED] - Delayed 5 second(s)

2020-01-03 17:10:33 - [TEST_STEP][PASSED] - setText(findTestObject("Password"), findTestData("LoginDetailsNJS").getValue(3, 1)): Text 'achala$123' is set on object 'Object Repository/Password'

2020-01-03 17:10:34 - [MESSAGE][PASSED] - Text 'achala$123' is set on object 'Object Repository/Password'

2020-01-03 17:10:34 - [TEST_STEP][PASSED] - click(findTestObject("NextButton")): Object: 'Object Repository/NextButton' is clicked on

2020-01-03 17:10:34 - [MESSAGE][PASSED] - Object: 'Object Repository/NextButton' is clicked on

2020-01-03 17:10:34 - [TEST_STEP][PASSED] - switchToWindowIndex(0): Switched to window with index: '0'

2020-01-03 17:10:34 - [MESSAGE][PASSED] - Switched to window with index: '0'

2020-01-03 17:10:34 - [TEST_STEP][PASSED] - delay(10): Delayed 10 second(s)

2020-01-03 17:10:44 - [MESSAGE][PASSED] - Delayed 10 second(s)

2020-01-03 17:10:44 - [TEST_STEP][PASSED] - click(findTestObject("ProfileName")): Object: 'Object Repository/ProfileName' is clicked on

2020-01-03 17:10:45 - [MESSAGE][PASSED] - Object: 'Object Repository/ProfileName' is clicked on

2020-01-03 17:10:45 - [TEST_STEP][PASSED] - click(findTestObject("DeleteResumeButton")): Object: 'Object Repository/DeleteResumeButton' is clicked on

2020-01-03 17:10:47 - [MESSAGE][PASSED] - Object: 'Object Repository/DeleteResumeButton' is clicked on

2020-01-03 17:10:47 - [TEST_STEP][PASSED] - click(findTestObject("DeleteResumeConfirm")): Object: 'Object Repository/DeleteResumeConfirm' is clicked on

2020-01-03 17:10:47 - [MESSAGE][PASSED] - Object: 'Object Repository/DeleteResumeConfirm' is clicked on

2020-01-03 17:10:47 - [TEST_STEP][PASSED] - delay(15): Delayed 15 second(s)

2020-01-03 17:11:02 - [MESSAGE][PASSED] - Delayed 15 second(s)

2020-01-03 17:11:02 - [TEST_STEP][PASSED] - takeScreenshot(): Taking screenshot successfully

2020-01-03 17:11:03 - [MESSAGE][PASSED] - Taking screenshot successfully
[[ATTACHMENT|C:\\Users\\chandu.t\\Katalon Studio\\NJS_Chandu\\Reports\\20200103_170552\\NJS_Chandu\\20200103_170552\\1578051662866.png]]

2020-01-03 17:11:03 - [TEST_STEP][PASSED] - uploadFile(findTestObject("UploadResumeButton"), findTestData("LoginDetailsNJS").getValue(5, 1)): File 'D:\chanduR\Resume11.docx' sent to object: 'Object Repository/UploadResumeButton'

2020-01-03 17:11:04 - [MESSAGE][PASSED] - File 'D:\chanduR\Resume11.docx' sent to object: 'Object Repository/UploadResumeButton'

2020-01-03 17:11:04 - [TEST_STEP][PASSED] - delay(10): Delayed 10 second(s)

2020-01-03 17:11:14 - [MESSAGE][PASSED] - Delayed 10 second(s)

2020-01-03 17:11:14 - [TEST_STEP][NOT_RUN] - click(findTestObject("EditResumeHeadline")): NOT_RUN: click(findTestObject("EditResumeHeadline"))

2020-01-03 17:11:14 - [MESSAGE][NOT_RUN] - NOT_RUN: click(findTestObject("EditResumeHeadline"))

2020-01-03 17:11:14 - [TEST_STEP][NOT_RUN] - setText(findTestObject("ResumeHeadLineText"), "."): NOT_RUN: setText(findTestObject("ResumeHeadLineText"), ".")

2020-01-03 17:11:14 - [MESSAGE][NOT_RUN] - NOT_RUN: setText(findTestObject("ResumeHeadLineText"), ".")

2020-01-03 17:11:14 - [TEST_STEP][NOT_RUN] - click(findTestObject("SaveResumeHeadLineButton")): NOT_RUN: click(findTestObject("SaveResumeHeadLineButton"))

2020-01-03 17:11:14 - [MESSAGE][NOT_RUN] - NOT_RUN: click(findTestObject("SaveResumeHeadLineButton"))

2020-01-03 17:11:14 - [TEST_STEP][PASSED] - takeScreenshot(): Taking screenshot successfully

2020-01-03 17:11:14 - [MESSAGE][PASSED] - Taking screenshot successfully
[[ATTACHMENT|C:\\Users\\chandu.t\\Katalon Studio\\NJS_Chandu\\Reports\\20200103_170552\\NJS_Chandu\\20200103_170552\\1578051674089.png]]

2020-01-03 17:11:14 - [TEST_STEP][PASSED] - refresh(): Refresh successfully

2020-01-03 17:11:16 - [MESSAGE][PASSED] - Refresh successfully

2020-01-03 17:11:16 - [TEST_STEP][PASSED] - delay(10): Delayed 10 second(s)

2020-01-03 17:11:26 - [MESSAGE][PASSED] - Delayed 10 second(s)

2020-01-03 17:11:26 - [TEST_STEP][PASSED] - takeScreenshot(): Taking screenshot successfully

2020-01-03 17:11:27 - [MESSAGE][PASSED] - Taking screenshot successfully
[[ATTACHMENT|C:\\Users\\chandu.t\\Katalon Studio\\NJS_Chandu\\Reports\\20200103_170552\\NJS_Chandu\\20200103_170552\\1578051686992.png]]

2020-01-03 17:11:27 - [TEST_STEP][PASSED] - closeBrowser(): Browser is closed

2020-01-03 17:11:28 - [MESSAGE][PASSED] - Browser is closed]]></system-out>
         <system-err><![CDATA[]]></system-err>
      </testcase>
      <system-out><![CDATA[2020-01-03 17:05:59 - [TEST_SUITE][PASSED] - NJS_Chandu: Test Cases/deleteandupload1]]></system-out>
      <system-err><![CDATA[]]></system-err>
   </testsuite>
</testsuites>
