<?xml version="1.0" encoding="UTF-8"?>
<testsuites name="NJS_Chandu" time="247.834" tests="3" failures="0" errors="0">
   <testsuite name="NJS_Chandu" tests="3" failures="0" errors="0" time="247.834" timestamp="2019-12-31 07:21:14" hostname="chandu.t - wlpt518.imidomain.com" id="Test Suites/NJS_Chandu">
      <properties>
         <property name="deviceName" value=""/>
         <property name="devicePlatform" value=""/>
         <property name="logFolder" value="C:\\Users\\chandu.t\\Katalon Studio\\NJS_Chandu\\Reports\\20191231_072110\\NJS_Chandu\\20191231_072110"/>
         <property name="logFiles" value="C:\\Users\\chandu.t\\Katalon Studio\\NJS_Chandu\\Reports\\20191231_072110\\NJS_Chandu\\20191231_072110\\execution0.log"/>
         <property name="attachments" value="C:\\Users\\chandu.t\\Katalon Studio\\NJS_Chandu\\Reports\\20191231_072110\\NJS_Chandu\\20191231_072110\\1577757137586.png, C:\\Users\\chandu.t\\Katalon Studio\\NJS_Chandu\\Reports\\20191231_072110\\NJS_Chandu\\20191231_072110\\1577757148820.png, C:\\Users\\chandu.t\\Katalon Studio\\NJS_Chandu\\Reports\\20191231_072110\\NJS_Chandu\\20191231_072110\\1577757160701.png, C:\\Users\\chandu.t\\Katalon Studio\\NJS_Chandu\\Reports\\20191231_072110\\NJS_Chandu\\20191231_072110\\1577757218679.png, C:\\Users\\chandu.t\\Katalon Studio\\NJS_Chandu\\Reports\\20191231_072110\\NJS_Chandu\\20191231_072110\\1577757229432.png, C:\\Users\\chandu.t\\Katalon Studio\\NJS_Chandu\\Reports\\20191231_072110\\NJS_Chandu\\20191231_072110\\1577757241902.png, C:\\Users\\chandu.t\\Katalon Studio\\NJS_Chandu\\Reports\\20191231_072110\\NJS_Chandu\\20191231_072110\\1577757300299.png, C:\\Users\\chandu.t\\Katalon Studio\\NJS_Chandu\\Reports\\20191231_072110\\NJS_Chandu\\20191231_072110\\1577757310944.png, C:\\Users\\chandu.t\\Katalon Studio\\NJS_Chandu\\Reports\\20191231_072110\\NJS_Chandu\\20191231_072110\\1577757321396.png"/>
         <property name="hostName" value="chandu.t - wlpt518.imidomain.com"/>
         <property name="os" value="Windows 10 64bit"/>
         <property name="katalonVersion" value="7.1.2.1"/>
         <property name="browser" value="Chrome 77.0.3865.75"/>
         <property name="hostAddress" value="10.0.0.7"/>
         <property name="sessionId" value="d63491d508fcb6d14a85302415b8fbc5"/>
         <property name="seleniumVersion" value="3.141.59"/>
         <property name="proxyInformation" value="ProxyInformation{proxyOption=NO_PROXY, proxyServerType=HTTP, password=, proxyServerAddress=, proxyServerPort=0, executionList=}"/>
         <property name="platform" value="Windows 10"/>
      </properties>
      <testcase name="Test Cases/deleteandupload3" time="86.592" classname="Test Cases/deleteandupload3" status="PASSED">
         <system-out><![CDATA[2019-12-31 07:21:15 - [TEST_CASE][PASSED] - Test Cases/deleteandupload3: Test Cases/deleteandupload3

2019-12-31 07:21:16 - [TEST_STEP][PASSED] - openBrowser(findTestData("LoginDetailsNJS").getValue(1, 3)): Browser is opened with url: 'https://www.naukri.com/'

2019-12-31 07:21:18 - [MESSAGE][INFO] - Starting 'Chrome' driver

2019-12-31 07:21:18 - [MESSAGE][INFO] - User set preference: ['args', '[--incognito]']

2019-12-31 07:21:18 - [MESSAGE][INFO] - Action delay is set to 0 seconds

2019-12-31 07:21:29 - [MESSAGE][PASSED] - Browser is opened with url: 'https://www.naukri.com/'

2019-12-31 07:21:29 - [TEST_STEP][PASSED] - closeWindowIndex(1): Window with index 1 is closed

2019-12-31 07:21:33 - [MESSAGE][PASSED] - Window with index 1 is closed

2019-12-31 07:21:33 - [TEST_STEP][NOT_RUN] - closeWindowIndex(1): NOT_RUN: closeWindowIndex(1)

2019-12-31 07:21:33 - [MESSAGE][NOT_RUN] - NOT_RUN: closeWindowIndex(1)

2019-12-31 07:21:33 - [TEST_STEP][PASSED] - switchToWindowIndex(0): Switched to window with index: '0'

2019-12-31 07:21:34 - [MESSAGE][PASSED] - Switched to window with index: '0'

2019-12-31 07:21:34 - [TEST_STEP][PASSED] - maximizeWindow(): Current window maximized

2019-12-31 07:21:38 - [MESSAGE][PASSED] - Current window maximized

2019-12-31 07:21:38 - [TEST_STEP][PASSED] - click(findTestObject("LoginButton")): Object: 'Object Repository/LoginButton' is clicked on

2019-12-31 07:21:38 - [MESSAGE][PASSED] - Object: 'Object Repository/LoginButton' is clicked on

2019-12-31 07:21:38 - [TEST_STEP][PASSED] - click(findTestObject("GoogleButton")): Object: 'Object Repository/GoogleButton' is clicked on

2019-12-31 07:21:39 - [MESSAGE][PASSED] - Object: 'Object Repository/GoogleButton' is clicked on

2019-12-31 07:21:39 - [TEST_STEP][PASSED] - switchToWindowIndex(1): Switched to window with index: '1'

2019-12-31 07:21:43 - [MESSAGE][PASSED] - Switched to window with index: '1'

2019-12-31 07:21:43 - [TEST_STEP][PASSED] - setText(findTestObject("UserName"), findTestData("LoginDetailsNJS").getValue(2, 3)): Text 'chandut1024@gmail.com' is set on object 'Object Repository/UserName'

2019-12-31 07:21:44 - [MESSAGE][PASSED] - Text 'chandut1024@gmail.com' is set on object 'Object Repository/UserName'

2019-12-31 07:21:44 - [TEST_STEP][PASSED] - click(findTestObject("NextButton")): Object: 'Object Repository/NextButton' is clicked on

2019-12-31 07:21:45 - [MESSAGE][PASSED] - Object: 'Object Repository/NextButton' is clicked on

2019-12-31 07:21:45 - [TEST_STEP][PASSED] - delay(5): Delayed 5 second(s)

2019-12-31 07:21:50 - [MESSAGE][PASSED] - Delayed 5 second(s)

2019-12-31 07:21:50 - [TEST_STEP][PASSED] - setText(findTestObject("Password"), findTestData("LoginDetailsNJS").getValue(3, 3)): Text 'achala$123' is set on object 'Object Repository/Password'

2019-12-31 07:21:50 - [MESSAGE][PASSED] - Text 'achala$123' is set on object 'Object Repository/Password'

2019-12-31 07:21:50 - [TEST_STEP][PASSED] - click(findTestObject("NextButton")): Object: 'Object Repository/NextButton' is clicked on

2019-12-31 07:21:50 - [MESSAGE][PASSED] - Object: 'Object Repository/NextButton' is clicked on

2019-12-31 07:21:50 - [TEST_STEP][PASSED] - switchToWindowIndex(0): Switched to window with index: '0'

2019-12-31 07:21:51 - [MESSAGE][PASSED] - Switched to window with index: '0'

2019-12-31 07:21:51 - [TEST_STEP][PASSED] - delay(10): Delayed 10 second(s)

2019-12-31 07:22:01 - [MESSAGE][PASSED] - Delayed 10 second(s)

2019-12-31 07:22:01 - [TEST_STEP][PASSED] - click(findTestObject("ProfileName")): Object: 'Object Repository/ProfileName' is clicked on

2019-12-31 07:22:01 - [MESSAGE][PASSED] - Object: 'Object Repository/ProfileName' is clicked on

2019-12-31 07:22:01 - [TEST_STEP][PASSED] - click(findTestObject("DeleteResumeButton")): Object: 'Object Repository/DeleteResumeButton' is clicked on

2019-12-31 07:22:02 - [MESSAGE][PASSED] - Object: 'Object Repository/DeleteResumeButton' is clicked on

2019-12-31 07:22:02 - [TEST_STEP][PASSED] - click(findTestObject("DeleteResumeConfirm")): Object: 'Object Repository/DeleteResumeConfirm' is clicked on

2019-12-31 07:22:02 - [MESSAGE][PASSED] - Object: 'Object Repository/DeleteResumeConfirm' is clicked on

2019-12-31 07:22:02 - [TEST_STEP][PASSED] - delay(15): Delayed 15 second(s)

2019-12-31 07:22:17 - [MESSAGE][PASSED] - Delayed 15 second(s)

2019-12-31 07:22:17 - [TEST_STEP][PASSED] - takeScreenshot(): Taking screenshot successfully

2019-12-31 07:22:18 - [MESSAGE][PASSED] - Taking screenshot successfully
[[ATTACHMENT|C:\\Users\\chandu.t\\Katalon Studio\\NJS_Chandu\\Reports\\20191231_072110\\NJS_Chandu\\20191231_072110\\1577757137586.png]]

2019-12-31 07:22:18 - [TEST_STEP][PASSED] - uploadFile(findTestObject("UploadResumeButton"), findTestData("LoginDetailsNJS").getValue(5, 3)): File 'D:\chanduR\Resume3.docx' sent to object: 'Object Repository/UploadResumeButton'

2019-12-31 07:22:18 - [MESSAGE][PASSED] - File 'D:\chanduR\Resume3.docx' sent to object: 'Object Repository/UploadResumeButton'

2019-12-31 07:22:18 - [TEST_STEP][PASSED] - delay(10): Delayed 10 second(s)

2019-12-31 07:22:28 - [MESSAGE][PASSED] - Delayed 10 second(s)

2019-12-31 07:22:28 - [TEST_STEP][NOT_RUN] - click(findTestObject("EditResumeHeadline")): NOT_RUN: click(findTestObject("EditResumeHeadline"))

2019-12-31 07:22:28 - [MESSAGE][NOT_RUN] - NOT_RUN: click(findTestObject("EditResumeHeadline"))

2019-12-31 07:22:28 - [TEST_STEP][NOT_RUN] - setText(findTestObject("ResumeHeadLineText"), "."): NOT_RUN: setText(findTestObject("ResumeHeadLineText"), ".")

2019-12-31 07:22:28 - [MESSAGE][NOT_RUN] - NOT_RUN: setText(findTestObject("ResumeHeadLineText"), ".")

2019-12-31 07:22:28 - [TEST_STEP][NOT_RUN] - click(findTestObject("SaveResumeHeadLineButton")): NOT_RUN: click(findTestObject("SaveResumeHeadLineButton"))

2019-12-31 07:22:28 - [MESSAGE][NOT_RUN] - NOT_RUN: click(findTestObject("SaveResumeHeadLineButton"))

2019-12-31 07:22:28 - [TEST_STEP][PASSED] - takeScreenshot(): Taking screenshot successfully

2019-12-31 07:22:29 - [MESSAGE][PASSED] - Taking screenshot successfully
[[ATTACHMENT|C:\\Users\\chandu.t\\Katalon Studio\\NJS_Chandu\\Reports\\20191231_072110\\NJS_Chandu\\20191231_072110\\1577757148820.png]]

2019-12-31 07:22:29 - [TEST_STEP][PASSED] - refresh(): Refresh successfully

2019-12-31 07:22:30 - [MESSAGE][PASSED] - Refresh successfully

2019-12-31 07:22:30 - [TEST_STEP][PASSED] - delay(10): Delayed 10 second(s)

2019-12-31 07:22:40 - [MESSAGE][PASSED] - Delayed 10 second(s)

2019-12-31 07:22:40 - [TEST_STEP][PASSED] - takeScreenshot(): Taking screenshot successfully

2019-12-31 07:22:41 - [MESSAGE][PASSED] - Taking screenshot successfully
[[ATTACHMENT|C:\\Users\\chandu.t\\Katalon Studio\\NJS_Chandu\\Reports\\20191231_072110\\NJS_Chandu\\20191231_072110\\1577757160701.png]]

2019-12-31 07:22:41 - [TEST_STEP][PASSED] - closeBrowser(): Browser is closed

2019-12-31 07:22:42 - [MESSAGE][PASSED] - Browser is closed]]></system-out>
         <system-err><![CDATA[]]></system-err>
      </testcase>
      <testcase name="Test Cases/deleteandupload2" time="81.188" classname="Test Cases/deleteandupload2" status="PASSED">
         <system-out><![CDATA[2019-12-31 07:22:42 - [TEST_CASE][PASSED] - Test Cases/deleteandupload2: Test Cases/deleteandupload2

2019-12-31 07:22:42 - [TEST_STEP][PASSED] - openBrowser(findTestData("LoginDetailsNJS").getValue(1, 2)): Browser is opened with url: 'https://www.naukri.com/'

2019-12-31 07:22:42 - [MESSAGE][INFO] - Starting 'Chrome' driver

2019-12-31 07:22:42 - [MESSAGE][INFO] - User set preference: ['args', '[--incognito]']

2019-12-31 07:22:51 - [MESSAGE][PASSED] - Browser is opened with url: 'https://www.naukri.com/'

2019-12-31 07:22:51 - [TEST_STEP][PASSED] - closeWindowIndex(1): Window with index 1 is closed

2019-12-31 07:22:55 - [MESSAGE][PASSED] - Window with index 1 is closed

2019-12-31 07:22:55 - [TEST_STEP][NOT_RUN] - closeWindowIndex(1): NOT_RUN: closeWindowIndex(1)

2019-12-31 07:22:55 - [MESSAGE][NOT_RUN] - NOT_RUN: closeWindowIndex(1)

2019-12-31 07:22:55 - [TEST_STEP][PASSED] - switchToWindowIndex(0): Switched to window with index: '0'

2019-12-31 07:22:55 - [MESSAGE][PASSED] - Switched to window with index: '0'

2019-12-31 07:22:55 - [TEST_STEP][PASSED] - maximizeWindow(): Current window maximized

2019-12-31 07:22:59 - [MESSAGE][PASSED] - Current window maximized

2019-12-31 07:22:59 - [TEST_STEP][PASSED] - click(findTestObject("LoginButton")): Object: 'Object Repository/LoginButton' is clicked on

2019-12-31 07:23:00 - [MESSAGE][PASSED] - Object: 'Object Repository/LoginButton' is clicked on

2019-12-31 07:23:00 - [TEST_STEP][PASSED] - click(findTestObject("GoogleButton")): Object: 'Object Repository/GoogleButton' is clicked on

2019-12-31 07:23:00 - [MESSAGE][PASSED] - Object: 'Object Repository/GoogleButton' is clicked on

2019-12-31 07:23:00 - [TEST_STEP][PASSED] - switchToWindowIndex(1): Switched to window with index: '1'

2019-12-31 07:23:04 - [MESSAGE][PASSED] - Switched to window with index: '1'

2019-12-31 07:23:04 - [TEST_STEP][PASSED] - setText(findTestObject("UserName"), findTestData("LoginDetailsNJS").getValue(2, 2)): Text 'chanduthota371@gmail.com' is set on object 'Object Repository/UserName'

2019-12-31 07:23:05 - [MESSAGE][PASSED] - Text 'chanduthota371@gmail.com' is set on object 'Object Repository/UserName'

2019-12-31 07:23:05 - [TEST_STEP][PASSED] - click(findTestObject("NextButton")): Object: 'Object Repository/NextButton' is clicked on

2019-12-31 07:23:05 - [MESSAGE][PASSED] - Object: 'Object Repository/NextButton' is clicked on

2019-12-31 07:23:05 - [TEST_STEP][PASSED] - delay(5): Delayed 5 second(s)

2019-12-31 07:23:10 - [MESSAGE][PASSED] - Delayed 5 second(s)

2019-12-31 07:23:10 - [TEST_STEP][PASSED] - setText(findTestObject("Password"), findTestData("LoginDetailsNJS").getValue(3, 2)): Text 'achala$123' is set on object 'Object Repository/Password'

2019-12-31 07:23:11 - [MESSAGE][PASSED] - Text 'achala$123' is set on object 'Object Repository/Password'

2019-12-31 07:23:11 - [TEST_STEP][PASSED] - click(findTestObject("NextButton")): Object: 'Object Repository/NextButton' is clicked on

2019-12-31 07:23:11 - [MESSAGE][PASSED] - Object: 'Object Repository/NextButton' is clicked on

2019-12-31 07:23:11 - [TEST_STEP][PASSED] - switchToWindowIndex(0): Switched to window with index: '0'

2019-12-31 07:23:11 - [MESSAGE][PASSED] - Switched to window with index: '0'

2019-12-31 07:23:11 - [TEST_STEP][PASSED] - delay(10): Delayed 10 second(s)

2019-12-31 07:23:21 - [MESSAGE][PASSED] - Delayed 10 second(s)

2019-12-31 07:23:21 - [TEST_STEP][PASSED] - click(findTestObject("ProfileName")): Object: 'Object Repository/ProfileName' is clicked on

2019-12-31 07:23:22 - [MESSAGE][PASSED] - Object: 'Object Repository/ProfileName' is clicked on

2019-12-31 07:23:22 - [TEST_STEP][PASSED] - click(findTestObject("DeleteResumeButton")): Object: 'Object Repository/DeleteResumeButton' is clicked on

2019-12-31 07:23:23 - [MESSAGE][PASSED] - Object: 'Object Repository/DeleteResumeButton' is clicked on

2019-12-31 07:23:23 - [TEST_STEP][PASSED] - click(findTestObject("DeleteResumeConfirm")): Object: 'Object Repository/DeleteResumeConfirm' is clicked on

2019-12-31 07:23:23 - [MESSAGE][PASSED] - Object: 'Object Repository/DeleteResumeConfirm' is clicked on

2019-12-31 07:23:23 - [TEST_STEP][PASSED] - delay(15): Delayed 15 second(s)

2019-12-31 07:23:38 - [MESSAGE][PASSED] - Delayed 15 second(s)

2019-12-31 07:23:38 - [TEST_STEP][PASSED] - takeScreenshot(): Taking screenshot successfully

2019-12-31 07:23:39 - [MESSAGE][PASSED] - Taking screenshot successfully
[[ATTACHMENT|C:\\Users\\chandu.t\\Katalon Studio\\NJS_Chandu\\Reports\\20191231_072110\\NJS_Chandu\\20191231_072110\\1577757218679.png]]

2019-12-31 07:23:39 - [TEST_STEP][PASSED] - uploadFile(findTestObject("UploadResumeButton"), findTestData("LoginDetailsNJS").getValue(5, 2)): File 'D:\chanduR\Resume2.docx' sent to object: 'Object Repository/UploadResumeButton'

2019-12-31 07:23:39 - [MESSAGE][PASSED] - File 'D:\chanduR\Resume2.docx' sent to object: 'Object Repository/UploadResumeButton'

2019-12-31 07:23:39 - [TEST_STEP][PASSED] - delay(10): Delayed 10 second(s)

2019-12-31 07:23:49 - [MESSAGE][PASSED] - Delayed 10 second(s)

2019-12-31 07:23:49 - [TEST_STEP][NOT_RUN] - click(findTestObject("EditResumeHeadline")): NOT_RUN: click(findTestObject("EditResumeHeadline"))

2019-12-31 07:23:49 - [MESSAGE][NOT_RUN] - NOT_RUN: click(findTestObject("EditResumeHeadline"))

2019-12-31 07:23:49 - [TEST_STEP][NOT_RUN] - setText(findTestObject("ResumeHeadLineText"), "."): NOT_RUN: setText(findTestObject("ResumeHeadLineText"), ".")

2019-12-31 07:23:49 - [MESSAGE][NOT_RUN] - NOT_RUN: setText(findTestObject("ResumeHeadLineText"), ".")

2019-12-31 07:23:49 - [TEST_STEP][NOT_RUN] - click(findTestObject("SaveResumeHeadLineButton")): NOT_RUN: click(findTestObject("SaveResumeHeadLineButton"))

2019-12-31 07:23:49 - [MESSAGE][NOT_RUN] - NOT_RUN: click(findTestObject("SaveResumeHeadLineButton"))

2019-12-31 07:23:49 - [TEST_STEP][PASSED] - takeScreenshot(): Taking screenshot successfully

2019-12-31 07:23:49 - [MESSAGE][PASSED] - Taking screenshot successfully
[[ATTACHMENT|C:\\Users\\chandu.t\\Katalon Studio\\NJS_Chandu\\Reports\\20191231_072110\\NJS_Chandu\\20191231_072110\\1577757229432.png]]

2019-12-31 07:23:49 - [TEST_STEP][PASSED] - refresh(): Refresh successfully

2019-12-31 07:23:51 - [MESSAGE][PASSED] - Refresh successfully

2019-12-31 07:23:51 - [TEST_STEP][PASSED] - delay(10): Delayed 10 second(s)

2019-12-31 07:24:01 - [MESSAGE][PASSED] - Delayed 10 second(s)

2019-12-31 07:24:01 - [TEST_STEP][PASSED] - takeScreenshot(): Taking screenshot successfully

2019-12-31 07:24:02 - [MESSAGE][PASSED] - Taking screenshot successfully
[[ATTACHMENT|C:\\Users\\chandu.t\\Katalon Studio\\NJS_Chandu\\Reports\\20191231_072110\\NJS_Chandu\\20191231_072110\\1577757241902.png]]

2019-12-31 07:24:02 - [TEST_STEP][PASSED] - closeBrowser(): Browser is closed

2019-12-31 07:24:03 - [MESSAGE][PASSED] - Browser is closed]]></system-out>
         <system-err><![CDATA[]]></system-err>
      </testcase>
      <testcase name="Test Cases/deleteandupload1" time="79.187" classname="Test Cases/deleteandupload1" status="PASSED">
         <system-out><![CDATA[2019-12-31 07:24:03 - [TEST_CASE][PASSED] - Test Cases/deleteandupload1: Test Cases/deleteandupload1

2019-12-31 07:24:03 - [TEST_STEP][PASSED] - openBrowser(findTestData("LoginDetailsNJS").getValue(1, 1)): Browser is opened with url: 'https://www.naukri.com/'

2019-12-31 07:24:04 - [MESSAGE][INFO] - Starting 'Chrome' driver

2019-12-31 07:24:04 - [MESSAGE][INFO] - User set preference: ['args', '[--incognito]']

2019-12-31 07:24:13 - [MESSAGE][PASSED] - Browser is opened with url: 'https://www.naukri.com/'

2019-12-31 07:24:13 - [TEST_STEP][PASSED] - closeWindowIndex(1): Window with index 1 is closed

2019-12-31 07:24:17 - [MESSAGE][PASSED] - Window with index 1 is closed

2019-12-31 07:24:17 - [TEST_STEP][NOT_RUN] - closeWindowIndex(1): NOT_RUN: closeWindowIndex(1)

2019-12-31 07:24:17 - [MESSAGE][NOT_RUN] - NOT_RUN: closeWindowIndex(1)

2019-12-31 07:24:17 - [TEST_STEP][PASSED] - switchToWindowIndex(0): Switched to window with index: '0'

2019-12-31 07:24:17 - [MESSAGE][PASSED] - Switched to window with index: '0'

2019-12-31 07:24:17 - [TEST_STEP][PASSED] - maximizeWindow(): Current window maximized

2019-12-31 07:24:21 - [MESSAGE][PASSED] - Current window maximized

2019-12-31 07:24:21 - [TEST_STEP][PASSED] - click(findTestObject("LoginButton")): Object: 'Object Repository/LoginButton' is clicked on

2019-12-31 07:24:22 - [MESSAGE][PASSED] - Object: 'Object Repository/LoginButton' is clicked on

2019-12-31 07:24:22 - [TEST_STEP][PASSED] - click(findTestObject("GoogleButton")): Object: 'Object Repository/GoogleButton' is clicked on

2019-12-31 07:24:22 - [MESSAGE][PASSED] - Object: 'Object Repository/GoogleButton' is clicked on

2019-12-31 07:24:22 - [TEST_STEP][PASSED] - switchToWindowIndex(1): Switched to window with index: '1'

2019-12-31 07:24:26 - [MESSAGE][PASSED] - Switched to window with index: '1'

2019-12-31 07:24:26 - [TEST_STEP][PASSED] - setText(findTestObject("UserName"), findTestData("LoginDetailsNJS").getValue(2, 1)): Text 'thota.chandu1@gmail.com' is set on object 'Object Repository/UserName'

2019-12-31 07:24:27 - [MESSAGE][PASSED] - Text 'thota.chandu1@gmail.com' is set on object 'Object Repository/UserName'

2019-12-31 07:24:27 - [TEST_STEP][PASSED] - click(findTestObject("NextButton")): Object: 'Object Repository/NextButton' is clicked on

2019-12-31 07:24:27 - [MESSAGE][PASSED] - Object: 'Object Repository/NextButton' is clicked on

2019-12-31 07:24:27 - [TEST_STEP][PASSED] - delay(5): Delayed 5 second(s)

2019-12-31 07:24:32 - [MESSAGE][PASSED] - Delayed 5 second(s)

2019-12-31 07:24:32 - [TEST_STEP][PASSED] - setText(findTestObject("Password"), findTestData("LoginDetailsNJS").getValue(3, 1)): Text 'achala$123' is set on object 'Object Repository/Password'

2019-12-31 07:24:33 - [MESSAGE][PASSED] - Text 'achala$123' is set on object 'Object Repository/Password'

2019-12-31 07:24:33 - [TEST_STEP][PASSED] - click(findTestObject("NextButton")): Object: 'Object Repository/NextButton' is clicked on

2019-12-31 07:24:33 - [MESSAGE][PASSED] - Object: 'Object Repository/NextButton' is clicked on

2019-12-31 07:24:33 - [TEST_STEP][PASSED] - switchToWindowIndex(0): Switched to window with index: '0'

2019-12-31 07:24:33 - [MESSAGE][PASSED] - Switched to window with index: '0'

2019-12-31 07:24:33 - [TEST_STEP][PASSED] - delay(10): Delayed 10 second(s)

2019-12-31 07:24:43 - [MESSAGE][PASSED] - Delayed 10 second(s)

2019-12-31 07:24:43 - [TEST_STEP][PASSED] - click(findTestObject("ProfileName")): Object: 'Object Repository/ProfileName' is clicked on

2019-12-31 07:24:44 - [MESSAGE][PASSED] - Object: 'Object Repository/ProfileName' is clicked on

2019-12-31 07:24:44 - [TEST_STEP][PASSED] - click(findTestObject("DeleteResumeButton")): Object: 'Object Repository/DeleteResumeButton' is clicked on

2019-12-31 07:24:44 - [MESSAGE][PASSED] - Object: 'Object Repository/DeleteResumeButton' is clicked on

2019-12-31 07:24:44 - [TEST_STEP][PASSED] - click(findTestObject("DeleteResumeConfirm")): Object: 'Object Repository/DeleteResumeConfirm' is clicked on

2019-12-31 07:24:45 - [MESSAGE][PASSED] - Object: 'Object Repository/DeleteResumeConfirm' is clicked on

2019-12-31 07:24:45 - [TEST_STEP][PASSED] - delay(15): Delayed 15 second(s)

2019-12-31 07:25:00 - [MESSAGE][PASSED] - Delayed 15 second(s)

2019-12-31 07:25:00 - [TEST_STEP][PASSED] - takeScreenshot(): Taking screenshot successfully

2019-12-31 07:25:00 - [MESSAGE][PASSED] - Taking screenshot successfully
[[ATTACHMENT|C:\\Users\\chandu.t\\Katalon Studio\\NJS_Chandu\\Reports\\20191231_072110\\NJS_Chandu\\20191231_072110\\1577757300299.png]]

2019-12-31 07:25:00 - [TEST_STEP][PASSED] - uploadFile(findTestObject("UploadResumeButton"), findTestData("LoginDetailsNJS").getValue(5, 1)): File 'D:\chanduR\Resume1.docx' sent to object: 'Object Repository/UploadResumeButton'

2019-12-31 07:25:00 - [MESSAGE][PASSED] - File 'D:\chanduR\Resume1.docx' sent to object: 'Object Repository/UploadResumeButton'

2019-12-31 07:25:00 - [TEST_STEP][PASSED] - delay(10): Delayed 10 second(s)

2019-12-31 07:25:10 - [MESSAGE][PASSED] - Delayed 10 second(s)

2019-12-31 07:25:10 - [TEST_STEP][NOT_RUN] - click(findTestObject("EditResumeHeadline")): NOT_RUN: click(findTestObject("EditResumeHeadline"))

2019-12-31 07:25:10 - [MESSAGE][NOT_RUN] - NOT_RUN: click(findTestObject("EditResumeHeadline"))

2019-12-31 07:25:10 - [TEST_STEP][NOT_RUN] - setText(findTestObject("ResumeHeadLineText"), "."): NOT_RUN: setText(findTestObject("ResumeHeadLineText"), ".")

2019-12-31 07:25:10 - [MESSAGE][NOT_RUN] - NOT_RUN: setText(findTestObject("ResumeHeadLineText"), ".")

2019-12-31 07:25:10 - [TEST_STEP][NOT_RUN] - click(findTestObject("SaveResumeHeadLineButton")): NOT_RUN: click(findTestObject("SaveResumeHeadLineButton"))

2019-12-31 07:25:10 - [MESSAGE][NOT_RUN] - NOT_RUN: click(findTestObject("SaveResumeHeadLineButton"))

2019-12-31 07:25:10 - [TEST_STEP][PASSED] - takeScreenshot(): Taking screenshot successfully

2019-12-31 07:25:11 - [MESSAGE][PASSED] - Taking screenshot successfully
[[ATTACHMENT|C:\\Users\\chandu.t\\Katalon Studio\\NJS_Chandu\\Reports\\20191231_072110\\NJS_Chandu\\20191231_072110\\1577757310944.png]]

2019-12-31 07:25:11 - [TEST_STEP][PASSED] - refresh(): Refresh successfully

2019-12-31 07:25:11 - [MESSAGE][PASSED] - Refresh successfully

2019-12-31 07:25:11 - [TEST_STEP][PASSED] - delay(10): Delayed 10 second(s)

2019-12-31 07:25:21 - [MESSAGE][PASSED] - Delayed 10 second(s)

2019-12-31 07:25:21 - [TEST_STEP][PASSED] - takeScreenshot(): Taking screenshot successfully

2019-12-31 07:25:21 - [MESSAGE][PASSED] - Taking screenshot successfully
[[ATTACHMENT|C:\\Users\\chandu.t\\Katalon Studio\\NJS_Chandu\\Reports\\20191231_072110\\NJS_Chandu\\20191231_072110\\1577757321396.png]]

2019-12-31 07:25:21 - [TEST_STEP][PASSED] - closeBrowser(): Browser is closed

2019-12-31 07:25:22 - [MESSAGE][PASSED] - Browser is closed]]></system-out>
         <system-err><![CDATA[]]></system-err>
      </testcase>
      <system-out><![CDATA[2019-12-31 07:21:14 - [TEST_SUITE][PASSED] - NJS_Chandu: Test Cases/deleteandupload1]]></system-out>
      <system-err><![CDATA[]]></system-err>
   </testsuite>
</testsuites>
