<?xml version="1.0" encoding="UTF-8"?>
<testsuites name="NJS_Chandu" time="138.543" tests="2" failures="0" errors="0">
   <testsuite name="NJS_Chandu" tests="2" failures="0" errors="0" time="138.543" timestamp="2020-01-16 08:06:40" hostname="chandu.t - wlpt518.imidomain.com" id="Test Suites/NJS_Chandu">
      <properties>
         <property name="deviceName" value=""/>
         <property name="devicePlatform" value=""/>
         <property name="logFolder" value="C:\\Users\\chandu.t\\Katalon Studio\\NJS_Chandu\\Reports\\20200116_080631\\NJS_Chandu\\20200116_080631"/>
         <property name="logFiles" value="C:\\Users\\chandu.t\\Katalon Studio\\NJS_Chandu\\Reports\\20200116_080631\\NJS_Chandu\\20200116_080631\\execution0.log"/>
         <property name="attachments" value="C:\\Users\\chandu.t\\Katalon Studio\\NJS_Chandu\\Reports\\20200116_080631\\NJS_Chandu\\20200116_080631\\1579142287622.png, C:\\Users\\chandu.t\\Katalon Studio\\NJS_Chandu\\Reports\\20200116_080631\\NJS_Chandu\\20200116_080631\\1579142300531.png, C:\\Users\\chandu.t\\Katalon Studio\\NJS_Chandu\\Reports\\20200116_080631\\NJS_Chandu\\20200116_080631\\1579142316283.png"/>
         <property name="hostName" value="chandu.t - wlpt518.imidomain.com"/>
         <property name="os" value="Windows 10 64bit"/>
         <property name="katalonVersion" value="7.2.1.1"/>
         <property name="browser" value="Firefox 71.0"/>
         <property name="hostAddress" value="192.168.43.93"/>
         <property name="sessionId" value="6f36b2e3-e4ff-4ae9-9d64-f0cd9fc3388c"/>
         <property name="seleniumVersion" value="3.141.59"/>
         <property name="proxyInformation" value="ProxyInformation{proxyOption=NO_PROXY, proxyServerType=HTTP, password=, proxyServerAddress=, proxyServerPort=0, executionList=}"/>
         <property name="platform" value="Windows 10"/>
      </properties>
      <testcase name="Test Cases/Naukri/deleteandupload3" time="136.62" classname="Test Cases/Naukri/deleteandupload3" status="PASSED">
         <system-out><![CDATA[2020-01-16 08:06:41 - [TEST_CASE][PASSED] - Test Cases/Naukri/deleteandupload3: Test Cases/Naukri/deleteandupload3

2020-01-16 08:06:42 - [TEST_STEP][PASSED] - openBrowser(findTestData("LoginDetailsNJS").getValue(1, 3)): Browser is opened with url: 'https://www.naukri.com/'

2020-01-16 08:06:47 - [MESSAGE][INFO] - Starting 'Firefox' driver

2020-01-16 08:06:48 - [MESSAGE][INFO] - Action delay is set to 0 seconds

2020-01-16 08:07:14 - [MESSAGE][PASSED] - Browser is opened with url: 'https://www.naukri.com/'

2020-01-16 08:07:14 - [TEST_STEP][PASSED] - closeWindowIndex(1): Window with index 1 is closed

2020-01-16 08:07:16 - [MESSAGE][PASSED] - Window with index 1 is closed

2020-01-16 08:07:16 - [TEST_STEP][PASSED] - closeWindowIndex(1): Window with index 1 is closed

2020-01-16 08:07:16 - [MESSAGE][PASSED] - Window with index 1 is closed

2020-01-16 08:07:16 - [TEST_STEP][PASSED] - closeWindowIndex(1): Window with index 1 is closed

2020-01-16 08:07:16 - [MESSAGE][PASSED] - Window with index 1 is closed

2020-01-16 08:07:16 - [TEST_STEP][PASSED] - switchToWindowIndex(0): Switched to window with index: '0'

2020-01-16 08:07:16 - [MESSAGE][PASSED] - Switched to window with index: '0'

2020-01-16 08:07:16 - [TEST_STEP][PASSED] - maximizeWindow(): Current window maximized

2020-01-16 08:07:16 - [MESSAGE][PASSED] - Current window maximized

2020-01-16 08:07:16 - [TEST_STEP][PASSED] - click(findTestObject("Naukri/LoginButton")): Object: 'Object Repository/Naukri/LoginButton' is clicked on

2020-01-16 08:07:19 - [MESSAGE][PASSED] - Object: 'Object Repository/Naukri/LoginButton' is clicked on

2020-01-16 08:07:19 - [TEST_STEP][PASSED] - click(findTestObject("Naukri/GoogleButton")): Object: 'Object Repository/Naukri/GoogleButton' is clicked on

2020-01-16 08:07:20 - [MESSAGE][PASSED] - Object: 'Object Repository/Naukri/GoogleButton' is clicked on

2020-01-16 08:07:20 - [TEST_STEP][PASSED] - switchToWindowIndex(1): Switched to window with index: '1'

2020-01-16 08:07:20 - [MESSAGE][PASSED] - Switched to window with index: '1'

2020-01-16 08:07:21 - [TEST_STEP][PASSED] - setText(findTestObject("Naukri/UserName"), findTestData("LoginDetailsNJS").getValue(2, 3)): Text 'chandut1024@gmail.com' is set on object 'Object Repository/Naukri/UserName'

2020-01-16 08:07:26 - [MESSAGE][PASSED] - Text 'chandut1024@gmail.com' is set on object 'Object Repository/Naukri/UserName'

2020-01-16 08:07:26 - [TEST_STEP][PASSED] - click(findTestObject("Naukri/NextButton")): Object: 'Object Repository/Naukri/NextButton' is clicked on

2020-01-16 08:07:26 - [MESSAGE][PASSED] - Object: 'Object Repository/Naukri/NextButton' is clicked on

2020-01-16 08:07:26 - [TEST_STEP][PASSED] - delay(5): Delayed 5 second(s)

2020-01-16 08:07:31 - [MESSAGE][PASSED] - Delayed 5 second(s)

2020-01-16 08:07:31 - [TEST_STEP][PASSED] - setText(findTestObject("Naukri/Password"), findTestData("LoginDetailsNJS").getValue(3, 3)): Text 'achala$123' is set on object 'Object Repository/Naukri/Password'

2020-01-16 08:07:32 - [MESSAGE][PASSED] - Text 'achala$123' is set on object 'Object Repository/Naukri/Password'

2020-01-16 08:07:32 - [TEST_STEP][PASSED] - click(findTestObject("Naukri/NextButton")): Object: 'Object Repository/Naukri/NextButton' is clicked on

2020-01-16 08:07:37 - [MESSAGE][PASSED] - Object: 'Object Repository/Naukri/NextButton' is clicked on

2020-01-16 08:07:37 - [TEST_STEP][PASSED] - switchToWindowIndex(0): Switched to window with index: '0'

2020-01-16 08:07:37 - [MESSAGE][PASSED] - Switched to window with index: '0'

2020-01-16 08:07:37 - [TEST_STEP][PASSED] - delay(10): Delayed 10 second(s)

2020-01-16 08:07:47 - [MESSAGE][PASSED] - Delayed 10 second(s)

2020-01-16 08:07:47 - [TEST_STEP][PASSED] - click(findTestObject("Naukri/ProfileName")): Object: 'Object Repository/Naukri/ProfileName' is clicked on

2020-01-16 08:07:48 - [MESSAGE][PASSED] - Object: 'Object Repository/Naukri/ProfileName' is clicked on

2020-01-16 08:07:48 - [TEST_STEP][PASSED] - click(findTestObject("Naukri/DeleteResumeButton")): Object: 'Object Repository/Naukri/DeleteResumeButton' is clicked on

2020-01-16 08:07:51 - [MESSAGE][PASSED] - Object: 'Object Repository/Naukri/DeleteResumeButton' is clicked on

2020-01-16 08:07:51 - [TEST_STEP][PASSED] - click(findTestObject("Naukri/DeleteResumeConfirm")): Object: 'Object Repository/Naukri/DeleteResumeConfirm' is clicked on

2020-01-16 08:07:52 - [MESSAGE][PASSED] - Object: 'Object Repository/Naukri/DeleteResumeConfirm' is clicked on

2020-01-16 08:07:52 - [TEST_STEP][PASSED] - delay(15): Delayed 15 second(s)

2020-01-16 08:08:07 - [MESSAGE][PASSED] - Delayed 15 second(s)

2020-01-16 08:08:07 - [TEST_STEP][PASSED] - takeScreenshot(): Taking screenshot successfully

2020-01-16 08:08:08 - [MESSAGE][PASSED] - Taking screenshot successfully
[[ATTACHMENT|C:\\Users\\chandu.t\\Katalon Studio\\NJS_Chandu\\Reports\\20200116_080631\\NJS_Chandu\\20200116_080631\\1579142287622.png]]

2020-01-16 08:08:08 - [TEST_STEP][PASSED] - uploadFile(findTestObject("Naukri/UploadResumeButton"), findTestData("LoginDetailsNJS").getValue(5, 3)): File 'D:\chanduR\Chandu_Thota_QA_Engineer3.docx' sent to object: 'Object Repository/Naukri/UploadResumeButton'

2020-01-16 08:08:09 - [MESSAGE][PASSED] - File 'D:\chanduR\Chandu_Thota_QA_Engineer3.docx' sent to object: 'Object Repository/Naukri/UploadResumeButton'

2020-01-16 08:08:10 - [TEST_STEP][PASSED] - delay(10): Delayed 10 second(s)

2020-01-16 08:08:20 - [MESSAGE][PASSED] - Delayed 10 second(s)

2020-01-16 08:08:20 - [TEST_STEP][NOT_RUN] - click(findTestObject("Naukri/EditResumeHeadline")): NOT_RUN: click(findTestObject("Naukri/EditResumeHeadline"))

2020-01-16 08:08:20 - [MESSAGE][NOT_RUN] - NOT_RUN: click(findTestObject("Naukri/EditResumeHeadline"))

2020-01-16 08:08:20 - [TEST_STEP][NOT_RUN] - setText(findTestObject("Naukri/ResumeHeadLineText"), "."): NOT_RUN: setText(findTestObject("Naukri/ResumeHeadLineText"), ".")

2020-01-16 08:08:20 - [MESSAGE][NOT_RUN] - NOT_RUN: setText(findTestObject("Naukri/ResumeHeadLineText"), ".")

2020-01-16 08:08:20 - [TEST_STEP][NOT_RUN] - click(findTestObject("Naukri/SaveResumeHeadLineButton")): NOT_RUN: click(findTestObject("Naukri/SaveResumeHeadLineButton"))

2020-01-16 08:08:20 - [MESSAGE][NOT_RUN] - NOT_RUN: click(findTestObject("Naukri/SaveResumeHeadLineButton"))

2020-01-16 08:08:20 - [TEST_STEP][PASSED] - takeScreenshot(): Taking screenshot successfully

2020-01-16 08:08:20 - [MESSAGE][PASSED] - Taking screenshot successfully
[[ATTACHMENT|C:\\Users\\chandu.t\\Katalon Studio\\NJS_Chandu\\Reports\\20200116_080631\\NJS_Chandu\\20200116_080631\\1579142300531.png]]

2020-01-16 08:08:20 - [TEST_STEP][PASSED] - refresh(): Refresh successfully

2020-01-16 08:08:26 - [MESSAGE][PASSED] - Refresh successfully

2020-01-16 08:08:26 - [TEST_STEP][PASSED] - delay(10): Delayed 10 second(s)

2020-01-16 08:08:36 - [MESSAGE][PASSED] - Delayed 10 second(s)

2020-01-16 08:08:36 - [TEST_STEP][PASSED] - takeScreenshot(): Taking screenshot successfully

2020-01-16 08:08:36 - [MESSAGE][PASSED] - Taking screenshot successfully
[[ATTACHMENT|C:\\Users\\chandu.t\\Katalon Studio\\NJS_Chandu\\Reports\\20200116_080631\\NJS_Chandu\\20200116_080631\\1579142316283.png]]

2020-01-16 08:08:36 - [TEST_STEP][PASSED] - closeBrowser(): Browser is closed

2020-01-16 08:08:57 - [MESSAGE][PASSED] - Browser is closed]]></system-out>
         <system-err><![CDATA[]]></system-err>
      </testcase>
      <testcase name="Test Cases/Naukri/deleteandupload2" time="1.067" classname="Test Cases/Naukri/deleteandupload2" status="INCOMPLETE">
         <system-out><![CDATA[2020-01-16 08:08:57 - [TEST_CASE][INCOMPLETE] - Test Cases/Naukri/deleteandupload2: null

2020-01-16 08:08:58 - [TEST_STEP][INCOMPLETE] - openBrowser(findTestData("LoginDetailsNJS").getValue(1, 2)): Starting 'Firefox' driver

2020-01-16 08:08:58 - [MESSAGE][INFO] - Starting 'Firefox' driver]]></system-out>
         <system-err><![CDATA[2020-01-16 08:08:57 - [TEST_CASE][INCOMPLETE] - Test Cases/Naukri/deleteandupload2: null]]></system-err>
      </testcase>
      <system-out><![CDATA[2020-01-16 08:06:40 - [TEST_SUITE][INCOMPLETE] - NJS_Chandu: null]]></system-out>
      <system-err><![CDATA[2020-01-16 08:06:40 - [TEST_SUITE][INCOMPLETE] - NJS_Chandu: null]]></system-err>
   </testsuite>
</testsuites>
