<?xml version="1.0" encoding="UTF-8"?>
<testsuites name="NJS_Chandu" time="241.127" tests="3" failures="0" errors="0">
   <testsuite name="NJS_Chandu" tests="3" failures="0" errors="0" time="241.127" timestamp="2020-01-16 13:01:15" hostname="chandu.t - wlpt518.imidomain.com" id="Test Suites/NJS_Chandu">
      <properties>
         <property name="deviceName" value=""/>
         <property name="devicePlatform" value=""/>
         <property name="logFolder" value="C:\\Users\\chandu.t\\Katalon Studio\\NJS_Chandu\\Reports\\20200116_130111\\NJS_Chandu\\20200116_130111"/>
         <property name="logFiles" value="C:\\Users\\chandu.t\\Katalon Studio\\NJS_Chandu\\Reports\\20200116_130111\\NJS_Chandu\\20200116_130111\\execution0.log"/>
         <property name="attachments" value="C:\\Users\\chandu.t\\Katalon Studio\\NJS_Chandu\\Reports\\20200116_130111\\NJS_Chandu\\20200116_130111\\1579159939739.png, C:\\Users\\chandu.t\\Katalon Studio\\NJS_Chandu\\Reports\\20200116_130111\\NJS_Chandu\\20200116_130111\\1579159950921.png, C:\\Users\\chandu.t\\Katalon Studio\\NJS_Chandu\\Reports\\20200116_130111\\NJS_Chandu\\20200116_130111\\1579159964778.png, C:\\Users\\chandu.t\\Katalon Studio\\NJS_Chandu\\Reports\\20200116_130111\\NJS_Chandu\\20200116_130111\\1579160026818.png, C:\\Users\\chandu.t\\Katalon Studio\\NJS_Chandu\\Reports\\20200116_130111\\NJS_Chandu\\20200116_130111\\1579160037898.png, C:\\Users\\chandu.t\\Katalon Studio\\NJS_Chandu\\Reports\\20200116_130111\\NJS_Chandu\\20200116_130111\\1579160054687.png, C:\\Users\\chandu.t\\Katalon Studio\\NJS_Chandu\\Reports\\20200116_130111\\NJS_Chandu\\20200116_130111\\1579160115943.png"/>
         <property name="hostName" value="chandu.t - wlpt518.imidomain.com"/>
         <property name="os" value="Windows 10 64bit"/>
         <property name="katalonVersion" value="7.2.1.1"/>
         <property name="browser" value="Firefox 71.0"/>
         <property name="hostAddress" value="192.168.43.93"/>
         <property name="sessionId" value="8d5c5dc2-1a72-4430-a1cf-1881b769f398"/>
         <property name="seleniumVersion" value="3.141.59"/>
         <property name="proxyInformation" value="ProxyInformation{proxyOption=NO_PROXY, proxyServerType=HTTP, password=, proxyServerAddress=, proxyServerPort=0, executionList=}"/>
         <property name="platform" value="Windows 10"/>
      </properties>
      <testcase name="Test Cases/Naukri/deleteandupload3" time="93.886" classname="Test Cases/Naukri/deleteandupload3" status="PASSED">
         <system-out><![CDATA[2020-01-16 13:01:16 - [TEST_CASE][PASSED] - Test Cases/Naukri/deleteandupload3: Test Cases/Naukri/deleteandupload3

2020-01-16 13:01:17 - [TEST_STEP][PASSED] - openBrowser(findTestData("LoginDetailsNJS").getValue(1, 3)): Browser is opened with url: 'https://www.naukri.com/'

2020-01-16 13:01:18 - [MESSAGE][INFO] - Starting 'Firefox' driver

2020-01-16 13:01:19 - [MESSAGE][INFO] - Action delay is set to 0 seconds

2020-01-16 13:01:32 - [MESSAGE][PASSED] - Browser is opened with url: 'https://www.naukri.com/'

2020-01-16 13:01:32 - [TEST_STEP][PASSED] - closeWindowIndex(1): Window with index 1 is closed

2020-01-16 13:01:33 - [MESSAGE][PASSED] - Window with index 1 is closed

2020-01-16 13:01:33 - [TEST_STEP][PASSED] - closeWindowIndex(1): Window with index 1 is closed

2020-01-16 13:01:34 - [MESSAGE][PASSED] - Window with index 1 is closed

2020-01-16 13:01:34 - [TEST_STEP][PASSED] - closeWindowIndex(1): Window with index 1 is closed

2020-01-16 13:01:34 - [MESSAGE][PASSED] - Window with index 1 is closed

2020-01-16 13:01:34 - [TEST_STEP][PASSED] - switchToWindowIndex(0): Switched to window with index: '0'

2020-01-16 13:01:34 - [MESSAGE][PASSED] - Switched to window with index: '0'

2020-01-16 13:01:34 - [TEST_STEP][PASSED] - maximizeWindow(): Current window maximized

2020-01-16 13:01:34 - [MESSAGE][PASSED] - Current window maximized

2020-01-16 13:01:34 - [TEST_STEP][PASSED] - click(findTestObject("Naukri/LoginButton")): Object: 'Object Repository/Naukri/LoginButton' is clicked on

2020-01-16 13:01:35 - [MESSAGE][PASSED] - Object: 'Object Repository/Naukri/LoginButton' is clicked on

2020-01-16 13:01:35 - [TEST_STEP][PASSED] - click(findTestObject("Naukri/GoogleButton")): Object: 'Object Repository/Naukri/GoogleButton' is clicked on

2020-01-16 13:01:36 - [MESSAGE][PASSED] - Object: 'Object Repository/Naukri/GoogleButton' is clicked on

2020-01-16 13:01:36 - [TEST_STEP][PASSED] - switchToWindowIndex(1): Switched to window with index: '1'

2020-01-16 13:01:36 - [MESSAGE][PASSED] - Switched to window with index: '1'

2020-01-16 13:01:36 - [TEST_STEP][PASSED] - setText(findTestObject("Naukri/UserName"), findTestData("LoginDetailsNJS").getValue(2, 3)): Text 'chandut1024@gmail.com' is set on object 'Object Repository/Naukri/UserName'

2020-01-16 13:01:41 - [MESSAGE][PASSED] - Text 'chandut1024@gmail.com' is set on object 'Object Repository/Naukri/UserName'

2020-01-16 13:01:41 - [TEST_STEP][PASSED] - click(findTestObject("Naukri/NextButton")): Object: 'Object Repository/Naukri/NextButton' is clicked on

2020-01-16 13:01:41 - [MESSAGE][PASSED] - Object: 'Object Repository/Naukri/NextButton' is clicked on

2020-01-16 13:01:41 - [TEST_STEP][PASSED] - delay(5): Delayed 5 second(s)

2020-01-16 13:01:46 - [MESSAGE][PASSED] - Delayed 5 second(s)

2020-01-16 13:01:46 - [TEST_STEP][PASSED] - setText(findTestObject("Naukri/Password"), findTestData("LoginDetailsNJS").getValue(3, 3)): Text 'achala$123' is set on object 'Object Repository/Naukri/Password'

2020-01-16 13:01:47 - [MESSAGE][PASSED] - Text 'achala$123' is set on object 'Object Repository/Naukri/Password'

2020-01-16 13:01:47 - [TEST_STEP][PASSED] - click(findTestObject("Naukri/NextButton")): Object: 'Object Repository/Naukri/NextButton' is clicked on

2020-01-16 13:01:51 - [MESSAGE][PASSED] - Object: 'Object Repository/Naukri/NextButton' is clicked on

2020-01-16 13:01:51 - [TEST_STEP][PASSED] - switchToWindowIndex(0): Switched to window with index: '0'

2020-01-16 13:01:51 - [MESSAGE][PASSED] - Switched to window with index: '0'

2020-01-16 13:01:51 - [TEST_STEP][PASSED] - delay(10): Delayed 10 second(s)

2020-01-16 13:02:01 - [MESSAGE][PASSED] - Delayed 10 second(s)

2020-01-16 13:02:01 - [TEST_STEP][PASSED] - click(findTestObject("Naukri/ProfileName")): Object: 'Object Repository/Naukri/ProfileName' is clicked on

2020-01-16 13:02:02 - [MESSAGE][PASSED] - Object: 'Object Repository/Naukri/ProfileName' is clicked on

2020-01-16 13:02:02 - [TEST_STEP][PASSED] - click(findTestObject("Naukri/DeleteResumeButton")): Object: 'Object Repository/Naukri/DeleteResumeButton' is clicked on

2020-01-16 13:02:03 - [MESSAGE][PASSED] - Object: 'Object Repository/Naukri/DeleteResumeButton' is clicked on

2020-01-16 13:02:03 - [TEST_STEP][PASSED] - click(findTestObject("Naukri/DeleteResumeConfirm")): Object: 'Object Repository/Naukri/DeleteResumeConfirm' is clicked on

2020-01-16 13:02:04 - [MESSAGE][PASSED] - Object: 'Object Repository/Naukri/DeleteResumeConfirm' is clicked on

2020-01-16 13:02:04 - [TEST_STEP][PASSED] - delay(15): Delayed 15 second(s)

2020-01-16 13:02:19 - [MESSAGE][PASSED] - Delayed 15 second(s)

2020-01-16 13:02:19 - [TEST_STEP][PASSED] - takeScreenshot(): Taking screenshot successfully

2020-01-16 13:02:19 - [MESSAGE][PASSED] - Taking screenshot successfully
[[ATTACHMENT|C:\\Users\\chandu.t\\Katalon Studio\\NJS_Chandu\\Reports\\20200116_130111\\NJS_Chandu\\20200116_130111\\1579159939739.png]]

2020-01-16 13:02:19 - [TEST_STEP][PASSED] - uploadFile(findTestObject("Naukri/UploadResumeButton"), findTestData("LoginDetailsNJS").getValue(5, 3)): File 'D:\chanduR\Chandu_Thota_QA_Engineer3.docx' sent to object: 'Object Repository/Naukri/UploadResumeButton'

2020-01-16 13:02:20 - [MESSAGE][PASSED] - File 'D:\chanduR\Chandu_Thota_QA_Engineer3.docx' sent to object: 'Object Repository/Naukri/UploadResumeButton'

2020-01-16 13:02:20 - [TEST_STEP][PASSED] - delay(10): Delayed 10 second(s)

2020-01-16 13:02:30 - [MESSAGE][PASSED] - Delayed 10 second(s)

2020-01-16 13:02:30 - [TEST_STEP][NOT_RUN] - click(findTestObject("Naukri/EditResumeHeadline")): NOT_RUN: click(findTestObject("Naukri/EditResumeHeadline"))

2020-01-16 13:02:30 - [MESSAGE][NOT_RUN] - NOT_RUN: click(findTestObject("Naukri/EditResumeHeadline"))

2020-01-16 13:02:30 - [TEST_STEP][NOT_RUN] - setText(findTestObject("Naukri/ResumeHeadLineText"), "."): NOT_RUN: setText(findTestObject("Naukri/ResumeHeadLineText"), ".")

2020-01-16 13:02:30 - [MESSAGE][NOT_RUN] - NOT_RUN: setText(findTestObject("Naukri/ResumeHeadLineText"), ".")

2020-01-16 13:02:30 - [TEST_STEP][NOT_RUN] - click(findTestObject("Naukri/SaveResumeHeadLineButton")): NOT_RUN: click(findTestObject("Naukri/SaveResumeHeadLineButton"))

2020-01-16 13:02:30 - [MESSAGE][NOT_RUN] - NOT_RUN: click(findTestObject("Naukri/SaveResumeHeadLineButton"))

2020-01-16 13:02:30 - [TEST_STEP][PASSED] - takeScreenshot(): Taking screenshot successfully

2020-01-16 13:02:31 - [MESSAGE][PASSED] - Taking screenshot successfully
[[ATTACHMENT|C:\\Users\\chandu.t\\Katalon Studio\\NJS_Chandu\\Reports\\20200116_130111\\NJS_Chandu\\20200116_130111\\1579159950921.png]]

2020-01-16 13:02:31 - [TEST_STEP][PASSED] - refresh(): Refresh successfully

2020-01-16 13:02:34 - [MESSAGE][PASSED] - Refresh successfully

2020-01-16 13:02:34 - [TEST_STEP][PASSED] - delay(10): Delayed 10 second(s)

2020-01-16 13:02:44 - [MESSAGE][PASSED] - Delayed 10 second(s)

2020-01-16 13:02:44 - [TEST_STEP][PASSED] - takeScreenshot(): Taking screenshot successfully

2020-01-16 13:02:44 - [MESSAGE][PASSED] - Taking screenshot successfully
[[ATTACHMENT|C:\\Users\\chandu.t\\Katalon Studio\\NJS_Chandu\\Reports\\20200116_130111\\NJS_Chandu\\20200116_130111\\1579159964778.png]]

2020-01-16 13:02:44 - [TEST_STEP][PASSED] - closeBrowser(): Browser is closed

2020-01-16 13:02:49 - [MESSAGE][PASSED] - Browser is closed]]></system-out>
         <system-err><![CDATA[]]></system-err>
      </testcase>
      <testcase name="Test Cases/Naukri/deleteandupload2" time="88.983" classname="Test Cases/Naukri/deleteandupload2" status="PASSED">
         <system-out><![CDATA[2020-01-16 13:02:49 - [TEST_CASE][PASSED] - Test Cases/Naukri/deleteandupload2: Test Cases/Naukri/deleteandupload2

2020-01-16 13:02:50 - [TEST_STEP][PASSED] - openBrowser(findTestData("LoginDetailsNJS").getValue(1, 2)): Browser is opened with url: 'https://www.naukri.com/'

2020-01-16 13:02:50 - [MESSAGE][INFO] - Starting 'Firefox' driver

2020-01-16 13:03:01 - [MESSAGE][PASSED] - Browser is opened with url: 'https://www.naukri.com/'

2020-01-16 13:03:01 - [TEST_STEP][PASSED] - closeWindowIndex(1): Window with index 1 is closed

2020-01-16 13:03:01 - [MESSAGE][PASSED] - Window with index 1 is closed

2020-01-16 13:03:01 - [TEST_STEP][PASSED] - closeWindowIndex(1): Window with index 1 is closed

2020-01-16 13:03:01 - [MESSAGE][PASSED] - Window with index 1 is closed

2020-01-16 13:03:02 - [TEST_STEP][PASSED] - closeWindowIndex(1): Window with index 1 is closed

2020-01-16 13:03:02 - [MESSAGE][PASSED] - Window with index 1 is closed

2020-01-16 13:03:02 - [TEST_STEP][PASSED] - switchToWindowIndex(0): Switched to window with index: '0'

2020-01-16 13:03:02 - [MESSAGE][PASSED] - Switched to window with index: '0'

2020-01-16 13:03:02 - [TEST_STEP][PASSED] - maximizeWindow(): Current window maximized

2020-01-16 13:03:02 - [MESSAGE][PASSED] - Current window maximized

2020-01-16 13:03:02 - [TEST_STEP][PASSED] - click(findTestObject("Naukri/LoginButton")): Object: 'Object Repository/Naukri/LoginButton' is clicked on

2020-01-16 13:03:03 - [MESSAGE][PASSED] - Object: 'Object Repository/Naukri/LoginButton' is clicked on

2020-01-16 13:03:03 - [TEST_STEP][PASSED] - click(findTestObject("Naukri/GoogleButton")): Object: 'Object Repository/Naukri/GoogleButton' is clicked on

2020-01-16 13:03:04 - [MESSAGE][PASSED] - Object: 'Object Repository/Naukri/GoogleButton' is clicked on

2020-01-16 13:03:04 - [TEST_STEP][PASSED] - switchToWindowIndex(1): Switched to window with index: '1'

2020-01-16 13:03:04 - [MESSAGE][PASSED] - Switched to window with index: '1'

2020-01-16 13:03:04 - [TEST_STEP][PASSED] - setText(findTestObject("Naukri/UserName"), findTestData("LoginDetailsNJS").getValue(2, 2)): Text 'chanduthota371@gmail.com' is set on object 'Object Repository/Naukri/UserName'

2020-01-16 13:03:08 - [MESSAGE][PASSED] - Text 'chanduthota371@gmail.com' is set on object 'Object Repository/Naukri/UserName'

2020-01-16 13:03:08 - [TEST_STEP][PASSED] - click(findTestObject("Naukri/NextButton")): Object: 'Object Repository/Naukri/NextButton' is clicked on

2020-01-16 13:03:09 - [MESSAGE][PASSED] - Object: 'Object Repository/Naukri/NextButton' is clicked on

2020-01-16 13:03:09 - [TEST_STEP][PASSED] - delay(5): Delayed 5 second(s)

2020-01-16 13:03:14 - [MESSAGE][PASSED] - Delayed 5 second(s)

2020-01-16 13:03:14 - [TEST_STEP][PASSED] - setText(findTestObject("Naukri/Password"), findTestData("LoginDetailsNJS").getValue(3, 2)): Text 'achala$123' is set on object 'Object Repository/Naukri/Password'

2020-01-16 13:03:14 - [MESSAGE][PASSED] - Text 'achala$123' is set on object 'Object Repository/Naukri/Password'

2020-01-16 13:03:14 - [TEST_STEP][PASSED] - click(findTestObject("Naukri/NextButton")): Object: 'Object Repository/Naukri/NextButton' is clicked on

2020-01-16 13:03:18 - [MESSAGE][PASSED] - Object: 'Object Repository/Naukri/NextButton' is clicked on

2020-01-16 13:03:18 - [TEST_STEP][PASSED] - switchToWindowIndex(0): Switched to window with index: '0'

2020-01-16 13:03:18 - [MESSAGE][PASSED] - Switched to window with index: '0'

2020-01-16 13:03:18 - [TEST_STEP][PASSED] - delay(10): Delayed 10 second(s)

2020-01-16 13:03:28 - [MESSAGE][PASSED] - Delayed 10 second(s)

2020-01-16 13:03:28 - [TEST_STEP][PASSED] - click(findTestObject("Naukri/ProfileName")): Object: 'Object Repository/Naukri/ProfileName' is clicked on

2020-01-16 13:03:29 - [MESSAGE][PASSED] - Object: 'Object Repository/Naukri/ProfileName' is clicked on

2020-01-16 13:03:29 - [TEST_STEP][PASSED] - click(findTestObject("Naukri/DeleteResumeButton")): Object: 'Object Repository/Naukri/DeleteResumeButton' is clicked on

2020-01-16 13:03:30 - [MESSAGE][PASSED] - Object: 'Object Repository/Naukri/DeleteResumeButton' is clicked on

2020-01-16 13:03:30 - [TEST_STEP][PASSED] - click(findTestObject("Naukri/DeleteResumeConfirm")): Object: 'Object Repository/Naukri/DeleteResumeConfirm' is clicked on

2020-01-16 13:03:31 - [MESSAGE][PASSED] - Object: 'Object Repository/Naukri/DeleteResumeConfirm' is clicked on

2020-01-16 13:03:31 - [TEST_STEP][PASSED] - delay(15): Delayed 15 second(s)

2020-01-16 13:03:46 - [MESSAGE][PASSED] - Delayed 15 second(s)

2020-01-16 13:03:46 - [TEST_STEP][PASSED] - takeScreenshot(): Taking screenshot successfully

2020-01-16 13:03:46 - [MESSAGE][PASSED] - Taking screenshot successfully
[[ATTACHMENT|C:\\Users\\chandu.t\\Katalon Studio\\NJS_Chandu\\Reports\\20200116_130111\\NJS_Chandu\\20200116_130111\\1579160026818.png]]

2020-01-16 13:03:46 - [TEST_STEP][PASSED] - uploadFile(findTestObject("Naukri/UploadResumeButton"), findTestData("LoginDetailsNJS").getValue(5, 2)): File 'D:\chanduR\Chandu_Thota_QA_Engineer2.docx' sent to object: 'Object Repository/Naukri/UploadResumeButton'

2020-01-16 13:03:47 - [MESSAGE][PASSED] - File 'D:\chanduR\Chandu_Thota_QA_Engineer2.docx' sent to object: 'Object Repository/Naukri/UploadResumeButton'

2020-01-16 13:03:47 - [TEST_STEP][PASSED] - delay(10): Delayed 10 second(s)

2020-01-16 13:03:57 - [MESSAGE][PASSED] - Delayed 10 second(s)

2020-01-16 13:03:57 - [TEST_STEP][NOT_RUN] - click(findTestObject("Naukri/EditResumeHeadline")): NOT_RUN: click(findTestObject("Naukri/EditResumeHeadline"))

2020-01-16 13:03:57 - [MESSAGE][NOT_RUN] - NOT_RUN: click(findTestObject("Naukri/EditResumeHeadline"))

2020-01-16 13:03:57 - [TEST_STEP][NOT_RUN] - setText(findTestObject("Naukri/ResumeHeadLineText"), "."): NOT_RUN: setText(findTestObject("Naukri/ResumeHeadLineText"), ".")

2020-01-16 13:03:57 - [MESSAGE][NOT_RUN] - NOT_RUN: setText(findTestObject("Naukri/ResumeHeadLineText"), ".")

2020-01-16 13:03:57 - [TEST_STEP][NOT_RUN] - click(findTestObject("Naukri/SaveResumeHeadLineButton")): NOT_RUN: click(findTestObject("Naukri/SaveResumeHeadLineButton"))

2020-01-16 13:03:57 - [MESSAGE][NOT_RUN] - NOT_RUN: click(findTestObject("Naukri/SaveResumeHeadLineButton"))

2020-01-16 13:03:57 - [TEST_STEP][PASSED] - takeScreenshot(): Taking screenshot successfully

2020-01-16 13:03:58 - [MESSAGE][PASSED] - Taking screenshot successfully
[[ATTACHMENT|C:\\Users\\chandu.t\\Katalon Studio\\NJS_Chandu\\Reports\\20200116_130111\\NJS_Chandu\\20200116_130111\\1579160037898.png]]

2020-01-16 13:03:58 - [TEST_STEP][PASSED] - refresh(): Refresh successfully

2020-01-16 13:04:04 - [MESSAGE][PASSED] - Refresh successfully

2020-01-16 13:04:04 - [TEST_STEP][PASSED] - delay(10): Delayed 10 second(s)

2020-01-16 13:04:14 - [MESSAGE][PASSED] - Delayed 10 second(s)

2020-01-16 13:04:14 - [TEST_STEP][PASSED] - takeScreenshot(): Taking screenshot successfully

2020-01-16 13:04:14 - [MESSAGE][PASSED] - Taking screenshot successfully
[[ATTACHMENT|C:\\Users\\chandu.t\\Katalon Studio\\NJS_Chandu\\Reports\\20200116_130111\\NJS_Chandu\\20200116_130111\\1579160054687.png]]

2020-01-16 13:04:14 - [TEST_STEP][PASSED] - closeBrowser(): Browser is closed

2020-01-16 13:04:18 - [MESSAGE][PASSED] - Browser is closed]]></system-out>
         <system-err><![CDATA[]]></system-err>
      </testcase>
      <testcase name="Test Cases/Naukri/deleteandupload1" time="57.685" classname="Test Cases/Naukri/deleteandupload1" status="INCOMPLETE">
         <system-out><![CDATA[2020-01-16 13:04:18 - [TEST_CASE][INCOMPLETE] - Test Cases/Naukri/deleteandupload1: null

2020-01-16 13:04:19 - [TEST_STEP][PASSED] - openBrowser(findTestData("LoginDetailsNJS").getValue(1, 1)): Browser is opened with url: 'naukri.com'

2020-01-16 13:04:19 - [MESSAGE][INFO] - Starting 'Firefox' driver

2020-01-16 13:04:30 - [MESSAGE][PASSED] - Browser is opened with url: 'naukri.com'

2020-01-16 13:04:30 - [TEST_STEP][PASSED] - closeWindowIndex(1): Window with index 1 is closed

2020-01-16 13:04:31 - [MESSAGE][PASSED] - Window with index 1 is closed

2020-01-16 13:04:31 - [TEST_STEP][PASSED] - closeWindowIndex(1): Window with index 1 is closed

2020-01-16 13:04:31 - [MESSAGE][PASSED] - Window with index 1 is closed

2020-01-16 13:04:31 - [TEST_STEP][PASSED] - closeWindowIndex(1): Window with index 1 is closed

2020-01-16 13:04:31 - [MESSAGE][PASSED] - Window with index 1 is closed

2020-01-16 13:04:31 - [TEST_STEP][PASSED] - switchToWindowIndex(0): Switched to window with index: '0'

2020-01-16 13:04:31 - [MESSAGE][PASSED] - Switched to window with index: '0'

2020-01-16 13:04:32 - [TEST_STEP][PASSED] - maximizeWindow(): Current window maximized

2020-01-16 13:04:32 - [MESSAGE][PASSED] - Current window maximized

2020-01-16 13:04:32 - [TEST_STEP][PASSED] - click(findTestObject("Naukri/LoginButton")): Object: 'Object Repository/Naukri/LoginButton' is clicked on

2020-01-16 13:04:32 - [MESSAGE][PASSED] - Object: 'Object Repository/Naukri/LoginButton' is clicked on

2020-01-16 13:04:32 - [TEST_STEP][PASSED] - click(findTestObject("Naukri/GoogleButton")): Object: 'Object Repository/Naukri/GoogleButton' is clicked on

2020-01-16 13:04:33 - [MESSAGE][PASSED] - Object: 'Object Repository/Naukri/GoogleButton' is clicked on

2020-01-16 13:04:33 - [TEST_STEP][PASSED] - switchToWindowIndex(1): Switched to window with index: '1'

2020-01-16 13:04:33 - [MESSAGE][PASSED] - Switched to window with index: '1'

2020-01-16 13:04:33 - [TEST_STEP][PASSED] - setText(findTestObject("Naukri/UserName"), findTestData("LoginDetailsNJS").getValue(2, 1)): Text 'thota.chandu1@gmail.com' is set on object 'Object Repository/Naukri/UserName'

2020-01-16 13:04:36 - [MESSAGE][PASSED] - Text 'thota.chandu1@gmail.com' is set on object 'Object Repository/Naukri/UserName'

2020-01-16 13:04:36 - [TEST_STEP][PASSED] - click(findTestObject("Naukri/NextButton")): Object: 'Object Repository/Naukri/NextButton' is clicked on

2020-01-16 13:04:37 - [MESSAGE][PASSED] - Object: 'Object Repository/Naukri/NextButton' is clicked on

2020-01-16 13:04:37 - [TEST_STEP][PASSED] - delay(5): Delayed 5 second(s)

2020-01-16 13:04:42 - [MESSAGE][PASSED] - Delayed 5 second(s)

2020-01-16 13:04:42 - [TEST_STEP][PASSED] - setText(findTestObject("Naukri/Password"), findTestData("LoginDetailsNJS").getValue(3, 1)): Text 'achala$123' is set on object 'Object Repository/Naukri/Password'

2020-01-16 13:04:43 - [MESSAGE][PASSED] - Text 'achala$123' is set on object 'Object Repository/Naukri/Password'

2020-01-16 13:04:43 - [TEST_STEP][PASSED] - click(findTestObject("Naukri/NextButton")): Object: 'Object Repository/Naukri/NextButton' is clicked on

2020-01-16 13:04:47 - [MESSAGE][PASSED] - Object: 'Object Repository/Naukri/NextButton' is clicked on

2020-01-16 13:04:47 - [TEST_STEP][PASSED] - switchToWindowIndex(0): Switched to window with index: '0'

2020-01-16 13:04:47 - [MESSAGE][PASSED] - Switched to window with index: '0'

2020-01-16 13:04:47 - [TEST_STEP][PASSED] - delay(10): Delayed 10 second(s)

2020-01-16 13:04:57 - [MESSAGE][PASSED] - Delayed 10 second(s)

2020-01-16 13:04:57 - [TEST_STEP][PASSED] - click(findTestObject("Naukri/ProfileName")): Object: 'Object Repository/Naukri/ProfileName' is clicked on

2020-01-16 13:04:58 - [MESSAGE][PASSED] - Object: 'Object Repository/Naukri/ProfileName' is clicked on

2020-01-16 13:04:58 - [TEST_STEP][PASSED] - click(findTestObject("Naukri/DeleteResumeButton")): Object: 'Object Repository/Naukri/DeleteResumeButton' is clicked on

2020-01-16 13:05:00 - [MESSAGE][PASSED] - Object: 'Object Repository/Naukri/DeleteResumeButton' is clicked on

2020-01-16 13:05:00 - [TEST_STEP][PASSED] - click(findTestObject("Naukri/DeleteResumeConfirm")): Object: 'Object Repository/Naukri/DeleteResumeConfirm' is clicked on

2020-01-16 13:05:00 - [MESSAGE][PASSED] - Object: 'Object Repository/Naukri/DeleteResumeConfirm' is clicked on

2020-01-16 13:05:00 - [TEST_STEP][PASSED] - delay(15): Delayed 15 second(s)

2020-01-16 13:05:15 - [MESSAGE][PASSED] - Delayed 15 second(s)

2020-01-16 13:05:15 - [TEST_STEP][PASSED] - takeScreenshot(): Taking screenshot successfully

2020-01-16 13:05:16 - [MESSAGE][PASSED] - Taking screenshot successfully
[[ATTACHMENT|C:\\Users\\chandu.t\\Katalon Studio\\NJS_Chandu\\Reports\\20200116_130111\\NJS_Chandu\\20200116_130111\\1579160115943.png]]

2020-01-16 13:05:16 - [TEST_STEP][PASSED] - uploadFile(findTestObject("Naukri/UploadResumeButton"), findTestData("LoginDetailsNJS").getValue(5, 1)): File 'D:\chanduR\Chandu_Thota_QA_Engineer1.docx' sent to object: 'Object Repository/Naukri/UploadResumeButton'

2020-01-16 13:05:16 - [MESSAGE][PASSED] - File 'D:\chanduR\Chandu_Thota_QA_Engineer1.docx' sent to object: 'Object Repository/Naukri/UploadResumeButton'

2020-01-16 13:05:16 - [TEST_STEP][INCOMPLETE] - delay(10): null]]></system-out>
         <system-err><![CDATA[2020-01-16 13:04:18 - [TEST_CASE][INCOMPLETE] - Test Cases/Naukri/deleteandupload1: null]]></system-err>
      </testcase>
      <system-out><![CDATA[2020-01-16 13:01:15 - [TEST_SUITE][INCOMPLETE] - NJS_Chandu: null]]></system-out>
      <system-err><![CDATA[2020-01-16 13:01:15 - [TEST_SUITE][INCOMPLETE] - NJS_Chandu: null]]></system-err>
   </testsuite>
</testsuites>
